[09.10.2014 18:13:35] Error:No connection available to the PLC  (4808)
[09.10.2014 18:13:35] Error:No connection available to the PLC  (4808)
[09.10.2014 18:13:35] Error:No connection available to the PLC  (4808)
[09.10.2014 18:13:35] Error:No connection available to the PLC  (4808)
[09.10.2014 18:13:35] Error:No connection available to the PLC  (4808)
[09.10.2014 18:13:35] Error:No connection available to the PLC  (4808)
[09.10.2014 18:13:35] Error:No connection available to the PLC  (4808)
[09.10.2014 18:13:35] Error:No connection available to the PLC  (4808)
[09.10.2014 18:13:35] Error:No connection available to the PLC  (4808)
[09.10.2014 18:13:34] Error:No connection available to the PLC  (4808)
[09.10.2014 18:13:34] Error:No connection available to the PLC  (4808)
[09.10.2014 18:13:34] Error:No connection available to the PLC  (4808)
[09.10.2014 18:13:34] Error:No connection available to the PLC  (4808)
[09.10.2014 18:13:34] Error:No connection available to the PLC  (4808)
[09.10.2014 18:13:34] Error:No connection available to the PLC  (4808)
[09.10.2014 18:13:34] Error:No connection available to the PLC  (4808)
[09.10.2014 18:13:34] Error:No connection available to the PLC  (4808)
[09.10.2014 18:13:34] Error:No connection available to the PLC  (4808)
[09.10.2014 18:13:34] Error:No connection available to the PLC  (4808)
[09.10.2014 18:13:34] Error:No connection available to the PLC  (4808)
[09.10.2014 18:13:34] Error:No connection available to the PLC  (4808)
[09.10.2014 18:13:34] Error:No connection available to the PLC  (4808)
[09.10.2014 18:13:34] Error:No connection available to the PLC  (4808)
[09.10.2014 18:13:34] Error:No connection available to the PLC  (4808)
[09.10.2014 18:13:34] Error:No connection available to the PLC  (4808)
[09.10.2014 18:13:34] Error:No connection available to the PLC  (4808)
[09.10.2014 18:13:34] PVI CPU connected
[09.10.2014 18:13:29] PVI service connected
[09.10.2014 17:43:36] Error:No connection available to the PLC  (4808)
[09.10.2014 17:43:36] Error:No connection available to the PLC  (4808)
[09.10.2014 17:43:36] Error:No connection available to the PLC  (4808)
[09.10.2014 17:43:36] Error:No connection available to the PLC  (4808)
[09.10.2014 17:43:36] Error:No connection available to the PLC  (4808)
[09.10.2014 17:43:36] Error:No connection available to the PLC  (4808)
[09.10.2014 17:43:36] Error:No connection available to the PLC  (4808)
[09.10.2014 17:43:36] Error:No connection available to the PLC  (4808)
[09.10.2014 17:43:36] Error:No connection available to the PLC  (4808)
[09.10.2014 17:43:36] Error:No connection available to the PLC  (4808)
[09.10.2014 17:43:36] Error:No connection available to the PLC  (4808)
[09.10.2014 17:43:36] Error:No connection available to the PLC  (4808)
[09.10.2014 17:43:36] Error:No connection available to the PLC  (4808)
[09.10.2014 17:43:36] Error:No connection available to the PLC  (4808)
[09.10.2014 17:43:36] Error:No connection available to the PLC  (4808)
[09.10.2014 17:43:36] Error:No connection available to the PLC  (4808)
[09.10.2014 17:43:36] Error:No connection available to the PLC  (4808)
[09.10.2014 17:43:36] Error:No connection available to the PLC  (4808)
[09.10.2014 17:43:36] Error:No connection available to the PLC  (4808)
[09.10.2014 17:43:36] Error:No connection available to the PLC  (4808)
[09.10.2014 17:43:36] Error:No connection available to the PLC  (4808)
[09.10.2014 17:43:36] Error:No connection available to the PLC  (4808)
[09.10.2014 17:43:36] Error:No connection available to the PLC  (4808)
[09.10.2014 17:43:36] Error:No connection available to the PLC  (4808)
[09.10.2014 17:43:36] Error:No connection available to the PLC  (4808)
[09.10.2014 17:43:36] Error:No connection available to the PLC  (4808)
[09.10.2014 17:43:36] PVI CPU connected
[09.10.2014 17:43:31] PVI service connected
[09.10.2014 17:35:11] Error:No connection available to the PLC  (4808)
[09.10.2014 17:35:11] Error:No connection available to the PLC  (4808)
[09.10.2014 17:35:11] Error:No connection available to the PLC  (4808)
[09.10.2014 17:35:11] Error:No connection available to the PLC  (4808)
[09.10.2014 17:35:11] Error:No connection available to the PLC  (4808)
[09.10.2014 17:35:11] Error:No connection available to the PLC  (4808)
[09.10.2014 17:35:11] Error:No connection available to the PLC  (4808)
[09.10.2014 17:35:11] Error:No connection available to the PLC  (4808)
[09.10.2014 17:35:11] Error:No connection available to the PLC  (4808)
[09.10.2014 17:35:11] Error:No connection available to the PLC  (4808)
[09.10.2014 17:35:11] Error:No connection available to the PLC  (4808)
[09.10.2014 17:35:11] Error:No connection available to the PLC  (4808)
[09.10.2014 17:35:11] Error:No connection available to the PLC  (4808)
[09.10.2014 17:35:11] Error:No connection available to the PLC  (4808)
[09.10.2014 17:35:11] Error:No connection available to the PLC  (4808)
[09.10.2014 17:35:11] Error:No connection available to the PLC  (4808)
[09.10.2014 17:35:11] Error:No connection available to the PLC  (4808)
[09.10.2014 17:35:11] Error:No connection available to the PLC  (4808)
[09.10.2014 17:35:11] Error:No connection available to the PLC  (4808)
[09.10.2014 17:35:11] Error:No connection available to the PLC  (4808)
[09.10.2014 17:35:11] Error:No connection available to the PLC  (4808)
[09.10.2014 17:35:11] Error:No connection available to the PLC  (4808)
[09.10.2014 17:35:11] Error:No connection available to the PLC  (4808)
[09.10.2014 17:35:11] Error:No connection available to the PLC  (4808)
[09.10.2014 17:35:11] Error:No connection available to the PLC  (4808)
[09.10.2014 17:35:11] Error:No connection available to the PLC  (4808)
[09.10.2014 17:35:11] PVI CPU connected
[09.10.2014 17:35:06] PVI service connected
[09.10.2014 17:34:40] PVI service connecting ...
[09.10.2014 15:58:39] PVI variables connected
[09.10.2014 15:58:39] PVI variables connected
[09.10.2014 15:58:39] PVI variables connected
[09.10.2014 15:58:39] PVI variables connected
[09.10.2014 15:58:39] PVI variables connected
[09.10.2014 15:58:39] PVI variables connected
[09.10.2014 15:58:39] PVI variables connected
[09.10.2014 15:58:39] PVI variables connected
[09.10.2014 15:58:39] PVI variables connected
[09.10.2014 15:58:39] PVI variables connected
[09.10.2014 15:58:39] PVI variables connected
[09.10.2014 15:58:39] PVI variables connected
[09.10.2014 15:58:39] PVI variables connected
[09.10.2014 15:58:39] PVI variables connected
[09.10.2014 15:58:39] PVI variables connected
[09.10.2014 15:58:39] PVI variables connected
[09.10.2014 15:58:39] PVI variables connected
[09.10.2014 15:58:39] PVI variables connected
[09.10.2014 15:58:39] PVI variables connected
[09.10.2014 15:58:39] PVI variables connected
[09.10.2014 15:58:39] PVI variables connected
[09.10.2014 15:58:39] PVI variables connected
[09.10.2014 15:58:39] PVI variables connected
[09.10.2014 15:58:39] PVI variables connected
[09.10.2014 15:58:39] PVI variables connected
[09.10.2014 15:58:39] PVI variables connecting ...
[09.10.2014 15:58:34] PVI CPU connecting ...
[09.10.2014 15:58:33] PVI service connecting ...
[09.10.2014 15:49:48] PVI variables connected
[09.10.2014 15:49:48] PVI variables connected
[09.10.2014 15:49:48] PVI variables connected
[09.10.2014 15:49:48] PVI variables connected
[09.10.2014 15:49:48] PVI variables connected
[09.10.2014 15:49:48] PVI variables connected
[09.10.2014 15:49:48] PVI variables connected
[09.10.2014 15:49:48] PVI variables connected
[09.10.2014 15:49:48] PVI variables connected
[09.10.2014 15:49:48] PVI variables connected
[09.10.2014 15:49:48] PVI variables connected
[09.10.2014 15:49:48] PVI variables connected
[09.10.2014 15:49:48] PVI variables connected
[09.10.2014 15:49:48] PVI variables connected
[09.10.2014 15:49:48] PVI variables connected
[09.10.2014 15:49:48] PVI variables connected
[09.10.2014 15:49:48] PVI variables connected
[09.10.2014 15:49:48] PVI variables connected
[09.10.2014 15:49:48] PVI variables connected
[09.10.2014 15:49:48] PVI variables connected
[09.10.2014 15:49:48] PVI variables connected
[09.10.2014 15:49:48] PVI variables connected
[09.10.2014 15:49:48] PVI variables connected
[09.10.2014 15:49:48] PVI variables connected
[09.10.2014 15:49:48] PVI variables connected
[09.10.2014 15:49:48] PVI variables connecting ...
[09.10.2014 15:49:43] PVI CPU connecting ...
[09.10.2014 15:49:42] PVI service connecting ...
[09.10.2014 15:49:22] PVI variables connected
[09.10.2014 15:49:22] PVI variables connected
[09.10.2014 15:49:22] PVI variables connected
[09.10.2014 15:49:22] PVI variables connected
[09.10.2014 15:49:22] PVI variables connected
[09.10.2014 15:49:22] PVI variables connected
[09.10.2014 15:49:22] PVI variables connected
[09.10.2014 15:49:22] PVI variables connected
[09.10.2014 15:49:22] PVI variables connected
[09.10.2014 15:49:22] PVI variables connected
[09.10.2014 15:49:22] PVI variables connected
[09.10.2014 15:49:22] PVI variables connected
[09.10.2014 15:49:22] PVI variables connected
[09.10.2014 15:49:22] PVI variables connected
[09.10.2014 15:49:22] PVI variables connected
[09.10.2014 15:49:22] PVI variables connected
[09.10.2014 15:49:22] PVI variables connected
[09.10.2014 15:49:22] PVI variables connected
[09.10.2014 15:49:22] PVI variables connected
[09.10.2014 15:49:22] PVI variables connected
[09.10.2014 15:49:22] PVI variables connected
[09.10.2014 15:49:22] PVI variables connected
[09.10.2014 15:49:22] PVI variables connected
[09.10.2014 15:49:22] PVI variables connected
[09.10.2014 15:49:22] PVI variables connected
[09.10.2014 15:49:22] PVI variables connecting ...
[09.10.2014 15:49:17] PVI CPU connecting ...
[09.10.2014 15:49:16] PVI service connecting ...
[09.10.2014 15:49:16] PVI service connecting ...
[09.10.2014 15:49:17] PVI service connected
[09.10.2014 15:49:22] PVI CPU connected
[09.10.2014 15:49:22] Error:No connection available to the PLC  (4808)
[09.10.2014 15:49:22] Error:No connection available to the PLC  (4808)
[09.10.2014 15:49:22] Error:No connection available to the PLC  (4808)
[09.10.2014 15:49:22] Error:No connection available to the PLC  (4808)
[09.10.2014 15:49:22] Error:No connection available to the PLC  (4808)
[09.10.2014 15:49:22] Error:No connection available to the PLC  (4808)
[09.10.2014 15:49:22] Error:No connection available to the PLC  (4808)
[09.10.2014 15:49:22] Error:No connection available to the PLC  (4808)
[09.10.2014 15:49:22] Error:No connection available to the PLC  (4808)
[09.10.2014 15:49:22] Error:No connection available to the PLC  (4808)
[09.10.2014 15:49:22] Error:No connection available to the PLC  (4808)
[09.10.2014 15:49:22] Error:No connection available to the PLC  (4808)
[09.10.2014 15:49:22] Error:No connection available to the PLC  (4808)
[09.10.2014 15:49:22] Error:No connection available to the PLC  (4808)
[09.10.2014 15:49:22] Error:No connection available to the PLC  (4808)
[09.10.2014 15:49:22] Error:No connection available to the PLC  (4808)
[09.10.2014 15:49:22] Error:No connection available to the PLC  (4808)
[09.10.2014 15:49:22] Error:No connection available to the PLC  (4808)
[09.10.2014 15:49:22] Error:No connection available to the PLC  (4808)
[09.10.2014 15:49:22] Error:No connection available to the PLC  (4808)
[09.10.2014 15:49:22] Error:No connection available to the PLC  (4808)
[09.10.2014 15:49:22] Error:No connection available to the PLC  (4808)
[09.10.2014 15:49:22] Error:No connection available to the PLC  (4808)
[09.10.2014 15:49:22] Error:No connection available to the PLC  (4808)
[09.10.2014 15:49:22] Error:No connection available to the PLC  (4808)
[09.10.2014 15:49:22] Error:No connection available to the PLC  (4808)
[09.10.2014 15:49:43] PVI service connected
[09.10.2014 15:49:48] PVI CPU connected
[09.10.2014 15:49:48] Error:No connection available to the PLC  (4808)
[09.10.2014 15:49:48] Error:No connection available to the PLC  (4808)
[09.10.2014 15:49:48] Error:No connection available to the PLC  (4808)
[09.10.2014 15:49:48] Error:No connection available to the PLC  (4808)
[09.10.2014 15:49:48] Error:No connection available to the PLC  (4808)
[09.10.2014 15:49:48] Error:No connection available to the PLC  (4808)
[09.10.2014 15:49:48] Error:No connection available to the PLC  (4808)
[09.10.2014 15:49:48] Error:No connection available to the PLC  (4808)
[09.10.2014 15:49:48] Error:No connection available to the PLC  (4808)
[09.10.2014 15:49:48] Error:No connection available to the PLC  (4808)
[09.10.2014 15:49:48] Error:No connection available to the PLC  (4808)
[09.10.2014 15:49:48] Error:No connection available to the PLC  (4808)
[09.10.2014 15:49:48] Error:No connection available to the PLC  (4808)
[09.10.2014 15:49:48] Error:No connection available to the PLC  (4808)
[09.10.2014 15:49:48] Error:No connection available to the PLC  (4808)
[09.10.2014 15:49:48] Error:No connection available to the PLC  (4808)
[09.10.2014 15:49:48] Error:No connection available to the PLC  (4808)
[09.10.2014 15:49:48] Error:No connection available to the PLC  (4808)
[09.10.2014 15:49:48] Error:No connection available to the PLC  (4808)
[09.10.2014 15:49:48] Error:No connection available to the PLC  (4808)
[09.10.2014 15:49:48] Error:No connection available to the PLC  (4808)
[09.10.2014 15:49:48] Error:No connection available to the PLC  (4808)
[09.10.2014 15:49:48] Error:No connection available to the PLC  (4808)
[09.10.2014 15:49:48] Error:No connection available to the PLC  (4808)
[09.10.2014 15:49:48] Error:No connection available to the PLC  (4808)
[09.10.2014 15:49:48] Error:No connection available to the PLC  (4808)
[09.10.2014 15:58:34] PVI service connected
[09.10.2014 15:58:39] PVI CPU connected
[09.10.2014 15:58:39] Error:No connection available to the PLC  (4808)
[09.10.2014 15:58:39] Error:No connection available to the PLC  (4808)
[09.10.2014 15:58:39] Error:No connection available to the PLC  (4808)
[09.10.2014 15:58:39] Error:No connection available to the PLC  (4808)
[09.10.2014 15:58:39] Error:No connection available to the PLC  (4808)
[09.10.2014 15:58:39] Error:No connection available to the PLC  (4808)
[09.10.2014 15:58:39] Error:No connection available to the PLC  (4808)
[09.10.2014 15:58:39] Error:No connection available to the PLC  (4808)
[09.10.2014 15:58:39] Error:No connection available to the PLC  (4808)
[09.10.2014 15:58:39] Error:No connection available to the PLC  (4808)
[09.10.2014 15:58:39] Error:No connection available to the PLC  (4808)
[09.10.2014 15:58:39] Error:No connection available to the PLC  (4808)
[09.10.2014 15:58:39] Error:No connection available to the PLC  (4808)
[09.10.2014 15:58:39] Error:No connection available to the PLC  (4808)
[09.10.2014 15:58:39] Error:No connection available to the PLC  (4808)
[09.10.2014 15:58:39] Error:No connection available to the PLC  (4808)
[09.10.2014 15:58:39] Error:No connection available to the PLC  (4808)
[09.10.2014 15:58:39] Error:No connection available to the PLC  (4808)
[09.10.2014 15:58:39] Error:No connection available to the PLC  (4808)
[09.10.2014 15:58:39] Error:No connection available to the PLC  (4808)
[09.10.2014 15:58:39] Error:No connection available to the PLC  (4808)
[09.10.2014 15:58:39] Error:No connection available to the PLC  (4808)
[09.10.2014 15:58:39] Error:No connection available to the PLC  (4808)
[09.10.2014 15:58:39] Error:No connection available to the PLC  (4808)
[09.10.2014 15:58:39] Error:No connection available to the PLC  (4808)
[09.10.2014 15:58:39] Error:No connection available to the PLC  (4808)
[09.10.2014 17:35:03] Error:PVI Manager not started  (12050)
[09.10.2014 17:35:06] PVI CPU connecting ...
[09.10.2014 17:35:11] PVI variables connecting ...
[09.10.2014 17:35:11] PVI variables connected
[09.10.2014 17:35:11] PVI variables connected
[09.10.2014 17:35:11] PVI variables connected
[09.10.2014 17:35:11] PVI variables connected
[09.10.2014 17:35:11] PVI variables connected
[09.10.2014 17:35:11] PVI variables connected
[09.10.2014 17:35:11] PVI variables connected
[09.10.2014 17:35:11] PVI variables connected
[09.10.2014 17:35:11] PVI variables connected
[09.10.2014 17:35:11] PVI variables connected
[09.10.2014 17:35:11] PVI variables connected
[09.10.2014 17:35:11] PVI variables connected
[09.10.2014 17:35:11] PVI variables connected
[09.10.2014 17:35:11] PVI variables connected
[09.10.2014 17:35:11] PVI variables connected
[09.10.2014 17:35:11] PVI variables connected
[09.10.2014 17:35:11] PVI variables connected
[09.10.2014 17:35:11] PVI variables connected
[09.10.2014 17:35:11] PVI variables connected
[09.10.2014 17:35:11] PVI variables connected
[09.10.2014 17:35:11] PVI variables connected
[09.10.2014 17:35:11] PVI variables connected
[09.10.2014 17:35:11] PVI variables connected
[09.10.2014 17:35:11] PVI variables connected
[09.10.2014 17:35:11] PVI variables connected
[09.10.2014 17:43:30] PVI service connecting ...
[09.10.2014 17:43:31] PVI CPU connecting ...
[09.10.2014 17:43:36] PVI variables connecting ...
[09.10.2014 17:43:36] PVI variables connected
[09.10.2014 17:43:36] PVI variables connected
[09.10.2014 17:43:36] PVI variables connected
[09.10.2014 17:43:36] PVI variables connected
[09.10.2014 17:43:36] PVI variables connected
[09.10.2014 17:43:36] PVI variables connected
[09.10.2014 17:43:36] PVI variables connected
[09.10.2014 17:43:36] PVI variables connected
[09.10.2014 17:43:36] PVI variables connected
[09.10.2014 17:43:36] PVI variables connected
[09.10.2014 17:43:36] PVI variables connected
[09.10.2014 17:43:36] PVI variables connected
[09.10.2014 17:43:36] PVI variables connected
[09.10.2014 17:43:36] PVI variables connected
[09.10.2014 17:43:36] PVI variables connected
[09.10.2014 17:43:36] PVI variables connected
[09.10.2014 17:43:36] PVI variables connected
[09.10.2014 17:43:36] PVI variables connected
[09.10.2014 17:43:36] PVI variables connected
[09.10.2014 17:43:36] PVI variables connected
[09.10.2014 17:43:36] PVI variables connected
[09.10.2014 17:43:36] PVI variables connected
[09.10.2014 17:43:36] PVI variables connected
[09.10.2014 17:43:36] PVI variables connected
[09.10.2014 17:43:36] PVI variables connected
[09.10.2014 18:13:28] PVI service connecting ...
[09.10.2014 18:13:29] PVI CPU connecting ...
[09.10.2014 18:13:34] PVI variables connecting ...
[09.10.2014 18:13:34] PVI variables connected
[09.10.2014 18:13:34] PVI variables connected
[09.10.2014 18:13:34] PVI variables connected
[09.10.2014 18:13:34] PVI variables connected
[09.10.2014 18:13:34] PVI variables connected
[09.10.2014 18:13:34] PVI variables connected
[09.10.2014 18:13:34] PVI variables connected
[09.10.2014 18:13:34] PVI variables connected
[09.10.2014 18:13:34] PVI variables connected
[09.10.2014 18:13:34] PVI variables connected
[09.10.2014 18:13:34] PVI variables connected
[09.10.2014 18:13:34] PVI variables connected
[09.10.2014 18:13:34] PVI variables connected
[09.10.2014 18:13:34] PVI variables connected
[09.10.2014 18:13:34] PVI variables connected
[09.10.2014 18:13:34] PVI variables connected
[09.10.2014 18:13:34] PVI variables connected
[09.10.2014 18:13:35] PVI variables connected
[09.10.2014 18:13:35] PVI variables connected
[09.10.2014 18:13:35] PVI variables connected
[09.10.2014 18:13:35] PVI variables connected
[09.10.2014 18:13:35] PVI variables connected
[09.10.2014 18:13:35] PVI variables connected
[09.10.2014 18:13:35] PVI variables connected
[09.10.2014 18:13:35] PVI variables connected
