[15.10.2014 22:51:50] Error:No connection available to the PLC  (4808)
[15.10.2014 22:51:45] PVI service connected
[15.10.2014 22:02:56] Error:No connection available to the PLC  (4808)
[15.10.2014 22:02:51] PVI service connected
[15.10.2014 21:43:45] Error:No connection available to the PLC  (4808)
[15.10.2014 21:43:40] PVI service connected
[15.10.2014 21:39:56] Error:No connection available to the PLC  (4808)
[15.10.2014 21:39:51] PVI service connected
[15.10.2014 21:35:11] Ошибка: Неизвестная ошибка (50011)
[15.10.2014 21:35:00] Ошибка: Неизвестная ошибка (50000)
[15.10.2014 21:34:57] PVI variables connected
[15.10.2014 21:34:57] PVI variables connected
[15.10.2014 21:34:56] PVI CPU connected
[15.10.2014 21:29:31] Ошибка: Неизвестная ошибка (50011)
[15.10.2014 21:28:27] Ошибка: Неизвестная ошибка (50000)
[15.10.2014 21:28:26] PVI variables connected
[15.10.2014 21:28:25] PVI variables connected
[15.10.2014 21:28:25] PVI CPU connected
[15.10.2014 21:27:18] Ошибка: Неизвестная ошибка (50011)
[15.10.2014 21:27:15] Ошибка: Неизвестная ошибка (50011)
[15.10.2014 21:26:35] Ошибка: Неизвестная ошибка (50000)
[15.10.2014 21:26:34] Штабелер не готов выполненять команду
[15.10.2014 21:26:33] PVI variables connecting ...
[15.10.2014 21:26:31] Error:No connection available to the PLC  (4808)
[15.10.2014 21:26:11] Ошибка: Неизвестная ошибка (50011)
[15.10.2014 21:26:11] PVI variables connecting ...
[15.10.2014 21:26:10] PVI CPU connecting ...
[15.10.2014 21:26:09] PVI service connecting ...
[15.10.2014 21:08:34] Штабелер не готов выполненять команду
[15.10.2014 21:08:28] Штабелер не готов выполненять команду
[15.10.2014 21:08:27] Штабелер не готов выполненять команду
[15.10.2014 21:08:16] Ошибка привода
[15.10.2014 21:08:15] PVI variables connected
[15.10.2014 21:08:15] PVI variables connected
[15.10.2014 21:08:14] PVI CPU connected
[15.10.2014 21:07:40] Ошибка: Неизвестная ошибка (50011)
[15.10.2014 21:06:53] Ошибка: Неизвестная ошибка (50011)
[15.10.2014 21:06:35] Ошибка привода
[15.10.2014 21:06:35] PVI variables connected
[15.10.2014 21:06:34] PVI CPU connected
[15.10.2014 21:06:34] PVI service connected
[15.10.2014 20:48:13] PVI variables connected
[15.10.2014 20:48:13] PVI variables connected
[15.10.2014 20:48:13] PVI CPU connected
[15.10.2014 20:48:12] PVI service connected
[15.10.2014 20:42:45] PVI variables connected
[15.10.2014 20:42:45] PVI variables connected
[15.10.2014 20:42:45] PVI CPU connected
[15.10.2014 20:42:45] PVI service connected
[15.10.2014 20:39:48] PVI variables connected
[15.10.2014 20:39:48] PVI variables connected
[15.10.2014 20:39:48] PVI CPU connected
[15.10.2014 20:39:48] PVI service connected
[15.10.2014 20:30:32] PVI variables connected
[15.10.2014 20:30:32] PVI variables connected
[15.10.2014 20:30:32] PVI CPU connected
[15.10.2014 20:30:31] PVI service connected
[15.10.2014 20:22:15] Штабелер готов к выполнению команды
[15.10.2014 20:22:01] Штабелер готов к выполнению команды
[15.10.2014 20:21:50] Штабелер находиться в состоянии выполнения команды
[15.10.2014 20:21:41] Штабелер находиться в состоянии выполнения команды
[15.10.2014 20:21:37] Штабелер находиться в состоянии выполнения команды
[15.10.2014 20:21:32] Штабелер находиться в состоянии выполнения команды
[15.10.2014 20:21:28] Штабелер находиться в состоянии выполнения команды
[15.10.2014 20:21:24] Штабелер находиться в состоянии выполнения команды
[15.10.2014 20:20:52] Штабелер готов к выполнению команды
[15.10.2014 20:20:44] Началось выполнение команды "Парковать"
[15.10.2014 20:19:58] Штабелер не готов выполненять команду
[15.10.2014 20:19:52] Штабелер не готов выполненять команду
[15.10.2014 20:19:45] Штабелер не готов выполненять команду
[15.10.2014 20:19:36] Штабелер не готов выполненять команду
[15.10.2014 20:19:32] Штабелер не готов выполненять команду
[15.10.2014 20:19:28] Штабелер не готов выполненять команду
[15.10.2014 20:19:16] Штабелер не готов выполненять команду
[15.10.2014 20:18:41] Ошибка привода
[15.10.2014 20:18:40] PVI variables connected
[15.10.2014 20:18:39] PVI variables connected
[15.10.2014 20:18:39] PVI CPU connected
[15.10.2014 20:17:22] Штабелер не готов выполненять команду
[15.10.2014 20:17:07] Штабелер находиться в состоянии выполнения команды
[15.10.2014 20:17:03] Началось выполнение команды "Взять из ячейки 169"
[15.10.2014 20:15:58] PVI variables connected
[15.10.2014 20:15:58] PVI variables connected
[15.10.2014 20:15:57] PVI CPU connected
[15.10.2014 20:15:54] PVI service connected
[15.10.2014 20:15:10] PVI service connecting ...
[15.10.2014 19:53:35] Штабелер находиться в состоянии выполнения команды
[15.10.2014 19:53:16] Штабелер выключен
[15.10.2014 19:52:59] Ошибка: Неизвестная ошибка (50000)
[15.10.2014 19:52:59] Штабелер находиться в состоянии выполнения команды
[15.10.2014 19:52:30] PVI variables connected
[15.10.2014 19:52:29] PVI variables connected
[15.10.2014 19:52:27] PVI CPU connected
[15.10.2014 19:52:22] PVI service connected
[15.10.2014 18:32:38] Штабелер готов к выполнению команды
[15.10.2014 18:32:35] Началось выполнение команды "Парковать"
[15.10.2014 18:31:58] Штабелер не готов выполненять команду
[15.10.2014 18:31:42] Штабелер не готов выполненять команду
[15.10.2014 18:31:35] Ошибка: Неизвестная ошибка (50061)
[15.10.2014 18:31:01] Штабелер готов к выполнению команды
[15.10.2014 18:30:55] Началось выполнение команды "Парковать"
[15.10.2014 18:23:10] Штабелер выключен
[15.10.2014 18:23:10] PVI variables connecting ...
[15.10.2014 18:23:10] PVI CPU connecting ...
[15.10.2014 18:23:09] PVI service connecting ...
[15.10.2014 18:16:05] Штабелер находиться в состоянии выполнения команды
[15.10.2014 18:12:36] Штабелер готов к выполнению команды
[15.10.2014 18:11:44] Штабелер не готов выполненять команду
[15.10.2014 18:11:44] PVI variables connecting ...
[15.10.2014 18:11:44] PVI CPU connecting ...
[15.10.2014 18:11:43] PVI service connecting ...
[15.10.2014 18:10:00] Штабелер находиться в состоянии выполнения команды
[15.10.2014 18:09:32] Штабелер выключен
[15.10.2014 18:09:19] PVI variables connected
[15.10.2014 18:09:18] Ошибка: Неизвестная ошибка (50000)
[15.10.2014 18:09:16] PVI variables connecting ...
[15.10.2014 18:09:16] PVI CPU connecting ...
[15.10.2014 18:09:14] PVI service connecting ...
[15.10.2014 16:15:20] Штабелер выключен
[15.10.2014 16:15:20] PVI variables connecting ...
[15.10.2014 16:15:19] PVI CPU connecting ...
[15.10.2014 16:15:19] PVI service connecting ...
[15.10.2014 16:12:10] Штабелер выключен
[15.10.2014 16:12:10] PVI variables connecting ...
[15.10.2014 16:12:10] PVI CPU connecting ...
[15.10.2014 16:12:09] PVI service connecting ...
[15.10.2014 16:11:17] PVI variables connected
[15.10.2014 16:11:17] PVI CPU connected
[15.10.2014 16:11:17] PVI service connected
[15.10.2014 16:10:10] PVI variables connected
[15.10.2014 16:10:10] PVI variables connected
[15.10.2014 16:10:10] PVI CPU connected
[15.10.2014 16:10:09] PVI service connected
[15.10.2014 16:08:13] PVI variables connected
[15.10.2014 16:08:13] PVI variables connected
[15.10.2014 16:08:13] PVI CPU connected
[15.10.2014 16:08:13] PVI service connected
[15.10.2014 16:06:30] PVI variables connected
[15.10.2014 16:06:30] PVI variables connected
[15.10.2014 16:06:30] PVI CPU connected
[15.10.2014 16:06:30] PVI service connected
[15.10.2014 16:03:55] PVI variables connected
[15.10.2014 16:03:55] PVI variables connected
[15.10.2014 16:03:55] PVI CPU connected
[15.10.2014 16:03:55] PVI service connected
[15.10.2014 16:01:49] PVI variables connected
[15.10.2014 16:01:48] PVI variables connected
[15.10.2014 16:01:48] PVI CPU connected
[15.10.2014 16:01:48] PVI service connected
[15.10.2014 16:00:35] PVI variables connected
[15.10.2014 16:00:35] PVI variables connected
[15.10.2014 16:00:35] PVI CPU connected
[15.10.2014 16:00:35] PVI service connected
[15.10.2014 15:58:29] Штабелер готов к выполнению команды
[15.10.2014 15:58:03] Началось выполнение команды "Взять из ячейки 13"
[15.10.2014 15:57:14] Штабелер выключен
[15.10.2014 15:57:14] PVI variables connecting ...
[15.10.2014 15:57:14] PVI CPU connecting ...
[15.10.2014 15:57:04] PVI service connecting ...
[15.10.2014 15:53:29] Штабелер находиться в состоянии выполнения команды
[15.10.2014 15:53:19] Штабелер готов к выполнению команды
[15.10.2014 15:52:37] Штабелер не готов выполненять команду
[15.10.2014 15:52:37] PVI variables connecting ...
[15.10.2014 15:52:37] PVI CPU connecting ...
[15.10.2014 15:52:35] PVI service connecting ...
[15.10.2014 15:51:35] Штабелер не готов выполненять команду
[15.10.2014 15:51:35] PVI variables connecting ...
[15.10.2014 15:51:35] PVI CPU connecting ...
[15.10.2014 15:51:34] PVI service connecting ...
[15.10.2014 15:49:19] Штабелер не готов выполненять команду
[15.10.2014 15:49:18] PVI variables connecting ...
[15.10.2014 15:49:18] PVI CPU connecting ...
[15.10.2014 15:49:17] PVI service connecting ...
[15.10.2014 15:47:29] Штабелер не готов выполненять команду
[15.10.2014 15:47:29] PVI variables connecting ...
[15.10.2014 15:47:28] PVI CPU connecting ...
[15.10.2014 15:47:28] PVI service connecting ...
[15.10.2014 15:41:26] Штабелер не готов выполненять команду
[15.10.2014 15:41:26] PVI variables connecting ...
[15.10.2014 15:41:25] PVI CPU connecting ...
[15.10.2014 15:41:24] PVI service connecting ...
[15.10.2014 15:27:10] Штабелер не готов выполненять команду
[15.10.2014 15:27:10] PVI variables connecting ...
[15.10.2014 15:27:10] PVI CPU connecting ...
[15.10.2014 15:27:08] PVI service connecting ...
[15.10.2014 15:24:28] Штабелер находиться в состоянии выполнения команды
[15.10.2014 15:24:07] Штабелер выключен
[15.10.2014 15:23:58] PVI variables connected
[15.10.2014 15:23:58] Ошибка: Неизвестная ошибка (50000)
[15.10.2014 15:23:58] PVI variables connecting ...
[15.10.2014 15:23:57] PVI CPU connecting ...
[15.10.2014 15:23:55] PVI service connecting ...
[15.10.2014 15:21:06] Ошибка привода
[15.10.2014 15:21:06] PVI variables connected
[15.10.2014 15:21:06] PVI CPU connected
[15.10.2014 15:21:06] PVI service connected
[15.10.2014 15:20:28] Error:No connection available to the PLC  (4808)
[15.10.2014 15:20:28] PVI service connected
[15.10.2014 15:08:25] Штабелер готов к выполнению команды
[15.10.2014 15:08:23] Штабелер выключен
[15.10.2014 15:08:19] Штабелер находиться в состоянии выполнения команды
[15.10.2014 15:07:43] Штабелер не готов выполненять команду
[15.10.2014 15:07:38] Штабелер не готов выполненять команду
[15.10.2014 15:07:30] Штабелер не готов выполненять команду
[15.10.2014 15:06:37] Штабелер находиться в состоянии выполнения команды
[15.10.2014 15:06:29] Штабелер готов к выполнению команды
[15.10.2014 15:06:17] Штабелер находиться в состоянии выполнения команды
[15.10.2014 15:06:07] Штабелер находиться в состоянии выполнения команды
[15.10.2014 15:05:49] Штабелер готов к выполнению команды
[15.10.2014 15:05:46] Началось выполнение команды "Взять из ячейки 25"
[15.10.2014 15:05:31] Штабелер выключен
[15.10.2014 15:05:31] PVI variables connecting ...
[15.10.2014 15:05:31] PVI CPU connecting ...
[15.10.2014 15:05:30] PVI service connecting ...
[15.10.2014 14:48:22] Штабелер находиться в состоянии выполнения команды
[15.10.2014 14:48:11] PVI variables connected
[15.10.2014 14:48:11] PVI variables connected
[15.10.2014 14:48:11] PVI CPU connected
[15.10.2014 14:48:11] PVI service connected
[15.10.2014 14:37:59] Штабелер готов к выполнению команды
[15.10.2014 14:37:55] Штабелер выключен
[15.10.2014 14:37:52] Штабелер находиться в состоянии выполнения команды
[15.10.2014 14:37:46] Штабелер готов к выполнению команды
[15.10.2014 14:37:32] Штабелер находиться в состоянии выполнения команды
[15.10.2014 14:37:25] Штабелер находиться в состоянии выполнения команды
[15.10.2014 14:37:18] Штабелер находиться в состоянии выполнения команды
[15.10.2014 14:36:31] Штабелер не готов выполненять команду
[15.10.2014 14:36:31] PVI variables connecting ...
[15.10.2014 14:36:31] PVI CPU connecting ...
[15.10.2014 14:36:29] PVI service connecting ...
[15.10.2014 14:25:27] Штабелер находиться в состоянии выполнения команды
[15.10.2014 14:24:53] PVI variables connected
[15.10.2014 14:24:53] PVI variables connected
[15.10.2014 14:24:53] PVI CPU connected
[15.10.2014 14:24:53] PVI service connected
[15.10.2014 14:13:54] Штабелер готов к выполнению команды
[15.10.2014 14:13:50] Началось выполнение команды "Парковать"
[15.10.2014 14:13:43] Штабелер выключен
[15.10.2014 14:13:43] PVI variables connecting ...
[15.10.2014 14:13:43] PVI CPU connecting ...
[15.10.2014 14:13:42] PVI service connecting ...
[15.10.2014 14:10:57] Штабелер не готов выполненять команду
[15.10.2014 14:10:33] Ошибка: Неизвестная ошибка (50061)
[15.10.2014 14:10:33] Началось выполнение команды "Взять из ячейки 25"
[15.10.2014 14:10:33] Началось выполнение команды "Взять из ячейки 25"
[15.10.2014 14:10:38] Штабелер готов к выполнению команды
[15.10.2014 14:11:07] Штабелер находиться в состоянии выполнения команды
[15.10.2014 14:13:43] PVI service connected
[15.10.2014 14:13:43] PVI CPU connected
[15.10.2014 14:13:43] PVI variables connected
[15.10.2014 14:13:43] PVI variables connected
[15.10.2014 14:13:51] Штабелер находиться в состоянии выполнения команды
[15.10.2014 14:24:52] PVI service connecting ...
[15.10.2014 14:24:53] PVI CPU connecting ...
[15.10.2014 14:24:53] PVI variables connecting ...
[15.10.2014 14:24:53] Штабелер выключен
[15.10.2014 14:25:21] Штабелер не готов выполненять команду
[15.10.2014 14:25:31] Штабелер не готов выполненять команду
[15.10.2014 14:36:31] PVI service connected
[15.10.2014 14:36:31] PVI CPU connected
[15.10.2014 14:36:31] PVI variables connected
[15.10.2014 14:36:31] PVI variables connected
[15.10.2014 14:37:21] Штабелер не готов выполненять команду
[15.10.2014 14:37:29] Штабелер не готов выполненять команду
[15.10.2014 14:37:35] Штабелер не готов выполненять команду
[15.10.2014 14:37:52] Началось выполнение команды "Парковать"
[15.10.2014 14:37:54] Штабелер не готов выполненять команду
[15.10.2014 14:37:58] Штабелер находиться в состоянии выполнения команды
[15.10.2014 14:48:08] PVI service connecting ...
[15.10.2014 14:48:11] PVI CPU connecting ...
[15.10.2014 14:48:11] PVI variables connecting ...
[15.10.2014 14:48:11] Штабелер выключен
[15.10.2014 14:48:21] Началось выполнение команды "Парковать"
[15.10.2014 14:48:28] Штабелер готов к выполнению команды
[15.10.2014 15:05:31] PVI service connected
[15.10.2014 15:05:31] PVI CPU connected
[15.10.2014 15:05:31] PVI variables connected
[15.10.2014 15:05:31] PVI variables connected
[15.10.2014 15:05:46] Ошибка: Неизвестная ошибка (50061)
[15.10.2014 15:06:02] Штабелер не готов выполненять команду
[15.10.2014 15:06:10] Штабелер не готов выполненять команду
[15.10.2014 15:06:20] Штабелер не готов выполненять команду
[15.10.2014 15:06:36] Началось выполнение команды "Парковать"
[15.10.2014 15:06:41] Штабелер готов к выполнению команды
[15.10.2014 15:07:35] Штабелер находиться в состоянии выполнения команды
[15.10.2014 15:07:39] Штабелер находиться в состоянии выполнения команды
[15.10.2014 15:08:13] Штабелер готов к выполнению команды
[15.10.2014 15:08:23] Штабелер не готов выполненять команду
[15.10.2014 15:08:25] Штабелер находиться в состоянии выполнения команды
[15.10.2014 15:20:25] PVI service connecting ...
[15.10.2014 15:20:28] PVI CPU connecting ...
[15.10.2014 15:21:03] Error:PVI Manager not started  (12050)
[15.10.2014 15:21:06] PVI CPU connecting ...
[15.10.2014 15:21:06] PVI variables connecting ...
[15.10.2014 15:21:06] Ошибка: Неизвестная ошибка (50000)
[15.10.2014 15:21:06] PVI variables connected
[15.10.2014 15:23:57] PVI service connected
[15.10.2014 15:23:58] PVI CPU connected
[15.10.2014 15:23:58] PVI variables connected
[15.10.2014 15:23:58] Ошибка привода
[15.10.2014 15:24:07] Штабелер не готов выполненять команду
[15.10.2014 15:24:19] Штабелер не готов выполненять команду
[15.10.2014 15:24:31] Штабелер не готов выполненять команду
[15.10.2014 15:27:10] PVI service connected
[15.10.2014 15:27:10] PVI CPU connected
[15.10.2014 15:27:10] PVI variables connected
[15.10.2014 15:27:10] PVI variables connected
[15.10.2014 15:41:25] PVI service connected
[15.10.2014 15:41:26] PVI CPU connected
[15.10.2014 15:41:26] PVI variables connected
[15.10.2014 15:41:26] PVI variables connected
[15.10.2014 15:47:28] PVI service connected
[15.10.2014 15:47:29] PVI CPU connected
[15.10.2014 15:47:29] PVI variables connected
[15.10.2014 15:47:29] PVI variables connected
[15.10.2014 15:49:18] PVI service connected
[15.10.2014 15:49:18] PVI CPU connected
[15.10.2014 15:49:19] PVI variables connected
[15.10.2014 15:49:19] PVI variables connected
[15.10.2014 15:51:35] PVI service connected
[15.10.2014 15:51:35] PVI CPU connected
[15.10.2014 15:51:35] PVI variables connected
[15.10.2014 15:51:35] PVI variables connected
[15.10.2014 15:52:37] PVI service connected
[15.10.2014 15:52:37] PVI CPU connected
[15.10.2014 15:52:37] PVI variables connected
[15.10.2014 15:52:37] PVI variables connected
[15.10.2014 15:53:28] Началось выполнение команды "Парковать"
[15.10.2014 15:53:33] Штабелер готов к выполнению команды
[15.10.2014 15:57:14] PVI service connected
[15.10.2014 15:57:14] PVI CPU connected
[15.10.2014 15:57:14] PVI variables connected
[15.10.2014 15:57:14] PVI variables connected
[15.10.2014 15:58:04] Штабелер находиться в состоянии выполнения команды
[15.10.2014 16:00:25] PVI service connecting ...
[15.10.2014 16:00:35] PVI CPU connecting ...
[15.10.2014 16:00:35] PVI variables connecting ...
[15.10.2014 16:00:35] Штабелер выключен
[15.10.2014 16:01:47] PVI service connecting ...
[15.10.2014 16:01:48] PVI CPU connecting ...
[15.10.2014 16:01:48] PVI variables connecting ...
[15.10.2014 16:01:48] Штабелер выключен
[15.10.2014 16:03:54] PVI service connecting ...
[15.10.2014 16:03:55] PVI CPU connecting ...
[15.10.2014 16:03:55] PVI variables connecting ...
[15.10.2014 16:03:55] Штабелер выключен
[15.10.2014 16:06:29] PVI service connecting ...
[15.10.2014 16:06:30] PVI CPU connecting ...
[15.10.2014 16:06:30] PVI variables connecting ...
[15.10.2014 16:06:30] Штабелер выключен
[15.10.2014 16:08:12] PVI service connecting ...
[15.10.2014 16:08:13] PVI CPU connecting ...
[15.10.2014 16:08:13] PVI variables connecting ...
[15.10.2014 16:08:13] Штабелер выключен
[15.10.2014 16:10:09] PVI service connecting ...
[15.10.2014 16:10:10] PVI CPU connecting ...
[15.10.2014 16:10:10] PVI variables connecting ...
[15.10.2014 16:10:10] Штабелер выключен
[15.10.2014 16:11:16] PVI service connecting ...
[15.10.2014 16:11:17] PVI CPU connecting ...
[15.10.2014 16:11:17] PVI variables connecting ...
[15.10.2014 16:11:18] Штабелер выключен
[15.10.2014 16:12:10] PVI service connected
[15.10.2014 16:12:10] PVI CPU connected
[15.10.2014 16:12:10] PVI variables connected
[15.10.2014 16:12:10] PVI variables connected
[15.10.2014 16:15:19] PVI service connected
[15.10.2014 16:15:20] PVI CPU connected
[15.10.2014 16:15:20] PVI variables connected
[15.10.2014 16:15:20] PVI variables connected
[15.10.2014 18:09:16] PVI service connected
[15.10.2014 18:09:16] PVI CPU connected
[15.10.2014 18:09:18] PVI variables connected
[15.10.2014 18:09:18] Ошибка привода
[15.10.2014 18:09:32] Штабелер не готов выполненять команду
[15.10.2014 18:09:58] Штабелер не готов выполненять команду
[15.10.2014 18:10:04] Штабелер не готов выполненять команду
[15.10.2014 18:11:44] PVI service connected
[15.10.2014 18:11:44] PVI CPU connected
[15.10.2014 18:11:44] PVI variables connected
[15.10.2014 18:11:44] PVI variables connected
[15.10.2014 18:16:05] Началось выполнение команды "Взять из ячейки 27"
[15.10.2014 18:16:30] Штабелер готов к выполнению команды
[15.10.2014 18:23:10] PVI service connected
[15.10.2014 18:23:10] PVI CPU connected
[15.10.2014 18:23:10] PVI variables connected
[15.10.2014 18:23:10] PVI variables connected
[15.10.2014 18:30:55] Штабелер находиться в состоянии выполнения команды
[15.10.2014 18:31:35] Началось выполнение команды "Взять из ячейки 49"
[15.10.2014 18:31:38] Штабелер готов к выполнению команды
[15.10.2014 18:31:55] Штабелер находиться в состоянии выполнения команды
[15.10.2014 18:32:24] Штабелер готов к выполнению команды
[15.10.2014 18:32:35] Штабелер находиться в состоянии выполнения команды
[15.10.2014 19:52:21] PVI service connecting ...
[15.10.2014 19:52:22] PVI CPU connecting ...
[15.10.2014 19:52:27] PVI variables connecting ...
[15.10.2014 19:52:30] Штабелер выключен
[15.10.2014 19:52:54] Штабелер не готов выполненять команду
[15.10.2014 19:52:59] Штабелер не готов выполненять команду
[15.10.2014 19:52:59] Ошибка привода
[15.10.2014 19:53:34] Штабелер не готов выполненять команду
[15.10.2014 19:53:38] Штабелер не готов выполненять команду
[15.10.2014 20:15:53] Error:PVI Manager not started  (12050)
[15.10.2014 20:15:55] PVI CPU connecting ...
[15.10.2014 20:15:57] PVI variables connecting ...
[15.10.2014 20:15:58] Штабелер не готов выполненять команду
[15.10.2014 20:16:53] Штабелер готов к выполнению команды
[15.10.2014 20:17:03] Ошибка: Неизвестная ошибка (50061)
[15.10.2014 20:17:07] Штабелер готов к выполнению команды
[15.10.2014 20:18:18] Error:No connection available to the PLC  (4808)
[15.10.2014 20:18:39] PVI variables connecting ...
[15.10.2014 20:18:40] Штабелер не готов выполненять команду
[15.10.2014 20:18:41] Ошибка: Неизвестная ошибка (50000)
[15.10.2014 20:19:09] Штабелер выключен
[15.10.2014 20:19:24] Штабелер находиться в состоянии выполнения команды
[15.10.2014 20:19:28] Штабелер находиться в состоянии выполнения команды
[15.10.2014 20:19:33] Штабелер находиться в состоянии выполнения команды
[15.10.2014 20:19:42] Штабелер находиться в состоянии выполнения команды
[15.10.2014 20:19:48] Штабелер находиться в состоянии выполнения команды
[15.10.2014 20:19:54] Штабелер находиться в состоянии выполнения команды
[15.10.2014 20:20:39] Штабелер готов к выполнению команды
[15.10.2014 20:20:44] Штабелер находиться в состоянии выполнения команды
[15.10.2014 20:21:13] Штабелер не готов выполненять команду
[15.10.2014 20:21:28] Штабелер не готов выполненять команду
[15.10.2014 20:21:32] Штабелер не готов выполненять команду
[15.10.2014 20:21:36] Штабелер не готов выполненять команду
[15.10.2014 20:21:40] Штабелер не готов выполненять команду
[15.10.2014 20:21:44] Штабелер не готов выполненять команду
[15.10.2014 20:21:53] Штабелер не готов выполненять команду
[15.10.2014 20:22:07] Штабелер находиться в состоянии выполнения команды
[15.10.2014 20:30:31] PVI service connecting ...
[15.10.2014 20:30:31] PVI CPU connecting ...
[15.10.2014 20:30:32] PVI variables connecting ...
[15.10.2014 20:30:32] Штабелер выключен
[15.10.2014 20:39:47] PVI service connecting ...
[15.10.2014 20:39:48] PVI CPU connecting ...
[15.10.2014 20:39:48] PVI variables connecting ...
[15.10.2014 20:39:48] Штабелер выключен
[15.10.2014 20:42:44] PVI service connecting ...
[15.10.2014 20:42:45] PVI CPU connecting ...
[15.10.2014 20:42:45] PVI variables connecting ...
[15.10.2014 20:42:45] Штабелер выключен
[15.10.2014 20:48:12] PVI service connecting ...
[15.10.2014 20:48:12] PVI CPU connecting ...
[15.10.2014 20:48:13] PVI variables connecting ...
[15.10.2014 20:48:13] Штабелер выключен
[15.10.2014 21:06:34] PVI service connecting ...
[15.10.2014 21:06:34] PVI CPU connecting ...
[15.10.2014 21:06:34] PVI variables connecting ...
[15.10.2014 21:06:35] Ошибка: Неизвестная ошибка (50000)
[15.10.2014 21:06:35] PVI variables connected
[15.10.2014 21:07:39] Штабелер не готов выполненять команду
[15.10.2014 21:08:12] Error:No connection available to the PLC  (4808)
[15.10.2014 21:08:14] PVI variables connecting ...
[15.10.2014 21:08:15] Ошибка: Неизвестная ошибка (50011)
[15.10.2014 21:08:16] Ошибка: Неизвестная ошибка (50000)
[15.10.2014 21:08:23] Ошибка: Неизвестная ошибка (50011)
[15.10.2014 21:08:27] Ошибка: Неизвестная ошибка (50011)
[15.10.2014 21:08:28] Ошибка: Неизвестная ошибка (50011)
[15.10.2014 21:08:34] Ошибка: Неизвестная ошибка (50011)
[15.10.2014 21:26:10] PVI service connected
[15.10.2014 21:26:11] PVI CPU connected
[15.10.2014 21:26:11] PVI variables connected
[15.10.2014 21:26:11] PVI variables connected
[15.10.2014 21:26:33] PVI CPU connected
[15.10.2014 21:26:34] PVI variables connected
[15.10.2014 21:26:34] PVI variables connected
[15.10.2014 21:26:35] Ошибка привода
[15.10.2014 21:27:18] Штабелер не готов выполненять команду
[15.10.2014 21:28:24] Error:No connection available to the PLC  (4808)
[15.10.2014 21:28:25] PVI variables connecting ...
[15.10.2014 21:28:26] Штабелер не готов выполненять команду
[15.10.2014 21:28:27] Ошибка: Неизвестная ошибка (50011)
[15.10.2014 21:28:27] Ошибка привода
[15.10.2014 21:34:55] Error:No connection available to the PLC  (4808)
[15.10.2014 21:34:56] PVI variables connecting ...
[15.10.2014 21:34:57] Штабелер не готов выполненять команду
[15.10.2014 21:34:59] Ошибка: Неизвестная ошибка (50011)
[15.10.2014 21:35:00] Ошибка привода
[15.10.2014 21:39:51] PVI service connecting ...
[15.10.2014 21:39:51] PVI CPU connecting ...
[15.10.2014 21:43:40] PVI service connecting ...
[15.10.2014 21:43:40] PVI CPU connecting ...
[15.10.2014 22:02:49] PVI service connecting ...
[15.10.2014 22:02:51] PVI CPU connecting ...
[15.10.2014 22:51:42] PVI service connecting ...
[15.10.2014 22:51:45] PVI CPU connecting ...
