[19.10.2014 23:18:32] Error:No connection available to the PLC  (4808)
[19.10.2014 23:18:27] PVI service connected
[19.10.2014 23:14:57] Error:No connection available to the PLC  (4808)
[19.10.2014 23:14:52] PVI service connected
[19.10.2014 23:13:03] Error:No connection available to the PLC  (4808)
[19.10.2014 23:12:58] PVI service connected
[19.10.2014 23:10:50] Error:No connection available to the PLC  (4808)
[19.10.2014 23:10:45] PVI service connected
[19.10.2014 23:09:39] PVI CPU connecting ...
[19.10.2014 23:09:38] PVI service connecting ...
[19.10.2014 23:06:22] PVI CPU connecting ...
[19.10.2014 23:06:21] PVI service connecting ...
[19.10.2014 23:01:20] PVI service connected
[19.10.2014 22:36:37] Error:No connection available to the PLC  (4808)
[19.10.2014 22:36:37] PVI service connected
[19.10.2014 22:33:25] Error:No connection available to the PLC  (4808)
[19.10.2014 22:33:20] PVI service connected
[19.10.2014 22:24:48] Error:No connection available to the PLC  (4808)
[19.10.2014 22:24:43] PVI service connected
[19.10.2014 22:22:14] Error:No connection available to the PLC  (4808)
[19.10.2014 22:22:06] PVI service connected
[19.10.2014 22:07:14] Error:No connection available to the PLC  (4808)
[19.10.2014 22:07:09] PVI service connected
[19.10.2014 21:49:20] Error:No connection available to the PLC  (4808)
[19.10.2014 21:49:12] PVI service connected
[19.10.2014 21:29:43] Error:No connection available to the PLC  (4808)
[19.10.2014 21:29:38] PVI service connected
[19.10.2014 21:25:26] Error:No connection available to the PLC  (4808)
[19.10.2014 21:25:26] PVI service connected
[19.10.2014 21:24:10] Error:No connection available to the PLC  (4808)
[19.10.2014 21:24:04] PVI service connected
[19.10.2014 21:14:43] Error:No connection available to the PLC  (4808)
[19.10.2014 21:14:42] PVI service connected
[19.10.2014 21:14:06] Error:No connection available to the PLC  (4808)
[19.10.2014 21:14:00] PVI service connected
[19.10.2014 21:13:17] PVI service connecting ...
[19.10.2014 20:58:22] PVI CPU connecting ...
[19.10.2014 20:58:21] PVI service connecting ...
[19.10.2014 20:50:24] PVI CPU connecting ...
[19.10.2014 20:50:23] PVI service connecting ...
[19.10.2014 20:46:58] PVI CPU connecting ...
[19.10.2014 20:46:57] PVI service connecting ...
[19.10.2014 19:34:04] PVI CPU connecting ...
[19.10.2014 19:34:03] PVI service connecting ...
[19.10.2014 19:19:00] PVI CPU connecting ...
[19.10.2014 19:18:59] PVI service connecting ...
[19.10.2014 19:08:59] PVI CPU connecting ...
[19.10.2014 19:08:57] Error:PVI Manager not started  (12050)
[19.10.2014 19:04:32] PVI service connecting ...
[19.10.2014 18:32:35] Error:Communication timeout (application/PVI Manager)  (12059)
[19.10.2014 18:30:46] PVI service connecting ...
[19.10.2014 18:17:46] PVI CPU connecting ...
[19.10.2014 18:17:45] PVI service connecting ...
[19.10.2014 18:16:20] PVI CPU connecting ...
[19.10.2014 18:16:20] PVI service connecting ...
[19.10.2014 18:08:51] PVI CPU connecting ...
[19.10.2014 18:08:50] PVI service connecting ...
[19.10.2014 18:08:27] PVI CPU connecting ...
[19.10.2014 18:08:26] PVI service connecting ...
[19.10.2014 18:07:34] PVI CPU connecting ...
[19.10.2014 18:07:34] PVI service connecting ...
[19.10.2014 17:57:03] PVI CPU connecting ...
[19.10.2014 17:57:03] PVI service connecting ...
[19.10.2014 17:51:54] PVI CPU connecting ...
[19.10.2014 17:51:54] PVI service connecting ...
[19.10.2014 17:33:25] PVI CPU connecting ...
[19.10.2014 17:33:25] PVI service connecting ...
[19.10.2014 17:32:41] PVI CPU connecting ...
[19.10.2014 17:32:40] PVI service connecting ...
[19.10.2014 17:28:51] PVI CPU connecting ...
[19.10.2014 17:28:48] PVI service connecting ...
[19.10.2014 14:51:56] PVI CPU connecting ...
[19.10.2014 14:51:55] PVI service connecting ...
[19.10.2014 14:45:49] PVI CPU connecting ...
[19.10.2014 14:45:45] Error:PVI Manager not started  (12050)
[19.10.2014 14:03:21] Error:No connection available to the PLC  (4808)
[19.10.2014 14:03:16] PVI service connected
[19.10.2014 13:54:42] Error:No connection available to the PLC  (4808)
[19.10.2014 13:54:36] PVI service connected
[19.10.2014 13:45:09] Error:No connection available to the PLC  (4808)
[19.10.2014 13:45:04] PVI service connected
[19.10.2014 13:40:50] Error:No connection available to the PLC  (4808)
[19.10.2014 13:40:45] PVI service connected
[19.10.2014 13:32:40] Error:No connection available to the PLC  (4808)
[19.10.2014 13:32:35] PVI service connected
[19.10.2014 13:28:16] Error:No connection available to the PLC  (4808)
[19.10.2014 13:28:11] PVI service connected
[19.10.2014 13:21:24] Error:No connection available to the PLC  (4808)
[19.10.2014 13:21:19] PVI service connected
[19.10.2014 13:19:58] Error:No connection available to the PLC  (4808)
[19.10.2014 13:19:52] PVI service connected
[19.10.2014 13:19:02] Error:No connection available to the PLC  (4808)
[19.10.2014 13:18:57] PVI service connected
[19.10.2014 13:00:24] Error:No connection available to the PLC  (4808)
[19.10.2014 13:00:18] PVI service connected
[19.10.2014 12:48:32] Error:No connection available to the PLC  (4808)
[19.10.2014 12:48:27] PVI service connected
[19.10.2014 12:45:59] Error:No connection available to the PLC  (4808)
[19.10.2014 12:45:54] PVI service connected
[19.10.2014 12:43:58] Error:No connection available to the PLC  (4808)
[19.10.2014 12:43:53] PVI service connected
[19.10.2014 12:42:54] Error:No connection available to the PLC  (4808)
[19.10.2014 12:42:48] PVI service connected
[19.10.2014 12:41:39] Error:No connection available to the PLC  (4808)
[19.10.2014 12:41:34] PVI service connected
[19.10.2014 12:06:46] Error:No connection available to the PLC  (4808)
[19.10.2014 12:06:39] PVI service connected
[19.10.2014 12:06:14] PVI service connecting ...
[19.10.2014 10:39:52] PVI CPU connecting ...
[19.10.2014 10:39:51] PVI service connecting ...
[19.10.2014 10:27:54] PVI CPU connecting ...
[19.10.2014 10:27:51] PVI service connecting ...
[19.10.2014 9:14:51] PVI CPU connecting ...
[19.10.2014 9:14:50] PVI service connecting ...
[19.10.2014 9:13:07] PVI CPU connecting ...
[19.10.2014 9:13:06] PVI service connecting ...
[19.10.2014 9:07:03] PVI CPU connecting ...
[19.10.2014 9:07:02] PVI service connecting ...
[19.10.2014 9:05:44] PVI CPU connecting ...
[19.10.2014 9:05:43] PVI service connecting ...
[19.10.2014 9:05:43] PVI service connecting ...
[19.10.2014 9:05:44] PVI service connected
[19.10.2014 9:05:49] Error:No connection available to the PLC  (4808)
[19.10.2014 9:07:03] PVI service connected
[19.10.2014 9:07:08] Error:No connection available to the PLC  (4808)
[19.10.2014 9:13:07] PVI service connected
[19.10.2014 9:13:12] Error:No connection available to the PLC  (4808)
[19.10.2014 9:14:51] PVI service connected
[19.10.2014 9:14:56] Error:No connection available to the PLC  (4808)
[19.10.2014 10:27:54] PVI service connected
[19.10.2014 10:28:01] Error:No connection available to the PLC  (4808)
[19.10.2014 10:39:52] PVI service connected
[19.10.2014 10:39:57] Error:No connection available to the PLC  (4808)
[19.10.2014 12:06:37] Error:PVI Manager not started  (12050)
[19.10.2014 12:06:39] PVI CPU connecting ...
[19.10.2014 12:41:33] PVI service connecting ...
[19.10.2014 12:41:34] PVI CPU connecting ...
[19.10.2014 12:42:48] PVI service connecting ...
[19.10.2014 12:42:48] PVI CPU connecting ...
[19.10.2014 12:43:53] PVI service connecting ...
[19.10.2014 12:43:53] PVI CPU connecting ...
[19.10.2014 12:45:53] PVI service connecting ...
[19.10.2014 12:45:54] PVI CPU connecting ...
[19.10.2014 12:48:26] PVI service connecting ...
[19.10.2014 12:48:27] PVI CPU connecting ...
[19.10.2014 13:00:18] PVI service connecting ...
[19.10.2014 13:00:18] PVI CPU connecting ...
[19.10.2014 13:18:56] PVI service connecting ...
[19.10.2014 13:18:57] PVI CPU connecting ...
[19.10.2014 13:19:52] PVI service connecting ...
[19.10.2014 13:19:52] PVI CPU connecting ...
[19.10.2014 13:21:19] PVI service connecting ...
[19.10.2014 13:21:19] PVI CPU connecting ...
[19.10.2014 13:28:10] PVI service connecting ...
[19.10.2014 13:28:11] PVI CPU connecting ...
[19.10.2014 13:32:34] PVI service connecting ...
[19.10.2014 13:32:35] PVI CPU connecting ...
[19.10.2014 13:40:44] PVI service connecting ...
[19.10.2014 13:40:45] PVI CPU connecting ...
[19.10.2014 13:45:03] PVI service connecting ...
[19.10.2014 13:45:04] PVI CPU connecting ...
[19.10.2014 13:54:36] PVI service connecting ...
[19.10.2014 13:54:36] PVI CPU connecting ...
[19.10.2014 14:03:15] PVI service connecting ...
[19.10.2014 14:03:16] PVI CPU connecting ...
[19.10.2014 14:45:15] PVI service connecting ...
[19.10.2014 14:45:49] PVI service connected
[19.10.2014 14:45:55] Error:No connection available to the PLC  (4808)
[19.10.2014 14:51:56] PVI service connected
[19.10.2014 14:52:01] Error:No connection available to the PLC  (4808)
[19.10.2014 17:28:51] PVI service connected
[19.10.2014 17:28:58] Error:No connection available to the PLC  (4808)
[19.10.2014 17:32:41] PVI service connected
[19.10.2014 17:32:46] Error:No connection available to the PLC  (4808)
[19.10.2014 17:33:25] PVI service connected
[19.10.2014 17:33:30] Error:No connection available to the PLC  (4808)
[19.10.2014 17:51:54] PVI service connected
[19.10.2014 17:51:59] Error:No connection available to the PLC  (4808)
[19.10.2014 17:57:03] PVI service connected
[19.10.2014 17:57:08] Error:No connection available to the PLC  (4808)
[19.10.2014 18:07:34] PVI service connected
[19.10.2014 18:07:39] Error:No connection available to the PLC  (4808)
[19.10.2014 18:08:27] PVI service connected
[19.10.2014 18:08:32] Error:No connection available to the PLC  (4808)
[19.10.2014 18:08:51] PVI service connected
[19.10.2014 18:08:56] Error:No connection available to the PLC  (4808)
[19.10.2014 18:16:20] PVI service connected
[19.10.2014 18:16:25] Error:No connection available to the PLC  (4808)
[19.10.2014 18:17:46] PVI service connected
[19.10.2014 18:17:51] Error:No connection available to the PLC  (4808)
[19.10.2014 18:31:35] PVI service connecting ...
[19.10.2014 19:00:12] PVI service connecting ...
[19.10.2014 19:08:39] PVI service connecting ...
[19.10.2014 19:08:59] PVI service connected
[19.10.2014 19:09:05] Error:No connection available to the PLC  (4808)
[19.10.2014 19:19:00] PVI service connected
[19.10.2014 19:19:05] Error:No connection available to the PLC  (4808)
[19.10.2014 19:34:04] PVI service connected
[19.10.2014 19:34:09] Error:No connection available to the PLC  (4808)
[19.10.2014 20:46:58] PVI service connected
[19.10.2014 20:47:04] Error:No connection available to the PLC  (4808)
[19.10.2014 20:50:24] PVI service connected
[19.10.2014 20:50:29] Error:No connection available to the PLC  (4808)
[19.10.2014 20:58:22] PVI service connected
[19.10.2014 20:58:27] Error:No connection available to the PLC  (4808)
[19.10.2014 21:13:57] Error:PVI Manager not started  (12050)
[19.10.2014 21:14:00] PVI CPU connecting ...
[19.10.2014 21:14:42] PVI service connecting ...
[19.10.2014 21:14:42] PVI CPU connecting ...
[19.10.2014 21:24:02] PVI service connecting ...
[19.10.2014 21:24:04] PVI CPU connecting ...
[19.10.2014 21:25:25] PVI service connecting ...
[19.10.2014 21:25:26] PVI CPU connecting ...
[19.10.2014 21:29:37] PVI service connecting ...
[19.10.2014 21:29:38] PVI CPU connecting ...
[19.10.2014 21:49:11] PVI service connecting ...
[19.10.2014 21:49:12] PVI CPU connecting ...
[19.10.2014 22:07:07] PVI service connecting ...
[19.10.2014 22:07:09] PVI CPU connecting ...
[19.10.2014 22:22:00] PVI service connecting ...
[19.10.2014 22:22:06] PVI CPU connecting ...
[19.10.2014 22:24:42] PVI service connecting ...
[19.10.2014 22:24:43] PVI CPU connecting ...
[19.10.2014 22:33:19] PVI service connecting ...
[19.10.2014 22:33:20] PVI CPU connecting ...
[19.10.2014 22:36:36] PVI service connecting ...
[19.10.2014 22:36:37] PVI CPU connecting ...
[19.10.2014 23:01:18] PVI service connecting ...
[19.10.2014 23:01:20] PVI CPU connecting ...
[19.10.2014 23:06:22] PVI service connected
[19.10.2014 23:06:27] Error:No connection available to the PLC  (4808)
[19.10.2014 23:09:39] PVI service connected
[19.10.2014 23:10:45] PVI service connecting ...
[19.10.2014 23:10:45] PVI CPU connecting ...
[19.10.2014 23:12:57] PVI service connecting ...
[19.10.2014 23:12:58] PVI CPU connecting ...
[19.10.2014 23:14:47] Error:PVI Manager not started  (12050)
[19.10.2014 23:14:52] PVI CPU connecting ...
[19.10.2014 23:18:26] PVI service connecting ...
[19.10.2014 23:18:27] PVI CPU connecting ...
