[10.10.2014 23:54:18] Error:No connection available to the PLC  (4808)
[10.10.2014 23:54:17] Error:No connection available to the PLC  (4808)
[10.10.2014 23:54:17] Error:No connection available to the PLC  (4808)
[10.10.2014 23:54:17] Error:No connection available to the PLC  (4808)
[10.10.2014 23:54:17] Error:No connection available to the PLC  (4808)
[10.10.2014 23:54:17] Error:No connection available to the PLC  (4808)
[10.10.2014 23:54:17] Error:No connection available to the PLC  (4808)
[10.10.2014 23:54:17] Error:No connection available to the PLC  (4808)
[10.10.2014 23:54:17] Error:No connection available to the PLC  (4808)
[10.10.2014 23:54:17] Error:No connection available to the PLC  (4808)
[10.10.2014 23:54:17] Error:No connection available to the PLC  (4808)
[10.10.2014 23:54:17] Error:No connection available to the PLC  (4808)
[10.10.2014 23:54:16] Error:No connection available to the PLC  (4808)
[10.10.2014 23:54:16] Error:No connection available to the PLC  (4808)
[10.10.2014 23:54:16] Error:No connection available to the PLC  (4808)
[10.10.2014 23:54:16] Error:No connection available to the PLC  (4808)
[10.10.2014 23:54:16] Error:No connection available to the PLC  (4808)
[10.10.2014 23:54:16] Error:No connection available to the PLC  (4808)
[10.10.2014 23:54:16] Error:No connection available to the PLC  (4808)
[10.10.2014 23:54:16] Error:No connection available to the PLC  (4808)
[10.10.2014 23:54:16] Error:No connection available to the PLC  (4808)
[10.10.2014 23:54:16] Error:No connection available to the PLC  (4808)
[10.10.2014 23:54:16] Error:No connection available to the PLC  (4808)
[10.10.2014 23:54:15] Error:No connection available to the PLC  (4808)
[10.10.2014 23:54:15] Error:No connection available to the PLC  (4808)
[10.10.2014 23:54:15] Error:No connection available to the PLC  (4808)
[10.10.2014 23:54:15] PVI CPU connected
[10.10.2014 23:54:10] PVI service connected
[10.10.2014 22:46:41] PVI CPU connecting ...
[10.10.2014 22:46:40] PVI service connecting ...
[10.10.2014 21:20:50] PVI variables connected
[10.10.2014 21:20:50] PVI variables connected
[10.10.2014 21:20:50] PVI variables connected
[10.10.2014 21:20:50] PVI variables connected
[10.10.2014 21:20:50] PVI variables connected
[10.10.2014 21:20:50] PVI variables connected
[10.10.2014 21:20:50] PVI variables connected
[10.10.2014 21:20:50] PVI variables connected
[10.10.2014 21:20:50] PVI variables connected
[10.10.2014 21:20:50] PVI variables connected
[10.10.2014 21:20:50] PVI variables connected
[10.10.2014 21:20:49] PVI variables connected
[10.10.2014 21:20:49] PVI variables connected
[10.10.2014 21:20:49] PVI variables connected
[10.10.2014 21:20:49] PVI variables connected
[10.10.2014 21:20:49] PVI variables connected
[10.10.2014 21:20:49] PVI variables connected
[10.10.2014 21:20:49] PVI variables connected
[10.10.2014 21:20:49] PVI variables connected
[10.10.2014 21:20:49] PVI variables connected
[10.10.2014 21:20:49] PVI variables connected
[10.10.2014 21:20:49] PVI variables connected
[10.10.2014 21:20:49] PVI variables connected
[10.10.2014 21:20:49] PVI variables connected
[10.10.2014 21:20:48] PVI variables connected
[10.10.2014 21:20:48] PVI variables connecting ...
[10.10.2014 21:20:43] PVI CPU connecting ...
[10.10.2014 21:20:43] PVI service connecting ...
[10.10.2014 21:20:20] PVI variables connected
[10.10.2014 21:20:20] PVI variables connected
[10.10.2014 21:20:20] PVI variables connected
[10.10.2014 21:20:20] PVI variables connected
[10.10.2014 21:20:20] PVI variables connected
[10.10.2014 21:20:20] PVI variables connected
[10.10.2014 21:20:19] PVI variables connected
[10.10.2014 21:20:19] PVI variables connected
[10.10.2014 21:20:19] PVI variables connected
[10.10.2014 21:20:19] PVI variables connected
[10.10.2014 21:20:19] PVI variables connected
[10.10.2014 21:20:19] PVI variables connected
[10.10.2014 21:20:19] PVI variables connected
[10.10.2014 21:20:19] PVI variables connected
[10.10.2014 21:20:19] PVI variables connected
[10.10.2014 21:20:19] PVI variables connected
[10.10.2014 21:20:19] PVI variables connected
[10.10.2014 21:20:19] PVI variables connected
[10.10.2014 21:20:19] PVI variables connected
[10.10.2014 21:20:19] PVI variables connected
[10.10.2014 21:20:19] PVI variables connected
[10.10.2014 21:20:19] PVI variables connected
[10.10.2014 21:20:19] PVI variables connected
[10.10.2014 21:20:18] PVI variables connected
[10.10.2014 21:20:18] PVI variables connected
[10.10.2014 21:20:18] PVI variables connecting ...
[10.10.2014 21:20:13] PVI CPU connecting ...
[10.10.2014 21:20:12] PVI service connecting ...
[10.10.2014 21:18:02] PVI variables connected
[10.10.2014 21:18:02] PVI variables connected
[10.10.2014 21:18:02] PVI variables connected
[10.10.2014 21:18:02] PVI variables connected
[10.10.2014 21:18:02] PVI variables connected
[10.10.2014 21:18:01] PVI variables connected
[10.10.2014 21:18:01] PVI variables connected
[10.10.2014 21:18:01] PVI variables connected
[10.10.2014 21:18:01] PVI variables connected
[10.10.2014 21:18:01] PVI variables connected
[10.10.2014 21:18:01] PVI variables connected
[10.10.2014 21:18:01] PVI variables connected
[10.10.2014 21:18:01] PVI variables connected
[10.10.2014 21:18:01] PVI variables connected
[10.10.2014 21:18:01] PVI variables connected
[10.10.2014 21:18:01] PVI variables connected
[10.10.2014 21:18:01] PVI variables connected
[10.10.2014 21:18:01] PVI variables connected
[10.10.2014 21:18:01] PVI variables connected
[10.10.2014 21:18:01] PVI variables connected
[10.10.2014 21:18:01] PVI variables connected
[10.10.2014 21:18:01] PVI variables connected
[10.10.2014 21:18:01] PVI variables connected
[10.10.2014 21:18:01] PVI variables connected
[10.10.2014 21:18:01] PVI variables connected
[10.10.2014 21:18:01] PVI variables connecting ...
[10.10.2014 21:17:56] PVI CPU connecting ...
[10.10.2014 21:17:55] PVI service connecting ...
[10.10.2014 21:12:48] PVI variables connected
[10.10.2014 21:12:48] PVI variables connected
[10.10.2014 21:12:48] PVI variables connected
[10.10.2014 21:12:48] PVI variables connected
[10.10.2014 21:12:48] PVI variables connected
[10.10.2014 21:12:48] PVI variables connected
[10.10.2014 21:12:48] PVI variables connected
[10.10.2014 21:12:47] PVI variables connected
[10.10.2014 21:12:47] PVI variables connected
[10.10.2014 21:12:47] PVI variables connected
[10.10.2014 21:12:47] PVI variables connected
[10.10.2014 21:12:47] PVI variables connected
[10.10.2014 21:12:47] PVI variables connected
[10.10.2014 21:12:47] PVI variables connected
[10.10.2014 21:12:47] PVI variables connected
[10.10.2014 21:12:47] PVI variables connected
[10.10.2014 21:12:47] PVI variables connected
[10.10.2014 21:12:47] PVI variables connected
[10.10.2014 21:12:47] PVI variables connected
[10.10.2014 21:12:47] PVI variables connected
[10.10.2014 21:12:47] PVI variables connected
[10.10.2014 21:12:47] PVI variables connected
[10.10.2014 21:12:47] PVI variables connected
[10.10.2014 21:12:47] PVI variables connected
[10.10.2014 21:12:47] PVI variables connected
[10.10.2014 21:12:47] PVI variables connecting ...
[10.10.2014 21:12:42] PVI CPU connecting ...
[10.10.2014 21:12:41] PVI service connecting ...
[10.10.2014 21:10:34] PVI variables connected
[10.10.2014 21:10:34] PVI variables connected
[10.10.2014 21:10:34] PVI variables connected
[10.10.2014 21:10:34] PVI variables connected
[10.10.2014 21:10:34] PVI variables connected
[10.10.2014 21:10:34] PVI variables connected
[10.10.2014 21:10:34] PVI variables connected
[10.10.2014 21:10:34] PVI variables connected
[10.10.2014 21:10:34] PVI variables connected
[10.10.2014 21:10:34] PVI variables connected
[10.10.2014 21:10:33] PVI variables connected
[10.10.2014 21:10:33] PVI variables connected
[10.10.2014 21:10:33] PVI variables connected
[10.10.2014 21:10:33] PVI variables connected
[10.10.2014 21:10:33] PVI variables connected
[10.10.2014 21:10:33] PVI variables connected
[10.10.2014 21:10:33] PVI variables connected
[10.10.2014 21:10:33] PVI variables connected
[10.10.2014 21:10:33] PVI variables connected
[10.10.2014 21:10:33] PVI variables connected
[10.10.2014 21:10:33] PVI variables connected
[10.10.2014 21:10:33] PVI variables connected
[10.10.2014 21:10:33] PVI variables connected
[10.10.2014 21:10:33] PVI variables connected
[10.10.2014 21:10:33] PVI variables connected
[10.10.2014 21:10:33] PVI variables connecting ...
[10.10.2014 21:10:28] PVI CPU connecting ...
[10.10.2014 21:10:27] PVI service connecting ...
[10.10.2014 21:00:23] PVI variables connected
[10.10.2014 21:00:23] PVI variables connected
[10.10.2014 21:00:23] PVI variables connected
[10.10.2014 21:00:23] PVI variables connected
[10.10.2014 21:00:23] PVI variables connected
[10.10.2014 21:00:23] PVI variables connected
[10.10.2014 21:00:23] PVI variables connected
[10.10.2014 21:00:23] PVI variables connected
[10.10.2014 21:00:23] PVI variables connected
[10.10.2014 21:00:23] PVI variables connected
[10.10.2014 21:00:23] PVI variables connected
[10.10.2014 21:00:23] PVI variables connected
[10.10.2014 21:00:23] PVI variables connected
[10.10.2014 21:00:23] PVI variables connected
[10.10.2014 21:00:23] PVI variables connected
[10.10.2014 21:00:23] PVI variables connected
[10.10.2014 21:00:23] PVI variables connected
[10.10.2014 21:00:23] PVI variables connected
[10.10.2014 21:00:23] PVI variables connected
[10.10.2014 21:00:23] PVI variables connected
[10.10.2014 21:00:23] PVI variables connected
[10.10.2014 21:00:23] PVI variables connected
[10.10.2014 21:00:23] PVI variables connected
[10.10.2014 21:00:23] PVI variables connected
[10.10.2014 21:00:23] PVI variables connected
[10.10.2014 21:00:23] PVI variables connecting ...
[10.10.2014 21:00:18] PVI CPU connecting ...
[10.10.2014 21:00:17] PVI service connecting ...
[10.10.2014 20:51:44] PVI variables connected
[10.10.2014 20:51:44] PVI variables connected
[10.10.2014 20:51:44] PVI variables connected
[10.10.2014 20:51:44] PVI variables connected
[10.10.2014 20:51:44] PVI variables connected
[10.10.2014 20:51:44] PVI variables connected
[10.10.2014 20:51:44] PVI variables connected
[10.10.2014 20:51:44] PVI variables connected
[10.10.2014 20:51:44] PVI variables connected
[10.10.2014 20:51:44] PVI variables connected
[10.10.2014 20:51:44] PVI variables connected
[10.10.2014 20:51:44] PVI variables connected
[10.10.2014 20:51:44] PVI variables connected
[10.10.2014 20:51:43] PVI variables connected
[10.10.2014 20:51:43] PVI variables connected
[10.10.2014 20:51:43] PVI variables connected
[10.10.2014 20:51:43] PVI variables connected
[10.10.2014 20:51:43] PVI variables connected
[10.10.2014 20:51:43] PVI variables connected
[10.10.2014 20:51:43] PVI variables connected
[10.10.2014 20:51:43] PVI variables connected
[10.10.2014 20:51:43] PVI variables connected
[10.10.2014 20:51:43] PVI variables connected
[10.10.2014 20:51:43] PVI variables connected
[10.10.2014 20:51:43] PVI variables connected
[10.10.2014 20:51:43] PVI variables connecting ...
[10.10.2014 20:51:38] PVI CPU connecting ...
[10.10.2014 20:51:37] PVI service connecting ...
[10.10.2014 16:17:14] PVI service connecting ...
[10.10.2014 13:22:05] PVI variables connected
[10.10.2014 13:22:05] PVI variables connected
[10.10.2014 13:22:05] PVI variables connected
[10.10.2014 13:22:05] PVI variables connected
[10.10.2014 13:22:05] PVI variables connected
[10.10.2014 13:22:05] PVI variables connected
[10.10.2014 13:22:05] PVI variables connected
[10.10.2014 13:22:05] PVI variables connected
[10.10.2014 13:22:05] PVI variables connected
[10.10.2014 13:22:05] PVI variables connected
[10.10.2014 13:22:05] PVI variables connected
[10.10.2014 13:22:05] PVI variables connected
[10.10.2014 13:22:05] PVI variables connected
[10.10.2014 13:22:05] PVI variables connected
[10.10.2014 13:22:05] PVI variables connected
[10.10.2014 13:22:05] PVI variables connected
[10.10.2014 13:22:05] PVI variables connected
[10.10.2014 13:22:05] PVI variables connected
[10.10.2014 13:22:05] PVI variables connected
[10.10.2014 13:22:05] PVI variables connected
[10.10.2014 13:22:05] PVI variables connected
[10.10.2014 13:22:05] PVI variables connected
[10.10.2014 13:22:05] PVI variables connected
[10.10.2014 13:22:05] PVI variables connected
[10.10.2014 13:22:05] PVI variables connected
[10.10.2014 13:22:05] PVI variables connecting ...
[10.10.2014 13:21:12] PVI CPU connecting ...
[10.10.2014 13:21:09] Error:PVI Manager not started  (12050)
[10.10.2014 11:38:14] Error:No connection available to the PLC  (4808)
[10.10.2014 11:38:14] Error:No connection available to the PLC  (4808)
[10.10.2014 11:38:14] Error:No connection available to the PLC  (4808)
[10.10.2014 11:38:14] Error:No connection available to the PLC  (4808)
[10.10.2014 11:38:14] Error:No connection available to the PLC  (4808)
[10.10.2014 11:38:14] Error:No connection available to the PLC  (4808)
[10.10.2014 11:38:14] Error:No connection available to the PLC  (4808)
[10.10.2014 11:38:14] Error:No connection available to the PLC  (4808)
[10.10.2014 11:38:13] Error:No connection available to the PLC  (4808)
[10.10.2014 11:38:13] Error:No connection available to the PLC  (4808)
[10.10.2014 11:38:13] Error:No connection available to the PLC  (4808)
[10.10.2014 11:38:13] Error:No connection available to the PLC  (4808)
[10.10.2014 11:38:13] Error:No connection available to the PLC  (4808)
[10.10.2014 11:38:13] Error:No connection available to the PLC  (4808)
[10.10.2014 11:38:13] Error:No connection available to the PLC  (4808)
[10.10.2014 11:38:13] Error:No connection available to the PLC  (4808)
[10.10.2014 11:38:13] Error:No connection available to the PLC  (4808)
[10.10.2014 11:38:13] Error:No connection available to the PLC  (4808)
[10.10.2014 11:38:13] Error:No connection available to the PLC  (4808)
[10.10.2014 11:38:13] Error:No connection available to the PLC  (4808)
[10.10.2014 11:38:13] Error:No connection available to the PLC  (4808)
[10.10.2014 11:38:13] Error:No connection available to the PLC  (4808)
[10.10.2014 11:38:13] Error:No connection available to the PLC  (4808)
[10.10.2014 11:38:13] Error:No connection available to the PLC  (4808)
[10.10.2014 11:38:13] Error:No connection available to the PLC  (4808)
[10.10.2014 11:38:13] Error:No connection available to the PLC  (4808)
[10.10.2014 11:38:13] PVI CPU connected
[10.10.2014 11:38:08] PVI service connected
[10.10.2014 11:31:47] Error:No connection available to the PLC  (4808)
[10.10.2014 11:31:47] Error:No connection available to the PLC  (4808)
[10.10.2014 11:31:47] Error:No connection available to the PLC  (4808)
[10.10.2014 11:31:47] Error:No connection available to the PLC  (4808)
[10.10.2014 11:31:47] Error:No connection available to the PLC  (4808)
[10.10.2014 11:31:47] Error:No connection available to the PLC  (4808)
[10.10.2014 11:31:47] Error:No connection available to the PLC  (4808)
[10.10.2014 11:31:47] Error:No connection available to the PLC  (4808)
[10.10.2014 11:31:47] Error:No connection available to the PLC  (4808)
[10.10.2014 11:31:47] Error:No connection available to the PLC  (4808)
[10.10.2014 11:31:47] Error:No connection available to the PLC  (4808)
[10.10.2014 11:31:47] Error:No connection available to the PLC  (4808)
[10.10.2014 11:31:47] Error:No connection available to the PLC  (4808)
[10.10.2014 11:31:46] Error:No connection available to the PLC  (4808)
[10.10.2014 11:31:46] Error:No connection available to the PLC  (4808)
[10.10.2014 11:31:46] Error:No connection available to the PLC  (4808)
[10.10.2014 11:31:46] Error:No connection available to the PLC  (4808)
[10.10.2014 11:31:46] Error:No connection available to the PLC  (4808)
[10.10.2014 11:31:46] Error:No connection available to the PLC  (4808)
[10.10.2014 11:31:46] Error:No connection available to the PLC  (4808)
[10.10.2014 11:31:46] Error:No connection available to the PLC  (4808)
[10.10.2014 11:31:46] Error:No connection available to the PLC  (4808)
[10.10.2014 11:31:46] Error:No connection available to the PLC  (4808)
[10.10.2014 11:31:46] Error:No connection available to the PLC  (4808)
[10.10.2014 11:31:46] Error:No connection available to the PLC  (4808)
[10.10.2014 11:31:46] Error:No connection available to the PLC  (4808)
[10.10.2014 11:31:46] PVI CPU connected
[10.10.2014 11:31:41] PVI service connected
[10.10.2014 11:30:46] Error:No connection available to the PLC  (4808)
[10.10.2014 11:30:46] Error:No connection available to the PLC  (4808)
[10.10.2014 11:30:46] Error:No connection available to the PLC  (4808)
[10.10.2014 11:30:46] Error:No connection available to the PLC  (4808)
[10.10.2014 11:30:46] Error:No connection available to the PLC  (4808)
[10.10.2014 11:30:46] Error:No connection available to the PLC  (4808)
[10.10.2014 11:30:46] Error:No connection available to the PLC  (4808)
[10.10.2014 11:30:46] Error:No connection available to the PLC  (4808)
[10.10.2014 11:30:46] Error:No connection available to the PLC  (4808)
[10.10.2014 11:30:46] Error:No connection available to the PLC  (4808)
[10.10.2014 11:30:46] Error:No connection available to the PLC  (4808)
[10.10.2014 11:30:46] Error:No connection available to the PLC  (4808)
[10.10.2014 11:30:46] Error:No connection available to the PLC  (4808)
[10.10.2014 11:30:46] Error:No connection available to the PLC  (4808)
[10.10.2014 11:30:46] Error:No connection available to the PLC  (4808)
[10.10.2014 11:30:46] Error:No connection available to the PLC  (4808)
[10.10.2014 11:30:46] Error:No connection available to the PLC  (4808)
[10.10.2014 11:30:46] Error:No connection available to the PLC  (4808)
[10.10.2014 11:30:46] Error:No connection available to the PLC  (4808)
[10.10.2014 11:30:46] Error:No connection available to the PLC  (4808)
[10.10.2014 11:30:46] Error:No connection available to the PLC  (4808)
[10.10.2014 11:30:46] Error:No connection available to the PLC  (4808)
[10.10.2014 11:30:46] Error:No connection available to the PLC  (4808)
[10.10.2014 11:30:46] Error:No connection available to the PLC  (4808)
[10.10.2014 11:30:46] Error:No connection available to the PLC  (4808)
[10.10.2014 11:30:46] Error:No connection available to the PLC  (4808)
[10.10.2014 11:30:46] PVI CPU connected
[10.10.2014 11:30:41] PVI service connected
[10.10.2014 11:20:44] Error:No connection available to the PLC  (4808)
[10.10.2014 11:20:44] Error:No connection available to the PLC  (4808)
[10.10.2014 11:20:44] Error:No connection available to the PLC  (4808)
[10.10.2014 11:20:44] Error:No connection available to the PLC  (4808)
[10.10.2014 11:20:44] Error:No connection available to the PLC  (4808)
[10.10.2014 11:20:44] Error:No connection available to the PLC  (4808)
[10.10.2014 11:20:44] Error:No connection available to the PLC  (4808)
[10.10.2014 11:20:44] Error:No connection available to the PLC  (4808)
[10.10.2014 11:20:44] Error:No connection available to the PLC  (4808)
[10.10.2014 11:20:44] Error:No connection available to the PLC  (4808)
[10.10.2014 11:20:44] Error:No connection available to the PLC  (4808)
[10.10.2014 11:20:44] Error:No connection available to the PLC  (4808)
[10.10.2014 11:20:43] Error:No connection available to the PLC  (4808)
[10.10.2014 11:20:43] Error:No connection available to the PLC  (4808)
[10.10.2014 11:20:43] Error:No connection available to the PLC  (4808)
[10.10.2014 11:20:43] Error:No connection available to the PLC  (4808)
[10.10.2014 11:20:43] Error:No connection available to the PLC  (4808)
[10.10.2014 11:20:43] Error:No connection available to the PLC  (4808)
[10.10.2014 11:20:43] Error:No connection available to the PLC  (4808)
[10.10.2014 11:20:43] Error:No connection available to the PLC  (4808)
[10.10.2014 11:20:43] Error:No connection available to the PLC  (4808)
[10.10.2014 11:20:43] Error:No connection available to the PLC  (4808)
[10.10.2014 11:20:43] Error:No connection available to the PLC  (4808)
[10.10.2014 11:20:43] Error:No connection available to the PLC  (4808)
[10.10.2014 11:20:43] Error:No connection available to the PLC  (4808)
[10.10.2014 11:20:43] Error:No connection available to the PLC  (4808)
[10.10.2014 11:20:43] PVI CPU connected
[10.10.2014 11:20:38] PVI service connected
[10.10.2014 11:19:54] PVI CPU connecting ...
[10.10.2014 11:19:51] Error:PVI Manager not started  (12050)
[10.10.2014 11:19:36] PVI variables connected
[10.10.2014 11:19:36] PVI variables connected
[10.10.2014 11:19:36] PVI variables connected
[10.10.2014 11:19:36] PVI variables connected
[10.10.2014 11:19:36] PVI variables connected
[10.10.2014 11:19:36] PVI variables connected
[10.10.2014 11:19:36] PVI variables connected
[10.10.2014 11:19:36] PVI variables connected
[10.10.2014 11:19:36] PVI variables connected
[10.10.2014 11:19:36] PVI variables connected
[10.10.2014 11:19:36] PVI variables connected
[10.10.2014 11:19:36] PVI variables connected
[10.10.2014 11:19:36] PVI variables connected
[10.10.2014 11:19:36] PVI variables connected
[10.10.2014 11:19:36] PVI variables connected
[10.10.2014 11:19:36] PVI variables connected
[10.10.2014 11:19:36] PVI variables connected
[10.10.2014 11:19:36] PVI variables connected
[10.10.2014 11:19:36] PVI variables connected
[10.10.2014 11:19:36] PVI variables connected
[10.10.2014 11:19:36] PVI variables connected
[10.10.2014 11:19:36] PVI variables connected
[10.10.2014 11:19:36] PVI variables connected
[10.10.2014 11:19:36] PVI variables connected
[10.10.2014 11:19:36] PVI variables connected
[10.10.2014 11:19:36] PVI variables connecting ...
[10.10.2014 11:19:36] Error:Communication timeout (application/PVI Manager)  (12059)
[10.10.2014 11:18:35] PVI service connected
[10.10.2014 11:16:17] Error:No connection available to the PLC  (4808)
[10.10.2014 11:16:17] Error:No connection available to the PLC  (4808)
[10.10.2014 11:16:17] Error:No connection available to the PLC  (4808)
[10.10.2014 11:16:17] Error:No connection available to the PLC  (4808)
[10.10.2014 11:16:17] Error:No connection available to the PLC  (4808)
[10.10.2014 11:16:17] Error:No connection available to the PLC  (4808)
[10.10.2014 11:16:17] Error:No connection available to the PLC  (4808)
[10.10.2014 11:16:17] Error:No connection available to the PLC  (4808)
[10.10.2014 11:16:17] Error:No connection available to the PLC  (4808)
[10.10.2014 11:16:17] Error:No connection available to the PLC  (4808)
[10.10.2014 11:16:17] Error:No connection available to the PLC  (4808)
[10.10.2014 11:16:17] Error:No connection available to the PLC  (4808)
[10.10.2014 11:16:17] Error:No connection available to the PLC  (4808)
[10.10.2014 11:16:17] Error:No connection available to the PLC  (4808)
[10.10.2014 11:16:17] Error:No connection available to the PLC  (4808)
[10.10.2014 11:16:17] Error:No connection available to the PLC  (4808)
[10.10.2014 11:16:17] Error:No connection available to the PLC  (4808)
[10.10.2014 11:16:17] Error:No connection available to the PLC  (4808)
[10.10.2014 11:16:17] Error:No connection available to the PLC  (4808)
[10.10.2014 11:16:17] Error:No connection available to the PLC  (4808)
[10.10.2014 11:16:17] Error:No connection available to the PLC  (4808)
[10.10.2014 11:16:17] Error:No connection available to the PLC  (4808)
[10.10.2014 11:16:17] Error:No connection available to the PLC  (4808)
[10.10.2014 11:16:17] Error:No connection available to the PLC  (4808)
[10.10.2014 11:16:17] Error:No connection available to the PLC  (4808)
[10.10.2014 11:16:17] Error:No connection available to the PLC  (4808)
[10.10.2014 11:16:17] PVI CPU connected
[10.10.2014 11:16:12] PVI service connected
[10.10.2014 11:16:11] PVI service connecting ...
[10.10.2014 11:16:11] PVI service connecting ...
[10.10.2014 11:16:12] PVI CPU connecting ...
[10.10.2014 11:16:17] PVI variables connecting ...
[10.10.2014 11:16:17] PVI variables connected
[10.10.2014 11:16:17] PVI variables connected
[10.10.2014 11:16:17] PVI variables connected
[10.10.2014 11:16:17] PVI variables connected
[10.10.2014 11:16:17] PVI variables connected
[10.10.2014 11:16:17] PVI variables connected
[10.10.2014 11:16:17] PVI variables connected
[10.10.2014 11:16:17] PVI variables connected
[10.10.2014 11:16:17] PVI variables connected
[10.10.2014 11:16:17] PVI variables connected
[10.10.2014 11:16:17] PVI variables connected
[10.10.2014 11:16:17] PVI variables connected
[10.10.2014 11:16:17] PVI variables connected
[10.10.2014 11:16:17] PVI variables connected
[10.10.2014 11:16:17] PVI variables connected
[10.10.2014 11:16:17] PVI variables connected
[10.10.2014 11:16:17] PVI variables connected
[10.10.2014 11:16:17] PVI variables connected
[10.10.2014 11:16:17] PVI variables connected
[10.10.2014 11:16:17] PVI variables connected
[10.10.2014 11:16:17] PVI variables connected
[10.10.2014 11:16:17] PVI variables connected
[10.10.2014 11:16:17] PVI variables connected
[10.10.2014 11:16:17] PVI variables connected
[10.10.2014 11:16:17] PVI variables connected
[10.10.2014 11:18:35] PVI service connecting ...
[10.10.2014 11:18:35] PVI CPU connecting ...
[10.10.2014 11:19:36] PVI CPU connected
[10.10.2014 11:19:36] Error:Communication timeout (application/PVI Manager)  (12059)
[10.10.2014 11:19:36] Error:Communication timeout (application/PVI Manager)  (12059)
[10.10.2014 11:19:36] Error:Communication timeout (application/PVI Manager)  (12059)
[10.10.2014 11:19:36] Error:Communication timeout (application/PVI Manager)  (12059)
[10.10.2014 11:19:36] Error:Communication timeout (application/PVI Manager)  (12059)
[10.10.2014 11:19:36] Error:Communication timeout (application/PVI Manager)  (12059)
[10.10.2014 11:19:36] Error:Communication timeout (application/PVI Manager)  (12059)
[10.10.2014 11:19:36] Error:Communication timeout (application/PVI Manager)  (12059)
[10.10.2014 11:19:36] Error:Communication timeout (application/PVI Manager)  (12059)
[10.10.2014 11:19:36] Error:Communication timeout (application/PVI Manager)  (12059)
[10.10.2014 11:19:36] Error:Communication timeout (application/PVI Manager)  (12059)
[10.10.2014 11:19:36] Error:Communication timeout (application/PVI Manager)  (12059)
[10.10.2014 11:19:36] Error:Communication timeout (application/PVI Manager)  (12059)
[10.10.2014 11:19:36] Error:Communication timeout (application/PVI Manager)  (12059)
[10.10.2014 11:19:36] Error:Communication timeout (application/PVI Manager)  (12059)
[10.10.2014 11:19:36] Error:Communication timeout (application/PVI Manager)  (12059)
[10.10.2014 11:19:36] Error:Communication timeout (application/PVI Manager)  (12059)
[10.10.2014 11:19:36] Error:Communication timeout (application/PVI Manager)  (12059)
[10.10.2014 11:19:36] Error:Communication timeout (application/PVI Manager)  (12059)
[10.10.2014 11:19:36] Error:Communication timeout (application/PVI Manager)  (12059)
[10.10.2014 11:19:36] Error:Communication timeout (application/PVI Manager)  (12059)
[10.10.2014 11:19:36] Error:Communication timeout (application/PVI Manager)  (12059)
[10.10.2014 11:19:36] Error:Communication timeout (application/PVI Manager)  (12059)
[10.10.2014 11:19:36] Error:Communication timeout (application/PVI Manager)  (12059)
[10.10.2014 11:19:36] Error:Communication timeout (application/PVI Manager)  (12059)
[10.10.2014 11:19:36] Error:Communication timeout (application/PVI Manager)  (12059)
[10.10.2014 11:19:54] PVI service connected
[10.10.2014 11:20:38] PVI service connecting ...
[10.10.2014 11:20:38] PVI CPU connecting ...
[10.10.2014 11:20:43] PVI variables connecting ...
[10.10.2014 11:20:43] PVI variables connected
[10.10.2014 11:20:43] PVI variables connected
[10.10.2014 11:20:43] PVI variables connected
[10.10.2014 11:20:43] PVI variables connected
[10.10.2014 11:20:43] PVI variables connected
[10.10.2014 11:20:43] PVI variables connected
[10.10.2014 11:20:43] PVI variables connected
[10.10.2014 11:20:43] PVI variables connected
[10.10.2014 11:20:43] PVI variables connected
[10.10.2014 11:20:43] PVI variables connected
[10.10.2014 11:20:43] PVI variables connected
[10.10.2014 11:20:43] PVI variables connected
[10.10.2014 11:20:43] PVI variables connected
[10.10.2014 11:20:44] PVI variables connected
[10.10.2014 11:20:44] PVI variables connected
[10.10.2014 11:20:44] PVI variables connected
[10.10.2014 11:20:44] PVI variables connected
[10.10.2014 11:20:44] PVI variables connected
[10.10.2014 11:20:44] PVI variables connected
[10.10.2014 11:20:44] PVI variables connected
[10.10.2014 11:20:44] PVI variables connected
[10.10.2014 11:20:44] PVI variables connected
[10.10.2014 11:20:44] PVI variables connected
[10.10.2014 11:20:44] PVI variables connected
[10.10.2014 11:20:44] PVI variables connected
[10.10.2014 11:30:40] PVI service connecting ...
[10.10.2014 11:30:41] PVI CPU connecting ...
[10.10.2014 11:30:46] PVI variables connecting ...
[10.10.2014 11:30:46] PVI variables connected
[10.10.2014 11:30:46] PVI variables connected
[10.10.2014 11:30:46] PVI variables connected
[10.10.2014 11:30:46] PVI variables connected
[10.10.2014 11:30:46] PVI variables connected
[10.10.2014 11:30:46] PVI variables connected
[10.10.2014 11:30:46] PVI variables connected
[10.10.2014 11:30:46] PVI variables connected
[10.10.2014 11:30:46] PVI variables connected
[10.10.2014 11:30:46] PVI variables connected
[10.10.2014 11:30:46] PVI variables connected
[10.10.2014 11:30:46] PVI variables connected
[10.10.2014 11:30:46] PVI variables connected
[10.10.2014 11:30:46] PVI variables connected
[10.10.2014 11:30:46] PVI variables connected
[10.10.2014 11:30:46] PVI variables connected
[10.10.2014 11:30:46] PVI variables connected
[10.10.2014 11:30:46] PVI variables connected
[10.10.2014 11:30:46] PVI variables connected
[10.10.2014 11:30:46] PVI variables connected
[10.10.2014 11:30:46] PVI variables connected
[10.10.2014 11:30:46] PVI variables connected
[10.10.2014 11:30:46] PVI variables connected
[10.10.2014 11:30:46] PVI variables connected
[10.10.2014 11:30:46] PVI variables connected
[10.10.2014 11:31:41] PVI service connecting ...
[10.10.2014 11:31:41] PVI CPU connecting ...
[10.10.2014 11:31:46] PVI variables connecting ...
[10.10.2014 11:31:46] PVI variables connected
[10.10.2014 11:31:46] PVI variables connected
[10.10.2014 11:31:46] PVI variables connected
[10.10.2014 11:31:46] PVI variables connected
[10.10.2014 11:31:46] PVI variables connected
[10.10.2014 11:31:46] PVI variables connected
[10.10.2014 11:31:46] PVI variables connected
[10.10.2014 11:31:46] PVI variables connected
[10.10.2014 11:31:46] PVI variables connected
[10.10.2014 11:31:46] PVI variables connected
[10.10.2014 11:31:46] PVI variables connected
[10.10.2014 11:31:46] PVI variables connected
[10.10.2014 11:31:47] PVI variables connected
[10.10.2014 11:31:47] PVI variables connected
[10.10.2014 11:31:47] PVI variables connected
[10.10.2014 11:31:47] PVI variables connected
[10.10.2014 11:31:47] PVI variables connected
[10.10.2014 11:31:47] PVI variables connected
[10.10.2014 11:31:47] PVI variables connected
[10.10.2014 11:31:47] PVI variables connected
[10.10.2014 11:31:47] PVI variables connected
[10.10.2014 11:31:47] PVI variables connected
[10.10.2014 11:31:47] PVI variables connected
[10.10.2014 11:31:47] PVI variables connected
[10.10.2014 11:31:47] PVI variables connected
[10.10.2014 11:38:08] PVI service connecting ...
[10.10.2014 11:38:08] PVI CPU connecting ...
[10.10.2014 11:38:13] PVI variables connecting ...
[10.10.2014 11:38:13] PVI variables connected
[10.10.2014 11:38:13] PVI variables connected
[10.10.2014 11:38:13] PVI variables connected
[10.10.2014 11:38:13] PVI variables connected
[10.10.2014 11:38:13] PVI variables connected
[10.10.2014 11:38:13] PVI variables connected
[10.10.2014 11:38:13] PVI variables connected
[10.10.2014 11:38:13] PVI variables connected
[10.10.2014 11:38:13] PVI variables connected
[10.10.2014 11:38:13] PVI variables connected
[10.10.2014 11:38:13] PVI variables connected
[10.10.2014 11:38:13] PVI variables connected
[10.10.2014 11:38:13] PVI variables connected
[10.10.2014 11:38:13] PVI variables connected
[10.10.2014 11:38:13] PVI variables connected
[10.10.2014 11:38:13] PVI variables connected
[10.10.2014 11:38:13] PVI variables connected
[10.10.2014 11:38:13] PVI variables connected
[10.10.2014 11:38:14] PVI variables connected
[10.10.2014 11:38:14] PVI variables connected
[10.10.2014 11:38:14] PVI variables connected
[10.10.2014 11:38:14] PVI variables connected
[10.10.2014 11:38:14] PVI variables connected
[10.10.2014 11:38:14] PVI variables connected
[10.10.2014 11:38:14] PVI variables connected
[10.10.2014 13:20:53] PVI service connecting ...
[10.10.2014 13:21:11] PVI service connected
[10.10.2014 13:22:05] PVI CPU connected
[10.10.2014 13:22:05] Error:No connection available to the PLC  (4808)
[10.10.2014 13:22:05] Error:No connection available to the PLC  (4808)
[10.10.2014 13:22:05] Error:No connection available to the PLC  (4808)
[10.10.2014 13:22:05] Error:No connection available to the PLC  (4808)
[10.10.2014 13:22:05] Error:No connection available to the PLC  (4808)
[10.10.2014 13:22:05] Error:No connection available to the PLC  (4808)
[10.10.2014 13:22:05] Error:No connection available to the PLC  (4808)
[10.10.2014 13:22:05] Error:No connection available to the PLC  (4808)
[10.10.2014 13:22:05] Error:No connection available to the PLC  (4808)
[10.10.2014 13:22:05] Error:No connection available to the PLC  (4808)
[10.10.2014 13:22:05] Error:No connection available to the PLC  (4808)
[10.10.2014 13:22:05] Error:No connection available to the PLC  (4808)
[10.10.2014 13:22:05] Error:No connection available to the PLC  (4808)
[10.10.2014 13:22:05] Error:No connection available to the PLC  (4808)
[10.10.2014 13:22:05] Error:No connection available to the PLC  (4808)
[10.10.2014 13:22:05] Error:No connection available to the PLC  (4808)
[10.10.2014 13:22:05] Error:No connection available to the PLC  (4808)
[10.10.2014 13:22:05] Error:No connection available to the PLC  (4808)
[10.10.2014 13:22:05] Error:No connection available to the PLC  (4808)
[10.10.2014 13:22:05] Error:No connection available to the PLC  (4808)
[10.10.2014 13:22:05] Error:No connection available to the PLC  (4808)
[10.10.2014 13:22:05] Error:No connection available to the PLC  (4808)
[10.10.2014 13:22:05] Error:No connection available to the PLC  (4808)
[10.10.2014 13:22:05] Error:No connection available to the PLC  (4808)
[10.10.2014 13:22:05] Error:No connection available to the PLC  (4808)
[10.10.2014 13:22:05] Error:No connection available to the PLC  (4808)
[10.10.2014 16:22:41] PVI service connecting ...
[10.10.2014 20:51:38] PVI service connected
[10.10.2014 20:51:43] PVI CPU connected
[10.10.2014 20:51:43] Error:No connection available to the PLC  (4808)
[10.10.2014 20:51:43] Error:No connection available to the PLC  (4808)
[10.10.2014 20:51:43] Error:No connection available to the PLC  (4808)
[10.10.2014 20:51:43] Error:No connection available to the PLC  (4808)
[10.10.2014 20:51:43] Error:No connection available to the PLC  (4808)
[10.10.2014 20:51:43] Error:No connection available to the PLC  (4808)
[10.10.2014 20:51:43] Error:No connection available to the PLC  (4808)
[10.10.2014 20:51:43] Error:No connection available to the PLC  (4808)
[10.10.2014 20:51:43] Error:No connection available to the PLC  (4808)
[10.10.2014 20:51:43] Error:No connection available to the PLC  (4808)
[10.10.2014 20:51:43] Error:No connection available to the PLC  (4808)
[10.10.2014 20:51:43] Error:No connection available to the PLC  (4808)
[10.10.2014 20:51:43] Error:No connection available to the PLC  (4808)
[10.10.2014 20:51:44] Error:No connection available to the PLC  (4808)
[10.10.2014 20:51:44] Error:No connection available to the PLC  (4808)
[10.10.2014 20:51:44] Error:No connection available to the PLC  (4808)
[10.10.2014 20:51:44] Error:No connection available to the PLC  (4808)
[10.10.2014 20:51:44] Error:No connection available to the PLC  (4808)
[10.10.2014 20:51:44] Error:No connection available to the PLC  (4808)
[10.10.2014 20:51:44] Error:No connection available to the PLC  (4808)
[10.10.2014 20:51:44] Error:No connection available to the PLC  (4808)
[10.10.2014 20:51:44] Error:No connection available to the PLC  (4808)
[10.10.2014 20:51:44] Error:No connection available to the PLC  (4808)
[10.10.2014 20:51:44] Error:No connection available to the PLC  (4808)
[10.10.2014 20:51:44] Error:No connection available to the PLC  (4808)
[10.10.2014 20:51:44] Error:No connection available to the PLC  (4808)
[10.10.2014 21:00:18] PVI service connected
[10.10.2014 21:00:23] PVI CPU connected
[10.10.2014 21:00:23] Error:No connection available to the PLC  (4808)
[10.10.2014 21:00:23] Error:No connection available to the PLC  (4808)
[10.10.2014 21:00:23] Error:No connection available to the PLC  (4808)
[10.10.2014 21:00:23] Error:No connection available to the PLC  (4808)
[10.10.2014 21:00:23] Error:No connection available to the PLC  (4808)
[10.10.2014 21:00:23] Error:No connection available to the PLC  (4808)
[10.10.2014 21:00:23] Error:No connection available to the PLC  (4808)
[10.10.2014 21:00:23] Error:No connection available to the PLC  (4808)
[10.10.2014 21:00:23] Error:No connection available to the PLC  (4808)
[10.10.2014 21:00:23] Error:No connection available to the PLC  (4808)
[10.10.2014 21:00:23] Error:No connection available to the PLC  (4808)
[10.10.2014 21:00:23] Error:No connection available to the PLC  (4808)
[10.10.2014 21:00:23] Error:No connection available to the PLC  (4808)
[10.10.2014 21:00:23] Error:No connection available to the PLC  (4808)
[10.10.2014 21:00:23] Error:No connection available to the PLC  (4808)
[10.10.2014 21:00:23] Error:No connection available to the PLC  (4808)
[10.10.2014 21:00:23] Error:No connection available to the PLC  (4808)
[10.10.2014 21:00:23] Error:No connection available to the PLC  (4808)
[10.10.2014 21:00:23] Error:No connection available to the PLC  (4808)
[10.10.2014 21:00:23] Error:No connection available to the PLC  (4808)
[10.10.2014 21:00:23] Error:No connection available to the PLC  (4808)
[10.10.2014 21:00:23] Error:No connection available to the PLC  (4808)
[10.10.2014 21:00:23] Error:No connection available to the PLC  (4808)
[10.10.2014 21:00:23] Error:No connection available to the PLC  (4808)
[10.10.2014 21:00:23] Error:No connection available to the PLC  (4808)
[10.10.2014 21:00:23] Error:No connection available to the PLC  (4808)
[10.10.2014 21:10:28] PVI service connected
[10.10.2014 21:10:33] PVI CPU connected
[10.10.2014 21:10:33] Error:No connection available to the PLC  (4808)
[10.10.2014 21:10:33] Error:No connection available to the PLC  (4808)
[10.10.2014 21:10:33] Error:No connection available to the PLC  (4808)
[10.10.2014 21:10:33] Error:No connection available to the PLC  (4808)
[10.10.2014 21:10:33] Error:No connection available to the PLC  (4808)
[10.10.2014 21:10:33] Error:No connection available to the PLC  (4808)
[10.10.2014 21:10:33] Error:No connection available to the PLC  (4808)
[10.10.2014 21:10:33] Error:No connection available to the PLC  (4808)
[10.10.2014 21:10:33] Error:No connection available to the PLC  (4808)
[10.10.2014 21:10:33] Error:No connection available to the PLC  (4808)
[10.10.2014 21:10:33] Error:No connection available to the PLC  (4808)
[10.10.2014 21:10:33] Error:No connection available to the PLC  (4808)
[10.10.2014 21:10:33] Error:No connection available to the PLC  (4808)
[10.10.2014 21:10:33] Error:No connection available to the PLC  (4808)
[10.10.2014 21:10:33] Error:No connection available to the PLC  (4808)
[10.10.2014 21:10:34] Error:No connection available to the PLC  (4808)
[10.10.2014 21:10:34] Error:No connection available to the PLC  (4808)
[10.10.2014 21:10:34] Error:No connection available to the PLC  (4808)
[10.10.2014 21:10:34] Error:No connection available to the PLC  (4808)
[10.10.2014 21:10:34] Error:No connection available to the PLC  (4808)
[10.10.2014 21:10:34] Error:No connection available to the PLC  (4808)
[10.10.2014 21:10:34] Error:No connection available to the PLC  (4808)
[10.10.2014 21:10:34] Error:No connection available to the PLC  (4808)
[10.10.2014 21:10:34] Error:No connection available to the PLC  (4808)
[10.10.2014 21:10:34] Error:No connection available to the PLC  (4808)
[10.10.2014 21:10:34] Error:No connection available to the PLC  (4808)
[10.10.2014 21:12:42] PVI service connected
[10.10.2014 21:12:47] PVI CPU connected
[10.10.2014 21:12:47] Error:No connection available to the PLC  (4808)
[10.10.2014 21:12:47] Error:No connection available to the PLC  (4808)
[10.10.2014 21:12:47] Error:No connection available to the PLC  (4808)
[10.10.2014 21:12:47] Error:No connection available to the PLC  (4808)
[10.10.2014 21:12:47] Error:No connection available to the PLC  (4808)
[10.10.2014 21:12:47] Error:No connection available to the PLC  (4808)
[10.10.2014 21:12:47] Error:No connection available to the PLC  (4808)
[10.10.2014 21:12:47] Error:No connection available to the PLC  (4808)
[10.10.2014 21:12:47] Error:No connection available to the PLC  (4808)
[10.10.2014 21:12:47] Error:No connection available to the PLC  (4808)
[10.10.2014 21:12:47] Error:No connection available to the PLC  (4808)
[10.10.2014 21:12:47] Error:No connection available to the PLC  (4808)
[10.10.2014 21:12:47] Error:No connection available to the PLC  (4808)
[10.10.2014 21:12:47] Error:No connection available to the PLC  (4808)
[10.10.2014 21:12:47] Error:No connection available to the PLC  (4808)
[10.10.2014 21:12:47] Error:No connection available to the PLC  (4808)
[10.10.2014 21:12:47] Error:No connection available to the PLC  (4808)
[10.10.2014 21:12:47] Error:No connection available to the PLC  (4808)
[10.10.2014 21:12:47] Error:No connection available to the PLC  (4808)
[10.10.2014 21:12:48] Error:No connection available to the PLC  (4808)
[10.10.2014 21:12:48] Error:No connection available to the PLC  (4808)
[10.10.2014 21:12:48] Error:No connection available to the PLC  (4808)
[10.10.2014 21:12:48] Error:No connection available to the PLC  (4808)
[10.10.2014 21:12:48] Error:No connection available to the PLC  (4808)
[10.10.2014 21:12:48] Error:No connection available to the PLC  (4808)
[10.10.2014 21:12:48] Error:No connection available to the PLC  (4808)
[10.10.2014 21:17:56] PVI service connected
[10.10.2014 21:18:01] PVI CPU connected
[10.10.2014 21:18:01] Error:No connection available to the PLC  (4808)
[10.10.2014 21:18:01] Error:No connection available to the PLC  (4808)
[10.10.2014 21:18:01] Error:No connection available to the PLC  (4808)
[10.10.2014 21:18:01] Error:No connection available to the PLC  (4808)
[10.10.2014 21:18:01] Error:No connection available to the PLC  (4808)
[10.10.2014 21:18:01] Error:No connection available to the PLC  (4808)
[10.10.2014 21:18:01] Error:No connection available to the PLC  (4808)
[10.10.2014 21:18:01] Error:No connection available to the PLC  (4808)
[10.10.2014 21:18:01] Error:No connection available to the PLC  (4808)
[10.10.2014 21:18:01] Error:No connection available to the PLC  (4808)
[10.10.2014 21:18:01] Error:No connection available to the PLC  (4808)
[10.10.2014 21:18:01] Error:No connection available to the PLC  (4808)
[10.10.2014 21:18:01] Error:No connection available to the PLC  (4808)
[10.10.2014 21:18:01] Error:No connection available to the PLC  (4808)
[10.10.2014 21:18:01] Error:No connection available to the PLC  (4808)
[10.10.2014 21:18:01] Error:No connection available to the PLC  (4808)
[10.10.2014 21:18:01] Error:No connection available to the PLC  (4808)
[10.10.2014 21:18:01] Error:No connection available to the PLC  (4808)
[10.10.2014 21:18:01] Error:No connection available to the PLC  (4808)
[10.10.2014 21:18:01] Error:No connection available to the PLC  (4808)
[10.10.2014 21:18:01] Error:No connection available to the PLC  (4808)
[10.10.2014 21:18:02] Error:No connection available to the PLC  (4808)
[10.10.2014 21:18:02] Error:No connection available to the PLC  (4808)
[10.10.2014 21:18:02] Error:No connection available to the PLC  (4808)
[10.10.2014 21:18:02] Error:No connection available to the PLC  (4808)
[10.10.2014 21:18:02] Error:No connection available to the PLC  (4808)
[10.10.2014 21:20:13] PVI service connected
[10.10.2014 21:20:18] PVI CPU connected
[10.10.2014 21:20:18] Error:No connection available to the PLC  (4808)
[10.10.2014 21:20:18] Error:No connection available to the PLC  (4808)
[10.10.2014 21:20:19] Error:No connection available to the PLC  (4808)
[10.10.2014 21:20:19] Error:No connection available to the PLC  (4808)
[10.10.2014 21:20:19] Error:No connection available to the PLC  (4808)
[10.10.2014 21:20:19] Error:No connection available to the PLC  (4808)
[10.10.2014 21:20:19] Error:No connection available to the PLC  (4808)
[10.10.2014 21:20:19] Error:No connection available to the PLC  (4808)
[10.10.2014 21:20:19] Error:No connection available to the PLC  (4808)
[10.10.2014 21:20:19] Error:No connection available to the PLC  (4808)
[10.10.2014 21:20:19] Error:No connection available to the PLC  (4808)
[10.10.2014 21:20:19] Error:No connection available to the PLC  (4808)
[10.10.2014 21:20:19] Error:No connection available to the PLC  (4808)
[10.10.2014 21:20:19] Error:No connection available to the PLC  (4808)
[10.10.2014 21:20:19] Error:No connection available to the PLC  (4808)
[10.10.2014 21:20:19] Error:No connection available to the PLC  (4808)
[10.10.2014 21:20:19] Error:No connection available to the PLC  (4808)
[10.10.2014 21:20:19] Error:No connection available to the PLC  (4808)
[10.10.2014 21:20:19] Error:No connection available to the PLC  (4808)
[10.10.2014 21:20:19] Error:No connection available to the PLC  (4808)
[10.10.2014 21:20:20] Error:No connection available to the PLC  (4808)
[10.10.2014 21:20:20] Error:No connection available to the PLC  (4808)
[10.10.2014 21:20:20] Error:No connection available to the PLC  (4808)
[10.10.2014 21:20:20] Error:No connection available to the PLC  (4808)
[10.10.2014 21:20:20] Error:No connection available to the PLC  (4808)
[10.10.2014 21:20:20] Error:No connection available to the PLC  (4808)
[10.10.2014 21:20:43] PVI service connected
[10.10.2014 21:20:48] PVI CPU connected
[10.10.2014 21:20:48] Error:No connection available to the PLC  (4808)
[10.10.2014 21:20:48] Error:No connection available to the PLC  (4808)
[10.10.2014 21:20:49] Error:No connection available to the PLC  (4808)
[10.10.2014 21:20:49] Error:No connection available to the PLC  (4808)
[10.10.2014 21:20:49] Error:No connection available to the PLC  (4808)
[10.10.2014 21:20:49] Error:No connection available to the PLC  (4808)
[10.10.2014 21:20:49] Error:No connection available to the PLC  (4808)
[10.10.2014 21:20:49] Error:No connection available to the PLC  (4808)
[10.10.2014 21:20:49] Error:No connection available to the PLC  (4808)
[10.10.2014 21:20:49] Error:No connection available to the PLC  (4808)
[10.10.2014 21:20:49] Error:No connection available to the PLC  (4808)
[10.10.2014 21:20:49] Error:No connection available to the PLC  (4808)
[10.10.2014 21:20:49] Error:No connection available to the PLC  (4808)
[10.10.2014 21:20:49] Error:No connection available to the PLC  (4808)
[10.10.2014 21:20:50] Error:No connection available to the PLC  (4808)
[10.10.2014 21:20:50] Error:No connection available to the PLC  (4808)
[10.10.2014 21:20:50] Error:No connection available to the PLC  (4808)
[10.10.2014 21:20:50] Error:No connection available to the PLC  (4808)
[10.10.2014 21:20:50] Error:No connection available to the PLC  (4808)
[10.10.2014 21:20:50] Error:No connection available to the PLC  (4808)
[10.10.2014 21:20:50] Error:No connection available to the PLC  (4808)
[10.10.2014 21:20:50] Error:No connection available to the PLC  (4808)
[10.10.2014 21:20:50] Error:No connection available to the PLC  (4808)
[10.10.2014 21:20:50] Error:No connection available to the PLC  (4808)
[10.10.2014 21:20:50] Error:No connection available to the PLC  (4808)
[10.10.2014 21:20:50] Error:No connection available to the PLC  (4808)
[10.10.2014 22:46:41] PVI service connected
[10.10.2014 23:54:09] PVI service connecting ...
[10.10.2014 23:54:10] PVI CPU connecting ...
[10.10.2014 23:54:15] PVI variables connecting ...
[10.10.2014 23:54:15] PVI variables connected
[10.10.2014 23:54:15] PVI variables connected
[10.10.2014 23:54:16] PVI variables connected
[10.10.2014 23:54:16] PVI variables connected
[10.10.2014 23:54:16] PVI variables connected
[10.10.2014 23:54:16] PVI variables connected
[10.10.2014 23:54:16] PVI variables connected
[10.10.2014 23:54:16] PVI variables connected
[10.10.2014 23:54:16] PVI variables connected
[10.10.2014 23:54:16] PVI variables connected
[10.10.2014 23:54:16] PVI variables connected
[10.10.2014 23:54:16] PVI variables connected
[10.10.2014 23:54:16] PVI variables connected
[10.10.2014 23:54:17] PVI variables connected
[10.10.2014 23:54:17] PVI variables connected
[10.10.2014 23:54:17] PVI variables connected
[10.10.2014 23:54:17] PVI variables connected
[10.10.2014 23:54:17] PVI variables connected
[10.10.2014 23:54:17] PVI variables connected
[10.10.2014 23:54:17] PVI variables connected
[10.10.2014 23:54:17] PVI variables connected
[10.10.2014 23:54:17] PVI variables connected
[10.10.2014 23:54:17] PVI variables connected
[10.10.2014 23:54:17] PVI variables connected
[10.10.2014 23:54:18] PVI variables connected
