[13.10.2014 21:21:15] PVI variables connected
[13.10.2014 21:21:15] PVI variables connected
[13.10.2014 21:21:14] PVI CPU connected
[13.10.2014 21:21:11] PVI service connected
[13.10.2014 20:43:23] PVI variables connected
[13.10.2014 20:43:23] PVI variables connected
[13.10.2014 20:43:23] PVI CPU connected
[13.10.2014 20:43:22] PVI service connected
[13.10.2014 20:27:15] Штабелер готов к выполнению команды
[13.10.2014 20:26:46] Штабелер выключен
[13.10.2014 20:26:00] PVI variables connected
[13.10.2014 20:26:00] Ошибка: Неизвестная ошибка (50000)
[13.10.2014 20:25:59] PVI variables connecting ...
[13.10.2014 20:25:59] PVI CPU connecting ...
[13.10.2014 20:25:58] PVI service connecting ...
[13.10.2014 20:25:58] PVI service connecting ...
[13.10.2014 20:25:59] PVI service connected
[13.10.2014 20:25:59] PVI CPU connected
[13.10.2014 20:26:00] PVI variables connected
[13.10.2014 20:26:00] Ошибка привода
[13.10.2014 20:26:45] Штабелер не готов выполненять команду
[13.10.2014 20:26:48] Штабелер не готов выполненять команду
[13.10.2014 20:43:22] PVI service connecting ...
[13.10.2014 20:43:22] PVI CPU connecting ...
[13.10.2014 20:43:23] PVI variables connecting ...
[13.10.2014 20:43:23] Штабелер выключен
[13.10.2014 21:21:10] PVI service connecting ...
[13.10.2014 21:21:11] PVI CPU connecting ...
[13.10.2014 21:21:14] PVI variables connecting ...
[13.10.2014 21:21:15] Штабелер выключен
