[12.10.2014 0:27:01] Штабелер готов к выполнению команды
[12.10.2014 0:26:59] Ошибка: Неизвестная ошибка (50061)
[12.10.2014 0:26:44] Ошибка: Неизвестная ошибка (50061)
[12.10.2014 0:26:27] PVI variables connected
[12.10.2014 0:26:27] PVI variables connected
[12.10.2014 0:26:27] PVI CPU connected
[12.10.2014 0:26:26] PVI service connected
[12.10.2014 0:25:36] Штабелер готов к выполнению команды
[12.10.2014 0:24:12] Началось выполнение команды "Взять из ячейки 13"
[12.10.2014 0:23:53] Штабелер не готов выполненять команду
[12.10.2014 0:23:40] Ошибка привода
[12.10.2014 0:23:40] PVI variables connected
[12.10.2014 0:23:40] PVI CPU connected
[12.10.2014 0:23:39] PVI service connected
[12.10.2014 0:23:13] Ошибка: Неизвестная ошибка (50061)
[12.10.2014 0:22:56] Штабелер находиться в состоянии выполнения команды
[12.10.2014 0:22:48] Началось выполнение команды "Взять из ячейки 13"
[12.10.2014 0:22:42] Штабелер выключен
[12.10.2014 0:22:42] PVI variables connecting ...
[12.10.2014 0:22:41] PVI CPU connecting ...
[12.10.2014 0:22:41] PVI service connecting ...
[12.10.2014 0:20:09] Штабелер находиться в состоянии выполнения команды
[12.10.2014 0:19:46] PVI variables connected
[12.10.2014 0:19:46] PVI variables connected
[12.10.2014 0:19:46] PVI CPU connected
[12.10.2014 0:19:46] PVI service connected
[12.10.2014 0:18:49] PVI variables connected
[12.10.2014 0:18:49] PVI variables connected
[12.10.2014 0:18:49] PVI CPU connected
[12.10.2014 0:18:48] PVI service connected
[12.10.2014 0:16:34] PVI variables connected
[12.10.2014 0:16:34] PVI variables connected
[12.10.2014 0:16:34] PVI CPU connected
[12.10.2014 0:16:32] PVI service connected
[12.10.2014 0:15:44] Штабелер выключен
[12.10.2014 0:15:44] PVI variables connecting ...
[12.10.2014 0:15:44] PVI CPU connecting ...
[12.10.2014 0:15:44] PVI service connecting ...
[12.10.2014 0:11:48] Штабелер находиться в состоянии выполнения команды
[12.10.2014 0:11:15] Штабелер готов к выполнению команды
[12.10.2014 0:10:33] Началось выполнение команды "Взять из ячейки 13"
[12.10.2014 0:10:21] Штабелер выключен
[12.10.2014 0:10:21] PVI variables connecting ...
[12.10.2014 0:10:21] PVI CPU connecting ...
[12.10.2014 0:10:21] PVI service connecting ...
[12.10.2014 0:09:00] Штабелер находиться в состоянии выполнения команды
[12.10.2014 0:08:31] Штабелер готов к выполнению команды
[12.10.2014 0:08:06] Началось выполнение команды "Взять из ячейки 1"
[12.10.2014 0:07:26] Штабелер не готов выполненять команду
[12.10.2014 0:07:22] Штабелер не готов выполненять команду
[12.10.2014 0:07:01] Ошибка привода
[12.10.2014 0:07:01] PVI variables connected
[12.10.2014 0:07:00] PVI CPU connected
[12.10.2014 0:07:00] PVI service connected
[12.10.2014 0:02:07] Штабелер не готов выполненять команду
[12.10.2014 0:01:54] Штабелер выключен
[12.10.2014 0:01:54] PVI variables connecting ...
[12.10.2014 0:01:54] PVI CPU connecting ...
[12.10.2014 0:01:54] PVI service connecting ...
[12.10.2014 0:01:31] Штабелер не готов выполненять команду
[12.10.2014 0:01:24] PVI variables connecting ...
[12.10.2014 0:01:24] Ошибка привода
[12.10.2014 0:01:24] PVI variables connected
[12.10.2014 0:00:55] PVI variables connected
[12.10.2014 0:00:55] PVI variables connected
[12.10.2014 0:00:55] PVI variables connected
[12.10.2014 0:00:55] PVI variables connected
[12.10.2014 0:00:55] PVI variables connected
[12.10.2014 0:00:55] PVI variables connected
[12.10.2014 0:00:55] PVI variables connected
[12.10.2014 0:00:54] PVI variables connected
[12.10.2014 0:00:54] PVI variables connected
[12.10.2014 0:00:54] PVI variables connected
[12.10.2014 0:00:54] PVI variables connected
[12.10.2014 0:00:54] PVI variables connected
[12.10.2014 0:00:54] PVI variables connected
[12.10.2014 0:00:54] PVI variables connected
[12.10.2014 0:00:54] PVI variables connected
[12.10.2014 0:00:54] PVI variables connected
[12.10.2014 0:00:54] PVI variables connected
[12.10.2014 0:00:54] PVI variables connected
[12.10.2014 0:00:54] PVI variables connected
[12.10.2014 0:00:54] PVI variables connected
[12.10.2014 0:00:54] PVI variables connected
[12.10.2014 0:00:54] PVI variables connected
[12.10.2014 0:00:54] PVI variables connected
[12.10.2014 0:00:54] PVI variables connected
[12.10.2014 0:00:54] PVI variables connected
[12.10.2014 0:00:54] PVI variables connecting ...
[12.10.2014 0:00:54] PVI CPU connecting ...
[12.10.2014 0:00:54] PVI service connecting ...
[12.10.2014 0:00:54] PVI service connecting ...
[12.10.2014 0:00:54] PVI service connected
[12.10.2014 0:00:54] PVI CPU connected
[12.10.2014 0:00:54] Error:No connection available to the PLC  (4808)
[12.10.2014 0:00:54] Error:No connection available to the PLC  (4808)
[12.10.2014 0:00:54] Error:No connection available to the PLC  (4808)
[12.10.2014 0:00:54] Error:No connection available to the PLC  (4808)
[12.10.2014 0:00:54] Error:No connection available to the PLC  (4808)
[12.10.2014 0:00:54] Error:No connection available to the PLC  (4808)
[12.10.2014 0:00:54] Error:No connection available to the PLC  (4808)
[12.10.2014 0:00:54] Error:No connection available to the PLC  (4808)
[12.10.2014 0:00:54] Error:No connection available to the PLC  (4808)
[12.10.2014 0:00:54] Error:No connection available to the PLC  (4808)
[12.10.2014 0:00:54] Error:No connection available to the PLC  (4808)
[12.10.2014 0:00:54] Error:No connection available to the PLC  (4808)
[12.10.2014 0:00:54] Error:No connection available to the PLC  (4808)
[12.10.2014 0:00:54] Error:No connection available to the PLC  (4808)
[12.10.2014 0:00:54] Error:No connection available to the PLC  (4808)
[12.10.2014 0:00:54] Error:No connection available to the PLC  (4808)
[12.10.2014 0:00:54] Error:No connection available to the PLC  (4808)
[12.10.2014 0:00:54] Error:No connection available to the PLC  (4808)
[12.10.2014 0:00:55] Error:No connection available to the PLC  (4808)
[12.10.2014 0:00:55] Error:No connection available to the PLC  (4808)
[12.10.2014 0:00:55] Error:No connection available to the PLC  (4808)
[12.10.2014 0:00:55] Error:No connection available to the PLC  (4808)
[12.10.2014 0:00:55] Error:No connection available to the PLC  (4808)
[12.10.2014 0:00:55] Error:No connection available to the PLC  (4808)
[12.10.2014 0:00:55] Error:No connection available to the PLC  (4808)
[12.10.2014 0:00:55] Error:No connection available to the PLC  (4808)
[12.10.2014 0:01:24] Ошибка: Неизвестная ошибка (50000)
[12.10.2014 0:01:24] PVI CPU connected
[12.10.2014 0:01:24] PVI variables connected
[12.10.2014 0:01:31] Штабелер выключен
[12.10.2014 0:01:54] PVI service connected
[12.10.2014 0:01:54] PVI CPU connected
[12.10.2014 0:01:54] PVI variables connected
[12.10.2014 0:01:54] PVI variables connected
[12.10.2014 0:07:00] PVI service connecting ...
[12.10.2014 0:07:00] PVI CPU connecting ...
[12.10.2014 0:07:00] PVI variables connecting ...
[12.10.2014 0:07:01] Ошибка: Неизвестная ошибка (50000)
[12.10.2014 0:07:01] PVI variables connected
[12.10.2014 0:07:23] Штабелер выключен
[12.10.2014 0:07:42] Штабелер готов к выполнению команды
[12.10.2014 0:08:07] Штабелер находиться в состоянии выполнения команды
[12.10.2014 0:09:00] Началось выполнение команды "Положить в ячейку -1"
[12.10.2014 0:09:23] Штабелер готов к выполнению команды
[12.10.2014 0:10:21] PVI service connected
[12.10.2014 0:10:21] PVI CPU connected
[12.10.2014 0:10:21] PVI variables connected
[12.10.2014 0:10:21] PVI variables connected
[12.10.2014 0:10:33] Штабелер находиться в состоянии выполнения команды
[12.10.2014 0:11:48] Началось выполнение команды "Положить в ячейку -1"
[12.10.2014 0:12:26] Штабелер готов к выполнению команды
[12.10.2014 0:15:44] PVI service connected
[12.10.2014 0:15:44] PVI CPU connected
[12.10.2014 0:15:44] PVI variables connected
[12.10.2014 0:16:31] PVI service connecting ...
[12.10.2014 0:16:32] PVI CPU connecting ...
[12.10.2014 0:16:34] PVI variables connecting ...
[12.10.2014 0:16:34] Штабелер выключен
[12.10.2014 0:18:48] PVI service connecting ...
[12.10.2014 0:18:48] PVI CPU connecting ...
[12.10.2014 0:18:49] PVI variables connecting ...
[12.10.2014 0:18:49] Штабелер выключен
[12.10.2014 0:19:45] PVI service connecting ...
[12.10.2014 0:19:46] PVI CPU connecting ...
[12.10.2014 0:19:46] PVI variables connecting ...
[12.10.2014 0:19:46] Штабелер выключен
[12.10.2014 0:20:08] Началось выполнение команды "Взять из ячейки 13"
[12.10.2014 0:20:31] Штабелер готов к выполнению команды
[12.10.2014 0:22:41] PVI service connected
[12.10.2014 0:22:42] PVI CPU connected
[12.10.2014 0:22:42] PVI variables connected
[12.10.2014 0:22:42] PVI variables connected
[12.10.2014 0:22:48] Ошибка: Неизвестная ошибка (50061)
[12.10.2014 0:22:56] Штабелер готов к выполнению команды
[12.10.2014 0:23:38] PVI service connecting ...
[12.10.2014 0:23:39] PVI CPU connecting ...
[12.10.2014 0:23:40] PVI variables connecting ...
[12.10.2014 0:23:40] Ошибка: Неизвестная ошибка (50000)
[12.10.2014 0:23:40] PVI variables connected
[12.10.2014 0:23:54] Штабелер выключен
[12.10.2014 0:24:13] Штабелер находиться в состоянии выполнения команды
[12.10.2014 0:26:25] PVI service connecting ...
[12.10.2014 0:26:26] PVI CPU connecting ...
[12.10.2014 0:26:27] PVI variables connecting ...
[12.10.2014 0:26:27] Штабелер выключен
[12.10.2014 0:26:43] Началось выполнение команды "Взять из ячейки 13"
[12.10.2014 0:26:46] Штабелер готов к выполнению команды
[12.10.2014 0:27:01] Штабелер не готов выполненять команду
