[14.10.2014 13:20:41] PVI variables connected
[14.10.2014 13:20:41] PVI variables connected
[14.10.2014 13:20:41] PVI CPU connected
[14.10.2014 13:20:40] PVI service connected
[14.10.2014 13:18:57] PVI variables connected
[14.10.2014 13:18:57] PVI variables connected
[14.10.2014 13:18:57] PVI CPU connected
[14.10.2014 13:18:56] PVI service connected
[14.10.2014 13:16:02] PVI variables connected
[14.10.2014 13:16:02] PVI variables connected
[14.10.2014 13:16:02] PVI CPU connected
[14.10.2014 13:16:02] PVI service connected
[14.10.2014 13:08:45] Штабелер выключен
[14.10.2014 13:08:34] Ошибка привода
[14.10.2014 13:03:25] Ошибка привода
[14.10.2014 13:03:24] PVI variables connected
[14.10.2014 13:03:24] PVI CPU connected
[14.10.2014 13:03:24] PVI service connected
[14.10.2014 12:58:45] PVI variables connected
[14.10.2014 12:58:45] Ошибка: Неизвестная ошибка (50000)
[14.10.2014 12:58:45] PVI variables connecting ...
[14.10.2014 12:58:45] PVI CPU connecting ...
[14.10.2014 12:58:40] PVI service connecting ...
[14.10.2014 12:54:57] Ошибка привода
[14.10.2014 12:54:57] PVI variables connected
[14.10.2014 12:54:57] PVI CPU connected
[14.10.2014 12:54:57] PVI service connected
[14.10.2014 12:49:51] Ошибка привода
[14.10.2014 12:49:49] PVI variables connected
[14.10.2014 12:49:49] PVI CPU connected
[14.10.2014 12:49:48] PVI service connected
[14.10.2014 12:26:53] PVI variables connected
[14.10.2014 12:26:53] Ошибка: Неизвестная ошибка (50000)
[14.10.2014 12:26:52] PVI variables connecting ...
[14.10.2014 12:26:52] PVI CPU connecting ...
[14.10.2014 12:26:47] PVI service connecting ...
[14.10.2014 12:22:31] Ошибка привода
[14.10.2014 12:22:31] PVI variables connected
[14.10.2014 12:22:31] PVI CPU connected
[14.10.2014 12:22:31] PVI service connected
[14.10.2014 12:20:38] PVI variables connected
[14.10.2014 12:20:38] Ошибка: Неизвестная ошибка (50000)
[14.10.2014 12:20:38] PVI variables connecting ...
[14.10.2014 12:20:37] PVI CPU connecting ...
[14.10.2014 12:20:32] PVI service connecting ...
[14.10.2014 12:19:51] Ошибка привода
[14.10.2014 12:19:51] PVI variables connected
[14.10.2014 12:19:51] PVI CPU connected
[14.10.2014 12:19:49] PVI service connected
[14.10.2014 12:16:09] PVI variables connected
[14.10.2014 12:16:09] Ошибка: Неизвестная ошибка (50000)
[14.10.2014 12:16:09] PVI variables connecting ...
[14.10.2014 12:16:07] PVI CPU connecting ...
[14.10.2014 12:16:02] PVI service connecting ...
[14.10.2014 12:11:45] Ошибка привода
[14.10.2014 12:11:45] PVI variables connected
[14.10.2014 12:11:45] PVI CPU connected
[14.10.2014 12:11:45] PVI service connected
[14.10.2014 12:09:40] PVI variables connected
[14.10.2014 12:09:40] Ошибка: Неизвестная ошибка (50000)
[14.10.2014 12:09:40] PVI variables connecting ...
[14.10.2014 12:07:15] PVI CPU connecting ...
[14.10.2014 12:07:12] PVI service connecting ...
[14.10.2014 12:05:06] Ошибка привода
[14.10.2014 12:05:05] PVI variables connected
[14.10.2014 12:05:05] PVI CPU connected
[14.10.2014 12:03:45] PVI service connected
[14.10.2014 12:02:11] PVI variables connected
[14.10.2014 12:02:11] Ошибка: Неизвестная ошибка (50000)
[14.10.2014 12:02:11] PVI variables connecting ...
[14.10.2014 12:02:10] PVI CPU connecting ...
[14.10.2014 12:02:06] PVI service connecting ...
[14.10.2014 11:59:27] Ошибка привода
[14.10.2014 11:59:27] PVI variables connected
[14.10.2014 11:59:27] PVI CPU connected
[14.10.2014 11:59:23] PVI service connected
[14.10.2014 11:53:00] PVI variables connected
[14.10.2014 11:52:59] Ошибка: Неизвестная ошибка (50000)
[14.10.2014 11:52:49] PVI variables connecting ...
[14.10.2014 11:52:40] PVI CPU connecting ...
[14.10.2014 11:52:37] PVI service connecting ...
[14.10.2014 11:50:10] Ошибка привода
[14.10.2014 11:50:10] PVI variables connected
[14.10.2014 11:50:10] PVI CPU connected
[14.10.2014 11:50:09] PVI service connected
[14.10.2014 11:46:01] PVI variables connected
[14.10.2014 11:46:01] PVI variables connected
[14.10.2014 11:46:01] PVI CPU connected
[14.10.2014 11:45:48] PVI service connected
[14.10.2014 11:43:38] PVI variables connected
[14.10.2014 11:43:38] PVI variables connected
[14.10.2014 11:43:38] PVI CPU connected
[14.10.2014 11:43:38] PVI service connected
[14.10.2014 11:41:48] PVI variables connected
[14.10.2014 11:41:48] PVI variables connected
[14.10.2014 11:41:48] PVI CPU connected
[14.10.2014 11:41:48] PVI service connected
[14.10.2014 11:39:07] PVI service connecting ...
[14.10.2014 11:36:34] PVI service connecting ...
[14.10.2014 11:34:47] Штабелер выключен
[14.10.2014 11:34:47] PVI variables connecting ...
[14.10.2014 11:34:47] PVI CPU connecting ...
[14.10.2014 11:34:44] PVI service connecting ...
[14.10.2014 11:30:26] Штабелер выключен
[14.10.2014 11:30:25] PVI variables connecting ...
[14.10.2014 11:30:25] PVI CPU connecting ...
[14.10.2014 11:30:22] PVI service connecting ...
[14.10.2014 11:28:09] Штабелер выключен
[14.10.2014 11:28:09] PVI variables connecting ...
[14.10.2014 11:28:09] PVI CPU connecting ...
[14.10.2014 11:28:07] PVI service connecting ...
[14.10.2014 11:26:33] Штабелер выключен
[14.10.2014 11:26:33] PVI variables connecting ...
[14.10.2014 11:26:32] PVI CPU connecting ...
[14.10.2014 11:26:30] PVI service connecting ...
[14.10.2014 11:24:35] Штабелер выключен
[14.10.2014 11:24:35] PVI variables connecting ...
[14.10.2014 11:24:35] PVI CPU connecting ...
[14.10.2014 11:24:33] PVI service connecting ...
[14.10.2014 10:59:48] Штабелер выключен
[14.10.2014 10:59:48] PVI variables connecting ...
[14.10.2014 10:59:48] PVI CPU connecting ...
[14.10.2014 10:59:46] PVI service connecting ...
[14.10.2014 10:54:22] Штабелер выключен
[14.10.2014 10:54:22] PVI variables connecting ...
[14.10.2014 10:54:22] PVI CPU connecting ...
[14.10.2014 10:54:20] PVI service connecting ...
[14.10.2014 10:52:43] Штабелер выключен
[14.10.2014 10:52:43] PVI variables connecting ...
[14.10.2014 10:52:43] PVI CPU connecting ...
[14.10.2014 10:52:41] PVI service connecting ...
[14.10.2014 10:50:09] Штабелер выключен
[14.10.2014 10:50:09] PVI variables connecting ...
[14.10.2014 10:50:09] PVI CPU connecting ...
[14.10.2014 10:50:08] PVI service connecting ...
[14.10.2014 10:45:40] Штабелер выключен
[14.10.2014 10:45:40] PVI variables connecting ...
[14.10.2014 10:45:40] PVI CPU connecting ...
[14.10.2014 10:45:39] PVI service connecting ...
[14.10.2014 10:44:41] Штабелер выключен
[14.10.2014 10:44:41] PVI variables connecting ...
[14.10.2014 10:44:41] PVI CPU connecting ...
[14.10.2014 10:44:40] PVI service connecting ...
[14.10.2014 10:42:58] Штабелер выключен
[14.10.2014 10:42:57] PVI variables connecting ...
[14.10.2014 10:42:57] PVI CPU connecting ...
[14.10.2014 10:42:56] PVI service connecting ...
[14.10.2014 10:41:26] Штабелер выключен
[14.10.2014 10:41:26] PVI variables connecting ...
[14.10.2014 10:41:26] PVI CPU connecting ...
[14.10.2014 10:41:24] PVI service connecting ...
[14.10.2014 10:40:27] Штабелер выключен
[14.10.2014 10:40:27] PVI variables connecting ...
[14.10.2014 10:40:27] PVI CPU connecting ...
[14.10.2014 10:40:26] PVI service connecting ...
[14.10.2014 10:39:39] Штабелер выключен
[14.10.2014 10:39:39] PVI variables connecting ...
[14.10.2014 10:39:39] PVI CPU connecting ...
[14.10.2014 10:39:38] PVI service connecting ...
[14.10.2014 10:37:21] PVI variables connected
[14.10.2014 10:37:21] PVI variables connected
[14.10.2014 10:37:21] PVI CPU connected
[14.10.2014 10:37:21] PVI service connected
[14.10.2014 10:11:44] PVI variables connected
[14.10.2014 10:11:44] PVI variables connected
[14.10.2014 10:11:44] PVI CPU connected
[14.10.2014 10:11:43] PVI service connected
[14.10.2014 10:01:15] PVI variables connected
[14.10.2014 10:01:14] PVI variables connected
[14.10.2014 10:01:14] PVI CPU connected
[14.10.2014 10:01:12] PVI service connected
[14.10.2014 9:56:22] PVI variables connected
[14.10.2014 9:56:22] PVI variables connected
[14.10.2014 9:56:22] PVI CPU connected
[14.10.2014 9:56:22] PVI service connected
[14.10.2014 9:46:31] Штабелер не готов выполненять команду
[14.10.2014 9:46:26] Штабелер не готов выполненять команду
[14.10.2014 9:46:13] Ошибка привода
[14.10.2014 9:46:12] PVI variables connected
[14.10.2014 9:46:12] PVI CPU connected
[14.10.2014 9:46:11] PVI service connected
[14.10.2014 9:16:49] PVI variables connected
[14.10.2014 9:16:49] Ошибка: Неизвестная ошибка (50000)
[14.10.2014 9:16:49] PVI variables connecting ...
[14.10.2014 9:16:48] PVI CPU connecting ...
[14.10.2014 9:16:48] PVI service connecting ...
[14.10.2014 9:14:19] Ошибка привода
[14.10.2014 9:14:19] PVI variables connected
[14.10.2014 9:14:19] PVI CPU connected
[14.10.2014 9:14:18] PVI service connected
[14.10.2014 9:10:59] Ошибка привода
[14.10.2014 9:10:58] PVI variables connected
[14.10.2014 9:10:58] PVI CPU connected
[14.10.2014 9:10:58] PVI service connected
[14.10.2014 9:04:33] PVI variables connected
[14.10.2014 9:04:33] PVI variables connected
[14.10.2014 9:04:33] PVI variables connected
[14.10.2014 9:04:33] PVI CPU connected
[14.10.2014 9:04:32] PVI service connected
[14.10.2014 9:02:15] Ошибка привода
[14.10.2014 9:02:14] Ошибка: Неизвестная ошибка (50000)
[14.10.2014 9:02:14] PVI variables connecting ...
[14.10.2014 9:02:14] PVI CPU connecting ...
[14.10.2014 9:02:14] PVI service connecting ...
[14.10.2014 9:01:07] Ошибка привода
[14.10.2014 9:01:07] PVI variables connected
[14.10.2014 9:01:07] PVI CPU connected
[14.10.2014 9:01:06] PVI service connected
[14.10.2014 8:53:29] PVI variables connected
[14.10.2014 8:53:29] PVI variables connected
[14.10.2014 8:53:29] PVI variables connected
[14.10.2014 8:53:29] PVI CPU connected
[14.10.2014 8:53:29] PVI service connected
[14.10.2014 8:53:04] PVI variables connected
[14.10.2014 8:53:04] Ошибка: Неизвестная ошибка (50000)
[14.10.2014 8:53:04] PVI variables connecting ...
[14.10.2014 8:53:04] PVI CPU connecting ...
[14.10.2014 8:53:04] PVI service connecting ...
[14.10.2014 8:51:19] Ошибка привода
[14.10.2014 8:51:19] PVI variables connected
[14.10.2014 8:51:19] PVI CPU connected
[14.10.2014 8:51:18] PVI service connected
[14.10.2014 8:49:19] PVI variables connected
[14.10.2014 8:49:19] Ошибка: Неизвестная ошибка (50000)
[14.10.2014 8:49:19] PVI variables connecting ...
[14.10.2014 8:49:19] PVI CPU connecting ...
[14.10.2014 8:49:19] PVI service connecting ...
[14.10.2014 8:43:07] Ошибка привода
[14.10.2014 8:43:07] PVI variables connected
[14.10.2014 8:43:07] PVI CPU connected
[14.10.2014 8:43:07] PVI service connected
[14.10.2014 8:41:56] PVI variables connected
[14.10.2014 8:41:56] Ошибка: Неизвестная ошибка (50000)
[14.10.2014 8:41:56] PVI variables connecting ...
[14.10.2014 8:41:56] PVI CPU connecting ...
[14.10.2014 8:41:55] PVI service connecting ...
[14.10.2014 8:40:13] Ошибка привода
[14.10.2014 8:40:13] PVI variables connected
[14.10.2014 8:40:13] PVI CPU connected
[14.10.2014 8:40:13] PVI service connected
[14.10.2014 8:39:41] PVI variables connected
[14.10.2014 8:39:41] Ошибка: Неизвестная ошибка (50000)
[14.10.2014 8:39:41] PVI variables connecting ...
[14.10.2014 8:39:41] PVI CPU connecting ...
[14.10.2014 8:39:40] PVI service connecting ...
[14.10.2014 8:38:11] Ошибка привода
[14.10.2014 8:38:11] PVI variables connected
[14.10.2014 8:38:11] PVI CPU connected
[14.10.2014 8:38:10] PVI service connected
[14.10.2014 8:37:16] Ошибка привода
[14.10.2014 8:37:15] PVI variables connected
[14.10.2014 8:37:15] PVI CPU connected
[14.10.2014 8:37:14] PVI service connected
[14.10.2014 8:33:18] PVI variables connected
[14.10.2014 8:33:18] Ошибка: Неизвестная ошибка (50000)
[14.10.2014 8:33:18] PVI variables connecting ...
[14.10.2014 8:33:18] PVI CPU connecting ...
[14.10.2014 8:33:17] PVI service connecting ...
[14.10.2014 8:30:37] PVI variables connected
[14.10.2014 8:30:37] PVI variables connected
[14.10.2014 8:30:37] PVI variables connected
[14.10.2014 8:30:37] PVI variables connected
[14.10.2014 8:30:37] PVI variables connected
[14.10.2014 8:30:37] PVI variables connected
[14.10.2014 8:30:37] PVI variables connected
[14.10.2014 8:30:37] PVI variables connected
[14.10.2014 8:30:37] PVI variables connected
[14.10.2014 8:30:37] PVI variables connected
[14.10.2014 8:30:37] PVI variables connected
[14.10.2014 8:30:37] PVI variables connected
[14.10.2014 8:30:37] PVI variables connected
[14.10.2014 8:30:37] PVI variables connected
[14.10.2014 8:30:37] PVI variables connected
[14.10.2014 8:30:37] PVI variables connected
[14.10.2014 8:30:37] PVI variables connected
[14.10.2014 8:30:37] PVI variables connected
[14.10.2014 8:30:37] PVI variables connected
[14.10.2014 8:30:37] PVI variables connected
[14.10.2014 8:30:37] PVI variables connected
[14.10.2014 8:30:37] PVI variables connected
[14.10.2014 8:30:37] PVI variables connected
[14.10.2014 8:30:37] PVI variables connected
[14.10.2014 8:30:37] PVI variables connected
[14.10.2014 8:30:37] PVI variables connecting ...
[14.10.2014 8:30:31] PVI CPU connecting ...
[14.10.2014 8:30:30] PVI service connecting ...
[14.10.2014 8:30:30] PVI service connecting ...
[14.10.2014 8:30:31] PVI service connected
[14.10.2014 8:30:37] PVI CPU connected
[14.10.2014 8:30:37] Error:No connection available to the PLC  (4808)
[14.10.2014 8:30:37] Error:No connection available to the PLC  (4808)
[14.10.2014 8:30:37] Error:No connection available to the PLC  (4808)
[14.10.2014 8:30:37] Error:No connection available to the PLC  (4808)
[14.10.2014 8:30:37] Error:No connection available to the PLC  (4808)
[14.10.2014 8:30:37] Error:No connection available to the PLC  (4808)
[14.10.2014 8:30:37] Error:No connection available to the PLC  (4808)
[14.10.2014 8:30:37] Error:No connection available to the PLC  (4808)
[14.10.2014 8:30:37] Error:No connection available to the PLC  (4808)
[14.10.2014 8:30:37] Error:No connection available to the PLC  (4808)
[14.10.2014 8:30:37] Error:No connection available to the PLC  (4808)
[14.10.2014 8:30:37] Error:No connection available to the PLC  (4808)
[14.10.2014 8:30:37] Error:No connection available to the PLC  (4808)
[14.10.2014 8:30:37] Error:No connection available to the PLC  (4808)
[14.10.2014 8:30:37] Error:No connection available to the PLC  (4808)
[14.10.2014 8:30:37] Error:No connection available to the PLC  (4808)
[14.10.2014 8:30:37] Error:No connection available to the PLC  (4808)
[14.10.2014 8:30:37] Error:No connection available to the PLC  (4808)
[14.10.2014 8:30:37] Error:No connection available to the PLC  (4808)
[14.10.2014 8:30:37] Error:No connection available to the PLC  (4808)
[14.10.2014 8:30:37] Error:No connection available to the PLC  (4808)
[14.10.2014 8:30:37] Error:No connection available to the PLC  (4808)
[14.10.2014 8:30:37] Error:No connection available to the PLC  (4808)
[14.10.2014 8:30:37] Error:No connection available to the PLC  (4808)
[14.10.2014 8:30:37] Error:No connection available to the PLC  (4808)
[14.10.2014 8:30:37] Error:No connection available to the PLC  (4808)
[14.10.2014 8:33:18] PVI service connected
[14.10.2014 8:33:18] PVI CPU connected
[14.10.2014 8:33:18] PVI variables connected
[14.10.2014 8:33:18] Ошибка привода
[14.10.2014 8:37:14] PVI service connecting ...
[14.10.2014 8:37:14] PVI CPU connecting ...
[14.10.2014 8:37:15] PVI variables connecting ...
[14.10.2014 8:37:16] Ошибка: Неизвестная ошибка (50000)
[14.10.2014 8:38:10] PVI service connecting ...
[14.10.2014 8:38:10] PVI CPU connecting ...
[14.10.2014 8:38:11] PVI variables connecting ...
[14.10.2014 8:38:11] Ошибка: Неизвестная ошибка (50000)
[14.10.2014 8:38:11] PVI variables connected
[14.10.2014 8:39:41] PVI service connected
[14.10.2014 8:39:41] PVI CPU connected
[14.10.2014 8:39:41] PVI variables connected
[14.10.2014 8:39:41] Ошибка привода
[14.10.2014 8:40:12] PVI service connecting ...
[14.10.2014 8:40:13] PVI CPU connecting ...
[14.10.2014 8:40:13] PVI variables connecting ...
[14.10.2014 8:40:13] Ошибка: Неизвестная ошибка (50000)
[14.10.2014 8:40:13] PVI variables connected
[14.10.2014 8:41:56] PVI service connected
[14.10.2014 8:41:56] PVI CPU connected
[14.10.2014 8:41:56] PVI variables connected
[14.10.2014 8:41:56] Ошибка привода
[14.10.2014 8:43:06] PVI service connecting ...
[14.10.2014 8:43:07] PVI CPU connecting ...
[14.10.2014 8:43:07] PVI variables connecting ...
[14.10.2014 8:43:07] Ошибка: Неизвестная ошибка (50000)
[14.10.2014 8:43:07] PVI variables connected
[14.10.2014 8:49:19] PVI service connected
[14.10.2014 8:49:19] PVI CPU connected
[14.10.2014 8:49:19] PVI variables connected
[14.10.2014 8:49:19] Ошибка привода
[14.10.2014 8:51:18] PVI service connecting ...
[14.10.2014 8:51:18] PVI CPU connecting ...
[14.10.2014 8:51:19] PVI variables connecting ...
[14.10.2014 8:51:19] Ошибка: Неизвестная ошибка (50000)
[14.10.2014 8:51:19] PVI variables connected
[14.10.2014 8:53:04] PVI service connected
[14.10.2014 8:53:04] PVI CPU connected
[14.10.2014 8:53:04] PVI variables connected
[14.10.2014 8:53:04] Ошибка привода
[14.10.2014 8:53:28] PVI service connecting ...
[14.10.2014 8:53:29] PVI CPU connecting ...
[14.10.2014 8:53:29] PVI variables connecting ...
[14.10.2014 8:53:29] Ошибка: Неизвестная ошибка (50000)
[14.10.2014 8:53:29] Ошибка привода
[14.10.2014 9:01:04] PVI service connecting ...
[14.10.2014 9:01:06] PVI CPU connecting ...
[14.10.2014 9:01:07] PVI variables connecting ...
[14.10.2014 9:01:07] Ошибка: Неизвестная ошибка (50000)
[14.10.2014 9:01:07] PVI variables connected
[14.10.2014 9:02:14] PVI service connected
[14.10.2014 9:02:14] PVI CPU connected
[14.10.2014 9:02:14] PVI variables connected
[14.10.2014 9:02:14] PVI variables connected
[14.10.2014 9:04:32] PVI service connecting ...
[14.10.2014 9:04:32] PVI CPU connecting ...
[14.10.2014 9:04:33] PVI variables connecting ...
[14.10.2014 9:04:33] Ошибка: Неизвестная ошибка (50000)
[14.10.2014 9:04:33] Ошибка привода
[14.10.2014 9:10:58] PVI service connecting ...
[14.10.2014 9:10:58] PVI CPU connecting ...
[14.10.2014 9:10:58] PVI variables connecting ...
[14.10.2014 9:10:59] Ошибка: Неизвестная ошибка (50000)
[14.10.2014 9:14:17] PVI service connecting ...
[14.10.2014 9:14:18] PVI CPU connecting ...
[14.10.2014 9:14:19] PVI variables connecting ...
[14.10.2014 9:14:19] Ошибка: Неизвестная ошибка (50000)
[14.10.2014 9:14:19] PVI variables connected
[14.10.2014 9:16:48] PVI service connected
[14.10.2014 9:16:49] PVI CPU connected
[14.10.2014 9:16:49] PVI variables connected
[14.10.2014 9:16:49] Ошибка привода
[14.10.2014 9:46:08] PVI service connecting ...
[14.10.2014 9:46:11] PVI CPU connecting ...
[14.10.2014 9:46:12] PVI variables connecting ...
[14.10.2014 9:46:13] Ошибка: Неизвестная ошибка (50000)
[14.10.2014 9:46:13] PVI variables connected
[14.10.2014 9:46:27] Штабелер выключен
[14.10.2014 9:56:21] PVI service connecting ...
[14.10.2014 9:56:22] PVI CPU connecting ...
[14.10.2014 9:56:22] PVI variables connecting ...
[14.10.2014 9:56:22] Штабелер не готов выполненять команду
[14.10.2014 10:01:02] PVI service connecting ...
[14.10.2014 10:01:12] PVI CPU connecting ...
[14.10.2014 10:01:14] PVI variables connecting ...
[14.10.2014 10:01:15] Штабелер не готов выполненять команду
[14.10.2014 10:11:42] PVI service connecting ...
[14.10.2014 10:11:43] PVI CPU connecting ...
[14.10.2014 10:11:44] PVI variables connecting ...
[14.10.2014 10:11:44] Штабелер не готов выполненять команду
[14.10.2014 10:37:19] PVI service connecting ...
[14.10.2014 10:37:21] PVI CPU connecting ...
[14.10.2014 10:37:21] PVI variables connecting ...
[14.10.2014 10:37:21] Штабелер не готов выполненять команду
[14.10.2014 10:38:49] Штабелер готов к выполнению команды
[14.10.2014 10:39:39] PVI service connected
[14.10.2014 10:39:39] PVI CPU connected
[14.10.2014 10:39:39] PVI variables connected
[14.10.2014 10:39:39] PVI variables connected
[14.10.2014 10:40:27] PVI service connected
[14.10.2014 10:40:27] PVI CPU connected
[14.10.2014 10:40:27] PVI variables connected
[14.10.2014 10:40:27] PVI variables connected
[14.10.2014 10:41:26] PVI service connected
[14.10.2014 10:41:26] PVI CPU connected
[14.10.2014 10:41:26] PVI variables connected
[14.10.2014 10:41:26] PVI variables connected
[14.10.2014 10:42:57] PVI service connected
[14.10.2014 10:42:57] PVI CPU connected
[14.10.2014 10:42:57] PVI variables connected
[14.10.2014 10:42:58] PVI variables connected
[14.10.2014 10:44:41] PVI service connected
[14.10.2014 10:44:41] PVI CPU connected
[14.10.2014 10:44:41] PVI variables connected
[14.10.2014 10:44:41] PVI variables connected
[14.10.2014 10:45:40] PVI service connected
[14.10.2014 10:45:40] PVI CPU connected
[14.10.2014 10:45:40] PVI variables connected
[14.10.2014 10:45:40] PVI variables connected
[14.10.2014 10:50:09] PVI service connected
[14.10.2014 10:50:09] PVI CPU connected
[14.10.2014 10:50:09] PVI variables connected
[14.10.2014 10:50:09] PVI variables connected
[14.10.2014 10:52:43] PVI service connected
[14.10.2014 10:52:43] PVI CPU connected
[14.10.2014 10:52:43] PVI variables connected
[14.10.2014 10:52:43] PVI variables connected
[14.10.2014 10:54:22] PVI service connected
[14.10.2014 10:54:22] PVI CPU connected
[14.10.2014 10:54:22] PVI variables connected
[14.10.2014 10:54:22] PVI variables connected
[14.10.2014 10:59:48] PVI service connected
[14.10.2014 10:59:48] PVI CPU connected
[14.10.2014 10:59:48] PVI variables connected
[14.10.2014 10:59:48] PVI variables connected
[14.10.2014 11:24:35] PVI service connected
[14.10.2014 11:24:35] PVI CPU connected
[14.10.2014 11:24:35] PVI variables connected
[14.10.2014 11:24:35] PVI variables connected
[14.10.2014 11:26:32] PVI service connected
[14.10.2014 11:26:33] PVI CPU connected
[14.10.2014 11:26:33] PVI variables connected
[14.10.2014 11:26:33] PVI variables connected
[14.10.2014 11:28:09] PVI service connected
[14.10.2014 11:28:09] PVI CPU connected
[14.10.2014 11:28:09] PVI variables connected
[14.10.2014 11:28:09] PVI variables connected
[14.10.2014 11:30:25] PVI service connected
[14.10.2014 11:30:25] PVI CPU connected
[14.10.2014 11:30:25] PVI variables connected
[14.10.2014 11:30:26] PVI variables connected
[14.10.2014 11:34:47] PVI service connected
[14.10.2014 11:34:47] PVI CPU connected
[14.10.2014 11:34:47] PVI variables connected
[14.10.2014 11:34:47] PVI variables connected
[14.10.2014 11:37:49] PVI service connecting ...
[14.10.2014 11:41:45] PVI service connecting ...
[14.10.2014 11:41:48] PVI CPU connecting ...
[14.10.2014 11:41:48] PVI variables connecting ...
[14.10.2014 11:41:48] Штабелер выключен
[14.10.2014 11:43:35] PVI service connecting ...
[14.10.2014 11:43:38] PVI CPU connecting ...
[14.10.2014 11:43:38] PVI variables connecting ...
[14.10.2014 11:43:38] Штабелер выключен
[14.10.2014 11:45:05] PVI service connecting ...
[14.10.2014 11:45:48] PVI CPU connecting ...
[14.10.2014 11:46:01] PVI variables connecting ...
[14.10.2014 11:46:01] Штабелер выключен
[14.10.2014 11:49:13] PVI service connecting ...
[14.10.2014 11:50:09] PVI CPU connecting ...
[14.10.2014 11:50:10] PVI variables connecting ...
[14.10.2014 11:50:10] Ошибка: Неизвестная ошибка (50000)
[14.10.2014 11:50:10] PVI variables connected
[14.10.2014 11:52:40] PVI service connected
[14.10.2014 11:52:49] PVI CPU connected
[14.10.2014 11:52:51] PVI variables connected
[14.10.2014 11:52:59] Ошибка привода
[14.10.2014 11:59:19] PVI service connecting ...
[14.10.2014 11:59:23] PVI CPU connecting ...
[14.10.2014 11:59:27] PVI variables connecting ...
[14.10.2014 11:59:27] Ошибка: Неизвестная ошибка (50000)
[14.10.2014 11:59:27] PVI variables connected
[14.10.2014 12:02:10] PVI service connected
[14.10.2014 12:02:11] PVI CPU connected
[14.10.2014 12:02:11] PVI variables connected
[14.10.2014 12:02:11] Ошибка привода
[14.10.2014 12:03:41] PVI service connecting ...
[14.10.2014 12:03:45] PVI CPU connecting ...
[14.10.2014 12:05:05] PVI variables connecting ...
[14.10.2014 12:05:06] Ошибка: Неизвестная ошибка (50000)
[14.10.2014 12:05:06] PVI variables connected
[14.10.2014 12:07:15] PVI service connected
[14.10.2014 12:09:40] PVI CPU connected
[14.10.2014 12:09:40] PVI variables connected
[14.10.2014 12:09:40] Ошибка привода
[14.10.2014 12:11:41] PVI service connecting ...
[14.10.2014 12:11:45] PVI CPU connecting ...
[14.10.2014 12:11:45] PVI variables connecting ...
[14.10.2014 12:11:45] Ошибка: Неизвестная ошибка (50000)
[14.10.2014 12:11:45] PVI variables connected
[14.10.2014 12:16:07] PVI service connected
[14.10.2014 12:16:09] PVI CPU connected
[14.10.2014 12:16:09] PVI variables connected
[14.10.2014 12:16:09] Ошибка привода
[14.10.2014 12:19:45] PVI service connecting ...
[14.10.2014 12:19:49] PVI CPU connecting ...
[14.10.2014 12:19:51] PVI variables connecting ...
[14.10.2014 12:19:51] Ошибка: Неизвестная ошибка (50000)
[14.10.2014 12:19:51] PVI variables connected
[14.10.2014 12:20:37] PVI service connected
[14.10.2014 12:20:38] PVI CPU connected
[14.10.2014 12:20:38] PVI variables connected
[14.10.2014 12:20:38] Ошибка привода
[14.10.2014 12:22:27] PVI service connecting ...
[14.10.2014 12:22:31] PVI CPU connecting ...
[14.10.2014 12:22:31] PVI variables connecting ...
[14.10.2014 12:22:31] Ошибка: Неизвестная ошибка (50000)
[14.10.2014 12:22:31] PVI variables connected
[14.10.2014 12:26:52] PVI service connected
[14.10.2014 12:26:52] PVI CPU connected
[14.10.2014 12:26:52] PVI variables connected
[14.10.2014 12:26:53] Ошибка привода
[14.10.2014 12:49:43] PVI service connecting ...
[14.10.2014 12:49:49] PVI CPU connecting ...
[14.10.2014 12:49:49] PVI variables connecting ...
[14.10.2014 12:49:50] Ошибка: Неизвестная ошибка (50000)
[14.10.2014 12:54:52] PVI service connecting ...
[14.10.2014 12:54:57] PVI CPU connecting ...
[14.10.2014 12:54:57] PVI variables connecting ...
[14.10.2014 12:54:57] Ошибка: Неизвестная ошибка (50000)
[14.10.2014 12:54:57] PVI variables connected
[14.10.2014 12:58:45] PVI service connected
[14.10.2014 12:58:45] PVI CPU connected
[14.10.2014 12:58:45] PVI variables connected
[14.10.2014 12:58:45] Ошибка привода
[14.10.2014 13:03:19] PVI service connecting ...
[14.10.2014 13:03:24] PVI CPU connecting ...
[14.10.2014 13:03:24] PVI variables connecting ...
[14.10.2014 13:03:25] Ошибка: Неизвестная ошибка (50000)
[14.10.2014 13:03:26] PVI variables connected
[14.10.2014 13:08:45] Штабелер не готов выполненять команду
[14.10.2014 13:15:56] PVI service connecting ...
[14.10.2014 13:16:02] PVI CPU connecting ...
[14.10.2014 13:16:02] PVI variables connecting ...
[14.10.2014 13:16:02] Штабелер выключен
[14.10.2014 13:18:52] PVI service connecting ...
[14.10.2014 13:18:56] PVI CPU connecting ...
[14.10.2014 13:18:57] PVI variables connecting ...
[14.10.2014 13:18:57] Штабелер выключен
[14.10.2014 13:20:35] PVI service connecting ...
[14.10.2014 13:20:40] PVI CPU connecting ...
[14.10.2014 13:20:41] PVI variables connecting ...
[14.10.2014 13:20:41] Штабелер выключен
