[18.10.2014 23:59:45] Error:No connection available to the PLC  (4808)
[18.10.2014 23:59:40] PVI service connected
[18.10.2014 23:57:33] Error:No connection available to the PLC  (4808)
[18.10.2014 23:57:28] PVI service connected
[18.10.2014 23:56:16] PVI CPU connecting ...
[18.10.2014 23:56:14] PVI service connecting ...
[18.10.2014 23:41:33] PVI CPU connecting ...
[18.10.2014 23:41:32] PVI service connecting ...
[18.10.2014 23:40:06] PVI service connected
[18.10.2014 23:19:50] Error:No connection available to the PLC  (4808)
[18.10.2014 23:19:44] PVI service connected
[18.10.2014 22:46:34] Error:No connection available to the PLC  (4808)
[18.10.2014 22:46:29] PVI service connected
[18.10.2014 22:37:42] Error:No connection available to the PLC  (4808)
[18.10.2014 22:37:37] PVI service connected
[18.10.2014 22:36:50] PVI service connecting ...
[18.10.2014 22:34:42] PVI CPU connecting ...
[18.10.2014 22:34:40] PVI service connecting ...
[18.10.2014 22:31:02] PVI CPU connecting ...
[18.10.2014 22:31:01] PVI service connecting ...
[18.10.2014 22:25:41] PVI CPU connecting ...
[18.10.2014 22:25:39] PVI service connecting ...
[18.10.2014 22:19:24] PVI CPU connecting ...
[18.10.2014 22:19:23] PVI service connecting ...
[18.10.2014 22:10:45] PVI CPU connecting ...
[18.10.2014 22:10:43] PVI service connecting ...
[18.10.2014 20:59:02] PVI CPU connecting ...
[18.10.2014 20:59:01] PVI service connecting ...
[18.10.2014 20:11:31] PVI CPU connecting ...
[18.10.2014 20:11:29] PVI service connecting ...
[18.10.2014 17:56:40] Штабелер находиться в состоянии выполнения команды
[18.10.2014 17:55:43] Штабелер находиться в состоянии выполнения команды
[18.10.2014 17:55:31] Штабелер не готов выполненять команду
[18.10.2014 17:55:27] Штабелер не готов выполненять команду
[18.10.2014 17:55:24] Началось выполнение команды "Взять из ячейки 253"
[18.10.2014 17:52:03] Штабелер не готов выполненять команду
[18.10.2014 17:46:24] Ошибка: Ошибка определения режима (50013)
[18.10.2014 17:45:55] Ошибка: Ошибка определения режима (50013)
[18.10.2014 17:45:49] PVI variables connected
[18.10.2014 17:45:49] PVI variables connected
[18.10.2014 17:45:48] PVI CPU connected
[18.10.2014 17:44:28] Ошибка: Превышение веса (50012)
[18.10.2014 17:44:27] Ошибка: Превышение веса (50012)
[18.10.2014 17:44:26] Ошибка: Превышение веса (50012)
[18.10.2014 17:44:25] Ошибка: Превышение веса (50012)
[18.10.2014 17:44:04] PVI variables connected
[18.10.2014 17:44:04] PVI variables connected
[18.10.2014 17:44:03] PVI CPU connected
[18.10.2014 17:44:03] PVI service connected
[18.10.2014 17:42:11] Ошибка: Неизвестная ошибка (50012)
[18.10.2014 17:42:10] Ошибка: Неизвестная ошибка (50012)
[18.10.2014 17:41:52] Ошибка: Неизвестная ошибка (50012)
[18.10.2014 17:40:22] Ошибка: Неизвестная ошибка (50012)
[18.10.2014 17:39:52] Началось выполнение команды "Положить в ячейку 264"
[18.10.2014 17:39:08] Штабелер находиться в состоянии выполнения команды
[18.10.2014 17:37:27] Штабелер готов к выполнению команды
[18.10.2014 17:37:11] Началось выполнение команды "Положить в ячейку 241"
[18.10.2014 17:36:41] Ошибка: Неверный номер ячейки (50020)
[18.10.2014 17:32:31] Штабелер готов к выполнению команды
[18.10.2014 17:32:27] Началось выполнение команды "Положить в ячейку 445"
[18.10.2014 17:32:22] Штабелер не готов выполненять команду
[18.10.2014 17:32:19] Началось выполнение команды "Положить в ячейку 493"
[18.10.2014 17:31:51] Ошибка: Ячейка занята (50052)
[18.10.2014 17:31:34] Штабелер готов к выполнению команды
[18.10.2014 17:31:15] Штабелер находиться в состоянии выполнения команды
[18.10.2014 17:30:41] Штабелер готов к выполнению команды
[18.10.2014 17:30:04] Началось выполнение команды "Положить в ячейку 252"
[18.10.2014 16:47:54] Штабелер выключен
[18.10.2014 16:47:53] PVI variables connecting ...
[18.10.2014 16:47:53] PVI CPU connecting ...
[18.10.2014 16:47:52] PVI service connecting ...
[18.10.2014 16:07:59] Штабелер находиться в состоянии выполнения команды
[18.10.2014 16:07:57] Штабелер находиться в состоянии выполнения команды
[18.10.2014 16:07:50] Штабелер не готов выполненять команду
[18.10.2014 15:54:53] Ошибка: Ошибка определения режима (50013)
[18.10.2014 15:54:52] PVI variables connecting ...
[18.10.2014 15:54:52] PVI CPU connecting ...
[18.10.2014 15:54:51] PVI service connecting ...
[18.10.2014 15:08:36] Ошибка: Ошибка определения режима (50013)
[18.10.2014 15:08:35] PVI variables connecting ...
[18.10.2014 15:08:35] PVI CPU connecting ...
[18.10.2014 15:08:34] PVI service connecting ...
[18.10.2014 14:40:24] Ошибка: Ошибка определения режима (50013)
[18.10.2014 14:40:23] PVI variables connecting ...
[18.10.2014 14:40:23] PVI CPU connecting ...
[18.10.2014 14:40:22] PVI service connecting ...
[18.10.2014 14:32:07] Ошибка: Ошибка определения режима (50013)
[18.10.2014 14:32:06] PVI variables connecting ...
[18.10.2014 14:32:06] PVI CPU connecting ...
[18.10.2014 14:32:05] PVI service connecting ...
[18.10.2014 14:30:22] Ошибка: Ошибка определения режима (50013)
[18.10.2014 14:30:21] PVI variables connecting ...
[18.10.2014 14:30:21] PVI CPU connecting ...
[18.10.2014 14:30:20] PVI service connecting ...
[18.10.2014 14:28:58] Ошибка: Ошибка определения режима (50013)
[18.10.2014 14:28:57] PVI variables connecting ...
[18.10.2014 14:28:57] PVI CPU connecting ...
[18.10.2014 14:28:56] PVI service connecting ...
[18.10.2014 14:26:52] Ошибка: Ошибка определения режима (50013)
[18.10.2014 14:26:52] PVI variables connecting ...
[18.10.2014 14:26:52] PVI CPU connecting ...
[18.10.2014 14:26:51] PVI service connecting ...
[18.10.2014 14:25:59] Ошибка: Ошибка определения режима (50013)
[18.10.2014 14:25:58] PVI variables connecting ...
[18.10.2014 14:25:58] PVI CPU connecting ...
[18.10.2014 14:25:58] PVI service connecting ...
[18.10.2014 14:23:31] Ошибка: Ошибка определения режима (50013)
[18.10.2014 14:23:31] PVI variables connecting ...
[18.10.2014 14:23:31] PVI CPU connecting ...
[18.10.2014 14:23:30] PVI service connecting ...
[18.10.2014 14:22:46] Ошибка: Ошибка определения режима (50013)
[18.10.2014 14:22:46] PVI variables connecting ...
[18.10.2014 14:22:45] PVI CPU connecting ...
[18.10.2014 14:22:45] PVI service connecting ...
[18.10.2014 14:20:20] Ошибка: Ошибка определения режима (50013)
[18.10.2014 14:20:19] PVI variables connecting ...
[18.10.2014 14:20:19] PVI CPU connecting ...
[18.10.2014 14:20:18] PVI service connecting ...
[18.10.2014 14:18:00] Ошибка: Ошибка определения режима (50013)
[18.10.2014 14:17:59] PVI variables connecting ...
[18.10.2014 14:17:59] PVI CPU connecting ...
[18.10.2014 14:17:58] PVI service connecting ...
[18.10.2014 14:15:42] Ошибка: Ошибка определения режима (50013)
[18.10.2014 14:15:41] PVI variables connecting ...
[18.10.2014 14:15:41] PVI CPU connecting ...
[18.10.2014 14:15:40] PVI service connecting ...
[18.10.2014 14:08:50] Ошибка: Ошибка определения режима (50013)
[18.10.2014 14:08:49] PVI variables connecting ...
[18.10.2014 14:08:49] PVI CPU connecting ...
[18.10.2014 14:08:48] PVI service connecting ...
[18.10.2014 13:56:14] Ошибка: Ошибка определения режима (50013)
[18.10.2014 13:56:13] PVI variables connecting ...
[18.10.2014 13:56:13] PVI CPU connecting ...
[18.10.2014 13:56:12] PVI service connecting ...
[18.10.2014 13:45:39] Ошибка: Ошибка определения режима (50013)
[18.10.2014 13:45:39] PVI variables connecting ...
[18.10.2014 13:45:38] PVI CPU connecting ...
[18.10.2014 13:45:38] PVI service connecting ...
[18.10.2014 13:44:44] Ошибка: Ошибка определения режима (50013)
[18.10.2014 13:44:44] PVI variables connecting ...
[18.10.2014 13:44:43] PVI CPU connecting ...
[18.10.2014 13:44:43] PVI service connecting ...
[18.10.2014 13:41:40] Ошибка: Ошибка определения режима (50013)
[18.10.2014 13:41:39] PVI variables connecting ...
[18.10.2014 13:41:38] PVI CPU connecting ...
[18.10.2014 13:41:38] PVI service connecting ...
[18.10.2014 13:29:43] Ошибка: Ошибка определения режима (50013)
[18.10.2014 13:29:43] PVI variables connecting ...
[18.10.2014 13:29:42] PVI CPU connecting ...
[18.10.2014 13:29:42] PVI service connecting ...
[18.10.2014 13:26:49] Ошибка: Ошибка определения режима (50013)
[18.10.2014 13:26:49] PVI variables connecting ...
[18.10.2014 13:26:48] PVI CPU connecting ...
[18.10.2014 13:26:48] PVI service connecting ...
[18.10.2014 13:25:17] Ошибка: Ошибка определения режима (50013)
[18.10.2014 13:25:16] PVI variables connecting ...
[18.10.2014 13:25:16] PVI CPU connecting ...
[18.10.2014 13:25:15] PVI service connecting ...
[18.10.2014 12:49:15] Ошибка: Ошибка определения режима (50013)
[18.10.2014 12:49:13] PVI variables connecting ...
[18.10.2014 12:49:13] PVI CPU connecting ...
[18.10.2014 12:49:12] PVI service connecting ...
[18.10.2014 12:47:30] Ошибка: Ошибка определения режима (50013)
[18.10.2014 12:47:29] PVI variables connecting ...
[18.10.2014 12:47:29] PVI CPU connecting ...
[18.10.2014 12:47:28] PVI service connecting ...
[18.10.2014 12:46:12] Ошибка: Ошибка определения режима (50013)
[18.10.2014 12:46:12] PVI variables connecting ...
[18.10.2014 12:46:11] PVI CPU connecting ...
[18.10.2014 12:46:09] PVI service connecting ...
[18.10.2014 12:40:13] Ошибка: Ошибка определения режима (50013)
[18.10.2014 12:40:12] PVI variables connecting ...
[18.10.2014 12:40:12] PVI CPU connecting ...
[18.10.2014 12:40:11] PVI service connecting ...
[18.10.2014 12:32:22] Ошибка: Ошибка определения режима (50013)
[18.10.2014 12:32:21] PVI variables connecting ...
[18.10.2014 12:32:21] PVI CPU connecting ...
[18.10.2014 12:32:20] PVI service connecting ...
[18.10.2014 12:29:57] Ошибка: Ошибка определения режима (50013)
[18.10.2014 12:29:56] PVI variables connecting ...
[18.10.2014 12:29:56] PVI CPU connecting ...
[18.10.2014 12:29:55] PVI service connecting ...
[18.10.2014 12:08:07] Ошибка: Ошибка определения режима (50013)
[18.10.2014 12:08:07] PVI variables connecting ...
[18.10.2014 12:08:06] PVI CPU connecting ...
[18.10.2014 12:08:06] PVI service connecting ...
[18.10.2014 11:59:29] Ошибка: Ошибка определения режима (50013)
[18.10.2014 11:59:28] PVI variables connecting ...
[18.10.2014 11:59:27] PVI CPU connecting ...
[18.10.2014 11:59:27] PVI service connecting ...
[18.10.2014 11:18:52] Ошибка: Ошибка определения режима (50013)
[18.10.2014 11:18:52] PVI variables connecting ...
[18.10.2014 11:18:51] PVI CPU connecting ...
[18.10.2014 11:18:51] PVI service connecting ...
[18.10.2014 11:16:21] Ошибка: Ошибка определения режима (50013)
[18.10.2014 11:16:21] PVI variables connecting ...
[18.10.2014 11:16:20] PVI CPU connecting ...
[18.10.2014 11:16:20] PVI service connecting ...
[18.10.2014 11:11:58] Штабелер не готов выполненять команду
[18.10.2014 10:57:05] Ошибка: Ошибка определения режима (50013)
[18.10.2014 10:57:04] PVI variables connecting ...
[18.10.2014 10:57:04] PVI CPU connecting ...
[18.10.2014 10:57:03] PVI service connecting ...
[18.10.2014 10:56:26] Ошибка: Ошибка определения режима (50013)
[18.10.2014 10:56:26] PVI variables connecting ...
[18.10.2014 10:56:25] PVI CPU connecting ...
[18.10.2014 10:56:25] PVI service connecting ...
[18.10.2014 10:36:01] Ошибка: Ошибка определения режима (50013)
[18.10.2014 10:36:00] PVI variables connecting ...
[18.10.2014 10:36:00] PVI CPU connecting ...
[18.10.2014 10:36:00] PVI service connecting ...
[18.10.2014 10:31:35] Ошибка: Неизвестная ошибка (50013)
[18.10.2014 10:31:31] PVI variables connecting ...
[18.10.2014 10:31:31] PVI CPU connecting ...
[18.10.2014 10:31:23] PVI service connecting ...
[18.10.2014 1:05:20] PVI CPU connecting ...
[18.10.2014 1:05:20] PVI service connecting ...
[18.10.2014 1:00:06] PVI CPU connecting ...
[18.10.2014 1:00:05] PVI service connecting ...
[18.10.2014 0:59:27] PVI CPU connecting ...
[18.10.2014 0:59:26] PVI service connecting ...
[18.10.2014 0:57:48] PVI CPU connecting ...
[18.10.2014 0:57:48] PVI service connecting ...
[18.10.2014 0:45:32] PVI CPU connecting ...
[18.10.2014 0:45:32] PVI service connecting ...
[18.10.2014 0:44:01] PVI CPU connecting ...
[18.10.2014 0:44:01] PVI service connecting ...
[18.10.2014 0:10:30] PVI CPU connecting ...
[18.10.2014 0:10:29] PVI service connecting ...
[18.10.2014 0:10:29] PVI service connecting ...
[18.10.2014 0:10:30] PVI service connected
[18.10.2014 0:10:35] Error:No connection available to the PLC  (4808)
[18.10.2014 0:44:01] PVI service connected
[18.10.2014 0:44:07] Error:No connection available to the PLC  (4808)
[18.10.2014 0:45:32] PVI service connected
[18.10.2014 0:45:37] Error:No connection available to the PLC  (4808)
[18.10.2014 0:57:48] PVI service connected
[18.10.2014 0:57:53] Error:No connection available to the PLC  (4808)
[18.10.2014 0:59:27] PVI service connected
[18.10.2014 0:59:27] Error:No connection available to the PLC  (4808)
[18.10.2014 1:00:06] PVI service connected
[18.10.2014 1:00:11] Error:No connection available to the PLC  (4808)
[18.10.2014 1:05:20] PVI service connected
[18.10.2014 1:05:25] Error:No connection available to the PLC  (4808)
[18.10.2014 10:31:31] PVI service connected
[18.10.2014 10:31:31] PVI CPU connected
[18.10.2014 10:31:32] PVI variables connected
[18.10.2014 10:31:37] PVI variables connected
[18.10.2014 10:36:00] PVI service connected
[18.10.2014 10:36:00] PVI CPU connected
[18.10.2014 10:36:01] PVI variables connected
[18.10.2014 10:36:02] PVI variables connected
[18.10.2014 10:56:25] PVI service connected
[18.10.2014 10:56:26] PVI CPU connected
[18.10.2014 10:56:26] PVI variables connected
[18.10.2014 10:56:27] PVI variables connected
[18.10.2014 10:57:04] PVI service connected
[18.10.2014 10:57:04] PVI CPU connected
[18.10.2014 10:57:05] PVI variables connected
[18.10.2014 10:57:05] PVI variables connected
[18.10.2014 11:11:58] Ошибка: Ошибка определения режима (50013)
[18.10.2014 11:16:20] PVI service connected
[18.10.2014 11:16:21] PVI CPU connected
[18.10.2014 11:16:21] PVI variables connected
[18.10.2014 11:16:21] PVI variables connected
[18.10.2014 11:18:51] PVI service connected
[18.10.2014 11:18:52] PVI CPU connected
[18.10.2014 11:18:52] PVI variables connected
[18.10.2014 11:18:52] PVI variables connected
[18.10.2014 11:59:27] PVI service connected
[18.10.2014 11:59:28] PVI CPU connected
[18.10.2014 11:59:29] PVI variables connected
[18.10.2014 11:59:29] PVI variables connected
[18.10.2014 12:08:06] PVI service connected
[18.10.2014 12:08:07] PVI CPU connected
[18.10.2014 12:08:07] PVI variables connected
[18.10.2014 12:08:07] PVI variables connected
[18.10.2014 12:29:56] PVI service connected
[18.10.2014 12:29:56] PVI CPU connected
[18.10.2014 12:29:57] PVI variables connected
[18.10.2014 12:29:57] PVI variables connected
[18.10.2014 12:32:21] PVI service connected
[18.10.2014 12:32:21] PVI CPU connected
[18.10.2014 12:32:22] PVI variables connected
[18.10.2014 12:32:22] PVI variables connected
[18.10.2014 12:40:12] PVI service connected
[18.10.2014 12:40:12] PVI CPU connected
[18.10.2014 12:40:13] PVI variables connected
[18.10.2014 12:40:14] PVI variables connected
[18.10.2014 12:46:11] PVI service connected
[18.10.2014 12:46:12] PVI CPU connected
[18.10.2014 12:46:12] PVI variables connected
[18.10.2014 12:46:12] PVI variables connected
[18.10.2014 12:47:29] PVI service connected
[18.10.2014 12:47:29] PVI CPU connected
[18.10.2014 12:47:30] PVI variables connected
[18.10.2014 12:47:30] PVI variables connected
[18.10.2014 12:49:13] PVI service connected
[18.10.2014 12:49:13] PVI CPU connected
[18.10.2014 12:49:15] PVI variables connected
[18.10.2014 12:49:15] PVI variables connected
[18.10.2014 13:25:16] PVI service connected
[18.10.2014 13:25:16] PVI CPU connected
[18.10.2014 13:25:17] PVI variables connected
[18.10.2014 13:25:17] PVI variables connected
[18.10.2014 13:26:48] PVI service connected
[18.10.2014 13:26:49] PVI CPU connected
[18.10.2014 13:26:49] PVI variables connected
[18.10.2014 13:26:49] PVI variables connected
[18.10.2014 13:29:42] PVI service connected
[18.10.2014 13:29:43] PVI CPU connected
[18.10.2014 13:29:43] PVI variables connected
[18.10.2014 13:29:44] PVI variables connected
[18.10.2014 13:41:38] PVI service connected
[18.10.2014 13:41:39] PVI CPU connected
[18.10.2014 13:41:40] PVI variables connected
[18.10.2014 13:41:40] PVI variables connected
[18.10.2014 13:44:43] PVI service connected
[18.10.2014 13:44:44] PVI CPU connected
[18.10.2014 13:44:44] PVI variables connected
[18.10.2014 13:44:44] PVI variables connected
[18.10.2014 13:45:38] PVI service connected
[18.10.2014 13:45:39] PVI CPU connected
[18.10.2014 13:45:39] PVI variables connected
[18.10.2014 13:45:39] PVI variables connected
[18.10.2014 13:56:13] PVI service connected
[18.10.2014 13:56:13] PVI CPU connected
[18.10.2014 13:56:14] PVI variables connected
[18.10.2014 13:56:14] PVI variables connected
[18.10.2014 14:08:49] PVI service connected
[18.10.2014 14:08:49] PVI CPU connected
[18.10.2014 14:08:50] PVI variables connected
[18.10.2014 14:08:50] PVI variables connected
[18.10.2014 14:15:41] PVI service connected
[18.10.2014 14:15:41] PVI CPU connected
[18.10.2014 14:15:42] PVI variables connected
[18.10.2014 14:15:42] PVI variables connected
[18.10.2014 14:17:59] PVI service connected
[18.10.2014 14:17:59] PVI CPU connected
[18.10.2014 14:18:00] PVI variables connected
[18.10.2014 14:18:00] PVI variables connected
[18.10.2014 14:20:19] PVI service connected
[18.10.2014 14:20:19] PVI CPU connected
[18.10.2014 14:20:20] PVI variables connected
[18.10.2014 14:20:20] PVI variables connected
[18.10.2014 14:22:45] PVI service connected
[18.10.2014 14:22:46] PVI CPU connected
[18.10.2014 14:22:46] PVI variables connected
[18.10.2014 14:22:47] PVI variables connected
[18.10.2014 14:23:31] PVI service connected
[18.10.2014 14:23:31] PVI CPU connected
[18.10.2014 14:23:31] PVI variables connected
[18.10.2014 14:23:31] PVI variables connected
[18.10.2014 14:25:58] PVI service connected
[18.10.2014 14:25:58] PVI CPU connected
[18.10.2014 14:25:59] PVI variables connected
[18.10.2014 14:25:59] PVI variables connected
[18.10.2014 14:26:52] PVI service connected
[18.10.2014 14:26:52] PVI CPU connected
[18.10.2014 14:26:52] PVI variables connected
[18.10.2014 14:26:52] PVI variables connected
[18.10.2014 14:28:57] PVI service connected
[18.10.2014 14:28:57] PVI CPU connected
[18.10.2014 14:28:58] PVI variables connected
[18.10.2014 14:28:58] PVI variables connected
[18.10.2014 14:30:21] PVI service connected
[18.10.2014 14:30:21] PVI CPU connected
[18.10.2014 14:30:22] PVI variables connected
[18.10.2014 14:30:22] PVI variables connected
[18.10.2014 14:32:06] PVI service connected
[18.10.2014 14:32:06] PVI CPU connected
[18.10.2014 14:32:07] PVI variables connected
[18.10.2014 14:32:08] PVI variables connected
[18.10.2014 14:40:23] PVI service connected
[18.10.2014 14:40:23] PVI CPU connected
[18.10.2014 14:40:24] PVI variables connected
[18.10.2014 14:40:24] PVI variables connected
[18.10.2014 15:08:35] PVI service connected
[18.10.2014 15:08:35] PVI CPU connected
[18.10.2014 15:08:36] PVI variables connected
[18.10.2014 15:08:36] PVI variables connected
[18.10.2014 15:54:52] PVI service connected
[18.10.2014 15:54:52] PVI CPU connected
[18.10.2014 15:54:53] PVI variables connected
[18.10.2014 15:54:53] PVI variables connected
[18.10.2014 16:07:50] Штабелер выключен
[18.10.2014 16:07:57] Штабелер готов к выполнению команды
[18.10.2014 16:08:21] Штабелер готов к выполнению команды
[18.10.2014 16:47:53] PVI service connected
[18.10.2014 16:47:53] PVI CPU connected
[18.10.2014 16:47:54] PVI variables connected
[18.10.2014 16:47:54] PVI variables connected
[18.10.2014 17:30:04] Штабелер находиться в состоянии выполнения команды
[18.10.2014 17:31:15] Началось выполнение команды "Взять из ячейки 252"
[18.10.2014 17:31:34] Началось выполнение команды "Положить в ячейку 241"
[18.10.2014 17:31:34] Штабелер находиться в состоянии выполнения команды
[18.10.2014 17:32:05] Штабелер готов к выполнению команды
[18.10.2014 17:32:19] Ошибка: Неверный номер ячейки (50020)
[18.10.2014 17:32:22] Штабелер готов к выполнению команды
[18.10.2014 17:32:27] Ошибка: Неверный номер ячейки (50020)
[18.10.2014 17:35:21] Началось выполнение команды "Взять из ячейки 504"
[18.10.2014 17:37:07] Штабелер готов к выполнению команды
[18.10.2014 17:37:11] Штабелер находиться в состоянии выполнения команды
[18.10.2014 17:39:08] Началось выполнение команды "Взять из ячейки 1"
[18.10.2014 17:39:45] Штабелер готов к выполнению команды
[18.10.2014 17:39:52] Штабелер находиться в состоянии выполнения команды
[18.10.2014 17:41:52] Штабелер не готов выполненять команду
[18.10.2014 17:42:10] Штабелер не готов выполненять команду
[18.10.2014 17:42:11] Штабелер не готов выполненять команду
[18.10.2014 17:44:02] PVI service connecting ...
[18.10.2014 17:44:03] PVI CPU connecting ...
[18.10.2014 17:44:03] PVI variables connecting ...
[18.10.2014 17:44:04] Ошибка: Превышение веса (50012)
[18.10.2014 17:44:25] Штабелер не готов выполненять команду
[18.10.2014 17:44:26] Штабелер не готов выполненять команду
[18.10.2014 17:44:27] Штабелер не готов выполненять команду
[18.10.2014 17:44:28] Штабелер не готов выполненять команду
[18.10.2014 17:44:47] Error:No connection available to the PLC  (4808)
[18.10.2014 17:45:48] PVI variables connecting ...
[18.10.2014 17:45:49] Ошибка: Ошибка определения режима (50013)
[18.10.2014 17:45:52] Ошибка: Превышение веса (50012)
[18.10.2014 17:45:55] Ошибка: Превышение веса (50012)
[18.10.2014 17:46:24] Ошибка: Превышение веса (50012)
[18.10.2014 17:52:04] Штабелер выключен
[18.10.2014 17:55:24] Ошибка: Неизвестная ошибка (50024)
[18.10.2014 17:55:27] Штабелер выключен
[18.10.2014 17:55:43] Штабелер готов к выполнению команды
[18.10.2014 17:56:02] Штабелер готов к выполнению команды
[18.10.2014 17:57:16] Штабелер готов к выполнению команды
[18.10.2014 20:11:31] PVI service connected
[18.10.2014 20:11:36] Error:No connection available to the PLC  (4808)
[18.10.2014 20:59:02] PVI service connected
[18.10.2014 20:59:09] Error:No connection available to the PLC  (4808)
[18.10.2014 22:10:45] PVI service connected
[18.10.2014 22:10:50] Error:No connection available to the PLC  (4808)
[18.10.2014 22:19:24] PVI service connected
[18.10.2014 22:19:29] Error:No connection available to the PLC  (4808)
[18.10.2014 22:25:41] PVI service connected
[18.10.2014 22:25:46] Error:No connection available to the PLC  (4808)
[18.10.2014 22:31:02] PVI service connected
[18.10.2014 22:31:07] Error:No connection available to the PLC  (4808)
[18.10.2014 22:34:42] PVI service connected
[18.10.2014 22:34:47] Error:No connection available to the PLC  (4808)
[18.10.2014 22:37:31] Error:PVI Manager not started  (12050)
[18.10.2014 22:37:37] PVI CPU connecting ...
[18.10.2014 22:46:28] PVI service connecting ...
[18.10.2014 22:46:29] PVI CPU connecting ...
[18.10.2014 23:19:42] PVI service connecting ...
[18.10.2014 23:19:44] PVI CPU connecting ...
[18.10.2014 23:40:03] PVI service connecting ...
[18.10.2014 23:40:06] PVI CPU connecting ...
[18.10.2014 23:41:33] PVI service connected
[18.10.2014 23:41:33] Error:No connection available to the PLC  (4808)
[18.10.2014 23:56:16] PVI service connected
[18.10.2014 23:57:27] PVI service connecting ...
[18.10.2014 23:57:28] PVI CPU connecting ...
[18.10.2014 23:59:38] PVI service connecting ...
[18.10.2014 23:59:40] PVI CPU connecting ...
