[17.10.2014 23:45:53] Error:No connection available to the PLC  (4808)
[17.10.2014 23:45:48] PVI service connected
[17.10.2014 23:33:33] Error:No connection available to the PLC  (4808)
[17.10.2014 23:33:27] PVI service connected
[17.10.2014 23:30:53] Error:No connection available to the PLC  (4808)
[17.10.2014 23:30:47] PVI service connected
[17.10.2014 23:24:55] Error:No connection available to the PLC  (4808)
[17.10.2014 23:24:49] PVI service connected
[17.10.2014 23:12:17] Error:No connection available to the PLC  (4808)
[17.10.2014 23:12:11] PVI service connected
[17.10.2014 23:11:45] PVI service connecting ...
[17.10.2014 22:30:35] PVI CPU connecting ...
[17.10.2014 22:30:33] PVI service connecting ...
[17.10.2014 22:21:05] PVI CPU connecting ...
[17.10.2014 22:21:03] PVI service connecting ...
[17.10.2014 22:11:09] PVI CPU connecting ...
[17.10.2014 22:11:07] PVI service connecting ...
[17.10.2014 22:09:29] PVI CPU connecting ...
[17.10.2014 22:09:27] PVI service connecting ...
[17.10.2014 22:03:17] PVI CPU connecting ...
[17.10.2014 22:03:14] PVI service connecting ...
[17.10.2014 19:01:43] Штабелер выключен
[17.10.2014 19:01:43] PVI variables connecting ...
[17.10.2014 19:01:38] PVI CPU connecting ...
[17.10.2014 19:01:36] PVI service connecting ...
[17.10.2014 18:51:45] Штабелер выключен
[17.10.2014 18:51:42] PVI variables connecting ...
[17.10.2014 18:51:41] PVI CPU connecting ...
[17.10.2014 18:51:39] PVI service connecting ...
[17.10.2014 18:50:57] Штабелер выключен
[17.10.2014 18:50:55] PVI variables connecting ...
[17.10.2014 18:50:55] PVI CPU connecting ...
[17.10.2014 18:50:53] PVI service connecting ...
[17.10.2014 18:49:33] Штабелер выключен
[17.10.2014 18:49:31] PVI variables connecting ...
[17.10.2014 18:49:30] PVI CPU connecting ...
[17.10.2014 18:49:28] PVI service connecting ...
[17.10.2014 18:47:45] PVI CPU connected
[17.10.2014 18:47:44] PVI service connected
[17.10.2014 18:44:18] PVI variables connected
[17.10.2014 18:44:18] PVI variables connected
[17.10.2014 18:44:17] PVI CPU connected
[17.10.2014 18:44:17] PVI service connected
[17.10.2014 18:42:16] PVI variables connected
[17.10.2014 18:42:16] PVI variables connected
[17.10.2014 18:42:15] PVI CPU connected
[17.10.2014 18:42:14] PVI service connected
[17.10.2014 18:41:55] PVI service connecting ...
[17.10.2014 18:11:02] Штабелер не готов выполненять команду
[17.10.2014 18:10:58] Началось выполнение команды "Взять из ячейки 504"
[17.10.2014 18:10:21] Ошибка: Неизвестная ошибка (50020)
[17.10.2014 18:10:21] Началось выполнение команды "Положить в ячейку 504"
[17.10.2014 18:10:02] Штабелер готов к выполнению команды
[17.10.2014 18:09:28] Штабелер находиться в состоянии выполнения команды
[17.10.2014 18:09:28] Началось выполнение команды "Положить в ячейку 252"
[17.10.2014 18:09:19] Штабелер находиться в состоянии выполнения команды
[17.10.2014 18:09:16] Ошибка: Груз на столе (50061)
[17.10.2014 18:09:16] Началось выполнение команды "Взять из ячейки 29"
[17.10.2014 18:09:16] Штабелер не готов выполненять команду
[17.10.2014 18:08:42] Штабелер находиться в состоянии выполнения команды
[17.10.2014 18:08:42] Началось выполнение команды "Положить в ячейку 29"
[17.10.2014 18:08:23] Штабелер готов к выполнению команды
[17.10.2014 18:08:03] Штабелер находиться в состоянии выполнения команды
[17.10.2014 18:08:03] Началось выполнение команды "Положить в ячейку 17"
[17.10.2014 18:07:43] Штабелер готов к выполнению команды
[17.10.2014 18:07:22] Штабелер находиться в состоянии выполнения команды
[17.10.2014 18:07:22] Началось выполнение команды "Положить в ячейку 5"
[17.10.2014 18:07:08] Штабелер находиться в состоянии выполнения команды
[17.10.2014 18:06:58] Ошибка: Груз на столе (50061)
[17.10.2014 18:06:57] Штабелер не готов выполненять команду
[17.10.2014 18:06:53] Началось выполнение команды "Взять из ячейки 253"
[17.10.2014 18:06:24] Штабелер выключен
[17.10.2014 18:06:23] PVI variables connecting ...
[17.10.2014 18:06:23] PVI CPU connecting ...
[17.10.2014 18:06:21] PVI service connecting ...
[17.10.2014 18:05:10] Штабелер находиться в состоянии выполнения команды
[17.10.2014 18:05:10] Штабелер выключен
[17.10.2014 18:05:09] PVI variables connecting ...
[17.10.2014 18:04:54] Error:No connection available to the PLC  (4808)
[17.10.2014 18:04:49] PVI service connected
[17.10.2014 18:01:52] Штабелер находиться в состоянии выполнения команды
[17.10.2014 18:01:39] PVI variables connected
[17.10.2014 18:01:39] PVI variables connected
[17.10.2014 18:01:39] PVI CPU connected
[17.10.2014 18:01:39] PVI service connected
[17.10.2014 17:59:34] PVI variables connected
[17.10.2014 17:59:24] PVI variables connected
[17.10.2014 17:59:23] PVI CPU connected
[17.10.2014 17:59:23] PVI service connected
[17.10.2014 17:57:17] PVI variables connected
[17.10.2014 17:57:17] PVI CPU connected
[17.10.2014 17:57:17] PVI service connected
[17.10.2014 17:56:28] PVI variables connected
[17.10.2014 17:56:28] PVI CPU connected
[17.10.2014 17:56:28] PVI service connected
[17.10.2014 17:55:56] PVI variables connected
[17.10.2014 17:55:56] PVI CPU connected
[17.10.2014 17:55:56] PVI service connected
[17.10.2014 17:55:20] PVI variables connected
[17.10.2014 17:55:20] PVI CPU connected
[17.10.2014 17:55:20] PVI service connected
[17.10.2014 17:54:58] PVI variables connected
[17.10.2014 17:54:58] PVI CPU connected
[17.10.2014 17:54:58] PVI service connected
[17.10.2014 17:50:29] PVI variables connected
[17.10.2014 17:50:29] PVI variables connected
[17.10.2014 17:50:29] PVI CPU connected
[17.10.2014 17:50:29] PVI service connected
[17.10.2014 17:49:26] PVI variables connected
[17.10.2014 17:49:24] PVI variables connected
[17.10.2014 17:49:23] PVI CPU connected
[17.10.2014 17:49:17] PVI service connected
[17.10.2014 17:47:58] Штабелер находиться в состоянии выполнения команды
[17.10.2014 17:47:33] PVI variables connected
[17.10.2014 17:47:33] PVI variables connected
[17.10.2014 17:47:32] PVI CPU connected
[17.10.2014 17:47:29] PVI service connected
[17.10.2014 17:22:55] PVI variables connected
[17.10.2014 17:22:55] PVI variables connected
[17.10.2014 17:22:54] PVI CPU connected
[17.10.2014 17:22:54] PVI service connected
[17.10.2014 17:15:41] PVI variables connected
[17.10.2014 17:15:14] PVI variables connected
[17.10.2014 17:15:13] PVI CPU connected
[17.10.2014 17:15:11] PVI service connected
[17.10.2014 17:09:50] Штабелер находиться в состоянии выполнения команды
[17.10.2014 17:08:34] PVI variables connected
[17.10.2014 17:08:34] PVI variables connected
[17.10.2014 17:08:33] PVI CPU connected
[17.10.2014 17:08:33] PVI service connected
[17.10.2014 17:04:16] Штабелер находиться в состоянии выполнения команды
[17.10.2014 17:04:04] Штабелер выключен
[17.10.2014 17:04:03] PVI variables connecting ...
[17.10.2014 17:04:03] PVI CPU connecting ...
[17.10.2014 17:04:01] PVI service connecting ...
[17.10.2014 17:02:36] PVI CPU connecting ...
[17.10.2014 17:02:35] PVI service connecting ...
[17.10.2014 17:01:46] Ошибка привода
[17.10.2014 17:01:45] Штабелер не готов выполненять команду
[17.10.2014 17:00:40] Штабелер выключен
[17.10.2014 17:00:39] PVI variables connecting ...
[17.10.2014 17:00:38] PVI CPU connecting ...
[17.10.2014 17:00:36] PVI service connecting ...
[17.10.2014 16:58:38] Штабелер выключен
[17.10.2014 16:58:38] PVI variables connecting ...
[17.10.2014 16:58:22] Error: (13034)
[17.10.2014 16:58:17] PVI service connected
[17.10.2014 16:55:39] Error: (13034)
[17.10.2014 16:55:34] PVI service connected
[17.10.2014 16:53:58] Error: (13034)
[17.10.2014 16:53:53] PVI service connected
[17.10.2014 16:52:52] Error: (13034)
[17.10.2014 16:52:47] PVI service connected
[17.10.2014 16:50:13] Error: (13034)
[17.10.2014 16:50:08] PVI service connected
[17.10.2014 16:48:29] Error: (13034)
[17.10.2014 16:48:24] PVI service connected
[17.10.2014 16:46:15] Error: (13034)
[17.10.2014 16:46:10] PVI service connected
[17.10.2014 16:44:17] Error: (13034)
[17.10.2014 16:44:12] PVI service connected
[17.10.2014 16:43:30] Error: (13034)
[17.10.2014 16:43:25] PVI service connected
[17.10.2014 16:40:51] Error: (13034)
[17.10.2014 16:40:45] PVI service connected
[17.10.2014 16:37:33] Error:No connection available to the PLC  (4808)
[17.10.2014 16:37:27] PVI service connected
[17.10.2014 16:27:40] Error:No connection available to the PLC  (4808)
[17.10.2014 16:27:35] PVI service connected
[17.10.2014 16:22:38] Error:No connection available to the PLC  (4808)
[17.10.2014 16:22:33] PVI service connected
[17.10.2014 16:15:13] Error:No connection available to the PLC  (4808)
[17.10.2014 16:15:08] PVI service connected
[17.10.2014 16:11:58] Error:No connection available to the PLC  (4808)
[17.10.2014 16:11:52] PVI service connected
[17.10.2014 16:11:38] PVI service connecting ...
[17.10.2014 16:06:50] PVI CPU connecting ...
[17.10.2014 16:06:49] PVI service connecting ...
[17.10.2014 15:58:39] PVI CPU connecting ...
[17.10.2014 15:58:38] PVI service connecting ...
[17.10.2014 15:56:57] PVI CPU connecting ...
[17.10.2014 15:56:56] PVI service connecting ...
[17.10.2014 15:54:52] PVI CPU connecting ...
[17.10.2014 15:54:50] PVI service connecting ...
[17.10.2014 15:53:30] PVI CPU connecting ...
[17.10.2014 15:53:28] PVI service connecting ...
[17.10.2014 15:38:57] PVI CPU connecting ...
[17.10.2014 15:38:55] PVI service connecting ...
[17.10.2014 15:20:08] PVI CPU connecting ...
[17.10.2014 15:20:07] PVI service connecting ...
[17.10.2014 15:19:11] PVI CPU connecting ...
[17.10.2014 15:19:10] PVI service connecting ...
[17.10.2014 15:17:02] PVI CPU connecting ...
[17.10.2014 15:17:00] PVI service connecting ...
[17.10.2014 15:10:14] PVI CPU connecting ...
[17.10.2014 15:10:13] PVI service connecting ...
[17.10.2014 15:08:36] PVI CPU connecting ...
[17.10.2014 15:08:35] PVI service connecting ...
[17.10.2014 15:04:41] PVI CPU connecting ...
[17.10.2014 15:04:40] PVI service connecting ...
[17.10.2014 15:02:41] PVI CPU connecting ...
[17.10.2014 15:02:40] PVI service connecting ...
[17.10.2014 14:55:35] PVI CPU connecting ...
[17.10.2014 14:55:34] PVI service connecting ...
[17.10.2014 14:55:03] PVI CPU connecting ...
[17.10.2014 14:55:02] PVI service connecting ...
[17.10.2014 14:47:53] PVI CPU connecting ...
[17.10.2014 14:47:52] PVI service connecting ...
[17.10.2014 14:45:06] PVI CPU connecting ...
[17.10.2014 14:45:05] PVI service connecting ...
[17.10.2014 14:40:48] PVI CPU connecting ...
[17.10.2014 14:40:47] PVI service connecting ...
[17.10.2014 14:36:21] PVI CPU connecting ...
[17.10.2014 14:36:20] PVI service connecting ...
[17.10.2014 14:20:53] PVI CPU connecting ...
[17.10.2014 14:20:52] PVI service connecting ...
[17.10.2014 14:12:37] PVI CPU connecting ...
[17.10.2014 14:12:36] PVI service connecting ...
[17.10.2014 14:08:57] PVI CPU connecting ...
[17.10.2014 14:08:54] Error:PVI Manager not started  (12050)
[17.10.2014 14:05:00] Error:No connection available to the PLC  (4808)
[17.10.2014 14:05:00] PVI service connected
[17.10.2014 14:04:14] Error:No connection available to the PLC  (4808)
[17.10.2014 14:04:09] PVI service connected
[17.10.2014 13:46:44] Error:No connection available to the PLC  (4808)
[17.10.2014 13:46:44] PVI service connected
[17.10.2014 13:45:08] Error:No connection available to the PLC  (4808)
[17.10.2014 13:45:03] PVI service connected
[17.10.2014 13:35:04] Error:No connection available to the PLC  (4808)
[17.10.2014 13:35:04] PVI service connected
[17.10.2014 13:30:45] Error:No connection available to the PLC  (4808)
[17.10.2014 13:30:40] PVI service connected
[17.10.2014 13:30:01] Error:No connection available to the PLC  (4808)
[17.10.2014 13:29:55] PVI service connected
[17.10.2014 12:54:01] Error:No connection available to the PLC  (4808)
[17.10.2014 12:54:01] PVI service connected
[17.10.2014 12:52:56] Error:No connection available to the PLC  (4808)
[17.10.2014 12:52:51] PVI service connected
[17.10.2014 12:51:41] PVI CPU connecting ...
[17.10.2014 12:51:41] PVI service connecting ...
[17.10.2014 12:49:48] PVI CPU connecting ...
[17.10.2014 12:49:48] PVI service connecting ...
[17.10.2014 12:49:04] PVI CPU connecting ...
[17.10.2014 12:49:03] PVI service connecting ...
[17.10.2014 12:47:16] PVI CPU connecting ...
[17.10.2014 12:47:15] PVI service connecting ...
[17.10.2014 12:46:34] PVI CPU connecting ...
[17.10.2014 12:46:33] PVI service connecting ...
[17.10.2014 12:45:18] PVI CPU connecting ...
[17.10.2014 12:45:18] PVI service connecting ...
[17.10.2014 12:43:12] PVI CPU connecting ...
[17.10.2014 12:43:11] PVI service connecting ...
[17.10.2014 12:39:59] PVI CPU connecting ...
[17.10.2014 12:39:58] PVI service connecting ...
[17.10.2014 12:36:07] PVI CPU connecting ...
[17.10.2014 12:36:07] PVI service connecting ...
[17.10.2014 12:32:17] PVI CPU connecting ...
[17.10.2014 12:32:17] PVI service connecting ...
[17.10.2014 12:26:31] PVI CPU connecting ...
[17.10.2014 12:26:30] PVI service connecting ...
[17.10.2014 12:23:27] PVI CPU connecting ...
[17.10.2014 12:23:27] PVI service connecting ...
[17.10.2014 12:18:48] PVI CPU connecting ...
[17.10.2014 12:18:47] PVI service connecting ...
[17.10.2014 12:15:03] PVI CPU connecting ...
[17.10.2014 12:15:02] PVI service connecting ...
[17.10.2014 11:24:25] PVI CPU connecting ...
[17.10.2014 11:24:24] PVI service connecting ...
[17.10.2014 11:21:34] PVI CPU connecting ...
[17.10.2014 11:21:33] PVI service connecting ...
[17.10.2014 11:17:33] PVI CPU connecting ...
[17.10.2014 11:17:32] PVI service connecting ...
[17.10.2014 11:09:23] PVI CPU connecting ...
[17.10.2014 11:09:22] PVI service connecting ...
[17.10.2014 10:59:16] PVI CPU connecting ...
[17.10.2014 10:59:15] PVI service connecting ...
[17.10.2014 10:49:44] PVI CPU connecting ...
[17.10.2014 10:49:43] PVI service connecting ...
[17.10.2014 10:45:20] PVI CPU connecting ...
[17.10.2014 10:45:20] PVI service connecting ...
[17.10.2014 10:36:08] PVI CPU connecting ...
[17.10.2014 10:36:08] PVI service connecting ...
[17.10.2014 10:34:05] PVI CPU connecting ...
[17.10.2014 10:34:04] PVI service connecting ...
[17.10.2014 10:32:31] PVI CPU connecting ...
[17.10.2014 10:32:31] PVI service connecting ...
[17.10.2014 10:29:25] PVI CPU connecting ...
[17.10.2014 10:29:24] PVI service connecting ...
[17.10.2014 10:25:10] PVI CPU connecting ...
[17.10.2014 10:25:09] PVI service connecting ...
[17.10.2014 10:19:54] PVI CPU connecting ...
[17.10.2014 10:19:53] PVI service connecting ...
[17.10.2014 10:18:08] PVI CPU connecting ...
[17.10.2014 10:18:07] PVI service connecting ...
[17.10.2014 10:16:24] PVI CPU connecting ...
[17.10.2014 10:16:23] PVI service connecting ...
[17.10.2014 10:14:52] PVI CPU connecting ...
[17.10.2014 10:14:51] PVI service connecting ...
[17.10.2014 10:12:17] PVI CPU connecting ...
[17.10.2014 10:12:16] PVI service connecting ...
[17.10.2014 10:11:16] PVI CPU connecting ...
[17.10.2014 10:11:14] Error:PVI Manager not started  (12050)
[17.10.2014 10:02:27] Error:No connection available to the PLC  (4808)
[17.10.2014 10:02:22] PVI service connected
[17.10.2014 9:57:25] Error:No connection available to the PLC  (4808)
[17.10.2014 9:57:20] PVI service connected
[17.10.2014 9:55:30] Error:No connection available to the PLC  (4808)
[17.10.2014 9:55:30] PVI service connected
[17.10.2014 9:54:13] Error:No connection available to the PLC  (4808)
[17.10.2014 9:54:08] PVI service connected
[17.10.2014 9:04:01] Error:No connection available to the PLC  (4808)
[17.10.2014 9:03:55] PVI service connected
[17.10.2014 8:53:23] Error:No connection available to the PLC  (4808)
[17.10.2014 8:53:17] PVI service connected
[17.10.2014 1:39:48] Error:No connection available to the PLC  (4808)
[17.10.2014 1:39:42] PVI service connected
[17.10.2014 1:16:03] Error:No connection available to the PLC  (4808)
[17.10.2014 1:15:58] PVI service connected
[17.10.2014 0:51:42] Error:No connection available to the PLC  (4808)
[17.10.2014 0:51:37] PVI service connected
[17.10.2014 0:50:59] PVI service connecting ...
[17.10.2014 0:50:59] PVI service connecting ...
[17.10.2014 0:51:34] Error:PVI Manager not started  (12050)
[17.10.2014 0:51:37] PVI CPU connecting ...
[17.10.2014 1:15:56] PVI service connecting ...
[17.10.2014 1:15:58] PVI CPU connecting ...
[17.10.2014 1:39:42] PVI service connecting ...
[17.10.2014 1:39:42] PVI CPU connecting ...
[17.10.2014 8:53:17] PVI service connecting ...
[17.10.2014 8:53:17] PVI CPU connecting ...
[17.10.2014 9:03:48] PVI service connecting ...
[17.10.2014 9:03:55] PVI CPU connecting ...
[17.10.2014 9:54:07] PVI service connecting ...
[17.10.2014 9:54:08] PVI CPU connecting ...
[17.10.2014 9:55:30] PVI service connecting ...
[17.10.2014 9:55:30] PVI CPU connecting ...
[17.10.2014 9:57:19] PVI service connecting ...
[17.10.2014 9:57:20] PVI CPU connecting ...
[17.10.2014 10:02:22] PVI service connecting ...
[17.10.2014 10:02:22] PVI CPU connecting ...
[17.10.2014 10:11:02] PVI service connecting ...
[17.10.2014 10:11:16] PVI service connected
[17.10.2014 10:11:22] Error:No connection available to the PLC  (4808)
[17.10.2014 10:12:17] PVI service connected
[17.10.2014 10:12:17] Error:No connection available to the PLC  (4808)
[17.10.2014 10:14:52] PVI service connected
[17.10.2014 10:14:52] Error:No connection available to the PLC  (4808)
[17.10.2014 10:16:24] PVI service connected
[17.10.2014 10:16:29] Error:No connection available to the PLC  (4808)
[17.10.2014 10:18:08] PVI service connected
[17.10.2014 10:18:08] Error:No connection available to the PLC  (4808)
[17.10.2014 10:19:54] PVI service connected
[17.10.2014 10:19:59] Error:No connection available to the PLC  (4808)
[17.10.2014 10:25:10] PVI service connected
[17.10.2014 10:25:15] Error:No connection available to the PLC  (4808)
[17.10.2014 10:29:25] PVI service connected
[17.10.2014 10:29:30] Error:No connection available to the PLC  (4808)
[17.10.2014 10:32:31] PVI service connected
[17.10.2014 10:32:36] Error:No connection available to the PLC  (4808)
[17.10.2014 10:34:05] PVI service connected
[17.10.2014 10:34:10] Error:No connection available to the PLC  (4808)
[17.10.2014 10:36:08] PVI service connected
[17.10.2014 10:36:13] Error:No connection available to the PLC  (4808)
[17.10.2014 10:45:20] PVI service connected
[17.10.2014 10:45:26] Error:No connection available to the PLC  (4808)
[17.10.2014 10:49:44] PVI service connected
[17.10.2014 10:49:49] Error:No connection available to the PLC  (4808)
[17.10.2014 10:59:16] PVI service connected
[17.10.2014 10:59:21] Error:No connection available to the PLC  (4808)
[17.10.2014 11:09:23] PVI service connected
[17.10.2014 11:09:28] Error:No connection available to the PLC  (4808)
[17.10.2014 11:17:33] PVI service connected
[17.10.2014 11:17:45] Error:No connection available to the PLC  (4808)
[17.10.2014 11:21:34] PVI service connected
[17.10.2014 11:21:39] Error:No connection available to the PLC  (4808)
[17.10.2014 11:24:25] PVI service connected
[17.10.2014 11:24:30] Error:No connection available to the PLC  (4808)
[17.10.2014 12:15:03] PVI service connected
[17.10.2014 12:15:09] Error:No connection available to the PLC  (4808)
[17.10.2014 12:18:48] PVI service connected
[17.10.2014 12:18:53] Error:No connection available to the PLC  (4808)
[17.10.2014 12:23:27] PVI service connected
[17.10.2014 12:23:32] Error:No connection available to the PLC  (4808)
[17.10.2014 12:26:31] PVI service connected
[17.10.2014 12:26:36] Error:No connection available to the PLC  (4808)
[17.10.2014 12:32:17] PVI service connected
[17.10.2014 12:32:22] Error:No connection available to the PLC  (4808)
[17.10.2014 12:36:07] PVI service connected
[17.10.2014 12:36:12] Error:No connection available to the PLC  (4808)
[17.10.2014 12:39:59] PVI service connected
[17.10.2014 12:40:04] Error:No connection available to the PLC  (4808)
[17.10.2014 12:43:12] PVI service connected
[17.10.2014 12:43:17] Error:No connection available to the PLC  (4808)
[17.10.2014 12:45:18] PVI service connected
[17.10.2014 12:45:23] Error:No connection available to the PLC  (4808)
[17.10.2014 12:46:34] PVI service connected
[17.10.2014 12:46:39] Error:No connection available to the PLC  (4808)
[17.10.2014 12:47:16] PVI service connected
[17.10.2014 12:47:21] Error:No connection available to the PLC  (4808)
[17.10.2014 12:49:04] PVI service connected
[17.10.2014 12:49:04] Error:No connection available to the PLC  (4808)
[17.10.2014 12:49:48] PVI service connected
[17.10.2014 12:49:53] Error:No connection available to the PLC  (4808)
[17.10.2014 12:51:41] PVI service connected
[17.10.2014 12:52:50] PVI service connecting ...
[17.10.2014 12:52:51] PVI CPU connecting ...
[17.10.2014 12:54:00] PVI service connecting ...
[17.10.2014 12:54:01] PVI CPU connecting ...
[17.10.2014 13:29:54] PVI service connecting ...
[17.10.2014 13:29:55] PVI CPU connecting ...
[17.10.2014 13:30:39] PVI service connecting ...
[17.10.2014 13:30:40] PVI CPU connecting ...
[17.10.2014 13:35:03] PVI service connecting ...
[17.10.2014 13:35:04] PVI CPU connecting ...
[17.10.2014 13:45:03] PVI service connecting ...
[17.10.2014 13:45:03] PVI CPU connecting ...
[17.10.2014 13:46:43] PVI service connecting ...
[17.10.2014 13:46:44] PVI CPU connecting ...
[17.10.2014 14:04:08] PVI service connecting ...
[17.10.2014 14:04:09] PVI CPU connecting ...
[17.10.2014 14:04:59] PVI service connecting ...
[17.10.2014 14:05:00] PVI CPU connecting ...
[17.10.2014 14:08:22] PVI service connecting ...
[17.10.2014 14:08:57] PVI service connected
[17.10.2014 14:09:02] Error:No connection available to the PLC  (4808)
[17.10.2014 14:12:37] PVI service connected
[17.10.2014 14:12:42] Error:No connection available to the PLC  (4808)
[17.10.2014 14:20:53] PVI service connected
[17.10.2014 14:20:58] Error:No connection available to the PLC  (4808)
[17.10.2014 14:36:21] PVI service connected
[17.10.2014 14:36:26] Error:No connection available to the PLC  (4808)
[17.10.2014 14:40:48] PVI service connected
[17.10.2014 14:40:53] Error:No connection available to the PLC  (4808)
[17.10.2014 14:45:06] PVI service connected
[17.10.2014 14:45:11] Error:No connection available to the PLC  (4808)
[17.10.2014 14:47:53] PVI service connected
[17.10.2014 14:47:58] Error:No connection available to the PLC  (4808)
[17.10.2014 14:55:03] PVI service connected
[17.10.2014 14:55:08] Error:No connection available to the PLC  (4808)
[17.10.2014 14:55:35] PVI service connected
[17.10.2014 14:55:40] Error:No connection available to the PLC  (4808)
[17.10.2014 15:02:41] PVI service connected
[17.10.2014 15:02:46] Error:No connection available to the PLC  (4808)
[17.10.2014 15:04:41] PVI service connected
[17.10.2014 15:04:46] Error:No connection available to the PLC  (4808)
[17.10.2014 15:08:36] PVI service connected
[17.10.2014 15:08:41] Error:No connection available to the PLC  (4808)
[17.10.2014 15:10:14] PVI service connected
[17.10.2014 15:10:19] Error:No connection available to the PLC  (4808)
[17.10.2014 15:17:02] PVI service connected
[17.10.2014 15:17:07] Error:No connection available to the PLC  (4808)
[17.10.2014 15:19:11] PVI service connected
[17.10.2014 15:19:16] Error:No connection available to the PLC  (4808)
[17.10.2014 15:20:08] PVI service connected
[17.10.2014 15:20:13] Error:No connection available to the PLC  (4808)
[17.10.2014 15:38:57] PVI service connected
[17.10.2014 15:39:02] Error:No connection available to the PLC  (4808)
[17.10.2014 15:53:30] PVI service connected
[17.10.2014 15:53:35] Error:No connection available to the PLC  (4808)
[17.10.2014 15:54:52] PVI service connected
[17.10.2014 15:54:57] Error:No connection available to the PLC  (4808)
[17.10.2014 15:56:57] PVI service connected
[17.10.2014 15:57:02] Error:No connection available to the PLC  (4808)
[17.10.2014 15:58:39] PVI service connected
[17.10.2014 15:58:44] Error:No connection available to the PLC  (4808)
[17.10.2014 16:06:50] PVI service connected
[17.10.2014 16:06:56] Error:No connection available to the PLC  (4808)
[17.10.2014 16:11:50] Error:PVI Manager not started  (12050)
[17.10.2014 16:11:52] PVI CPU connecting ...
[17.10.2014 16:15:06] PVI service connecting ...
[17.10.2014 16:15:08] PVI CPU connecting ...
[17.10.2014 16:22:32] PVI service connecting ...
[17.10.2014 16:22:33] PVI CPU connecting ...
[17.10.2014 16:27:31] PVI service connecting ...
[17.10.2014 16:27:35] PVI CPU connecting ...
[17.10.2014 16:37:26] PVI service connecting ...
[17.10.2014 16:37:27] PVI CPU connecting ...
[17.10.2014 16:40:44] PVI service connecting ...
[17.10.2014 16:40:45] PVI CPU connecting ...
[17.10.2014 16:43:24] PVI service connecting ...
[17.10.2014 16:43:25] PVI CPU connecting ...
[17.10.2014 16:44:11] PVI service connecting ...
[17.10.2014 16:44:12] PVI CPU connecting ...
[17.10.2014 16:46:09] PVI service connecting ...
[17.10.2014 16:46:10] PVI CPU connecting ...
[17.10.2014 16:48:22] PVI service connecting ...
[17.10.2014 16:48:24] PVI CPU connecting ...
[17.10.2014 16:50:07] PVI service connecting ...
[17.10.2014 16:50:08] PVI CPU connecting ...
[17.10.2014 16:52:46] PVI service connecting ...
[17.10.2014 16:52:47] PVI CPU connecting ...
[17.10.2014 16:53:51] PVI service connecting ...
[17.10.2014 16:53:53] PVI CPU connecting ...
[17.10.2014 16:55:32] PVI service connecting ...
[17.10.2014 16:55:34] PVI CPU connecting ...
[17.10.2014 16:58:16] PVI service connecting ...
[17.10.2014 16:58:17] PVI CPU connecting ...
[17.10.2014 16:58:38] PVI CPU connected
[17.10.2014 16:58:38] PVI variables connected
[17.10.2014 16:58:38] PVI variables connected
[17.10.2014 17:00:38] PVI service connected
[17.10.2014 17:00:39] PVI CPU connected
[17.10.2014 17:00:40] PVI variables connected
[17.10.2014 17:00:40] PVI variables connected
[17.10.2014 17:01:46] Ошибка: Превышение веса (50000)
[17.10.2014 17:01:50] Error:No connection available to the PLC  (4808)
[17.10.2014 17:02:36] PVI service connected
[17.10.2014 17:02:41] Error:No connection available to the PLC  (4808)
[17.10.2014 17:04:03] PVI service connected
[17.10.2014 17:04:03] PVI CPU connected
[17.10.2014 17:04:04] PVI variables connected
[17.10.2014 17:04:04] PVI variables connected
[17.10.2014 17:08:31] PVI service connecting ...
[17.10.2014 17:08:33] PVI CPU connecting ...
[17.10.2014 17:08:33] PVI variables connecting ...
[17.10.2014 17:08:34] Штабелер находиться в состоянии выполнения команды
[17.10.2014 17:09:50] Штабелер готов к выполнению команды
[17.10.2014 17:15:07] PVI service connecting ...
[17.10.2014 17:15:11] PVI CPU connecting ...
[17.10.2014 17:15:13] PVI variables connecting ...
[17.10.2014 17:15:39] Штабелер находиться в состоянии выполнения команды
[17.10.2014 17:22:52] PVI service connecting ...
[17.10.2014 17:22:54] PVI CPU connecting ...
[17.10.2014 17:22:54] PVI variables connecting ...
[17.10.2014 17:22:55] Штабелер выключен
[17.10.2014 17:47:26] PVI service connecting ...
[17.10.2014 17:47:29] PVI CPU connecting ...
[17.10.2014 17:47:32] PVI variables connecting ...
[17.10.2014 17:47:33] Штабелер находиться в состоянии выполнения команды
[17.10.2014 17:47:58] Штабелер готов к выполнению команды
[17.10.2014 17:49:15] PVI service connecting ...
[17.10.2014 17:49:17] PVI CPU connecting ...
[17.10.2014 17:49:23] PVI variables connecting ...
[17.10.2014 17:49:26] Штабелер находиться в состоянии выполнения команды
[17.10.2014 17:50:28] PVI service connecting ...
[17.10.2014 17:50:29] PVI CPU connecting ...
[17.10.2014 17:50:29] PVI variables connecting ...
[17.10.2014 17:50:29] Штабелер находиться в состоянии выполнения команды
[17.10.2014 17:54:56] PVI service connecting ...
[17.10.2014 17:54:58] PVI CPU connecting ...
[17.10.2014 17:54:58] PVI variables connecting ...
[17.10.2014 17:55:18] PVI service connecting ...
[17.10.2014 17:55:20] PVI CPU connecting ...
[17.10.2014 17:55:20] PVI variables connecting ...
[17.10.2014 17:55:54] PVI service connecting ...
[17.10.2014 17:55:56] PVI CPU connecting ...
[17.10.2014 17:55:56] PVI variables connecting ...
[17.10.2014 17:56:26] PVI service connecting ...
[17.10.2014 17:56:28] PVI CPU connecting ...
[17.10.2014 17:56:28] PVI variables connecting ...
[17.10.2014 17:57:16] PVI service connecting ...
[17.10.2014 17:57:17] PVI CPU connecting ...
[17.10.2014 17:57:17] PVI variables connecting ...
[17.10.2014 17:59:21] PVI service connecting ...
[17.10.2014 17:59:23] PVI CPU connecting ...
[17.10.2014 17:59:23] PVI variables connecting ...
[17.10.2014 17:59:34] Штабелер находиться в состоянии выполнения команды
[17.10.2014 18:01:37] PVI service connecting ...
[17.10.2014 18:01:39] PVI CPU connecting ...
[17.10.2014 18:01:39] PVI variables connecting ...
[17.10.2014 18:01:39] Штабелер находиться в состоянии выполнения команды
[17.10.2014 18:01:52] Штабелер готов к выполнению команды
[17.10.2014 18:04:47] PVI service connecting ...
[17.10.2014 18:04:49] PVI CPU connecting ...
[17.10.2014 18:05:09] PVI CPU connected
[17.10.2014 18:05:10] PVI variables connected
[17.10.2014 18:05:10] PVI variables connected
[17.10.2014 18:05:10] Штабелер готов к выполнению команды
[17.10.2014 18:06:23] PVI service connected
[17.10.2014 18:06:23] PVI CPU connected
[17.10.2014 18:06:24] PVI variables connected
[17.10.2014 18:06:24] PVI variables connected
[17.10.2014 18:06:54] Ошибка: Груз на столе (50061)
[17.10.2014 18:06:57] Штабелер готов к выполнению команды
[17.10.2014 18:07:07] Штабелер готов к выполнению команды
[17.10.2014 18:07:08] Ошибка: Груз на столе (50061)
[17.10.2014 18:07:22] Штабелер готов к выполнению команды
[17.10.2014 18:07:43] Началось выполнение команды "Взять из ячейки 5"
[17.10.2014 18:07:44] Штабелер находиться в состоянии выполнения команды
[17.10.2014 18:08:03] Штабелер готов к выполнению команды
[17.10.2014 18:08:23] Началось выполнение команды "Взять из ячейки 17"
[17.10.2014 18:08:23] Штабелер находиться в состоянии выполнения команды
[17.10.2014 18:08:42] Штабелер готов к выполнению команды
[17.10.2014 18:08:47] Ошибка: Неизвестная ошибка (50052)
[17.10.2014 18:09:16] Штабелер находиться в состоянии выполнения команды
[17.10.2014 18:09:16] Штабелер готов к выполнению команды
[17.10.2014 18:09:19] Штабелер готов к выполнению команды
[17.10.2014 18:09:19] Ошибка: Груз на столе (50061)
[17.10.2014 18:09:28] Штабелер готов к выполнению команды
[17.10.2014 18:10:02] Началось выполнение команды "Взять из ячейки 252"
[17.10.2014 18:10:02] Штабелер находиться в состоянии выполнения команды
[17.10.2014 18:10:21] Штабелер готов к выполнению команды
[17.10.2014 18:10:50] Штабелер готов к выполнению команды
[17.10.2014 18:10:58] Ошибка: Неизвестная ошибка (50020)
[17.10.2014 18:11:02] Штабелер готов к выполнению команды
[17.10.2014 18:42:09] Error:PVI Manager not started  (12050)
[17.10.2014 18:42:14] PVI CPU connecting ...
[17.10.2014 18:42:15] PVI variables connecting ...
[17.10.2014 18:42:16] Штабелер выключен
[17.10.2014 18:44:15] PVI service connecting ...
[17.10.2014 18:44:17] PVI CPU connecting ...
[17.10.2014 18:44:17] PVI variables connecting ...
[17.10.2014 18:44:18] Штабелер выключен
[17.10.2014 18:47:42] PVI service connecting ...
[17.10.2014 18:47:44] PVI CPU connecting ...
[17.10.2014 18:47:45] PVI variables connecting ...
[17.10.2014 18:49:30] PVI service connected
[17.10.2014 18:49:31] PVI CPU connected
[17.10.2014 18:49:33] PVI variables connected
[17.10.2014 18:49:33] PVI variables connected
[17.10.2014 18:50:55] PVI service connected
[17.10.2014 18:50:55] PVI CPU connected
[17.10.2014 18:50:57] PVI variables connected
[17.10.2014 18:50:57] PVI variables connected
[17.10.2014 18:51:41] PVI service connected
[17.10.2014 18:51:42] PVI CPU connected
[17.10.2014 18:51:45] PVI variables connected
[17.10.2014 18:51:45] PVI variables connected
[17.10.2014 19:01:38] PVI service connected
[17.10.2014 19:01:42] PVI CPU connected
[17.10.2014 19:01:43] PVI variables connected
[17.10.2014 19:01:43] PVI variables connected
[17.10.2014 22:03:17] PVI service connected
[17.10.2014 22:03:22] Error:No connection available to the PLC  (4808)
[17.10.2014 22:09:29] PVI service connected
[17.10.2014 22:09:35] Error:No connection available to the PLC  (4808)
[17.10.2014 22:11:09] PVI service connected
[17.10.2014 22:11:15] Error:No connection available to the PLC  (4808)
[17.10.2014 22:21:05] PVI service connected
[17.10.2014 22:21:11] Error:No connection available to the PLC  (4808)
[17.10.2014 22:30:35] PVI service connected
[17.10.2014 22:30:40] Error:No connection available to the PLC  (4808)
[17.10.2014 23:12:05] Error:PVI Manager not started  (12050)
[17.10.2014 23:12:11] PVI CPU connecting ...
[17.10.2014 23:24:46] PVI service connecting ...
[17.10.2014 23:24:49] PVI CPU connecting ...
[17.10.2014 23:30:44] PVI service connecting ...
[17.10.2014 23:30:47] PVI CPU connecting ...
[17.10.2014 23:33:24] PVI service connecting ...
[17.10.2014 23:33:27] PVI CPU connecting ...
[17.10.2014 23:45:45] PVI service connecting ...
[17.10.2014 23:45:48] PVI CPU connecting ...
