[16.10.2014 18:30:21] Error:No connection available to the PLC  (4808)
[16.10.2014 18:30:16] PVI service connected
[16.10.2014 17:55:02] Error:No connection available to the PLC  (4808)
[16.10.2014 17:54:56] PVI service connected
[16.10.2014 17:43:43] Error:No connection available to the PLC  (4808)
[16.10.2014 17:43:38] PVI service connected
[16.10.2014 17:36:10] Error:No connection available to the PLC  (4808)
[16.10.2014 17:35:53] PVI service connected
[16.10.2014 17:31:56] Error:No connection available to the PLC  (4808)
[16.10.2014 17:31:51] PVI service connected
[16.10.2014 17:21:41] Error:No connection available to the PLC  (4808)
[16.10.2014 17:21:35] PVI service connected
[16.10.2014 17:21:02] PVI service connecting ...
[16.10.2014 15:04:21] PVI CPU connecting ...
[16.10.2014 15:04:20] PVI service connecting ...
[16.10.2014 14:58:39] PVI CPU connecting ...
[16.10.2014 14:58:39] PVI service connecting ...
[16.10.2014 14:51:56] PVI CPU connecting ...
[16.10.2014 14:51:54] PVI service connecting ...
[16.10.2014 12:08:58] PVI CPU connecting ...
[16.10.2014 12:08:57] PVI service connecting ...
[16.10.2014 10:01:38] PVI CPU connecting ...
[16.10.2014 10:01:37] PVI service connecting ...
[16.10.2014 9:48:37] PVI CPU connecting ...
[16.10.2014 9:48:36] PVI service connecting ...
[16.10.2014 9:48:36] PVI service connecting ...
[16.10.2014 9:48:37] PVI service connected
[16.10.2014 9:48:43] Error:No connection available to the PLC  (4808)
[16.10.2014 10:01:38] PVI service connected
[16.10.2014 10:01:43] Error:No connection available to the PLC  (4808)
[16.10.2014 12:08:58] PVI service connected
[16.10.2014 12:09:03] Error:No connection available to the PLC  (4808)
[16.10.2014 14:51:56] PVI service connected
[16.10.2014 14:52:01] Error:No connection available to the PLC  (4808)
[16.10.2014 14:58:39] PVI service connected
[16.10.2014 14:58:44] Error:No connection available to the PLC  (4808)
[16.10.2014 15:04:21] PVI service connected
[16.10.2014 15:04:26] Error:No connection available to the PLC  (4808)
[16.10.2014 17:21:31] Error:PVI Manager not started  (12050)
[16.10.2014 17:21:35] PVI CPU connecting ...
[16.10.2014 17:31:49] PVI service connecting ...
[16.10.2014 17:31:51] PVI CPU connecting ...
[16.10.2014 17:35:52] PVI service connecting ...
[16.10.2014 17:35:53] PVI CPU connecting ...
[16.10.2014 17:43:37] PVI service connecting ...
[16.10.2014 17:43:38] PVI CPU connecting ...
[16.10.2014 17:54:56] PVI service connecting ...
[16.10.2014 17:54:56] PVI CPU connecting ...
[16.10.2014 18:30:15] PVI service connecting ...
[16.10.2014 18:30:16] PVI CPU connecting ...
