[11.10.2014 0:56:53] PVI variables connected
[11.10.2014 0:56:53] PVI variables connected
[11.10.2014 0:56:53] PVI CPU connected
[11.10.2014 0:56:53] PVI service connected
[11.10.2014 0:09:39] PVI variables connected
[11.10.2014 0:09:39] PVI variables connected
[11.10.2014 0:09:39] PVI CPU connected
[11.10.2014 0:09:39] PVI service connected
[11.10.2014 0:08:27] Штабелер не готов выполненять команду
[11.10.2014 0:08:25] Штабелер выключен
[11.10.2014 0:08:11] Ошибка привода
[11.10.2014 0:08:09] PVI variables connected
[11.10.2014 0:08:09] PVI CPU connected
[11.10.2014 0:08:09] PVI variables connected
[11.10.2014 0:07:47] PVI variables connected
[11.10.2014 0:07:47] PVI variables connected
[11.10.2014 0:07:47] PVI variables connected
[11.10.2014 0:07:47] PVI variables connected
[11.10.2014 0:07:47] PVI variables connected
[11.10.2014 0:07:47] PVI variables connected
[11.10.2014 0:07:47] PVI variables connected
[11.10.2014 0:07:47] PVI variables connected
[11.10.2014 0:07:47] PVI variables connected
[11.10.2014 0:07:47] PVI variables connected
[11.10.2014 0:07:47] PVI variables connected
[11.10.2014 0:07:47] PVI variables connected
[11.10.2014 0:07:47] PVI variables connected
[11.10.2014 0:07:47] PVI variables connected
[11.10.2014 0:07:47] PVI variables connected
[11.10.2014 0:07:47] PVI variables connected
[11.10.2014 0:07:47] PVI variables connected
[11.10.2014 0:07:47] PVI variables connected
[11.10.2014 0:07:47] PVI variables connected
[11.10.2014 0:07:47] PVI variables connected
[11.10.2014 0:07:47] PVI variables connected
[11.10.2014 0:07:47] PVI variables connected
[11.10.2014 0:07:47] PVI variables connected
[11.10.2014 0:07:47] PVI variables connected
[11.10.2014 0:07:47] PVI variables connected
[11.10.2014 0:07:47] PVI variables connecting ...
[11.10.2014 0:07:46] PVI CPU connecting ...
[11.10.2014 0:07:46] PVI service connecting ...
[11.10.2014 0:07:46] PVI service connecting ...
[11.10.2014 0:07:46] PVI service connected
[11.10.2014 0:07:47] PVI CPU connected
[11.10.2014 0:07:47] Error:No connection available to the PLC  (4808)
[11.10.2014 0:07:47] Error:No connection available to the PLC  (4808)
[11.10.2014 0:07:47] Error:No connection available to the PLC  (4808)
[11.10.2014 0:07:47] Error:No connection available to the PLC  (4808)
[11.10.2014 0:07:47] Error:No connection available to the PLC  (4808)
[11.10.2014 0:07:47] Error:No connection available to the PLC  (4808)
[11.10.2014 0:07:47] Error:No connection available to the PLC  (4808)
[11.10.2014 0:07:47] Error:No connection available to the PLC  (4808)
[11.10.2014 0:07:47] Error:No connection available to the PLC  (4808)
[11.10.2014 0:07:47] Error:No connection available to the PLC  (4808)
[11.10.2014 0:07:47] Error:No connection available to the PLC  (4808)
[11.10.2014 0:07:47] Error:No connection available to the PLC  (4808)
[11.10.2014 0:07:47] Error:No connection available to the PLC  (4808)
[11.10.2014 0:07:47] Error:No connection available to the PLC  (4808)
[11.10.2014 0:07:47] Error:No connection available to the PLC  (4808)
[11.10.2014 0:07:47] Error:No connection available to the PLC  (4808)
[11.10.2014 0:07:47] Error:No connection available to the PLC  (4808)
[11.10.2014 0:07:47] Error:No connection available to the PLC  (4808)
[11.10.2014 0:07:47] Error:No connection available to the PLC  (4808)
[11.10.2014 0:07:47] Error:No connection available to the PLC  (4808)
[11.10.2014 0:07:47] Error:No connection available to the PLC  (4808)
[11.10.2014 0:07:47] Error:No connection available to the PLC  (4808)
[11.10.2014 0:07:47] Error:No connection available to the PLC  (4808)
[11.10.2014 0:07:47] Error:No connection available to the PLC  (4808)
[11.10.2014 0:07:47] Error:No connection available to the PLC  (4808)
[11.10.2014 0:07:47] Error:No connection available to the PLC  (4808)
[11.10.2014 0:08:09] Штабелер не готов выполненять команду
[11.10.2014 0:08:09] PVI variables connecting ...
[11.10.2014 0:08:11] Ошибка: Неизвестная ошибка (50000)
[11.10.2014 0:08:24] Штабелер не готов выполненять команду
[11.10.2014 0:08:27] Штабелер находиться в состоянии выполнения команды
[11.10.2014 0:09:38] PVI service connecting ...
[11.10.2014 0:09:39] PVI CPU connecting ...
[11.10.2014 0:09:39] PVI variables connecting ...
[11.10.2014 0:09:39] Штабелер не готов выполненять команду
[11.10.2014 0:56:52] PVI service connecting ...
[11.10.2014 0:56:53] PVI CPU connecting ...
[11.10.2014 0:56:53] PVI variables connecting ...
[11.10.2014 0:56:53] Штабелер не готов выполненять команду
