[21.10.2014 23:04:47] Error:No connection available to the PLC  (4808)
[21.10.2014 23:04:42] PVI service connected
[21.10.2014 22:59:02] Error:No connection available to the PLC  (4808)
[21.10.2014 22:58:57] PVI service connected
[21.10.2014 22:53:34] Error:No connection available to the PLC  (4808)
[21.10.2014 22:53:28] PVI service connected
[21.10.2014 22:52:01] Error:No connection available to the PLC  (4808)
[21.10.2014 22:51:55] PVI service connected
[21.10.2014 22:47:37] Error:No connection available to the PLC  (4808)
[21.10.2014 22:47:31] PVI service connected
[21.10.2014 22:22:37] Error:No connection available to the PLC  (4808)
[21.10.2014 22:22:32] PVI service connected
[21.10.2014 22:08:59] Error:No connection available to the PLC  (4808)
[21.10.2014 22:08:53] PVI service connected
[21.10.2014 21:38:19] Error:No connection available to the PLC  (4808)
[21.10.2014 21:38:19] PVI service connected
[21.10.2014 21:12:43] Error:No connection available to the PLC  (4808)
[21.10.2014 21:12:37] PVI service connected
[21.10.2014 18:37:11] Штабелер находиться в состоянии выполнения команды
[21.10.2014 18:37:11] Началось выполнение команды "Положить в ячейку 12"
[21.10.2014 18:36:38] Штабелер готов к выполнению команды
[21.10.2014 18:36:07] Штабелер находиться в состоянии выполнения команды
[21.10.2014 18:36:06] Началось выполнение команды "Положить в ячейку 47"
[21.10.2014 18:35:35] Штабелер готов к выполнению команды
[21.10.2014 18:35:05] Штабелер находиться в состоянии выполнения команды
[21.10.2014 18:35:05] Началось выполнение команды "Положить в ячейку 94"
[21.10.2014 18:34:31] Штабелер готов к выполнению команды
[21.10.2014 18:33:58] Штабелер находиться в состоянии выполнения команды
[21.10.2014 18:33:58] Началось выполнение команды "Положить в ячейку 156"
[21.10.2014 18:33:22] Штабелер готов к выполнению команды
[21.10.2014 18:32:48] Штабелер находиться в состоянии выполнения команды
[21.10.2014 18:32:47] Началось выполнение команды "Положить в ячейку 216"
[21.10.2014 18:32:14] Штабелер готов к выполнению команды
[21.10.2014 18:31:41] Штабелер находиться в состоянии выполнения команды
[21.10.2014 18:31:41] Началось выполнение команды "Положить в ячейку 60"
[21.10.2014 18:31:07] Штабелер готов к выполнению команды
[21.10.2014 18:30:35] Штабелер находиться в состоянии выполнения команды
[21.10.2014 18:30:34] Началось выполнение команды "Положить в ячейку 132"
[21.10.2014 18:30:00] Штабелер готов к выполнению команды
[21.10.2014 18:29:27] Штабелер находиться в состоянии выполнения команды
[21.10.2014 18:28:57] Штабелер готов к выполнению команды
[21.10.2014 18:28:23] Штабелер готов к выполнению команды
[21.10.2014 18:28:01] Штабелер находиться в состоянии выполнения команды
[21.10.2014 18:27:57] Штабелер готов к выполнению команды
[21.10.2014 18:27:37] Штабелер находиться в состоянии выполнения команды
[21.10.2014 18:27:36] Началось выполнение команды "Положить в ячейку 105"
[21.10.2014 18:27:16] Началось выполнение команды "Взять из ячейки 0"
[21.10.2014 18:26:50] Штабелер находиться в состоянии выполнения команды
[21.10.2014 18:26:43] Штабелер готов к выполнению команды
[21.10.2014 18:26:32] Штабелер готов к выполнению команды
[21.10.2014 18:26:21] Ошибка: Неизвестная ошибка (50031)
[21.10.2014 18:26:11] Штабелер выключен
[21.10.2014 18:25:30] Ошибка: Неизвестная ошибка (50024)
[21.10.2014 18:25:30] Штабелер не готов выполненять команду
[21.10.2014 18:25:24] Ошибка: Ошибка определения режима (50013)
[21.10.2014 18:25:23] PVI variables connecting ...
[21.10.2014 18:24:22] Error:No connection available to the PLC  (4808)
[21.10.2014 18:24:17] Ошибка привода
[21.10.2014 18:23:48] Штабелер готов к выполнению команды
[21.10.2014 18:23:44] Ошибка: Неизвестная ошибка (50031)
[21.10.2014 18:23:44] Началось выполнение команды "Взять из ячейки 0"
[21.10.2014 18:23:41] Штабелер не готов выполненять команду
[21.10.2014 18:23:40] Штабелер готов к выполнению команды
[21.10.2014 18:23:39] Ошибка: Неизвестная ошибка (50031)
[21.10.2014 18:23:39] Началось выполнение команды "Взять из ячейки 0"
[21.10.2014 18:23:36] Ошибка: На столе нет груза (50022)
[21.10.2014 18:23:35] Ошибка: На столе нет груза (50022)
[21.10.2014 18:23:31] Ошибка: На столе нет груза (50022)
[21.10.2014 18:23:31] Началось выполнение команды "Положить в ячейку 96"
[21.10.2014 18:23:29] Ошибка: Неизвестная ошибка (50031)
[21.10.2014 18:23:07] Ошибка: Неизвестная ошибка (50031)
[21.10.2014 18:23:07] Началось выполнение команды "Взять из ячейки 0"
[21.10.2014 18:22:37] Началось выполнение команды "Положить в ячейку 130"
[21.10.2014 18:22:21] Штабелер выключен
[21.10.2014 18:21:58] Ошибка: Превышение веса (50000)
[21.10.2014 18:21:56] Штабелер готов к выполнению команды
[21.10.2014 18:21:20] Штабелер находиться в состоянии выполнения команды
[21.10.2014 18:21:20] Началось выполнение команды "Взять из ячейки 0"
[21.10.2014 18:20:47] Штабелер готов к выполнению команды
[21.10.2014 18:20:12] Штабелер находиться в состоянии выполнения команды
[21.10.2014 18:20:11] Началось выполнение команды "Взять из ячейки 0"
[21.10.2014 18:19:37] Штабелер готов к выполнению команды
[21.10.2014 18:19:00] Штабелер находиться в состоянии выполнения команды
[21.10.2014 18:19:00] Началось выполнение команды "Взять из ячейки 0"
[21.10.2014 18:18:25] Штабелер готов к выполнению команды
[21.10.2014 18:18:05] Штабелер находиться в состоянии выполнения команды
[21.10.2014 18:18:02] Штабелер готов к выполнению команды
[21.10.2014 18:17:42] Началось выполнение команды "Парковать"
[21.10.2014 18:16:47] Штабелер находиться в состоянии выполнения команды
[21.10.2014 18:16:47] Началось выполнение команды "Положить в ячейку 240"
[21.10.2014 18:16:26] Началось выполнение команды "Взять из ячейки 0"
[21.10.2014 18:16:20] Штабелер выключен
[21.10.2014 18:16:19] PVI variables connecting ...
[21.10.2014 18:15:33] Error:No connection available to the PLC  (4808)
[21.10.2014 18:15:29] Ошибка привода
[21.10.2014 18:15:18] Штабелер готов к выполнению команды
[21.10.2014 18:14:56] Началось выполнение команды "Парковать"
[21.10.2014 18:13:59] Штабелер находиться в состоянии выполнения команды
[21.10.2014 18:13:59] Началось выполнение команды "Положить в ячейку 252"
[21.10.2014 18:13:21] Началось выполнение команды "Взять из ячейки 0"
[21.10.2014 18:12:36] Штабелер находиться в состоянии выполнения команды
[21.10.2014 18:12:36] Началось выполнение команды "Положить в ячейку 247"
[21.10.2014 18:11:57] Штабелер готов к выполнению команды
[21.10.2014 18:11:21] Штабелер находиться в состоянии выполнения команды
[21.10.2014 18:11:20] Началось выполнение команды "Положить в ячейку 499"
[21.10.2014 18:10:53] Штабелер готов к выполнению команды
[21.10.2014 18:00:22] PVI variables connected
[21.10.2014 18:00:22] PVI variables connected
[21.10.2014 18:00:20] PVI CPU connected
[21.10.2014 18:00:19] PVI service connected
[21.10.2014 16:39:20] Штабелер не готов выполненять команду
[21.10.2014 16:39:16] Штабелер не готов выполненять команду
[21.10.2014 16:39:11] Штабелер не готов выполненять команду
[21.10.2014 16:39:06] Штабелер не готов выполненять команду
[21.10.2014 16:39:01] Штабелер не готов выполненять команду
[21.10.2014 16:38:56] Штабелер не готов выполненять команду
[21.10.2014 16:38:46] Штабелер не готов выполненять команду
[21.10.2014 16:00:01] Штабелер выключен
[21.10.2014 16:00:00] PVI variables connecting ...
[21.10.2014 16:00:00] PVI CPU connecting ...
[21.10.2014 15:59:59] PVI service connecting ...
[21.10.2014 15:59:28] Штабелер готов к выполнению команды
[21.10.2014 15:59:27] PVI variables connecting ...
[21.10.2014 15:59:27] PVI CPU connecting ...
[21.10.2014 15:59:24] Error:PVI Manager not started  (12050)
[21.10.2014 15:56:39] PVI variables connected
[21.10.2014 15:56:39] PVI variables connected
[21.10.2014 15:56:38] PVI CPU connected
[21.10.2014 15:56:38] PVI service connected
[21.10.2014 15:55:48] PVI variables connected
[21.10.2014 15:55:48] PVI variables connected
[21.10.2014 15:55:48] PVI CPU connected
[21.10.2014 15:55:47] PVI service connected
[21.10.2014 15:55:15] Штабелер выключен
[21.10.2014 15:55:15] PVI variables connecting ...
[21.10.2014 15:55:14] PVI CPU connecting ...
[21.10.2014 15:55:14] PVI service connecting ...
[21.10.2014 15:52:36] Штабелер выключен
[21.10.2014 15:52:36] PVI variables connecting ...
[21.10.2014 15:52:35] PVI CPU connecting ...
[21.10.2014 15:52:35] PVI service connecting ...
[21.10.2014 15:52:03] Штабелер выключен
[21.10.2014 15:52:02] PVI variables connecting ...
[21.10.2014 15:52:02] PVI CPU connecting ...
[21.10.2014 15:52:01] PVI service connecting ...
[21.10.2014 15:27:34] Штабелер выключен
[21.10.2014 15:27:33] PVI variables connecting ...
[21.10.2014 15:27:33] PVI CPU connecting ...
[21.10.2014 15:27:32] PVI service connecting ...
[21.10.2014 15:27:10] Штабелер выключен
[21.10.2014 15:27:09] PVI variables connecting ...
[21.10.2014 15:27:09] PVI CPU connecting ...
[21.10.2014 15:27:08] PVI service connecting ...
[21.10.2014 15:24:54] Штабелер выключен
[21.10.2014 15:24:53] PVI variables connecting ...
[21.10.2014 15:24:53] PVI CPU connecting ...
[21.10.2014 15:24:53] PVI service connecting ...
[21.10.2014 15:14:12] Штабелер выключен
[21.10.2014 15:14:12] PVI variables connecting ...
[21.10.2014 15:14:11] PVI CPU connecting ...
[21.10.2014 15:14:11] PVI service connecting ...
[21.10.2014 15:13:13] Штабелер выключен
[21.10.2014 15:13:12] PVI variables connecting ...
[21.10.2014 15:13:12] PVI CPU connecting ...
[21.10.2014 15:13:10] PVI service connecting ...
[21.10.2014 15:10:04] Штабелер выключен
[21.10.2014 15:10:04] PVI variables connecting ...
[21.10.2014 15:10:04] PVI CPU connecting ...
[21.10.2014 15:10:03] PVI service connecting ...
[21.10.2014 15:05:57] Штабелер выключен
[21.10.2014 15:05:56] PVI variables connecting ...
[21.10.2014 15:05:56] PVI CPU connecting ...
[21.10.2014 15:05:54] Error:PVI Manager not started  (12050)
[21.10.2014 12:10:24] Ошибка: Ячейка пуста (50066)
[21.10.2014 12:10:19] Штабелер готов к выполнению команды
[21.10.2014 12:10:18] Штабелер не готов выполненять команду
[21.10.2014 12:10:17] PVI variables connecting ...
[21.10.2014 12:09:21] Error:No connection available to the PLC  (4808)
[21.10.2014 12:07:46] Штабелер выключен
[21.10.2014 12:07:28] Штабелер находиться в состоянии выполнения команды
[21.10.2014 12:07:20] Штабелер готов к выполнению команды
[21.10.2014 12:07:12] Началось выполнение команды "Положить в ячейку 264"
[21.10.2014 12:07:00] Штабелер выключен
[21.10.2014 12:06:59] PVI variables connecting ...
[21.10.2014 12:06:59] PVI CPU connecting ...
[21.10.2014 12:06:58] Error:PVI Manager not started  (12050)
[21.10.2014 11:44:18] PVI variables connecting ...
[21.10.2014 11:44:17] PVI CPU connecting ...
[21.10.2014 11:44:16] PVI service connecting ...
[21.10.2014 11:43:30] Штабелер выключен
[21.10.2014 11:43:29] PVI variables connecting ...
[21.10.2014 11:43:24] Error:No connection available to the PLC  (4808)
[21.10.2014 11:43:19] PVI service connected
[21.10.2014 11:32:20] PVI variables connected
[21.10.2014 11:32:20] PVI variables connected
[21.10.2014 11:32:20] PVI CPU connected
[21.10.2014 11:32:20] PVI service connected
[21.10.2014 11:31:55] Штабелер находиться в состоянии выполнения команды
[21.10.2014 11:30:54] Ошибка: Неизвестная ошибка (50054)
[21.10.2014 11:30:49] Штабелер находиться в состоянии выполнения команды
[21.10.2014 11:30:48] PVI variables connecting ...
[21.10.2014 11:30:48] PVI CPU connecting ...
[21.10.2014 11:30:47] PVI service connecting ...
[21.10.2014 11:27:06] Ошибка привода
[21.10.2014 11:27:06] PVI variables connected
[21.10.2014 11:27:05] PVI CPU connected
[21.10.2014 11:27:05] PVI service connected
[21.10.2014 11:15:28] PVI variables connected
[21.10.2014 11:15:28] PVI variables connected
[21.10.2014 11:15:28] PVI CPU connected
[21.10.2014 11:15:27] PVI service connected
[21.10.2014 11:14:17] PVI variables connected
[21.10.2014 11:14:17] PVI variables connected
[21.10.2014 11:14:16] PVI CPU connected
[21.10.2014 11:14:16] PVI service connected
[21.10.2014 11:13:03] PVI variables connected
[21.10.2014 11:13:03] PVI variables connected
[21.10.2014 11:13:02] PVI CPU connected
[21.10.2014 11:13:02] PVI service connected
[21.10.2014 11:11:40] Ошибка: Превышение веса (50012)
[21.10.2014 11:11:39] Ошибка: Превышение веса (50012)
[21.10.2014 11:10:29] Ошибка: Превышение веса (50012)
[21.10.2014 11:10:29] Ошибка: Превышение веса (50012)
[21.10.2014 11:10:28] Ошибка: Превышение веса (50012)
[21.10.2014 11:10:28] Ошибка: Превышение веса (50012)
[21.10.2014 11:09:37] Ошибка: Превышение веса (50012)
[21.10.2014 11:09:32] Штабелер не готов выполненять команду
[21.10.2014 11:09:31] PVI variables connecting ...
[21.10.2014 11:09:21] Error:No connection available to the PLC  (4808)
[21.10.2014 11:09:16] PVI service connected
[21.10.2014 11:06:36] PVI variables connected
[21.10.2014 11:06:36] Ошибка: Превышение веса (50000)
[21.10.2014 11:06:36] PVI variables connecting ...
[21.10.2014 11:06:35] PVI CPU connecting ...
[21.10.2014 11:06:34] PVI service connecting ...
[21.10.2014 11:05:11] Ошибка привода
[21.10.2014 11:05:11] PVI variables connected
[21.10.2014 11:05:10] PVI CPU connected
[21.10.2014 11:05:09] PVI service connected
[21.10.2014 10:59:24] Штабелер готов к выполнению команды
[21.10.2014 10:58:51] Штабелер готов к выполнению команды
[21.10.2014 10:58:08] Штабелер готов к выполнению команды
[21.10.2014 10:58:00] Штабелер находиться в состоянии выполнения команды
[21.10.2014 10:58:00] PVI variables connecting ...
[21.10.2014 10:57:58] PVI CPU connecting ...
[21.10.2014 10:57:58] PVI service connecting ...
[21.10.2014 10:42:31] Штабелер находиться в состоянии выполнения команды
[21.10.2014 10:42:30] PVI variables connecting ...
[21.10.2014 10:42:30] PVI CPU connecting ...
[21.10.2014 10:42:29] PVI service connecting ...
[21.10.2014 10:36:39] PVI CPU connecting ...
[21.10.2014 10:36:38] PVI service connecting ...
[21.10.2014 10:04:42] Штабелер выключен
[21.10.2014 10:04:41] PVI variables connecting ...
[21.10.2014 10:04:40] PVI CPU connecting ...
[21.10.2014 10:04:40] PVI service connecting ...
[21.10.2014 9:19:14] Штабелер находиться в состоянии выполнения команды
[21.10.2014 9:19:14] Началось выполнение команды "Положить в ячейку 502"
[21.10.2014 9:18:55] Началось выполнение команды "Взять из ячейки 503"
[21.10.2014 9:18:20] Штабелер находиться в состоянии выполнения команды
[21.10.2014 9:18:18] Штабелер готов к выполнению команды
[21.10.2014 9:17:49] Штабелер находиться в состоянии выполнения команды
[21.10.2014 9:17:49] Началось выполнение команды "Положить в ячейку 504"
[21.10.2014 9:17:21] Началось выполнение команды "Взять из ячейки 1"
[21.10.2014 9:15:47] Штабелер находиться в состоянии выполнения команды
[21.10.2014 9:15:47] Началось выполнение команды "Положить в ячейку 89"
[21.10.2014 9:15:06] Началось выполнение команды "Взять из ячейки 0"
[21.10.2014 9:15:03] Штабелер не готов выполненять команду
[21.10.2014 9:13:37] Штабелер находиться в состоянии выполнения команды
[21.10.2014 9:13:36] Штабелер готов к выполнению команды
[21.10.2014 9:13:19] Штабелер находиться в состоянии выполнения команды
[21.10.2014 9:12:20] Штабелер готов к выполнению команды
[21.10.2014 9:11:31] Штабелер находиться в состоянии выполнения команды
[21.10.2014 9:11:28] Штабелер готов к выполнению команды
[21.10.2014 8:52:43] Штабелер находиться в состоянии выполнения команды
[21.10.2014 8:52:40] Штабелер готов к выполнению команды
[21.10.2014 8:52:36] Ошибка: Ячейка пуста (50066)
[21.10.2014 8:52:29] Началось выполнение команды "Взять из ячейки 11"
[21.10.2014 8:52:28] Штабелер находиться в состоянии выполнения команды
[21.10.2014 8:52:20] Ошибка: Ячейка пуста (50066)
[21.10.2014 8:52:13] Началось выполнение команды "Взять из ячейки 10"
[21.10.2014 8:52:09] Ошибка: Ячейка пуста (50066)
[21.10.2014 8:52:02] Началось выполнение команды "Взять из ячейки 9"
[21.10.2014 8:51:58] Ошибка: Ячейка пуста (50066)
[21.10.2014 8:51:51] Началось выполнение команды "Взять из ячейки 8"
[21.10.2014 8:51:42] Ошибка: Ячейка пуста (50066)
[21.10.2014 8:51:35] Началось выполнение команды "Взять из ячейки 7"
[21.10.2014 8:51:33] Штабелер находиться в состоянии выполнения команды
[21.10.2014 8:51:22] Штабелер находиться в состоянии выполнения команды
[21.10.2014 8:51:10] Штабелер готов к выполнению команды
[21.10.2014 8:50:51] Ошибка: Ячейка пуста (50066)
[21.10.2014 8:50:30] Началось выполнение команды "Взять из ячейки 8"
[21.10.2014 8:50:17] Штабелер не готов выполненять команду
[21.10.2014 8:50:08] Штабелер находиться в состоянии выполнения команды
[21.10.2014 8:50:06] Штабелер готов к выполнению команды
[21.10.2014 8:50:04] Ошибка: Ячейка пуста (50066)
[21.10.2014 8:49:57] Началось выполнение команды "Взять из ячейки 467"
[21.10.2014 8:49:53] Ошибка: Ячейка пуста (50066)
[21.10.2014 8:49:47] Началось выполнение команды "Взять из ячейки 466"
[21.10.2014 8:49:45] Штабелер не готов выполненять команду
[21.10.2014 8:49:30] Штабелер находиться в состоянии выполнения команды
[21.10.2014 8:49:20] Штабелер готов к выполнению команды
[21.10.2014 8:49:20] Штабелер не готов выполненять команду
[21.10.2014 8:49:12] Штабелер находиться в состоянии выполнения команды
[21.10.2014 8:49:10] Штабелер готов к выполнению команды
[21.10.2014 8:49:09] Штабелер не готов выполненять команду
[21.10.2014 8:49:02] Штабелер находиться в состоянии выполнения команды
[21.10.2014 8:48:59] Штабелер готов к выполнению команды
[21.10.2014 8:48:51] Штабелер находиться в состоянии выполнения команды
[21.10.2014 8:48:49] Штабелер готов к выполнению команды
[21.10.2014 8:48:41] Штабелер находиться в состоянии выполнения команды
[21.10.2014 8:48:39] Штабелер готов к выполнению команды
[21.10.2014 8:47:42] Ошибка: Ячейка пуста (50066)
[21.10.2014 8:47:30] Началось выполнение команды "Взять из ячейки 392"
[21.10.2014 8:47:27] Штабелер не готов выполненять команду
[21.10.2014 8:47:18] Штабелер находиться в состоянии выполнения команды
[21.10.2014 8:47:16] Штабелер готов к выполнению команды
[21.10.2014 8:47:12] Ошибка: Ячейка пуста (50066)
[21.10.2014 8:47:06] Началось выполнение команды "Взять из ячейки 335"
[21.10.2014 8:47:04] Штабелер не готов выполненять команду
[21.10.2014 8:46:51] Штабелер находиться в состоянии выполнения команды
[21.10.2014 8:46:49] Штабелер готов к выполнению команды
[21.10.2014 8:46:32] Штабелер находиться в состоянии выполнения команды
[21.10.2014 8:46:24] Началось выполнение команды "Взять из ячейки 333"
[21.10.2014 8:46:12] Штабелер находиться в состоянии выполнения команды
[21.10.2014 8:45:32] PVI variables connected
[21.10.2014 8:45:31] PVI variables connected
[21.10.2014 8:45:31] PVI CPU connected
[21.10.2014 8:44:21] Ошибка привода
[21.10.2014 8:44:21] Штабелер не готов выполненять команду
[21.10.2014 8:40:43] Штабелер находиться в состоянии выполнения команды
[21.10.2014 8:40:30] Штабелер находиться в состоянии выполнения команды
[21.10.2014 8:40:28] Штабелер готов к выполнению команды
[21.10.2014 8:40:15] Штабелер находиться в состоянии выполнения команды
[21.10.2014 8:40:13] Штабелер готов к выполнению команды
[21.10.2014 8:40:06] Штабелер находиться в состоянии выполнения команды
[21.10.2014 8:40:04] Штабелер готов к выполнению команды
[21.10.2014 8:40:01] Ошибка: Ячейка пуста (50066)
[21.10.2014 8:39:53] Штабелер готов к выполнению команды
[21.10.2014 8:39:48] Ошибка: Неизвестная ошибка (50024)
[21.10.2014 8:39:44] Штабелер выключен
[21.10.2014 8:39:40] Штабелер находиться в состоянии выполнения команды
[21.10.2014 8:39:27] Штабелер готов к выполнению команды
[21.10.2014 8:39:23] Ошибка: Ячейка пуста (50066)
[21.10.2014 8:39:15] Началось выполнение команды "Взять из ячейки 308"
[21.10.2014 8:39:06] PVI variables connected
[21.10.2014 8:39:06] PVI variables connected
[21.10.2014 8:39:06] PVI CPU connected
[21.10.2014 8:38:16] Ошибка привода
[21.10.2014 8:38:15] Штабелер не готов выполненять команду
[21.10.2014 8:33:33] Ошибка: Ячейка пуста (50066)
[21.10.2014 8:33:13] Штабелер готов к выполнению команды
[21.10.2014 8:33:04] Штабелер находиться в состоянии выполнения команды
[21.10.2014 8:32:51] Штабелер готов к выполнению команды
[21.10.2014 8:32:40] Штабелер находиться в состоянии выполнения команды
[21.10.2014 8:31:57] Штабелер готов к выполнению команды
[21.10.2014 8:31:49] Штабелер находиться в состоянии выполнения команды
[21.10.2014 8:31:35] Ошибка: Ячейка пуста (50066)
[21.10.2014 8:31:19] Штабелер готов к выполнению команды
[21.10.2014 8:31:11] Штабелер находиться в состоянии выполнения команды
[21.10.2014 8:31:08] Штабелер готов к выполнению команды
[21.10.2014 8:30:45] Ошибка: Ячейка пуста (50066)
[21.10.2014 8:30:40] Штабелер готов к выполнению команды
[21.10.2014 8:30:40] Штабелер не готов выполненять команду
[21.10.2014 8:29:17] Штабелер находиться в состоянии выполнения команды
[21.10.2014 8:29:07] Началось выполнение команды "Взять из ячейки 309"
[21.10.2014 8:28:56] Штабелер находиться в состоянии выполнения команды
[21.10.2014 8:28:50] Штабелер находиться в состоянии выполнения команды
[21.10.2014 8:28:41] Ошибка: Неизвестная ошибка (50024)
[21.10.2014 8:28:22] Штабелер готов к выполнению команды
[21.10.2014 8:28:15] Началось выполнение команды "Взять из ячейки 309"
[21.10.2014 8:28:08] Штабелер не готов выполненять команду
[21.10.2014 8:27:24] Штабелер находиться в состоянии выполнения команды
[21.10.2014 8:27:13] Штабелер не готов выполненять команду
[21.10.2014 8:26:37] Штабелер находиться в состоянии выполнения команды
[21.10.2014 8:26:07] Штабелер выключен
[21.10.2014 8:26:07] PVI variables connecting ...
[21.10.2014 8:24:06] Error:No connection available to the PLC  (4808)
[21.10.2014 8:24:01] PVI service connected
[21.10.2014 0:43:39] Error:No connection available to the PLC  (4808)
[21.10.2014 0:43:34] PVI service connected
[21.10.2014 0:42:05] Error:No connection available to the PLC  (4808)
[21.10.2014 0:42:00] PVI service connected
[21.10.2014 0:40:36] Error:No connection available to the PLC  (4808)
[21.10.2014 0:40:24] PVI service connected
[21.10.2014 0:38:41] Error:No connection available to the PLC  (4808)
[21.10.2014 0:38:41] PVI service connected
[21.10.2014 0:36:05] Error:No connection available to the PLC  (4808)
[21.10.2014 0:35:57] PVI service connected
[21.10.2014 0:22:16] Error:No connection available to the PLC  (4808)
[21.10.2014 0:22:11] PVI service connected
[21.10.2014 0:10:48] Error:No connection available to the PLC  (4808)
[21.10.2014 0:10:42] PVI service connected
[21.10.2014 0:10:42] PVI service connecting ...
[21.10.2014 0:10:42] PVI service connecting ...
[21.10.2014 0:10:42] PVI CPU connecting ...
[21.10.2014 0:22:10] PVI service connecting ...
[21.10.2014 0:22:11] PVI CPU connecting ...
[21.10.2014 0:35:56] PVI service connecting ...
[21.10.2014 0:35:57] PVI CPU connecting ...
[21.10.2014 0:38:40] PVI service connecting ...
[21.10.2014 0:38:41] PVI CPU connecting ...
[21.10.2014 0:40:23] PVI service connecting ...
[21.10.2014 0:40:24] PVI CPU connecting ...
[21.10.2014 0:41:59] PVI service connecting ...
[21.10.2014 0:42:00] PVI CPU connecting ...
[21.10.2014 0:43:34] PVI service connecting ...
[21.10.2014 0:43:34] PVI CPU connecting ...
[21.10.2014 8:24:00] PVI service connecting ...
[21.10.2014 8:24:01] PVI CPU connecting ...
[21.10.2014 8:26:07] PVI CPU connected
[21.10.2014 8:26:07] PVI variables connected
[21.10.2014 8:26:08] PVI variables connected
[21.10.2014 8:26:53] Ошибка: Ячейка пуста (50066)
[21.10.2014 8:27:13] Штабелер готов к выполнению команды
[21.10.2014 8:27:31] Ошибка: Ячейка пуста (50066)
[21.10.2014 8:28:09] Штабелер готов к выполнению команды
[21.10.2014 8:28:15] Штабелер находиться в состоянии выполнения команды
[21.10.2014 8:28:41] Началось выполнение команды "Взять из ячейки 308"
[21.10.2014 8:28:46] Штабелер выключен
[21.10.2014 8:28:50] Штабелер готов к выполнению команды
[21.10.2014 8:29:02] Ошибка: Ячейка пуста (50066)
[21.10.2014 8:29:07] Штабелер готов к выполнению команды
[21.10.2014 8:29:23] Ошибка: Ячейка пуста (50066)
[21.10.2014 8:30:40] Началось выполнение команды "Взять из ячейки 310"
[21.10.2014 8:30:40] Штабелер находиться в состоянии выполнения команды
[21.10.2014 8:31:08] Штабелер не готов выполненять команду
[21.10.2014 8:31:11] Началось выполнение команды "Взять из ячейки 309"
[21.10.2014 8:31:16] Ошибка: Ячейка пуста (50066)
[21.10.2014 8:31:30] Штабелер находиться в состоянии выполнения команды
[21.10.2014 8:31:40] Штабелер готов к выполнению команды
[21.10.2014 8:31:54] Ошибка: Ячейка пуста (50066)
[21.10.2014 8:32:40] Началось выполнение команды "Взять из ячейки 311"
[21.10.2014 8:32:48] Ошибка: Ячейка пуста (50066)
[21.10.2014 8:33:04] Началось выполнение команды "Взять из ячейки 310"
[21.10.2014 8:33:11] Ошибка: Ячейка пуста (50066)
[21.10.2014 8:33:25] Штабелер находиться в состоянии выполнения команды
[21.10.2014 8:33:40] Штабелер готов к выполнению команды
[21.10.2014 8:38:16] Ошибка: Превышение веса (50000)
[21.10.2014 8:38:20] Error:No connection available to the PLC  (4808)
[21.10.2014 8:39:06] PVI variables connecting ...
[21.10.2014 8:39:06] Штабелер выключен
[21.10.2014 8:39:07] Штабелер выключен
[21.10.2014 8:39:15] Штабелер находиться в состоянии выполнения команды
[21.10.2014 8:39:27] Началось выполнение команды "Взять из ячейки 309"
[21.10.2014 8:39:40] Началось выполнение команды "Взять из ячейки 310"
[21.10.2014 8:39:43] Штабелер не готов выполненять команду
[21.10.2014 8:39:48] Началось выполнение команды "Взять из ячейки 309"
[21.10.2014 8:39:52] Штабелер находиться в состоянии выполнения команды
[21.10.2014 8:39:55] Штабелер находиться в состоянии выполнения команды
[21.10.2014 8:40:03] Штабелер не готов выполненять команду
[21.10.2014 8:40:06] Началось выполнение команды "Взять из ячейки 310"
[21.10.2014 8:40:12] Ошибка: Ячейка пуста (50066)
[21.10.2014 8:40:15] Началось выполнение команды "Взять из ячейки 311"
[21.10.2014 8:40:22] Ошибка: Ячейка пуста (50066)
[21.10.2014 8:40:30] Началось выполнение команды "Взять из ячейки 312"
[21.10.2014 8:40:36] Ошибка: Ячейка пуста (50066)
[21.10.2014 8:40:43] Штабелер готов к выполнению команды
[21.10.2014 8:44:21] Ошибка: Превышение веса (50000)
[21.10.2014 8:44:25] Error:No connection available to the PLC  (4808)
[21.10.2014 8:45:31] PVI variables connecting ...
[21.10.2014 8:45:32] Штабелер выключен
[21.10.2014 8:46:12] Началось выполнение команды "Взять из ячейки 332"
[21.10.2014 8:46:21] Ошибка: Ячейка пуста (50066)
[21.10.2014 8:46:24] Штабелер готов к выполнению команды
[21.10.2014 8:46:39] Ошибка: Ячейка пуста (50066)
[21.10.2014 8:46:50] Началось выполнение команды "Взять из ячейки 334"
[21.10.2014 8:46:57] Ошибка: Ячейка пуста (50066)
[21.10.2014 8:47:04] Штабелер готов к выполнению команды
[21.10.2014 8:47:06] Штабелер находиться в состоянии выполнения команды
[21.10.2014 8:47:16] Штабелер находиться в состоянии выполнения команды
[21.10.2014 8:47:18] Началось выполнение команды "Взять из ячейки 336"
[21.10.2014 8:47:24] Ошибка: Ячейка пуста (50066)
[21.10.2014 8:47:27] Штабелер готов к выполнению команды
[21.10.2014 8:47:30] Штабелер находиться в состоянии выполнения команды
[21.10.2014 8:48:39] Штабелер не готов выполненять команду
[21.10.2014 8:48:41] Началось выполнение команды "Взять из ячейки 393"
[21.10.2014 8:48:48] Ошибка: Ячейка пуста (50066)
[21.10.2014 8:48:51] Началось выполнение команды "Взять из ячейки 394"
[21.10.2014 8:48:57] Ошибка: Ячейка пуста (50066)
[21.10.2014 8:49:01] Началось выполнение команды "Взять из ячейки 395"
[21.10.2014 8:49:08] Ошибка: Ячейка пуста (50066)
[21.10.2014 8:49:09] Штабелер находиться в состоянии выполнения команды
[21.10.2014 8:49:12] Началось выполнение команды "Взять из ячейки 396"
[21.10.2014 8:49:18] Ошибка: Ячейка пуста (50066)
[21.10.2014 8:49:20] Штабелер находиться в состоянии выполнения команды
[21.10.2014 8:49:30] Началось выполнение команды "Взять из ячейки 465"
[21.10.2014 8:49:42] Ошибка: Ячейка пуста (50066)
[21.10.2014 8:49:45] Штабелер готов к выполнению команды
[21.10.2014 8:49:47] Штабелер находиться в состоянии выполнения команды
[21.10.2014 8:49:56] Штабелер готов к выполнению команды
[21.10.2014 8:49:57] Штабелер находиться в состоянии выполнения команды
[21.10.2014 8:50:06] Штабелер не готов выполненять команду
[21.10.2014 8:50:07] Началось выполнение команды "Взять из ячейки 468"
[21.10.2014 8:50:14] Ошибка: Ячейка пуста (50066)
[21.10.2014 8:50:18] Штабелер готов к выполнению команды
[21.10.2014 8:50:30] Штабелер находиться в состоянии выполнения команды
[21.10.2014 8:51:09] Штабелер не готов выполненять команду
[21.10.2014 8:51:22] Началось выполнение команды "Взять из ячейки 6"
[21.10.2014 8:51:30] Ошибка: Ячейка пуста (50066)
[21.10.2014 8:51:33] Штабелер готов к выполнению команды
[21.10.2014 8:51:35] Штабелер находиться в состоянии выполнения команды
[21.10.2014 8:51:48] Штабелер готов к выполнению команды
[21.10.2014 8:51:51] Штабелер находиться в состоянии выполнения команды
[21.10.2014 8:52:00] Штабелер готов к выполнению команды
[21.10.2014 8:52:02] Штабелер находиться в состоянии выполнения команды
[21.10.2014 8:52:11] Штабелер готов к выполнению команды
[21.10.2014 8:52:13] Штабелер находиться в состоянии выполнения команды
[21.10.2014 8:52:27] Штабелер не готов выполненять команду
[21.10.2014 8:52:28] Штабелер готов к выполнению команды
[21.10.2014 8:52:30] Штабелер находиться в состоянии выполнения команды
[21.10.2014 8:52:40] Штабелер не готов выполненять команду
[21.10.2014 8:52:43] Началось выполнение команды "Взять из ячейки 12"
[21.10.2014 8:52:50] Ошибка: Ячейка пуста (50066)
[21.10.2014 9:11:31] Началось выполнение команды "Взять из ячейки 492"
[21.10.2014 9:11:53] Ошибка: Ячейка пуста (50066)
[21.10.2014 9:13:19] Началось выполнение команды "Взять из ячейки 491"
[21.10.2014 9:13:25] Ошибка: Ячейка пуста (50066)
[21.10.2014 9:13:37] Началось выполнение команды "Взять из ячейки 492"
[21.10.2014 9:13:44] Ошибка: Ячейка пуста (50066)
[21.10.2014 9:15:03] Штабелер готов к выполнению команды
[21.10.2014 9:15:06] Штабелер находиться в состоянии выполнения команды
[21.10.2014 9:15:47] Штабелер готов к выполнению команды
[21.10.2014 9:16:13] Штабелер готов к выполнению команды
[21.10.2014 9:17:22] Штабелер находиться в состоянии выполнения команды
[21.10.2014 9:17:49] Штабелер готов к выполнению команды
[21.10.2014 9:18:10] Ошибка: Ячейка занята (50052)
[21.10.2014 9:18:20] Началось выполнение команды "Положить в ячейку 503"
[21.10.2014 9:18:39] Штабелер готов к выполнению команды
[21.10.2014 9:18:55] Штабелер находиться в состоянии выполнения команды
[21.10.2014 9:19:14] Штабелер готов к выполнению команды
[21.10.2014 9:19:32] Штабелер готов к выполнению команды
[21.10.2014 10:04:40] PVI service connected
[21.10.2014 10:04:41] PVI CPU connected
[21.10.2014 10:04:42] PVI variables connected
[21.10.2014 10:04:42] PVI variables connected
[21.10.2014 10:36:39] PVI service connected
[21.10.2014 10:36:44] Error:No connection available to the PLC  (4808)
[21.10.2014 10:42:30] PVI service connected
[21.10.2014 10:42:30] PVI CPU connected
[21.10.2014 10:42:31] PVI variables connected
[21.10.2014 10:42:31] PVI variables connected
[21.10.2014 10:57:58] PVI service connected
[21.10.2014 10:58:00] PVI CPU connected
[21.10.2014 10:58:00] PVI variables connected
[21.10.2014 10:58:00] PVI variables connected
[21.10.2014 10:58:32] Штабелер находиться в состоянии выполнения команды
[21.10.2014 10:58:51] Штабелер находиться в состоянии выполнения команды
[21.10.2014 11:05:08] PVI service connecting ...
[21.10.2014 11:05:09] PVI CPU connecting ...
[21.10.2014 11:05:10] PVI variables connecting ...
[21.10.2014 11:05:11] Ошибка: Превышение веса (50000)
[21.10.2014 11:05:11] PVI variables connected
[21.10.2014 11:06:35] PVI service connected
[21.10.2014 11:06:36] PVI CPU connected
[21.10.2014 11:06:36] PVI variables connected
[21.10.2014 11:06:36] Ошибка привода
[21.10.2014 11:09:16] PVI service connecting ...
[21.10.2014 11:09:16] PVI CPU connecting ...
[21.10.2014 11:09:31] PVI CPU connected
[21.10.2014 11:09:32] PVI variables connected
[21.10.2014 11:09:32] PVI variables connected
[21.10.2014 11:10:27] Штабелер не готов выполненять команду
[21.10.2014 11:10:28] Штабелер не готов выполненять команду
[21.10.2014 11:10:29] Штабелер не готов выполненять команду
[21.10.2014 11:10:29] Штабелер не готов выполненять команду
[21.10.2014 11:11:39] Штабелер не готов выполненять команду
[21.10.2014 11:11:40] Штабелер не готов выполненять команду
[21.10.2014 11:13:01] PVI service connecting ...
[21.10.2014 11:13:02] PVI CPU connecting ...
[21.10.2014 11:13:02] PVI variables connecting ...
[21.10.2014 11:13:03] Ошибка: Превышение веса (50012)
[21.10.2014 11:14:15] PVI service connecting ...
[21.10.2014 11:14:16] PVI CPU connecting ...
[21.10.2014 11:14:16] PVI variables connecting ...
[21.10.2014 11:14:17] Ошибка: Превышение веса (50012)
[21.10.2014 11:15:26] PVI service connecting ...
[21.10.2014 11:15:27] PVI CPU connecting ...
[21.10.2014 11:15:28] PVI variables connecting ...
[21.10.2014 11:15:28] Ошибка: Превышение веса (50012)
[21.10.2014 11:27:04] PVI service connecting ...
[21.10.2014 11:27:05] PVI CPU connecting ...
[21.10.2014 11:27:05] PVI variables connecting ...
[21.10.2014 11:27:06] Ошибка: Превышение веса (50000)
[21.10.2014 11:27:06] PVI variables connected
[21.10.2014 11:30:48] PVI service connected
[21.10.2014 11:30:48] PVI CPU connected
[21.10.2014 11:30:49] PVI variables connected
[21.10.2014 11:30:49] PVI variables connected
[21.10.2014 11:31:46] Штабелер готов к выполнению команды
[21.10.2014 11:32:19] PVI service connecting ...
[21.10.2014 11:32:20] PVI CPU connecting ...
[21.10.2014 11:32:20] PVI variables connecting ...
[21.10.2014 11:32:20] Штабелер выключен
[21.10.2014 11:43:18] PVI service connecting ...
[21.10.2014 11:43:19] PVI CPU connecting ...
[21.10.2014 11:43:29] PVI CPU connected
[21.10.2014 11:43:29] PVI variables connected
[21.10.2014 11:43:30] PVI variables connected
[21.10.2014 11:44:17] PVI service connected
[21.10.2014 11:44:18] PVI CPU connected
[21.10.2014 12:06:47] PVI service connecting ...
[21.10.2014 12:06:59] PVI service connected
[21.10.2014 12:06:59] PVI CPU connected
[21.10.2014 12:07:00] PVI variables connected
[21.10.2014 12:07:00] PVI variables connected
[21.10.2014 12:07:13] Ошибка: На столе нет груза (50022)
[21.10.2014 12:07:28] Началось выполнение команды "Взять из ячейки 264"
[21.10.2014 12:07:46] Штабелер не готов выполненять команду
[21.10.2014 12:07:46] Ошибка: Неизвестная ошибка (50024)
[21.10.2014 12:10:17] PVI CPU connected
[21.10.2014 12:10:18] PVI variables connected
[21.10.2014 12:10:18] PVI variables connected
[21.10.2014 12:10:19] Штабелер находиться в состоянии выполнения команды
[21.10.2014 15:05:49] PVI service connecting ...
[21.10.2014 15:05:56] PVI service connected
[21.10.2014 15:05:56] PVI CPU connected
[21.10.2014 15:05:57] PVI variables connected
[21.10.2014 15:05:57] PVI variables connected
[21.10.2014 15:10:03] PVI service connected
[21.10.2014 15:10:04] PVI CPU connected
[21.10.2014 15:10:04] PVI variables connected
[21.10.2014 15:10:05] PVI variables connected
[21.10.2014 15:13:11] PVI service connected
[21.10.2014 15:13:12] PVI CPU connected
[21.10.2014 15:13:13] PVI variables connected
[21.10.2014 15:13:13] PVI variables connected
[21.10.2014 15:14:11] PVI service connected
[21.10.2014 15:14:12] PVI CPU connected
[21.10.2014 15:14:12] PVI variables connected
[21.10.2014 15:14:12] PVI variables connected
[21.10.2014 15:24:53] PVI service connected
[21.10.2014 15:24:53] PVI CPU connected
[21.10.2014 15:24:54] PVI variables connected
[21.10.2014 15:24:54] PVI variables connected
[21.10.2014 15:27:09] PVI service connected
[21.10.2014 15:27:09] PVI CPU connected
[21.10.2014 15:27:10] PVI variables connected
[21.10.2014 15:27:10] PVI variables connected
[21.10.2014 15:27:33] PVI service connected
[21.10.2014 15:27:33] PVI CPU connected
[21.10.2014 15:27:33] PVI variables connected
[21.10.2014 15:27:34] PVI variables connected
[21.10.2014 15:52:02] PVI service connected
[21.10.2014 15:52:02] PVI CPU connected
[21.10.2014 15:52:03] PVI variables connected
[21.10.2014 15:52:03] PVI variables connected
[21.10.2014 15:52:35] PVI service connected
[21.10.2014 15:52:36] PVI CPU connected
[21.10.2014 15:52:36] PVI variables connected
[21.10.2014 15:52:36] PVI variables connected
[21.10.2014 15:55:14] PVI service connected
[21.10.2014 15:55:15] PVI CPU connected
[21.10.2014 15:55:15] PVI variables connected
[21.10.2014 15:55:47] PVI service connecting ...
[21.10.2014 15:55:47] PVI CPU connecting ...
[21.10.2014 15:55:48] PVI variables connecting ...
[21.10.2014 15:55:48] Штабелер выключен
[21.10.2014 15:56:37] PVI service connecting ...
[21.10.2014 15:56:38] PVI CPU connecting ...
[21.10.2014 15:56:38] PVI variables connecting ...
[21.10.2014 15:56:39] Штабелер выключен
[21.10.2014 15:59:24] Error:Link broken  (12040)
[21.10.2014 15:59:27] PVI service connected
[21.10.2014 15:59:27] PVI CPU connected
[21.10.2014 15:59:27] PVI variables connected
[21.10.2014 15:59:28] PVI variables connected
[21.10.2014 16:00:00] PVI service connected
[21.10.2014 16:00:00] PVI CPU connected
[21.10.2014 16:00:01] PVI variables connected
[21.10.2014 16:00:01] PVI variables connected
[21.10.2014 16:38:52] Штабелер находиться в состоянии выполнения команды
[21.10.2014 16:38:57] Штабелер находиться в состоянии выполнения команды
[21.10.2014 16:39:02] Штабелер находиться в состоянии выполнения команды
[21.10.2014 16:39:07] Штабелер находиться в состоянии выполнения команды
[21.10.2014 16:39:12] Штабелер находиться в состоянии выполнения команды
[21.10.2014 16:39:17] Штабелер находиться в состоянии выполнения команды
[21.10.2014 18:00:16] Error:PVI Manager not started  (12050)
[21.10.2014 18:00:19] PVI CPU connecting ...
[21.10.2014 18:00:20] PVI variables connecting ...
[21.10.2014 18:00:22] Штабелер не готов выполненять команду
[21.10.2014 18:10:53] Началось выполнение команды "Взять из ячейки 0"
[21.10.2014 18:10:53] Штабелер находиться в состоянии выполнения команды
[21.10.2014 18:11:20] Штабелер готов к выполнению команды
[21.10.2014 18:11:57] Началось выполнение команды "Взять из ячейки 0"
[21.10.2014 18:11:58] Штабелер находиться в состоянии выполнения команды
[21.10.2014 18:12:36] Штабелер готов к выполнению команды
[21.10.2014 18:13:13] Штабелер готов к выполнению команды
[21.10.2014 18:13:21] Штабелер находиться в состоянии выполнения команды
[21.10.2014 18:13:59] Штабелер готов к выполнению команды
[21.10.2014 18:14:36] Штабелер готов к выполнению команды
[21.10.2014 18:14:56] Штабелер находиться в состоянии выполнения команды
[21.10.2014 18:15:29] Штабелер не готов выполненять команду
[21.10.2014 18:15:29] Ошибка: Превышение веса (50000)
[21.10.2014 18:16:19] PVI CPU connected
[21.10.2014 18:16:20] PVI variables connected
[21.10.2014 18:16:20] PVI variables connected
[21.10.2014 18:16:26] Штабелер находиться в состоянии выполнения команды
[21.10.2014 18:16:47] Штабелер готов к выполнению команды
[21.10.2014 18:17:23] Штабелер готов к выполнению команды
[21.10.2014 18:17:42] Штабелер находиться в состоянии выполнения команды
[21.10.2014 18:18:05] Началось выполнение команды "Взять из ячейки 0"
[21.10.2014 18:18:25] Началось выполнение команды "Положить в ячейку 227"
[21.10.2014 18:18:25] Штабелер находиться в состоянии выполнения команды
[21.10.2014 18:19:00] Штабелер готов к выполнению команды
[21.10.2014 18:19:37] Началось выполнение команды "Положить в ячейку 203"
[21.10.2014 18:19:37] Штабелер находиться в состоянии выполнения команды
[21.10.2014 18:20:11] Штабелер готов к выполнению команды
[21.10.2014 18:20:47] Началось выполнение команды "Положить в ячейку 204"
[21.10.2014 18:20:47] Штабелер находиться в состоянии выполнения команды
[21.10.2014 18:21:20] Штабелер готов к выполнению команды
[21.10.2014 18:21:56] Началось выполнение команды "Положить в ячейку 178"
[21.10.2014 18:21:56] Штабелер находиться в состоянии выполнения команды
[21.10.2014 18:21:58] Ошибка привода
[21.10.2014 18:22:30] Штабелер готов к выполнению команды
[21.10.2014 18:22:37] Штабелер находиться в состоянии выполнения команды
[21.10.2014 18:23:07] Штабелер готов к выполнению команды
[21.10.2014 18:23:29] Штабелер готов к выполнению команды
[21.10.2014 18:23:31] Штабелер находиться в состоянии выполнения команды
[21.10.2014 18:23:31] Штабелер готов к выполнению команды
[21.10.2014 18:23:34] Штабелер готов к выполнению команды
[21.10.2014 18:23:35] Штабелер готов к выполнению команды
[21.10.2014 18:23:38] Штабелер не готов выполненять команду
[21.10.2014 18:23:39] Штабелер готов к выполнению команды
[21.10.2014 18:23:40] Началось выполнение команды "Положить в ячейку 94"
[21.10.2014 18:23:40] Ошибка: На столе нет груза (50022)
[21.10.2014 18:23:41] Штабелер готов к выполнению команды
[21.10.2014 18:23:44] Штабелер находиться в состоянии выполнения команды
[21.10.2014 18:23:48] Штабелер не готов выполненять команду
[21.10.2014 18:24:05] Ошибка: Неизвестная ошибка (50031)
[21.10.2014 18:24:17] Ошибка: Превышение веса (50000)
[21.10.2014 18:25:23] PVI CPU connected
[21.10.2014 18:25:23] PVI variables connected
[21.10.2014 18:25:24] PVI variables connected
[21.10.2014 18:25:30] Штабелер выключен
[21.10.2014 18:26:11] Штабелер не готов выполненять команду
[21.10.2014 18:26:14] Штабелер готов к выполнению команды
[21.10.2014 18:26:32] Штабелер не готов выполненять команду
[21.10.2014 18:26:34] Ошибка: Неизвестная ошибка (50031)
[21.10.2014 18:26:50] Началось выполнение команды "Парковать"
[21.10.2014 18:27:05] Штабелер готов к выполнению команды
[21.10.2014 18:27:16] Штабелер находиться в состоянии выполнения команды
[21.10.2014 18:27:37] Штабелер готов к выполнению команды
[21.10.2014 18:27:50] Ошибка: Ячейка занята (50052)
[21.10.2014 18:28:01] Началось выполнение команды "Положить в ячейку 120"
[21.10.2014 18:28:23] Началось выполнение команды "Взять из ячейки 0"
[21.10.2014 18:28:23] Штабелер находиться в состоянии выполнения команды
[21.10.2014 18:29:27] Началось выполнение команды "Положить в ячейку 180"
[21.10.2014 18:30:00] Началось выполнение команды "Взять из ячейки 0"
[21.10.2014 18:30:01] Штабелер находиться в состоянии выполнения команды
[21.10.2014 18:30:34] Штабелер готов к выполнению команды
[21.10.2014 18:31:07] Началось выполнение команды "Взять из ячейки 0"
[21.10.2014 18:31:07] Штабелер находиться в состоянии выполнения команды
[21.10.2014 18:31:41] Штабелер готов к выполнению команды
[21.10.2014 18:32:14] Началось выполнение команды "Взять из ячейки 0"
[21.10.2014 18:32:14] Штабелер находиться в состоянии выполнения команды
[21.10.2014 18:32:47] Штабелер готов к выполнению команды
[21.10.2014 18:33:22] Началось выполнение команды "Взять из ячейки 0"
[21.10.2014 18:33:22] Штабелер находиться в состоянии выполнения команды
[21.10.2014 18:33:58] Штабелер готов к выполнению команды
[21.10.2014 18:34:31] Началось выполнение команды "Взять из ячейки 0"
[21.10.2014 18:34:31] Штабелер находиться в состоянии выполнения команды
[21.10.2014 18:35:05] Штабелер готов к выполнению команды
[21.10.2014 18:35:35] Началось выполнение команды "Взять из ячейки 0"
[21.10.2014 18:35:35] Штабелер находиться в состоянии выполнения команды
[21.10.2014 18:36:06] Штабелер готов к выполнению команды
[21.10.2014 18:36:38] Началось выполнение команды "Взять из ячейки 0"
[21.10.2014 18:36:38] Штабелер находиться в состоянии выполнения команды
[21.10.2014 18:37:11] Штабелер готов к выполнению команды
[21.10.2014 21:12:33] PVI service connecting ...
[21.10.2014 21:12:37] PVI CPU connecting ...
[21.10.2014 21:38:17] PVI service connecting ...
[21.10.2014 21:38:19] PVI CPU connecting ...
[21.10.2014 22:08:50] PVI service connecting ...
[21.10.2014 22:08:53] PVI CPU connecting ...
[21.10.2014 22:22:29] PVI service connecting ...
[21.10.2014 22:22:32] PVI CPU connecting ...
[21.10.2014 22:47:29] PVI service connecting ...
[21.10.2014 22:47:31] PVI CPU connecting ...
[21.10.2014 22:51:53] PVI service connecting ...
[21.10.2014 22:51:55] PVI CPU connecting ...
[21.10.2014 22:53:25] PVI service connecting ...
[21.10.2014 22:53:28] PVI CPU connecting ...
[21.10.2014 22:58:54] PVI service connecting ...
[21.10.2014 22:58:57] PVI CPU connecting ...
[21.10.2014 23:04:39] PVI service connecting ...
[21.10.2014 23:04:42] PVI CPU connecting ...
