[12.10.2014 0:26:27] Error:No connection available to the PLC  (4808)
[12.10.2014 0:26:27] Error:No connection available to the PLC  (4808)
[12.10.2014 0:26:27] Error:No connection available to the PLC  (4808)
[12.10.2014 0:26:27] Error:No connection available to the PLC  (4808)
[12.10.2014 0:26:27] Error:No connection available to the PLC  (4808)
[12.10.2014 0:26:27] Error:No connection available to the PLC  (4808)
[12.10.2014 0:26:27] Error:No connection available to the PLC  (4808)
[12.10.2014 0:26:27] Error:No connection available to the PLC  (4808)
[12.10.2014 0:26:27] Error:No connection available to the PLC  (4808)
[12.10.2014 0:26:27] Error:No connection available to the PLC  (4808)
[12.10.2014 0:26:27] Error:No connection available to the PLC  (4808)
[12.10.2014 0:26:27] Error:No connection available to the PLC  (4808)
[12.10.2014 0:26:26] Error:No connection available to the PLC  (4808)
[12.10.2014 0:26:26] Error:No connection available to the PLC  (4808)
[12.10.2014 0:26:26] Error:No connection available to the PLC  (4808)
[12.10.2014 0:26:26] Error:No connection available to the PLC  (4808)
[12.10.2014 0:26:26] Error:No connection available to the PLC  (4808)
[12.10.2014 0:26:26] Error:No connection available to the PLC  (4808)
[12.10.2014 0:26:26] Error:No connection available to the PLC  (4808)
[12.10.2014 0:26:26] Error:No connection available to the PLC  (4808)
[12.10.2014 0:26:26] Error:No connection available to the PLC  (4808)
[12.10.2014 0:26:26] Error:No connection available to the PLC  (4808)
[12.10.2014 0:26:26] Error:No connection available to the PLC  (4808)
[12.10.2014 0:26:26] Error:No connection available to the PLC  (4808)
[12.10.2014 0:26:26] Error:No connection available to the PLC  (4808)
[12.10.2014 0:26:26] Error:No connection available to the PLC  (4808)
[12.10.2014 0:26:26] PVI CPU connected
[12.10.2014 0:26:26] PVI service connected
[12.10.2014 0:23:44] Error:No connection available to the PLC  (4808)
[12.10.2014 0:23:44] Error:No connection available to the PLC  (4808)
[12.10.2014 0:23:44] Error:No connection available to the PLC  (4808)
[12.10.2014 0:23:44] Error:No connection available to the PLC  (4808)
[12.10.2014 0:23:44] Error:No connection available to the PLC  (4808)
[12.10.2014 0:23:44] Error:No connection available to the PLC  (4808)
[12.10.2014 0:23:44] Error:No connection available to the PLC  (4808)
[12.10.2014 0:23:44] Error:No connection available to the PLC  (4808)
[12.10.2014 0:23:44] Error:No connection available to the PLC  (4808)
[12.10.2014 0:23:44] Error:No connection available to the PLC  (4808)
[12.10.2014 0:23:44] Error:No connection available to the PLC  (4808)
[12.10.2014 0:23:44] Error:No connection available to the PLC  (4808)
[12.10.2014 0:23:44] Error:No connection available to the PLC  (4808)
[12.10.2014 0:23:44] Error:No connection available to the PLC  (4808)
[12.10.2014 0:23:44] Error:No connection available to the PLC  (4808)
[12.10.2014 0:23:44] Error:No connection available to the PLC  (4808)
[12.10.2014 0:23:44] Error:No connection available to the PLC  (4808)
[12.10.2014 0:23:44] Error:No connection available to the PLC  (4808)
[12.10.2014 0:23:44] Error:No connection available to the PLC  (4808)
[12.10.2014 0:23:44] Error:No connection available to the PLC  (4808)
[12.10.2014 0:23:44] Error:No connection available to the PLC  (4808)
[12.10.2014 0:23:44] Error:No connection available to the PLC  (4808)
[12.10.2014 0:23:44] Error:No connection available to the PLC  (4808)
[12.10.2014 0:23:44] Error:No connection available to the PLC  (4808)
[12.10.2014 0:23:44] Error:No connection available to the PLC  (4808)
[12.10.2014 0:23:44] Error:No connection available to the PLC  (4808)
[12.10.2014 0:23:44] PVI CPU connected
[12.10.2014 0:23:39] PVI service connected
[12.10.2014 0:22:47] Error:No connection available to the PLC  (4808)
[12.10.2014 0:22:47] Error:No connection available to the PLC  (4808)
[12.10.2014 0:22:47] Error:No connection available to the PLC  (4808)
[12.10.2014 0:22:47] Error:No connection available to the PLC  (4808)
[12.10.2014 0:22:47] Error:No connection available to the PLC  (4808)
[12.10.2014 0:22:47] Error:No connection available to the PLC  (4808)
[12.10.2014 0:22:47] Error:No connection available to the PLC  (4808)
[12.10.2014 0:22:47] Error:No connection available to the PLC  (4808)
[12.10.2014 0:22:47] Error:No connection available to the PLC  (4808)
[12.10.2014 0:22:47] Error:No connection available to the PLC  (4808)
[12.10.2014 0:22:47] Error:No connection available to the PLC  (4808)
[12.10.2014 0:22:47] Error:No connection available to the PLC  (4808)
[12.10.2014 0:22:47] Error:No connection available to the PLC  (4808)
[12.10.2014 0:22:47] Error:No connection available to the PLC  (4808)
[12.10.2014 0:22:47] Error:No connection available to the PLC  (4808)
[12.10.2014 0:22:47] Error:No connection available to the PLC  (4808)
[12.10.2014 0:22:47] Error:No connection available to the PLC  (4808)
[12.10.2014 0:22:47] Error:No connection available to the PLC  (4808)
[12.10.2014 0:22:47] Error:No connection available to the PLC  (4808)
[12.10.2014 0:22:47] Error:No connection available to the PLC  (4808)
[12.10.2014 0:22:47] Error:No connection available to the PLC  (4808)
[12.10.2014 0:22:47] Error:No connection available to the PLC  (4808)
[12.10.2014 0:22:47] Error:No connection available to the PLC  (4808)
[12.10.2014 0:22:47] Error:No connection available to the PLC  (4808)
[12.10.2014 0:22:47] Error:No connection available to the PLC  (4808)
[12.10.2014 0:22:47] Error:No connection available to the PLC  (4808)
[12.10.2014 0:22:47] PVI CPU connected
[12.10.2014 0:22:41] PVI service connected
[12.10.2014 0:19:51] Error:No connection available to the PLC  (4808)
[12.10.2014 0:19:51] Error:No connection available to the PLC  (4808)
[12.10.2014 0:19:51] Error:No connection available to the PLC  (4808)
[12.10.2014 0:19:51] Error:No connection available to the PLC  (4808)
[12.10.2014 0:19:51] Error:No connection available to the PLC  (4808)
[12.10.2014 0:19:51] Error:No connection available to the PLC  (4808)
[12.10.2014 0:19:51] Error:No connection available to the PLC  (4808)
[12.10.2014 0:19:51] Error:No connection available to the PLC  (4808)
[12.10.2014 0:19:51] Error:No connection available to the PLC  (4808)
[12.10.2014 0:19:51] Error:No connection available to the PLC  (4808)
[12.10.2014 0:19:51] Error:No connection available to the PLC  (4808)
[12.10.2014 0:19:51] Error:No connection available to the PLC  (4808)
[12.10.2014 0:19:51] Error:No connection available to the PLC  (4808)
[12.10.2014 0:19:51] Error:No connection available to the PLC  (4808)
[12.10.2014 0:19:51] Error:No connection available to the PLC  (4808)
[12.10.2014 0:19:51] Error:No connection available to the PLC  (4808)
[12.10.2014 0:19:51] Error:No connection available to the PLC  (4808)
[12.10.2014 0:19:51] Error:No connection available to the PLC  (4808)
[12.10.2014 0:19:51] Error:No connection available to the PLC  (4808)
[12.10.2014 0:19:51] Error:No connection available to the PLC  (4808)
[12.10.2014 0:19:51] Error:No connection available to the PLC  (4808)
[12.10.2014 0:19:51] Error:No connection available to the PLC  (4808)
[12.10.2014 0:19:51] Error:No connection available to the PLC  (4808)
[12.10.2014 0:19:51] Error:No connection available to the PLC  (4808)
[12.10.2014 0:19:51] Error:No connection available to the PLC  (4808)
[12.10.2014 0:19:51] Error:No connection available to the PLC  (4808)
[12.10.2014 0:19:51] PVI CPU connected
[12.10.2014 0:19:46] PVI service connected
[12.10.2014 0:18:53] Error:No connection available to the PLC  (4808)
[12.10.2014 0:18:53] Error:No connection available to the PLC  (4808)
[12.10.2014 0:18:53] Error:No connection available to the PLC  (4808)
[12.10.2014 0:18:53] Error:No connection available to the PLC  (4808)
[12.10.2014 0:18:53] Error:No connection available to the PLC  (4808)
[12.10.2014 0:18:53] Error:No connection available to the PLC  (4808)
[12.10.2014 0:18:53] Error:No connection available to the PLC  (4808)
[12.10.2014 0:18:53] Error:No connection available to the PLC  (4808)
[12.10.2014 0:18:53] Error:No connection available to the PLC  (4808)
[12.10.2014 0:18:53] Error:No connection available to the PLC  (4808)
[12.10.2014 0:18:53] Error:No connection available to the PLC  (4808)
[12.10.2014 0:18:53] Error:No connection available to the PLC  (4808)
[12.10.2014 0:18:53] Error:No connection available to the PLC  (4808)
[12.10.2014 0:18:53] Error:No connection available to the PLC  (4808)
[12.10.2014 0:18:53] Error:No connection available to the PLC  (4808)
[12.10.2014 0:18:53] Error:No connection available to the PLC  (4808)
[12.10.2014 0:18:53] Error:No connection available to the PLC  (4808)
[12.10.2014 0:18:53] Error:No connection available to the PLC  (4808)
[12.10.2014 0:18:53] Error:No connection available to the PLC  (4808)
[12.10.2014 0:18:53] Error:No connection available to the PLC  (4808)
[12.10.2014 0:18:53] Error:No connection available to the PLC  (4808)
[12.10.2014 0:18:53] Error:No connection available to the PLC  (4808)
[12.10.2014 0:18:53] Error:No connection available to the PLC  (4808)
[12.10.2014 0:18:53] Error:No connection available to the PLC  (4808)
[12.10.2014 0:18:53] Error:No connection available to the PLC  (4808)
[12.10.2014 0:18:53] Error:No connection available to the PLC  (4808)
[12.10.2014 0:18:53] PVI CPU connected
[12.10.2014 0:18:48] PVI service connected
[12.10.2014 0:16:37] Error:No connection available to the PLC  (4808)
[12.10.2014 0:16:37] Error:No connection available to the PLC  (4808)
[12.10.2014 0:16:37] Error:No connection available to the PLC  (4808)
[12.10.2014 0:16:37] Error:No connection available to the PLC  (4808)
[12.10.2014 0:16:37] Error:No connection available to the PLC  (4808)
[12.10.2014 0:16:37] Error:No connection available to the PLC  (4808)
[12.10.2014 0:16:37] Error:No connection available to the PLC  (4808)
[12.10.2014 0:16:37] Error:No connection available to the PLC  (4808)
[12.10.2014 0:16:37] Error:No connection available to the PLC  (4808)
[12.10.2014 0:16:37] Error:No connection available to the PLC  (4808)
[12.10.2014 0:16:37] Error:No connection available to the PLC  (4808)
[12.10.2014 0:16:37] Error:No connection available to the PLC  (4808)
[12.10.2014 0:16:37] Error:No connection available to the PLC  (4808)
[12.10.2014 0:16:37] Error:No connection available to the PLC  (4808)
[12.10.2014 0:16:37] Error:No connection available to the PLC  (4808)
[12.10.2014 0:16:37] Error:No connection available to the PLC  (4808)
[12.10.2014 0:16:37] Error:No connection available to the PLC  (4808)
[12.10.2014 0:16:37] Error:No connection available to the PLC  (4808)
[12.10.2014 0:16:37] Error:No connection available to the PLC  (4808)
[12.10.2014 0:16:37] Error:No connection available to the PLC  (4808)
[12.10.2014 0:16:37] Error:No connection available to the PLC  (4808)
[12.10.2014 0:16:37] Error:No connection available to the PLC  (4808)
[12.10.2014 0:16:37] Error:No connection available to the PLC  (4808)
[12.10.2014 0:16:37] Error:No connection available to the PLC  (4808)
[12.10.2014 0:16:37] Error:No connection available to the PLC  (4808)
[12.10.2014 0:16:37] Error:No connection available to the PLC  (4808)
[12.10.2014 0:16:37] PVI CPU connected
[12.10.2014 0:16:31] PVI service connected
[12.10.2014 0:15:44] PVI CPU connecting ...
[12.10.2014 0:15:44] PVI service connecting ...
[12.10.2014 0:10:26] PVI variables connected
[12.10.2014 0:10:26] PVI variables connected
[12.10.2014 0:10:26] PVI variables connected
[12.10.2014 0:10:26] PVI variables connected
[12.10.2014 0:10:26] PVI variables connected
[12.10.2014 0:10:26] PVI variables connected
[12.10.2014 0:10:26] PVI variables connected
[12.10.2014 0:10:26] PVI variables connected
[12.10.2014 0:10:26] PVI variables connected
[12.10.2014 0:10:26] PVI variables connected
[12.10.2014 0:10:26] PVI variables connected
[12.10.2014 0:10:26] PVI variables connected
[12.10.2014 0:10:26] PVI variables connected
[12.10.2014 0:10:26] PVI variables connected
[12.10.2014 0:10:26] PVI variables connected
[12.10.2014 0:10:26] PVI variables connected
[12.10.2014 0:10:26] PVI variables connected
[12.10.2014 0:10:26] PVI variables connected
[12.10.2014 0:10:26] PVI variables connected
[12.10.2014 0:10:26] PVI variables connected
[12.10.2014 0:10:26] PVI variables connected
[12.10.2014 0:10:26] PVI variables connected
[12.10.2014 0:10:26] PVI variables connected
[12.10.2014 0:10:26] PVI variables connected
[12.10.2014 0:10:26] PVI variables connected
[12.10.2014 0:10:26] PVI variables connecting ...
[12.10.2014 0:10:21] PVI CPU connecting ...
[12.10.2014 0:10:21] PVI service connecting ...
[12.10.2014 0:07:06] PVI variables connected
[12.10.2014 0:07:06] PVI variables connected
[12.10.2014 0:07:05] PVI variables connected
[12.10.2014 0:07:05] PVI variables connected
[12.10.2014 0:07:05] PVI variables connected
[12.10.2014 0:07:05] PVI variables connected
[12.10.2014 0:07:05] PVI variables connected
[12.10.2014 0:07:05] PVI variables connected
[12.10.2014 0:07:05] PVI variables connected
[12.10.2014 0:07:05] PVI variables connected
[12.10.2014 0:07:05] PVI variables connected
[12.10.2014 0:07:05] PVI variables connected
[12.10.2014 0:07:05] PVI variables connected
[12.10.2014 0:07:05] PVI variables connected
[12.10.2014 0:07:05] PVI variables connected
[12.10.2014 0:07:05] PVI variables connected
[12.10.2014 0:07:05] PVI variables connected
[12.10.2014 0:07:05] PVI variables connected
[12.10.2014 0:07:05] PVI variables connected
[12.10.2014 0:07:05] PVI variables connected
[12.10.2014 0:07:05] PVI variables connected
[12.10.2014 0:07:05] PVI variables connected
[12.10.2014 0:07:05] PVI variables connected
[12.10.2014 0:07:05] PVI variables connected
[12.10.2014 0:07:05] PVI variables connected
[12.10.2014 0:07:05] PVI variables connecting ...
[12.10.2014 0:07:00] PVI CPU connecting ...
[12.10.2014 0:07:00] PVI service connecting ...
[12.10.2014 0:01:59] PVI variables connected
[12.10.2014 0:01:59] PVI variables connected
[12.10.2014 0:01:59] PVI variables connected
[12.10.2014 0:01:59] PVI variables connected
[12.10.2014 0:01:59] PVI variables connected
[12.10.2014 0:01:59] PVI variables connected
[12.10.2014 0:01:59] PVI variables connected
[12.10.2014 0:01:59] PVI variables connected
[12.10.2014 0:01:59] PVI variables connected
[12.10.2014 0:01:59] PVI variables connected
[12.10.2014 0:01:59] PVI variables connected
[12.10.2014 0:01:59] PVI variables connected
[12.10.2014 0:01:59] PVI variables connected
[12.10.2014 0:01:59] PVI variables connected
[12.10.2014 0:01:59] PVI variables connected
[12.10.2014 0:01:59] PVI variables connected
[12.10.2014 0:01:59] PVI variables connected
[12.10.2014 0:01:59] PVI variables connected
[12.10.2014 0:01:59] PVI variables connected
[12.10.2014 0:01:59] PVI variables connected
[12.10.2014 0:01:59] PVI variables connected
[12.10.2014 0:01:59] PVI variables connected
[12.10.2014 0:01:59] PVI variables connected
[12.10.2014 0:01:59] PVI variables connected
[12.10.2014 0:01:59] PVI variables connected
[12.10.2014 0:01:59] PVI variables connecting ...
[12.10.2014 0:01:54] PVI CPU connecting ...
[12.10.2014 0:01:53] PVI service connecting ...
[12.10.2014 0:00:59] PVI variables connected
[12.10.2014 0:00:59] PVI variables connected
[12.10.2014 0:00:59] PVI variables connected
[12.10.2014 0:00:59] PVI variables connected
[12.10.2014 0:00:59] PVI variables connected
[12.10.2014 0:00:59] PVI variables connected
[12.10.2014 0:00:59] PVI variables connected
[12.10.2014 0:00:59] PVI variables connected
[12.10.2014 0:00:59] PVI variables connected
[12.10.2014 0:00:59] PVI variables connected
[12.10.2014 0:00:59] PVI variables connected
[12.10.2014 0:00:59] PVI variables connected
[12.10.2014 0:00:59] PVI variables connected
[12.10.2014 0:00:59] PVI variables connected
[12.10.2014 0:00:59] PVI variables connected
[12.10.2014 0:00:59] PVI variables connected
[12.10.2014 0:00:59] PVI variables connected
[12.10.2014 0:00:59] PVI variables connected
[12.10.2014 0:00:59] PVI variables connected
[12.10.2014 0:00:59] PVI variables connected
[12.10.2014 0:00:59] PVI variables connected
[12.10.2014 0:00:59] PVI variables connected
[12.10.2014 0:00:59] PVI variables connected
[12.10.2014 0:00:59] PVI variables connected
[12.10.2014 0:00:59] PVI variables connected
[12.10.2014 0:00:59] PVI variables connecting ...
[12.10.2014 0:00:54] PVI CPU connecting ...
[12.10.2014 0:00:54] PVI service connecting ...
[12.10.2014 0:00:54] PVI service connecting ...
[12.10.2014 0:00:54] PVI service connected
[12.10.2014 0:00:59] PVI CPU connected
[12.10.2014 0:00:59] Error:No connection available to the PLC  (4808)
[12.10.2014 0:00:59] Error:No connection available to the PLC  (4808)
[12.10.2014 0:00:59] Error:No connection available to the PLC  (4808)
[12.10.2014 0:00:59] Error:No connection available to the PLC  (4808)
[12.10.2014 0:00:59] Error:No connection available to the PLC  (4808)
[12.10.2014 0:00:59] Error:No connection available to the PLC  (4808)
[12.10.2014 0:00:59] Error:No connection available to the PLC  (4808)
[12.10.2014 0:00:59] Error:No connection available to the PLC  (4808)
[12.10.2014 0:00:59] Error:No connection available to the PLC  (4808)
[12.10.2014 0:00:59] Error:No connection available to the PLC  (4808)
[12.10.2014 0:00:59] Error:No connection available to the PLC  (4808)
[12.10.2014 0:00:59] Error:No connection available to the PLC  (4808)
[12.10.2014 0:00:59] Error:No connection available to the PLC  (4808)
[12.10.2014 0:00:59] Error:No connection available to the PLC  (4808)
[12.10.2014 0:00:59] Error:No connection available to the PLC  (4808)
[12.10.2014 0:00:59] Error:No connection available to the PLC  (4808)
[12.10.2014 0:00:59] Error:No connection available to the PLC  (4808)
[12.10.2014 0:00:59] Error:No connection available to the PLC  (4808)
[12.10.2014 0:00:59] Error:No connection available to the PLC  (4808)
[12.10.2014 0:00:59] Error:No connection available to the PLC  (4808)
[12.10.2014 0:00:59] Error:No connection available to the PLC  (4808)
[12.10.2014 0:00:59] Error:No connection available to the PLC  (4808)
[12.10.2014 0:00:59] Error:No connection available to the PLC  (4808)
[12.10.2014 0:00:59] Error:No connection available to the PLC  (4808)
[12.10.2014 0:00:59] Error:No connection available to the PLC  (4808)
[12.10.2014 0:00:59] Error:No connection available to the PLC  (4808)
[12.10.2014 0:01:54] PVI service connected
[12.10.2014 0:01:59] PVI CPU connected
[12.10.2014 0:01:59] Error:No connection available to the PLC  (4808)
[12.10.2014 0:01:59] Error:No connection available to the PLC  (4808)
[12.10.2014 0:01:59] Error:No connection available to the PLC  (4808)
[12.10.2014 0:01:59] Error:No connection available to the PLC  (4808)
[12.10.2014 0:01:59] Error:No connection available to the PLC  (4808)
[12.10.2014 0:01:59] Error:No connection available to the PLC  (4808)
[12.10.2014 0:01:59] Error:No connection available to the PLC  (4808)
[12.10.2014 0:01:59] Error:No connection available to the PLC  (4808)
[12.10.2014 0:01:59] Error:No connection available to the PLC  (4808)
[12.10.2014 0:01:59] Error:No connection available to the PLC  (4808)
[12.10.2014 0:01:59] Error:No connection available to the PLC  (4808)
[12.10.2014 0:01:59] Error:No connection available to the PLC  (4808)
[12.10.2014 0:01:59] Error:No connection available to the PLC  (4808)
[12.10.2014 0:01:59] Error:No connection available to the PLC  (4808)
[12.10.2014 0:01:59] Error:No connection available to the PLC  (4808)
[12.10.2014 0:01:59] Error:No connection available to the PLC  (4808)
[12.10.2014 0:01:59] Error:No connection available to the PLC  (4808)
[12.10.2014 0:01:59] Error:No connection available to the PLC  (4808)
[12.10.2014 0:01:59] Error:No connection available to the PLC  (4808)
[12.10.2014 0:01:59] Error:No connection available to the PLC  (4808)
[12.10.2014 0:01:59] Error:No connection available to the PLC  (4808)
[12.10.2014 0:01:59] Error:No connection available to the PLC  (4808)
[12.10.2014 0:01:59] Error:No connection available to the PLC  (4808)
[12.10.2014 0:01:59] Error:No connection available to the PLC  (4808)
[12.10.2014 0:01:59] Error:No connection available to the PLC  (4808)
[12.10.2014 0:01:59] Error:No connection available to the PLC  (4808)
[12.10.2014 0:07:00] PVI service connected
[12.10.2014 0:07:05] PVI CPU connected
[12.10.2014 0:07:05] Error:No connection available to the PLC  (4808)
[12.10.2014 0:07:05] Error:No connection available to the PLC  (4808)
[12.10.2014 0:07:05] Error:No connection available to the PLC  (4808)
[12.10.2014 0:07:05] Error:No connection available to the PLC  (4808)
[12.10.2014 0:07:05] Error:No connection available to the PLC  (4808)
[12.10.2014 0:07:05] Error:No connection available to the PLC  (4808)
[12.10.2014 0:07:05] Error:No connection available to the PLC  (4808)
[12.10.2014 0:07:05] Error:No connection available to the PLC  (4808)
[12.10.2014 0:07:05] Error:No connection available to the PLC  (4808)
[12.10.2014 0:07:05] Error:No connection available to the PLC  (4808)
[12.10.2014 0:07:05] Error:No connection available to the PLC  (4808)
[12.10.2014 0:07:05] Error:No connection available to the PLC  (4808)
[12.10.2014 0:07:05] Error:No connection available to the PLC  (4808)
[12.10.2014 0:07:05] Error:No connection available to the PLC  (4808)
[12.10.2014 0:07:05] Error:No connection available to the PLC  (4808)
[12.10.2014 0:07:05] Error:No connection available to the PLC  (4808)
[12.10.2014 0:07:05] Error:No connection available to the PLC  (4808)
[12.10.2014 0:07:05] Error:No connection available to the PLC  (4808)
[12.10.2014 0:07:05] Error:No connection available to the PLC  (4808)
[12.10.2014 0:07:05] Error:No connection available to the PLC  (4808)
[12.10.2014 0:07:05] Error:No connection available to the PLC  (4808)
[12.10.2014 0:07:05] Error:No connection available to the PLC  (4808)
[12.10.2014 0:07:05] Error:No connection available to the PLC  (4808)
[12.10.2014 0:07:06] Error:No connection available to the PLC  (4808)
[12.10.2014 0:07:06] Error:No connection available to the PLC  (4808)
[12.10.2014 0:07:06] Error:No connection available to the PLC  (4808)
[12.10.2014 0:10:21] PVI service connected
[12.10.2014 0:10:26] PVI CPU connected
[12.10.2014 0:10:26] Error:No connection available to the PLC  (4808)
[12.10.2014 0:10:26] Error:No connection available to the PLC  (4808)
[12.10.2014 0:10:26] Error:No connection available to the PLC  (4808)
[12.10.2014 0:10:26] Error:No connection available to the PLC  (4808)
[12.10.2014 0:10:26] Error:No connection available to the PLC  (4808)
[12.10.2014 0:10:26] Error:No connection available to the PLC  (4808)
[12.10.2014 0:10:26] Error:No connection available to the PLC  (4808)
[12.10.2014 0:10:26] Error:No connection available to the PLC  (4808)
[12.10.2014 0:10:26] Error:No connection available to the PLC  (4808)
[12.10.2014 0:10:26] Error:No connection available to the PLC  (4808)
[12.10.2014 0:10:26] Error:No connection available to the PLC  (4808)
[12.10.2014 0:10:26] Error:No connection available to the PLC  (4808)
[12.10.2014 0:10:26] Error:No connection available to the PLC  (4808)
[12.10.2014 0:10:26] Error:No connection available to the PLC  (4808)
[12.10.2014 0:10:26] Error:No connection available to the PLC  (4808)
[12.10.2014 0:10:26] Error:No connection available to the PLC  (4808)
[12.10.2014 0:10:26] Error:No connection available to the PLC  (4808)
[12.10.2014 0:10:26] Error:No connection available to the PLC  (4808)
[12.10.2014 0:10:26] Error:No connection available to the PLC  (4808)
[12.10.2014 0:10:26] Error:No connection available to the PLC  (4808)
[12.10.2014 0:10:26] Error:No connection available to the PLC  (4808)
[12.10.2014 0:10:26] Error:No connection available to the PLC  (4808)
[12.10.2014 0:10:26] Error:No connection available to the PLC  (4808)
[12.10.2014 0:10:26] Error:No connection available to the PLC  (4808)
[12.10.2014 0:10:26] Error:No connection available to the PLC  (4808)
[12.10.2014 0:10:26] Error:No connection available to the PLC  (4808)
[12.10.2014 0:15:44] PVI service connected
[12.10.2014 0:16:31] PVI service connecting ...
[12.10.2014 0:16:31] PVI CPU connecting ...
[12.10.2014 0:16:37] PVI variables connecting ...
[12.10.2014 0:16:37] PVI variables connected
[12.10.2014 0:16:37] PVI variables connected
[12.10.2014 0:16:37] PVI variables connected
[12.10.2014 0:16:37] PVI variables connected
[12.10.2014 0:16:37] PVI variables connected
[12.10.2014 0:16:37] PVI variables connected
[12.10.2014 0:16:37] PVI variables connected
[12.10.2014 0:16:37] PVI variables connected
[12.10.2014 0:16:37] PVI variables connected
[12.10.2014 0:16:37] PVI variables connected
[12.10.2014 0:16:37] PVI variables connected
[12.10.2014 0:16:37] PVI variables connected
[12.10.2014 0:16:37] PVI variables connected
[12.10.2014 0:16:37] PVI variables connected
[12.10.2014 0:16:37] PVI variables connected
[12.10.2014 0:16:37] PVI variables connected
[12.10.2014 0:16:37] PVI variables connected
[12.10.2014 0:16:37] PVI variables connected
[12.10.2014 0:16:37] PVI variables connected
[12.10.2014 0:16:37] PVI variables connected
[12.10.2014 0:16:37] PVI variables connected
[12.10.2014 0:16:37] PVI variables connected
[12.10.2014 0:16:37] PVI variables connected
[12.10.2014 0:16:37] PVI variables connected
[12.10.2014 0:16:37] PVI variables connected
[12.10.2014 0:18:47] PVI service connecting ...
[12.10.2014 0:18:48] PVI CPU connecting ...
[12.10.2014 0:18:53] PVI variables connecting ...
[12.10.2014 0:18:53] PVI variables connected
[12.10.2014 0:18:53] PVI variables connected
[12.10.2014 0:18:53] PVI variables connected
[12.10.2014 0:18:53] PVI variables connected
[12.10.2014 0:18:53] PVI variables connected
[12.10.2014 0:18:53] PVI variables connected
[12.10.2014 0:18:53] PVI variables connected
[12.10.2014 0:18:53] PVI variables connected
[12.10.2014 0:18:53] PVI variables connected
[12.10.2014 0:18:53] PVI variables connected
[12.10.2014 0:18:53] PVI variables connected
[12.10.2014 0:18:53] PVI variables connected
[12.10.2014 0:18:53] PVI variables connected
[12.10.2014 0:18:53] PVI variables connected
[12.10.2014 0:18:53] PVI variables connected
[12.10.2014 0:18:53] PVI variables connected
[12.10.2014 0:18:53] PVI variables connected
[12.10.2014 0:18:53] PVI variables connected
[12.10.2014 0:18:53] PVI variables connected
[12.10.2014 0:18:53] PVI variables connected
[12.10.2014 0:18:53] PVI variables connected
[12.10.2014 0:18:53] PVI variables connected
[12.10.2014 0:18:53] PVI variables connected
[12.10.2014 0:18:53] PVI variables connected
[12.10.2014 0:18:53] PVI variables connected
[12.10.2014 0:19:45] PVI service connecting ...
[12.10.2014 0:19:46] PVI CPU connecting ...
[12.10.2014 0:19:51] PVI variables connecting ...
[12.10.2014 0:19:51] PVI variables connected
[12.10.2014 0:19:51] PVI variables connected
[12.10.2014 0:19:51] PVI variables connected
[12.10.2014 0:19:51] PVI variables connected
[12.10.2014 0:19:51] PVI variables connected
[12.10.2014 0:19:51] PVI variables connected
[12.10.2014 0:19:51] PVI variables connected
[12.10.2014 0:19:51] PVI variables connected
[12.10.2014 0:19:51] PVI variables connected
[12.10.2014 0:19:51] PVI variables connected
[12.10.2014 0:19:51] PVI variables connected
[12.10.2014 0:19:51] PVI variables connected
[12.10.2014 0:19:51] PVI variables connected
[12.10.2014 0:19:51] PVI variables connected
[12.10.2014 0:19:51] PVI variables connected
[12.10.2014 0:19:51] PVI variables connected
[12.10.2014 0:19:51] PVI variables connected
[12.10.2014 0:19:51] PVI variables connected
[12.10.2014 0:19:51] PVI variables connected
[12.10.2014 0:19:51] PVI variables connected
[12.10.2014 0:19:51] PVI variables connected
[12.10.2014 0:19:51] PVI variables connected
[12.10.2014 0:19:51] PVI variables connected
[12.10.2014 0:19:51] PVI variables connected
[12.10.2014 0:19:51] PVI variables connected
[12.10.2014 0:22:41] PVI service connecting ...
[12.10.2014 0:22:41] PVI CPU connecting ...
[12.10.2014 0:22:47] PVI variables connecting ...
[12.10.2014 0:22:47] PVI variables connected
[12.10.2014 0:22:47] PVI variables connected
[12.10.2014 0:22:47] PVI variables connected
[12.10.2014 0:22:47] PVI variables connected
[12.10.2014 0:22:47] PVI variables connected
[12.10.2014 0:22:47] PVI variables connected
[12.10.2014 0:22:47] PVI variables connected
[12.10.2014 0:22:47] PVI variables connected
[12.10.2014 0:22:47] PVI variables connected
[12.10.2014 0:22:47] PVI variables connected
[12.10.2014 0:22:47] PVI variables connected
[12.10.2014 0:22:47] PVI variables connected
[12.10.2014 0:22:47] PVI variables connected
[12.10.2014 0:22:47] PVI variables connected
[12.10.2014 0:22:47] PVI variables connected
[12.10.2014 0:22:47] PVI variables connected
[12.10.2014 0:22:47] PVI variables connected
[12.10.2014 0:22:47] PVI variables connected
[12.10.2014 0:22:47] PVI variables connected
[12.10.2014 0:22:47] PVI variables connected
[12.10.2014 0:22:47] PVI variables connected
[12.10.2014 0:22:47] PVI variables connected
[12.10.2014 0:22:47] PVI variables connected
[12.10.2014 0:22:47] PVI variables connected
[12.10.2014 0:22:47] PVI variables connected
[12.10.2014 0:23:38] PVI service connecting ...
[12.10.2014 0:23:39] PVI CPU connecting ...
[12.10.2014 0:23:44] PVI variables connecting ...
[12.10.2014 0:23:44] PVI variables connected
[12.10.2014 0:23:44] PVI variables connected
[12.10.2014 0:23:44] PVI variables connected
[12.10.2014 0:23:44] PVI variables connected
[12.10.2014 0:23:44] PVI variables connected
[12.10.2014 0:23:44] PVI variables connected
[12.10.2014 0:23:44] PVI variables connected
[12.10.2014 0:23:44] PVI variables connected
[12.10.2014 0:23:44] PVI variables connected
[12.10.2014 0:23:44] PVI variables connected
[12.10.2014 0:23:44] PVI variables connected
[12.10.2014 0:23:44] PVI variables connected
[12.10.2014 0:23:44] PVI variables connected
[12.10.2014 0:23:44] PVI variables connected
[12.10.2014 0:23:44] PVI variables connected
[12.10.2014 0:23:44] PVI variables connected
[12.10.2014 0:23:44] PVI variables connected
[12.10.2014 0:23:44] PVI variables connected
[12.10.2014 0:23:44] PVI variables connected
[12.10.2014 0:23:44] PVI variables connected
[12.10.2014 0:23:44] PVI variables connected
[12.10.2014 0:23:44] PVI variables connected
[12.10.2014 0:23:44] PVI variables connected
[12.10.2014 0:23:44] PVI variables connected
[12.10.2014 0:23:44] PVI variables connected
[12.10.2014 0:26:25] PVI service connecting ...
[12.10.2014 0:26:26] PVI CPU connecting ...
[12.10.2014 0:26:26] PVI variables connecting ...
[12.10.2014 0:26:26] PVI variables connected
[12.10.2014 0:26:26] PVI variables connected
[12.10.2014 0:26:26] PVI variables connected
[12.10.2014 0:26:26] PVI variables connected
[12.10.2014 0:26:26] PVI variables connected
[12.10.2014 0:26:26] PVI variables connected
[12.10.2014 0:26:26] PVI variables connected
[12.10.2014 0:26:26] PVI variables connected
[12.10.2014 0:26:26] PVI variables connected
[12.10.2014 0:26:26] PVI variables connected
[12.10.2014 0:26:26] PVI variables connected
[12.10.2014 0:26:26] PVI variables connected
[12.10.2014 0:26:26] PVI variables connected
[12.10.2014 0:26:26] PVI variables connected
[12.10.2014 0:26:27] PVI variables connected
[12.10.2014 0:26:27] PVI variables connected
[12.10.2014 0:26:27] PVI variables connected
[12.10.2014 0:26:27] PVI variables connected
[12.10.2014 0:26:27] PVI variables connected
[12.10.2014 0:26:27] PVI variables connected
[12.10.2014 0:26:27] PVI variables connected
[12.10.2014 0:26:27] PVI variables connected
[12.10.2014 0:26:27] PVI variables connected
[12.10.2014 0:26:27] PVI variables connected
[12.10.2014 0:26:27] PVI variables connected
