[11.10.2014 0:56:58] Error:No connection available to the PLC  (4808)
[11.10.2014 0:56:58] Error:No connection available to the PLC  (4808)
[11.10.2014 0:56:58] Error:No connection available to the PLC  (4808)
[11.10.2014 0:56:58] Error:No connection available to the PLC  (4808)
[11.10.2014 0:56:58] Error:No connection available to the PLC  (4808)
[11.10.2014 0:56:58] Error:No connection available to the PLC  (4808)
[11.10.2014 0:56:58] Error:No connection available to the PLC  (4808)
[11.10.2014 0:56:58] Error:No connection available to the PLC  (4808)
[11.10.2014 0:56:58] Error:No connection available to the PLC  (4808)
[11.10.2014 0:56:58] Error:No connection available to the PLC  (4808)
[11.10.2014 0:56:58] Error:No connection available to the PLC  (4808)
[11.10.2014 0:56:58] Error:No connection available to the PLC  (4808)
[11.10.2014 0:56:58] Error:No connection available to the PLC  (4808)
[11.10.2014 0:56:58] Error:No connection available to the PLC  (4808)
[11.10.2014 0:56:58] Error:No connection available to the PLC  (4808)
[11.10.2014 0:56:58] Error:No connection available to the PLC  (4808)
[11.10.2014 0:56:58] Error:No connection available to the PLC  (4808)
[11.10.2014 0:56:58] Error:No connection available to the PLC  (4808)
[11.10.2014 0:56:58] Error:No connection available to the PLC  (4808)
[11.10.2014 0:56:58] Error:No connection available to the PLC  (4808)
[11.10.2014 0:56:58] Error:No connection available to the PLC  (4808)
[11.10.2014 0:56:58] Error:No connection available to the PLC  (4808)
[11.10.2014 0:56:58] Error:No connection available to the PLC  (4808)
[11.10.2014 0:56:58] Error:No connection available to the PLC  (4808)
[11.10.2014 0:56:58] Error:No connection available to the PLC  (4808)
[11.10.2014 0:56:58] Error:No connection available to the PLC  (4808)
[11.10.2014 0:56:58] PVI CPU connected
[11.10.2014 0:56:53] PVI service connected
[11.10.2014 0:09:44] Error:No connection available to the PLC  (4808)
[11.10.2014 0:09:44] Error:No connection available to the PLC  (4808)
[11.10.2014 0:09:44] Error:No connection available to the PLC  (4808)
[11.10.2014 0:09:44] Error:No connection available to the PLC  (4808)
[11.10.2014 0:09:44] Error:No connection available to the PLC  (4808)
[11.10.2014 0:09:44] Error:No connection available to the PLC  (4808)
[11.10.2014 0:09:44] Error:No connection available to the PLC  (4808)
[11.10.2014 0:09:44] Error:No connection available to the PLC  (4808)
[11.10.2014 0:09:44] Error:No connection available to the PLC  (4808)
[11.10.2014 0:09:44] Error:No connection available to the PLC  (4808)
[11.10.2014 0:09:44] Error:No connection available to the PLC  (4808)
[11.10.2014 0:09:44] Error:No connection available to the PLC  (4808)
[11.10.2014 0:09:44] Error:No connection available to the PLC  (4808)
[11.10.2014 0:09:44] Error:No connection available to the PLC  (4808)
[11.10.2014 0:09:44] Error:No connection available to the PLC  (4808)
[11.10.2014 0:09:44] Error:No connection available to the PLC  (4808)
[11.10.2014 0:09:44] Error:No connection available to the PLC  (4808)
[11.10.2014 0:09:44] Error:No connection available to the PLC  (4808)
[11.10.2014 0:09:44] Error:No connection available to the PLC  (4808)
[11.10.2014 0:09:44] Error:No connection available to the PLC  (4808)
[11.10.2014 0:09:44] Error:No connection available to the PLC  (4808)
[11.10.2014 0:09:44] Error:No connection available to the PLC  (4808)
[11.10.2014 0:09:44] Error:No connection available to the PLC  (4808)
[11.10.2014 0:09:44] Error:No connection available to the PLC  (4808)
[11.10.2014 0:09:44] Error:No connection available to the PLC  (4808)
[11.10.2014 0:09:44] Error:No connection available to the PLC  (4808)
[11.10.2014 0:09:44] PVI CPU connected
[11.10.2014 0:09:39] PVI service connected
[11.10.2014 0:07:52] Error:No connection available to the PLC  (4808)
[11.10.2014 0:07:52] Error:No connection available to the PLC  (4808)
[11.10.2014 0:07:52] Error:No connection available to the PLC  (4808)
[11.10.2014 0:07:52] Error:No connection available to the PLC  (4808)
[11.10.2014 0:07:52] Error:No connection available to the PLC  (4808)
[11.10.2014 0:07:52] Error:No connection available to the PLC  (4808)
[11.10.2014 0:07:52] Error:No connection available to the PLC  (4808)
[11.10.2014 0:07:52] Error:No connection available to the PLC  (4808)
[11.10.2014 0:07:52] Error:No connection available to the PLC  (4808)
[11.10.2014 0:07:52] Error:No connection available to the PLC  (4808)
[11.10.2014 0:07:52] Error:No connection available to the PLC  (4808)
[11.10.2014 0:07:52] Error:No connection available to the PLC  (4808)
[11.10.2014 0:07:52] Error:No connection available to the PLC  (4808)
[11.10.2014 0:07:52] Error:No connection available to the PLC  (4808)
[11.10.2014 0:07:52] Error:No connection available to the PLC  (4808)
[11.10.2014 0:07:52] Error:No connection available to the PLC  (4808)
[11.10.2014 0:07:52] Error:No connection available to the PLC  (4808)
[11.10.2014 0:07:52] Error:No connection available to the PLC  (4808)
[11.10.2014 0:07:52] Error:No connection available to the PLC  (4808)
[11.10.2014 0:07:52] Error:No connection available to the PLC  (4808)
[11.10.2014 0:07:52] Error:No connection available to the PLC  (4808)
[11.10.2014 0:07:52] Error:No connection available to the PLC  (4808)
[11.10.2014 0:07:52] Error:No connection available to the PLC  (4808)
[11.10.2014 0:07:52] Error:No connection available to the PLC  (4808)
[11.10.2014 0:07:52] Error:No connection available to the PLC  (4808)
[11.10.2014 0:07:52] Error:No connection available to the PLC  (4808)
[11.10.2014 0:07:52] PVI CPU connected
[11.10.2014 0:07:46] PVI service connected
[11.10.2014 0:07:46] PVI service connecting ...
[11.10.2014 0:07:46] PVI service connecting ...
[11.10.2014 0:07:46] PVI CPU connecting ...
[11.10.2014 0:07:52] PVI variables connecting ...
[11.10.2014 0:07:52] PVI variables connected
[11.10.2014 0:07:52] PVI variables connected
[11.10.2014 0:07:52] PVI variables connected
[11.10.2014 0:07:52] PVI variables connected
[11.10.2014 0:07:52] PVI variables connected
[11.10.2014 0:07:52] PVI variables connected
[11.10.2014 0:07:52] PVI variables connected
[11.10.2014 0:07:52] PVI variables connected
[11.10.2014 0:07:52] PVI variables connected
[11.10.2014 0:07:52] PVI variables connected
[11.10.2014 0:07:52] PVI variables connected
[11.10.2014 0:07:52] PVI variables connected
[11.10.2014 0:07:52] PVI variables connected
[11.10.2014 0:07:52] PVI variables connected
[11.10.2014 0:07:52] PVI variables connected
[11.10.2014 0:07:52] PVI variables connected
[11.10.2014 0:07:52] PVI variables connected
[11.10.2014 0:07:52] PVI variables connected
[11.10.2014 0:07:52] PVI variables connected
[11.10.2014 0:07:52] PVI variables connected
[11.10.2014 0:07:52] PVI variables connected
[11.10.2014 0:07:52] PVI variables connected
[11.10.2014 0:07:52] PVI variables connected
[11.10.2014 0:07:52] PVI variables connected
[11.10.2014 0:07:52] PVI variables connected
[11.10.2014 0:09:38] PVI service connecting ...
[11.10.2014 0:09:39] PVI CPU connecting ...
[11.10.2014 0:09:44] PVI variables connecting ...
[11.10.2014 0:09:44] PVI variables connected
[11.10.2014 0:09:44] PVI variables connected
[11.10.2014 0:09:44] PVI variables connected
[11.10.2014 0:09:44] PVI variables connected
[11.10.2014 0:09:44] PVI variables connected
[11.10.2014 0:09:44] PVI variables connected
[11.10.2014 0:09:44] PVI variables connected
[11.10.2014 0:09:44] PVI variables connected
[11.10.2014 0:09:44] PVI variables connected
[11.10.2014 0:09:44] PVI variables connected
[11.10.2014 0:09:44] PVI variables connected
[11.10.2014 0:09:44] PVI variables connected
[11.10.2014 0:09:44] PVI variables connected
[11.10.2014 0:09:44] PVI variables connected
[11.10.2014 0:09:44] PVI variables connected
[11.10.2014 0:09:44] PVI variables connected
[11.10.2014 0:09:44] PVI variables connected
[11.10.2014 0:09:44] PVI variables connected
[11.10.2014 0:09:44] PVI variables connected
[11.10.2014 0:09:44] PVI variables connected
[11.10.2014 0:09:44] PVI variables connected
[11.10.2014 0:09:44] PVI variables connected
[11.10.2014 0:09:44] PVI variables connected
[11.10.2014 0:09:44] PVI variables connected
[11.10.2014 0:09:44] PVI variables connected
[11.10.2014 0:56:51] PVI service connecting ...
[11.10.2014 0:56:53] PVI CPU connecting ...
[11.10.2014 0:56:58] PVI variables connecting ...
[11.10.2014 0:56:58] PVI variables connected
[11.10.2014 0:56:58] PVI variables connected
[11.10.2014 0:56:58] PVI variables connected
[11.10.2014 0:56:58] PVI variables connected
[11.10.2014 0:56:58] PVI variables connected
[11.10.2014 0:56:58] PVI variables connected
[11.10.2014 0:56:58] PVI variables connected
[11.10.2014 0:56:58] PVI variables connected
[11.10.2014 0:56:58] PVI variables connected
[11.10.2014 0:56:58] PVI variables connected
[11.10.2014 0:56:58] PVI variables connected
[11.10.2014 0:56:58] PVI variables connected
[11.10.2014 0:56:58] PVI variables connected
[11.10.2014 0:56:58] PVI variables connected
[11.10.2014 0:56:58] PVI variables connected
[11.10.2014 0:56:58] PVI variables connected
[11.10.2014 0:56:58] PVI variables connected
[11.10.2014 0:56:58] PVI variables connected
[11.10.2014 0:56:58] PVI variables connected
[11.10.2014 0:56:58] PVI variables connected
[11.10.2014 0:56:58] PVI variables connected
[11.10.2014 0:56:58] PVI variables connected
[11.10.2014 0:56:58] PVI variables connected
[11.10.2014 0:56:58] PVI variables connected
[11.10.2014 0:56:58] PVI variables connected
