[16.10.2014 18:31:10] Штабелер готов к выполнению команды
[16.10.2014 18:30:38] Началось выполнение команды "Взять из ячейки 61"
[16.10.2014 18:30:17] Штабелер выключен
[16.10.2014 18:30:17] PVI variables connecting ...
[16.10.2014 18:30:16] PVI CPU connecting ...
[16.10.2014 18:30:15] PVI service connecting ...
[16.10.2014 17:55:32] Штабелер находиться в состоянии выполнения команды
[16.10.2014 17:54:57] PVI variables connected
[16.10.2014 17:54:57] PVI variables connected
[16.10.2014 17:54:57] PVI CPU connected
[16.10.2014 17:54:56] PVI service connected
[16.10.2014 17:50:54] Штабелер готов к выполнению команды
[16.10.2014 17:50:24] Началось выполнение команды "Положить в ячейку 123"
[16.10.2014 17:45:14] Ошибка: Неизвестная ошибка (50061)
[16.10.2014 17:43:38] PVI variables connected
[16.10.2014 17:43:38] PVI variables connected
[16.10.2014 17:43:38] PVI CPU connected
[16.10.2014 17:43:38] PVI service connected
[16.10.2014 17:36:18] Штабелер готов к выполнению команды
[16.10.2014 17:36:10] Ошибка: Неизвестная ошибка (50061)
[16.10.2014 17:35:53] PVI variables connected
[16.10.2014 17:35:53] PVI variables connected
[16.10.2014 17:35:53] PVI CPU connected
[16.10.2014 17:35:53] PVI service connected
[16.10.2014 17:32:43] Штабелер готов к выполнению команды
[16.10.2014 17:32:17] Началось выполнение команды "Взять из ячейки 13"
[16.10.2014 17:31:51] Штабелер выключен
[16.10.2014 17:31:51] PVI variables connecting ...
[16.10.2014 17:31:51] PVI CPU connecting ...
[16.10.2014 17:31:49] PVI service connecting ...
[16.10.2014 17:25:03] Началось выполнение команды "Положить в ячейку 37"
[16.10.2014 17:21:53] Штабелер готов к выполнению команды
[16.10.2014 17:21:48] Штабелер выключен
[16.10.2014 17:21:38] PVI variables connected
[16.10.2014 17:21:38] Ошибка: Неизвестная ошибка (50000)
[16.10.2014 17:21:36] PVI variables connecting ...
[16.10.2014 17:21:34] PVI CPU connecting ...
[16.10.2014 17:21:31] Error:PVI Manager not started  (12050)
[16.10.2014 15:04:31] Штабелер не готов выполненять команду
[16.10.2014 15:04:21] PVI variables connected
[16.10.2014 15:04:21] PVI variables connected
[16.10.2014 15:04:21] PVI CPU connected
[16.10.2014 15:04:21] PVI service connected
[16.10.2014 15:00:11] Штабелер не готов выполненять команду
[16.10.2014 15:00:05] Штабелер не готов выполненять команду
[16.10.2014 14:59:57] Штабелер не готов выполненять команду
[16.10.2014 14:59:46] Штабелер не готов выполненять команду
[16.10.2014 14:59:43] Штабелер выключен
[16.10.2014 14:58:39] PVI variables connected
[16.10.2014 14:58:39] Ошибка: Неизвестная ошибка (50000)
[16.10.2014 14:58:39] PVI variables connecting ...
[16.10.2014 14:58:39] PVI CPU connecting ...
[16.10.2014 14:58:38] PVI service connecting ...
[16.10.2014 14:51:57] Ошибка привода
[16.10.2014 14:51:57] PVI variables connected
[16.10.2014 14:51:56] PVI CPU connected
[16.10.2014 14:51:56] PVI service connected
[16.10.2014 12:11:47] Штабелер не готов выполненять команду
[16.10.2014 12:11:42] Штабелер не готов выполненять команду
[16.10.2014 12:11:32] Штабелер не готов выполненять команду
[16.10.2014 12:11:28] Штабелер не готов выполненять команду
[16.10.2014 12:10:25] Ошибка привода
[16.10.2014 12:10:25] Ошибка: Неизвестная ошибка (50000)
[16.10.2014 12:10:23] PVI variables connecting ...
[16.10.2014 12:10:22] Error:No connection available to the PLC  (4808)
[16.10.2014 12:10:22] Ошибка: Неизвестная ошибка (50000)
[16.10.2014 12:10:21] Ошибка: Неизвестная ошибка (50000)
[16.10.2014 12:10:19] Штабелер не готов выполненять команду
[16.10.2014 12:10:18] PVI variables connecting ...
[16.10.2014 12:09:03] Error:No connection available to the PLC  (4808)
[16.10.2014 12:08:58] PVI service connected
[16.10.2014 10:02:26] Штабелер не готов выполненять команду
[16.10.2014 10:01:49] Штабелер не готов выполненять команду
[16.10.2014 10:01:39] Штабелер не готов выполненять команду
[16.10.2014 10:01:38] PVI variables connecting ...
[16.10.2014 10:01:38] PVI CPU connecting ...
[16.10.2014 10:01:37] PVI service connecting ...
[16.10.2014 9:54:12] Штабелер находиться в состоянии выполнения команды
[16.10.2014 9:53:42] Штабелер находиться в состоянии выполнения команды
[16.10.2014 9:51:01] Штабелер находиться в состоянии выполнения команды
[16.10.2014 9:50:58] Штабелер находиться в состоянии выполнения команды
[16.10.2014 9:48:54] Штабелер выключен
[16.10.2014 9:48:40] PVI variables connected
[16.10.2014 9:48:40] Ошибка: Неизвестная ошибка (50000)
[16.10.2014 9:48:38] PVI variables connecting ...
[16.10.2014 9:48:37] PVI CPU connecting ...
[16.10.2014 9:48:36] PVI service connecting ...
[16.10.2014 9:48:36] PVI service connecting ...
[16.10.2014 9:48:37] PVI service connected
[16.10.2014 9:48:38] PVI CPU connected
[16.10.2014 9:48:39] PVI variables connected
[16.10.2014 9:48:40] Ошибка привода
[16.10.2014 9:48:53] Штабелер не готов выполненять команду
[16.10.2014 9:48:59] Штабелер не готов выполненять команду
[16.10.2014 9:51:00] Штабелер не готов выполненять команду
[16.10.2014 9:51:04] Штабелер не готов выполненять команду
[16.10.2014 9:54:04] Штабелер не готов выполненять команду
[16.10.2014 9:54:19] Штабелер не готов выполненять команду
[16.10.2014 10:01:38] PVI service connected
[16.10.2014 10:01:38] PVI CPU connected
[16.10.2014 10:01:38] PVI variables connected
[16.10.2014 10:01:46] Штабелер находиться в состоянии выполнения команды
[16.10.2014 10:02:23] Штабелер находиться в состоянии выполнения команды
[16.10.2014 12:08:57] PVI service connecting ...
[16.10.2014 12:08:58] PVI CPU connecting ...
[16.10.2014 12:10:18] PVI CPU connected
[16.10.2014 12:10:19] PVI variables connected
[16.10.2014 12:10:19] PVI variables connected
[16.10.2014 12:10:21] Ошибка привода
[16.10.2014 12:10:22] Ошибка привода
[16.10.2014 12:10:23] PVI CPU connected
[16.10.2014 12:10:25] PVI variables connected
[16.10.2014 12:10:25] PVI variables connected
[16.10.2014 12:10:25] PVI variables connected
[16.10.2014 12:11:28] Штабелер выключен
[16.10.2014 12:11:40] Штабелер находиться в состоянии выполнения команды
[16.10.2014 12:11:43] Штабелер находиться в состоянии выполнения команды
[16.10.2014 14:51:52] PVI service connecting ...
[16.10.2014 14:51:56] PVI CPU connecting ...
[16.10.2014 14:51:56] PVI variables connecting ...
[16.10.2014 14:51:57] Ошибка: Неизвестная ошибка (50000)
[16.10.2014 14:51:57] PVI variables connected
[16.10.2014 14:58:39] PVI service connected
[16.10.2014 14:58:39] PVI CPU connected
[16.10.2014 14:58:39] PVI variables connected
[16.10.2014 14:58:39] Ошибка привода
[16.10.2014 14:59:42] Штабелер не готов выполненять команду
[16.10.2014 14:59:46] Штабелер находиться в состоянии выполнения команды
[16.10.2014 14:59:55] Штабелер находиться в состоянии выполнения команды
[16.10.2014 15:00:01] Штабелер находиться в состоянии выполнения команды
[16.10.2014 15:00:08] Штабелер находиться в состоянии выполнения команды
[16.10.2014 15:04:19] PVI service connecting ...
[16.10.2014 15:04:21] PVI CPU connecting ...
[16.10.2014 15:04:21] PVI variables connecting ...
[16.10.2014 15:04:21] Штабелер не готов выполненять команду
[16.10.2014 15:04:27] Штабелер находиться в состоянии выполнения команды
[16.10.2014 17:21:01] PVI service connecting ...
[16.10.2014 17:21:34] PVI service connected
[16.10.2014 17:21:36] PVI CPU connected
[16.10.2014 17:21:37] PVI variables connected
[16.10.2014 17:21:38] Ошибка привода
[16.10.2014 17:21:46] Штабелер не готов выполненять команду
[16.10.2014 17:21:53] Штабелер находиться в состоянии выполнения команды
[16.10.2014 17:22:00] Началось выполнение команды "Взять из ячейки 13"
[16.10.2014 17:25:10] Началось выполнение команды "Взять из ячейки 13"
[16.10.2014 17:31:51] PVI service connected
[16.10.2014 17:31:51] PVI CPU connected
[16.10.2014 17:31:51] PVI variables connected
[16.10.2014 17:31:51] PVI variables connected
[16.10.2014 17:32:17] Штабелер находиться в состоянии выполнения команды
[16.10.2014 17:35:52] PVI service connecting ...
[16.10.2014 17:35:53] PVI CPU connecting ...
[16.10.2014 17:35:53] PVI variables connecting ...
[16.10.2014 17:35:53] Штабелер выключен
[16.10.2014 17:36:05] Началось выполнение команды "Взять из ячейки 49"
[16.10.2014 17:36:16] Штабелер не готов выполненять команду
[16.10.2014 17:43:37] PVI service connecting ...
[16.10.2014 17:43:38] PVI CPU connecting ...
[16.10.2014 17:43:38] PVI variables connecting ...
[16.10.2014 17:43:38] Штабелер выключен
[16.10.2014 17:45:14] Началось выполнение команды "Взять из ячейки 61"
[16.10.2014 17:45:36] Штабелер готов к выполнению команды
[16.10.2014 17:50:24] Штабелер находиться в состоянии выполнения команды
[16.10.2014 17:54:56] PVI service connecting ...
[16.10.2014 17:54:56] PVI CPU connecting ...
[16.10.2014 17:54:57] PVI variables connecting ...
[16.10.2014 17:54:57] Штабелер выключен
[16.10.2014 17:55:32] Началось выполнение команды "Парковать"
[16.10.2014 17:56:38] Штабелер готов к выполнению команды
[16.10.2014 18:30:16] PVI service connected
[16.10.2014 18:30:16] PVI CPU connected
[16.10.2014 18:30:17] PVI variables connected
[16.10.2014 18:30:17] PVI variables connected
[16.10.2014 18:30:38] Штабелер находиться в состоянии выполнения команды
