[15.10.2014 22:56:13] Штабелер готов к выполнению команды
[15.10.2014 22:56:10] Началось выполнение команды "Положить в ячейку 37"
[15.10.2014 22:56:04] Штабелер не готов выполненять команду
[15.10.2014 22:56:01] Началось выполнение команды "Положить в ячейку 277"
[15.10.2014 22:55:19] Ошибка: Неизвестная ошибка (50022)
[15.10.2014 22:54:18] Штабелер готов к выполнению команды
[15.10.2014 22:54:16] Ошибка: Неизвестная ошибка (50022)
[15.10.2014 22:54:06] Штабелер готов к выполнению команды
[15.10.2014 22:53:22] Штабелер находиться в состоянии выполнения команды
[15.10.2014 22:53:17] Штабелер находиться в состоянии выполнения команды
[15.10.2014 22:53:03] Штабелер выключен
[15.10.2014 22:51:46] PVI variables connected
[15.10.2014 22:51:46] Ошибка: Неизвестная ошибка (50000)
[15.10.2014 22:51:45] PVI variables connecting ...
[15.10.2014 22:51:45] PVI CPU connecting ...
[15.10.2014 22:51:45] Error:PVI Manager not started  (12050)
[15.10.2014 22:06:35] Штабелер готов к выполнению команды
[15.10.2014 22:06:14] Началось выполнение команды "Взять из ячейки 13"
[15.10.2014 22:03:05] Штабелер не готов выполненять команду
[15.10.2014 22:02:51] PVI variables connected
[15.10.2014 22:02:51] PVI variables connected
[15.10.2014 22:02:51] PVI CPU connected
[15.10.2014 22:02:51] PVI service connected
[15.10.2014 21:49:39] Штабелер не готов выполненять команду
[15.10.2014 21:49:34] Штабелер не готов выполненять команду
[15.10.2014 21:49:24] Штабелер не готов выполненять команду
[15.10.2014 21:45:07] Штабелер не готов выполненять команду
[15.10.2014 21:44:59] PVI variables connected
[15.10.2014 21:44:59] PVI variables connected
[15.10.2014 21:44:59] PVI variables connected
[15.10.2014 21:44:59] PVI CPU connected
[15.10.2014 21:43:40] PVI variables connected
[15.10.2014 21:43:40] PVI variables connected
[15.10.2014 21:43:40] PVI CPU connected
[15.10.2014 21:43:40] PVI service connected
[15.10.2014 21:39:58] Ошибка: Неизвестная ошибка (50011)
[15.10.2014 21:39:52] PVI variables connected
[15.10.2014 21:39:52] PVI variables connected
[15.10.2014 21:39:52] PVI CPU connected
[15.10.2014 21:39:51] PVI service connected
[15.10.2014 21:26:15] Error:No connection available to the PLC  (4808)
[15.10.2014 21:26:10] PVI service connected
[15.10.2014 21:06:39] Error:No connection available to the PLC  (4808)
[15.10.2014 21:06:34] PVI service connected
[15.10.2014 20:48:17] Error:No connection available to the PLC  (4808)
[15.10.2014 20:48:12] PVI service connected
[15.10.2014 20:42:50] Error:No connection available to the PLC  (4808)
[15.10.2014 20:42:45] PVI service connected
[15.10.2014 20:39:53] Error:No connection available to the PLC  (4808)
[15.10.2014 20:39:48] PVI service connected
[15.10.2014 20:30:37] Error:No connection available to the PLC  (4808)
[15.10.2014 20:30:31] PVI service connected
[15.10.2014 20:16:01] Error:No connection available to the PLC  (4808)
[15.10.2014 20:15:56] PVI service connected
[15.10.2014 20:15:09] PVI service connecting ...
[15.10.2014 19:52:22] PVI CPU connecting ...
[15.10.2014 19:52:21] PVI service connecting ...
[15.10.2014 18:23:10] PVI CPU connecting ...
[15.10.2014 18:23:09] PVI service connecting ...
[15.10.2014 18:11:44] PVI CPU connecting ...
[15.10.2014 18:11:43] PVI service connecting ...
[15.10.2014 18:09:16] PVI CPU connecting ...
[15.10.2014 18:09:14] PVI service connecting ...
[15.10.2014 16:15:19] PVI CPU connecting ...
[15.10.2014 16:15:18] PVI service connecting ...
[15.10.2014 16:12:10] PVI CPU connecting ...
[15.10.2014 16:12:09] PVI service connecting ...
[15.10.2014 16:11:17] PVI CPU connecting ...
[15.10.2014 16:11:16] PVI service connecting ...
[15.10.2014 16:10:09] PVI CPU connecting ...
[15.10.2014 16:10:09] PVI service connecting ...
[15.10.2014 16:08:13] PVI service connected
[15.10.2014 16:06:35] Error:No connection available to the PLC  (4808)
[15.10.2014 16:06:30] PVI service connected
[15.10.2014 16:04:00] Error:No connection available to the PLC  (4808)
[15.10.2014 16:03:55] PVI service connected
[15.10.2014 16:01:48] PVI CPU connecting ...
[15.10.2014 16:01:47] PVI service connecting ...
[15.10.2014 16:00:35] PVI CPU connecting ...
[15.10.2014 16:00:08] PVI service connecting ...
[15.10.2014 15:57:14] PVI CPU connecting ...
[15.10.2014 15:57:00] PVI service connecting ...
[15.10.2014 15:52:37] PVI CPU connecting ...
[15.10.2014 15:52:31] PVI service connecting ...
[15.10.2014 15:51:35] PVI CPU connecting ...
[15.10.2014 15:51:34] PVI service connecting ...
[15.10.2014 15:49:18] PVI CPU connecting ...
[15.10.2014 15:49:16] PVI service connecting ...
[15.10.2014 15:47:28] PVI CPU connecting ...
[15.10.2014 15:47:27] PVI service connecting ...
[15.10.2014 15:41:25] PVI CPU connecting ...
[15.10.2014 15:41:19] PVI service connecting ...
[15.10.2014 15:27:10] PVI CPU connecting ...
[15.10.2014 15:27:04] PVI service connecting ...
[15.10.2014 15:23:57] PVI CPU connecting ...
[15.10.2014 15:23:47] PVI service connecting ...
[15.10.2014 15:21:05] PVI CPU connecting ...
[15.10.2014 15:21:03] Error:PVI Manager not started  (12050)
[15.10.2014 15:20:28] PVI CPU connecting ...
[15.10.2014 15:20:17] PVI service connecting ...
[15.10.2014 15:05:31] PVI CPU connecting ...
[15.10.2014 15:05:30] PVI service connecting ...
[15.10.2014 14:48:10] PVI CPU connecting ...
[15.10.2014 14:47:27] PVI service connecting ...
[15.10.2014 14:36:31] PVI CPU connecting ...
[15.10.2014 14:36:29] PVI service connecting ...
[15.10.2014 14:24:53] PVI CPU connecting ...
[15.10.2014 14:24:52] PVI service connecting ...
[15.10.2014 14:13:43] PVI CPU connecting ...
[15.10.2014 14:13:42] PVI service connecting ...
[15.10.2014 14:13:42] PVI service connecting ...
[15.10.2014 14:13:43] PVI service connected
[15.10.2014 14:13:48] Error:No connection available to the PLC  (4808)
[15.10.2014 14:24:53] PVI service connected
[15.10.2014 14:24:58] Error:No connection available to the PLC  (4808)
[15.10.2014 14:36:31] PVI service connected
[15.10.2014 14:36:36] Error:No connection available to the PLC  (4808)
[15.10.2014 14:48:10] PVI service connected
[15.10.2014 14:48:16] Error:No connection available to the PLC  (4808)
[15.10.2014 15:05:31] PVI service connected
[15.10.2014 15:05:36] Error:No connection available to the PLC  (4808)
[15.10.2014 15:20:28] PVI service connected
[15.10.2014 15:20:33] Error:No connection available to the PLC  (4808)
[15.10.2014 15:21:05] PVI service connected
[15.10.2014 15:21:11] Error:No connection available to the PLC  (4808)
[15.10.2014 15:23:57] PVI service connected
[15.10.2014 15:24:02] Error:No connection available to the PLC  (4808)
[15.10.2014 15:27:10] PVI service connected
[15.10.2014 15:27:15] Error:No connection available to the PLC  (4808)
[15.10.2014 15:41:25] PVI service connected
[15.10.2014 15:41:31] Error:No connection available to the PLC  (4808)
[15.10.2014 15:47:28] PVI service connected
[15.10.2014 15:47:34] Error:No connection available to the PLC  (4808)
[15.10.2014 15:49:18] PVI service connected
[15.10.2014 15:49:23] Error:No connection available to the PLC  (4808)
[15.10.2014 15:51:35] PVI service connected
[15.10.2014 15:51:40] Error:No connection available to the PLC  (4808)
[15.10.2014 15:52:37] PVI service connected
[15.10.2014 15:52:42] Error:No connection available to the PLC  (4808)
[15.10.2014 15:57:14] PVI service connected
[15.10.2014 15:57:19] Error:No connection available to the PLC  (4808)
[15.10.2014 16:00:35] PVI service connected
[15.10.2014 16:00:40] Error:No connection available to the PLC  (4808)
[15.10.2014 16:01:48] PVI service connected
[15.10.2014 16:03:54] PVI service connecting ...
[15.10.2014 16:03:55] PVI CPU connecting ...
[15.10.2014 16:06:29] PVI service connecting ...
[15.10.2014 16:06:30] PVI CPU connecting ...
[15.10.2014 16:08:12] PVI service connecting ...
[15.10.2014 16:08:13] PVI CPU connecting ...
[15.10.2014 16:10:09] PVI service connected
[15.10.2014 16:10:15] Error:No connection available to the PLC  (4808)
[15.10.2014 16:11:17] PVI service connected
[15.10.2014 16:11:22] Error:No connection available to the PLC  (4808)
[15.10.2014 16:12:10] PVI service connected
[15.10.2014 16:12:15] Error:No connection available to the PLC  (4808)
[15.10.2014 16:15:19] PVI service connected
[15.10.2014 16:15:25] Error:No connection available to the PLC  (4808)
[15.10.2014 18:09:16] PVI service connected
[15.10.2014 18:09:21] Error:No connection available to the PLC  (4808)
[15.10.2014 18:11:44] PVI service connected
[15.10.2014 18:11:49] Error:No connection available to the PLC  (4808)
[15.10.2014 18:23:10] PVI service connected
[15.10.2014 18:23:15] Error:No connection available to the PLC  (4808)
[15.10.2014 19:52:22] PVI service connected
[15.10.2014 19:52:33] Error:No connection available to the PLC  (4808)
[15.10.2014 20:15:53] Error:PVI Manager not started  (12050)
[15.10.2014 20:15:56] PVI CPU connecting ...
[15.10.2014 20:30:31] PVI service connecting ...
[15.10.2014 20:30:31] PVI CPU connecting ...
[15.10.2014 20:39:47] PVI service connecting ...
[15.10.2014 20:39:48] PVI CPU connecting ...
[15.10.2014 20:42:44] PVI service connecting ...
[15.10.2014 20:42:45] PVI CPU connecting ...
[15.10.2014 20:48:12] PVI service connecting ...
[15.10.2014 20:48:12] PVI CPU connecting ...
[15.10.2014 21:06:33] PVI service connecting ...
[15.10.2014 21:06:34] PVI CPU connecting ...
[15.10.2014 21:26:08] PVI service connecting ...
[15.10.2014 21:26:10] PVI CPU connecting ...
[15.10.2014 21:39:50] PVI service connecting ...
[15.10.2014 21:39:51] PVI CPU connecting ...
[15.10.2014 21:39:52] PVI variables connecting ...
[15.10.2014 21:39:52] Ошибка: Неизвестная ошибка (50011)
[15.10.2014 21:39:58] Штабелер не готов выполненять команду
[15.10.2014 21:43:39] PVI service connecting ...
[15.10.2014 21:43:40] PVI CPU connecting ...
[15.10.2014 21:43:40] PVI variables connecting ...
[15.10.2014 21:43:40] Ошибка: Неизвестная ошибка (50011)
[15.10.2014 21:44:54] Error:No connection available to the PLC  (4808)
[15.10.2014 21:44:59] PVI variables connecting ...
[15.10.2014 21:44:59] Ошибка: Неизвестная ошибка (50000)
[15.10.2014 21:44:59] Ошибка привода
[15.10.2014 21:45:07] Ошибка привода
[15.10.2014 21:45:07] Штабелер выключен
[15.10.2014 21:49:32] Штабелер находиться в состоянии выполнения команды
[15.10.2014 21:49:35] Штабелер находиться в состоянии выполнения команды
[15.10.2014 22:02:48] PVI service connecting ...
[15.10.2014 22:02:51] PVI CPU connecting ...
[15.10.2014 22:02:51] PVI variables connecting ...
[15.10.2014 22:02:51] Штабелер не готов выполненять команду
[15.10.2014 22:03:02] Штабелер находиться в состоянии выполнения команды
[15.10.2014 22:06:10] Штабелер готов к выполнению команды
[15.10.2014 22:06:14] Штабелер находиться в состоянии выполнения команды
[15.10.2014 22:51:37] PVI service connecting ...
[15.10.2014 22:51:45] PVI service connected
[15.10.2014 22:51:45] PVI CPU connected
[15.10.2014 22:51:46] PVI variables connected
[15.10.2014 22:51:46] Ошибка привода
[15.10.2014 22:53:02] Штабелер не готов выполненять команду
[15.10.2014 22:53:08] Штабелер не готов выполненять команду
[15.10.2014 22:53:19] Штабелер не готов выполненять команду
[15.10.2014 22:53:25] Штабелер не готов выполненять команду
[15.10.2014 22:54:16] Началось выполнение команды "Положить в ячейку 37"
[15.10.2014 22:54:18] Штабелер находиться в состоянии выполнения команды
[15.10.2014 22:55:19] Началось выполнение команды "Положить в ячейку 253"
[15.10.2014 22:55:49] Штабелер готов к выполнению команды
[15.10.2014 22:56:01] Ошибка: Неизвестная ошибка (50022)
[15.10.2014 22:56:04] Штабелер готов к выполнению команды
[15.10.2014 22:56:10] Ошибка: Неизвестная ошибка (50022)
