[17.10.2014 15:20:13] Ошибка: Груз на столе (50061)
[17.10.2014 15:20:10] PVI variables connected
[17.10.2014 15:20:09] PVI variables connected
[17.10.2014 15:20:08] PVI CPU connected
[17.10.2014 15:20:08] PVI service connected
[17.10.2014 15:19:15] Штабелер находиться в состоянии выполнения команды
[17.10.2014 15:19:12] PVI variables connected
[17.10.2014 15:19:12] PVI variables connected
[17.10.2014 15:19:11] PVI CPU connected
[17.10.2014 15:19:11] PVI service connected
[17.10.2014 15:17:55] Штабелер готов к выполнению команды
[17.10.2014 15:17:30] Штабелер готов к выполнению команды
[17.10.2014 15:17:07] Штабелер находиться в состоянии выполнения команды
[17.10.2014 15:17:03] PVI variables connected
[17.10.2014 15:17:03] PVI variables connected
[17.10.2014 15:17:02] PVI CPU connected
[17.10.2014 15:17:01] PVI service connected
[17.10.2014 15:11:10] Штабелер готов к выполнению команды
[17.10.2014 15:10:48] Штабелер готов к выполнению команды
[17.10.2014 15:10:22] Штабелер находиться в состоянии выполнения команды
[17.10.2014 15:10:19] Штабелер готов к выполнению команды
[17.10.2014 15:10:15] Ошибка: На столе нет груза (50022)
[17.10.2014 15:10:15] PVI variables connecting ...
[17.10.2014 15:10:14] PVI CPU connecting ...
[17.10.2014 15:10:13] PVI service connecting ...
[17.10.2014 15:09:49] Штабелер готов к выполнению команды
[17.10.2014 15:09:23] Штабелер готов к выполнению команды
[17.10.2014 15:09:20] Ошибка: Груз на столе (50061)
[17.10.2014 15:09:20] Ошибка: Груз на столе (50061)
[17.10.2014 15:09:18] Ошибка: Груз на столе (50061)
[17.10.2014 15:09:18] Штабелер не готов выполненять команду
[17.10.2014 15:09:05] Штабелер готов к выполнению команды
[17.10.2014 15:08:41] Началось выполнение команды "Взять из ячейки 1"
[17.10.2014 15:08:37] Штабелер выключен
[17.10.2014 15:08:36] PVI variables connecting ...
[17.10.2014 15:08:36] PVI CPU connecting ...
[17.10.2014 15:08:34] PVI service connecting ...
[17.10.2014 15:06:48] Штабелер находиться в состоянии выполнения команды
[17.10.2014 15:06:33] Штабелер готов к выполнению команды
[17.10.2014 15:06:07] Началось выполнение команды "Взять из ячейки 2"
[17.10.2014 15:05:22] Штабелер находиться в состоянии выполнения команды
[17.10.2014 15:05:21] Началось выполнение команды "Положить в ячейку 37"
[17.10.2014 15:04:55] Началось выполнение команды "Взять из ячейки 1"
[17.10.2014 15:04:42] Штабелер выключен
[17.10.2014 15:04:41] PVI variables connecting ...
[17.10.2014 15:04:41] PVI CPU connecting ...
[17.10.2014 15:04:40] PVI service connecting ...
[17.10.2014 15:03:14] Штабелер находиться в состоянии выполнения команды
[17.10.2014 15:03:14] Началось выполнение команды "Положить в ячейку 37"
[17.10.2014 15:02:49] Началось выполнение команды "Взять из ячейки 1"
[17.10.2014 15:02:42] Штабелер выключен
[17.10.2014 15:02:42] PVI variables connecting ...
[17.10.2014 15:02:41] PVI CPU connecting ...
[17.10.2014 15:02:40] PVI service connecting ...
[17.10.2014 14:55:35] Штабелер выключен
[17.10.2014 14:55:35] PVI variables connecting ...
[17.10.2014 14:55:34] PVI CPU connecting ...
[17.10.2014 14:55:33] PVI service connecting ...
[17.10.2014 14:55:06] Штабелер не готов выполненять команду
[17.10.2014 14:55:04] Штабелер выключен
[17.10.2014 14:55:04] PVI variables connecting ...
[17.10.2014 14:55:03] PVI CPU connecting ...
[17.10.2014 14:55:02] PVI service connecting ...
[17.10.2014 14:47:53] Штабелер выключен
[17.10.2014 14:47:53] PVI variables connecting ...
[17.10.2014 14:47:52] PVI CPU connecting ...
[17.10.2014 14:47:52] PVI service connecting ...
[17.10.2014 14:45:41] Штабелер находиться в состоянии выполнения команды
[17.10.2014 14:45:40] Началось выполнение команды "Положить в ячейку 277"
[17.10.2014 14:45:15] Началось выполнение команды "Взять из ячейки 265"
[17.10.2014 14:45:06] Штабелер выключен
[17.10.2014 14:45:06] PVI variables connecting ...
[17.10.2014 14:45:06] PVI CPU connecting ...
[17.10.2014 14:45:04] PVI service connecting ...
[17.10.2014 14:43:23] Штабелер находиться в состоянии выполнения команды
[17.10.2014 14:43:22] Началось выполнение команды "Положить в ячейку 0"
[17.10.2014 14:42:59] Штабелер готов к выполнению команды
[17.10.2014 14:42:55] Ошибка: На столе нет груза (50022)
[17.10.2014 14:42:46] Ошибка: На столе нет груза (50022)
[17.10.2014 14:42:33] Ошибка: На столе нет груза (50022)
[17.10.2014 14:42:33] Началось выполнение команды "Положить в ячейку 2"
[17.10.2014 14:42:13] Штабелер готов к выполнению команды
[17.10.2014 14:42:13] Штабелер находиться в состоянии выполнения команды
[17.10.2014 14:42:05] Штабелер готов к выполнению команды
[17.10.2014 14:41:48] Штабелер готов к выполнению команды
[17.10.2014 14:41:24] Штабелер готов к выполнению команды
[17.10.2014 14:41:01] Штабелер находиться в состоянии выполнения команды
[17.10.2014 14:40:53] Штабелер готов к выполнению команды
[17.10.2014 14:40:48] Ошибка: Груз на столе (50061)
[17.10.2014 14:40:48] PVI variables connecting ...
[17.10.2014 14:40:48] PVI CPU connecting ...
[17.10.2014 14:40:47] PVI service connecting ...
[17.10.2014 14:36:21] Ошибка: Груз на столе (50061)
[17.10.2014 14:36:21] PVI variables connecting ...
[17.10.2014 14:36:21] PVI CPU connecting ...
[17.10.2014 14:36:20] PVI service connecting ...
[17.10.2014 14:25:06] Штабелер готов к выполнению команды
[17.10.2014 14:24:41] Штабелер находиться в состоянии выполнения команды
[17.10.2014 14:24:33] Штабелер готов к выполнению команды
[17.10.2014 14:24:32] Началось выполнение команды "Парковать"
[17.10.2014 14:24:29] Штабелер находиться в состоянии выполнения команды
[17.10.2014 14:23:59] Штабелер не готов выполненять команду
[17.10.2014 14:23:45] Ошибка: Неизвестная ошибка (50000)
[17.10.2014 14:23:43] Штабелер не готов выполненять команду
[17.10.2014 14:23:43] PVI variables connecting ...
[17.10.2014 14:23:31] Error:No connection available to the PLC  (4808)
[17.10.2014 14:22:48] Ошибка: Груз на столе (50061)
[17.10.2014 14:22:47] Ошибка: Груз на столе (50061)
[17.10.2014 14:22:47] Штабелер не готов выполненять команду
[17.10.2014 14:22:43] Штабелер находиться в состоянии выполнения команды
[17.10.2014 14:22:15] Штабелер готов к выполнению команды
[17.10.2014 14:21:54] Штабелер готов к выполнению команды
[17.10.2014 14:21:34] Штабелер находиться в состоянии выполнения команды
[17.10.2014 14:21:34] Началось выполнение команды "Положить в ячейку 265"
[17.10.2014 14:21:29] Штабелер готов к выполнению команды
[17.10.2014 14:21:29] Штабелер готов к выполнению команды
[17.10.2014 14:21:27] Ошибка: Груз на столе (50061)
[17.10.2014 14:21:20] Ошибка: Груз на столе (50061)
[17.10.2014 14:20:56] Штабелер находиться в состоянии выполнения команды
[17.10.2014 14:20:53] PVI variables connected
[17.10.2014 14:20:53] PVI variables connected
[17.10.2014 14:20:53] PVI CPU connected
[17.10.2014 14:20:53] PVI service connected
[17.10.2014 14:16:15] Штабелер готов к выполнению команды
[17.10.2014 14:15:52] Штабелер готов к выполнению команды
[17.10.2014 14:15:31] Штабелер находиться в состоянии выполнения команды
[17.10.2014 14:15:26] Штабелер готов к выполнению команды
[17.10.2014 14:15:06] Штабелер готов к выполнению команды
[17.10.2014 14:14:45] Штабелер находиться в состоянии выполнения команды
[17.10.2014 14:14:45] Началось выполнение команды "Взять из ячейки 265"
[17.10.2014 14:14:25] Штабелер готов к выполнению команды
[17.10.2014 14:14:25] Штабелер не готов выполненять команду
[17.10.2014 14:14:22] Штабелер готов к выполнению команды
[17.10.2014 14:14:20] Штабелер готов к выполнению команды
[17.10.2014 14:14:13] Ошибка: Груз на столе (50061)
[17.10.2014 14:13:52] Штабелер находиться в состоянии выполнения команды
[17.10.2014 14:13:51] Началось выполнение команды "Взять из ячейки 265"
[17.10.2014 14:13:30] Штабелер готов к выполнению команды
[17.10.2014 14:13:05] Штабелер находиться в состоянии выполнения команды
[17.10.2014 14:12:58] Штабелер готов к выполнению команды
[17.10.2014 14:12:56] Ошибка: На столе нет груза (50022)
[17.10.2014 14:12:52] Ошибка: На столе нет груза (50022)
[17.10.2014 14:12:49] Штабелер готов к выполнению команды
[17.10.2014 14:12:37] PVI variables connected
[17.10.2014 14:12:37] PVI variables connected
[17.10.2014 14:12:37] PVI CPU connected
[17.10.2014 14:12:37] PVI service connected
[17.10.2014 14:10:57] Началось выполнение команды "Взять из ячейки 13"
[17.10.2014 14:10:53] Началось выполнение команды "Положить в ячейку 37"
[17.10.2014 14:09:37] Началось выполнение команды "Положить в ячейку 13"
[17.10.2014 14:08:57] Штабелер выключен
[17.10.2014 14:08:57] PVI variables connecting ...
[17.10.2014 14:08:56] PVI CPU connecting ...
[17.10.2014 14:08:54] Error:PVI Manager not started  (12050)
[17.10.2014 14:05:54] Штабелер готов к выполнению команды
[17.10.2014 14:05:31] Началось выполнение команды "Положить в ячейку 37"
[17.10.2014 14:05:25] Ошибка: Груз на столе (50061)
[17.10.2014 14:05:24] Началось выполнение команды "Взять из ячейки 301"
[17.10.2014 14:05:01] Ошибка: Груз на столе (50061)
[17.10.2014 14:05:01] PVI variables connecting ...
[17.10.2014 14:05:00] PVI CPU connecting ...
[17.10.2014 14:04:59] PVI service connecting ...
[17.10.2014 14:04:10] PVI variables connected
[17.10.2014 14:04:09] PVI variables connected
[17.10.2014 14:04:09] PVI CPU connected
[17.10.2014 14:04:09] PVI service connected
[17.10.2014 13:50:34] Штабелер готов к выполнению команды
[17.10.2014 13:50:10] Штабелер готов к выполнению команды
[17.10.2014 13:49:51] Штабелер находиться в состоянии выполнения команды
[17.10.2014 13:49:50] Началось выполнение команды "Положить в ячейку 289"
[17.10.2014 13:49:23] Штабелер готов к выполнению команды
[17.10.2014 13:48:34] Штабелер находиться в состоянии выполнения команды
[17.10.2014 13:48:34] Началось выполнение команды "Положить в ячейку 277"
[17.10.2014 13:47:17] Штабелер готов к выполнению команды
[17.10.2014 13:46:57] Штабелер находиться в состоянии выполнения команды
[17.10.2014 13:46:54] Штабелер готов к выполнению команды
[17.10.2014 13:46:51] Штабелер готов к выполнению команды
[17.10.2014 13:46:48] Штабелер находиться в состоянии выполнения команды
[17.10.2014 13:46:45] PVI variables connected
[17.10.2014 13:46:45] PVI variables connected
[17.10.2014 13:46:45] PVI CPU connected
[17.10.2014 13:46:44] PVI service connected
[17.10.2014 13:45:17] Штабелер находиться в состоянии выполнения команды
[17.10.2014 13:45:04] PVI variables connected
[17.10.2014 13:45:04] PVI variables connected
[17.10.2014 13:45:03] PVI CPU connected
[17.10.2014 13:45:03] PVI service connected
[17.10.2014 13:41:15] Штабелер готов к выполнению команды
[17.10.2014 13:40:52] Штабелер готов к выполнению команды
[17.10.2014 13:40:26] Штабелер находиться в состоянии выполнения команды
[17.10.2014 13:40:20] Штабелер готов к выполнению команды
[17.10.2014 13:40:01] Штабелер готов к выполнению команды
[17.10.2014 13:39:37] Штабелер находиться в состоянии выполнения команды
[17.10.2014 13:39:29] Штабелер готов к выполнению команды
[17.10.2014 13:39:06] Штабелер готов к выполнению команды
[17.10.2014 13:38:41] Штабелер находиться в состоянии выполнения команды
[17.10.2014 13:38:41] Началось выполнение команды "Взять из ячейки 265"
[17.10.2014 13:38:19] Началось выполнение команды "Положить в ячейку 13"
[17.10.2014 13:38:13] Ошибка: Груз на столе (50061)
[17.10.2014 13:38:11] Ошибка: Груз на столе (50061)
[17.10.2014 13:38:06] Ошибка: Груз на столе (50061)
[17.10.2014 13:35:04] PVI variables connected
[17.10.2014 13:35:04] PVI variables connected
[17.10.2014 13:35:04] PVI CPU connected
[17.10.2014 13:35:04] PVI service connected
[17.10.2014 13:33:35] Штабелер готов к выполнению команды
[17.10.2014 13:30:51] Началось выполнение команды "Взять из ячейки 13"
[17.10.2014 13:30:40] Штабелер выключен
[17.10.2014 13:30:40] PVI variables connecting ...
[17.10.2014 13:30:40] PVI CPU connecting ...
[17.10.2014 13:30:39] PVI service connecting ...
[17.10.2014 13:30:00] Ошибка: Груз на столе (50061)
[17.10.2014 13:29:56] PVI variables connected
[17.10.2014 13:29:56] PVI variables connected
[17.10.2014 13:29:55] PVI CPU connected
[17.10.2014 13:29:55] PVI service connected
[17.10.2014 12:54:50] Штабелер готов к выполнению команды
[17.10.2014 12:54:07] Началось выполнение команды "Взять из ячейки 13"
[17.10.2014 12:54:01] Штабелер выключен
[17.10.2014 12:54:01] PVI variables connecting ...
[17.10.2014 12:54:00] PVI CPU connecting ...
[17.10.2014 12:54:00] PVI service connecting ...
[17.10.2014 12:52:51] Штабелер выключен
[17.10.2014 12:52:51] PVI variables connecting ...
[17.10.2014 12:52:50] PVI CPU connecting ...
[17.10.2014 12:52:50] PVI service connecting ...
[17.10.2014 12:51:41] Штабелер выключен
[17.10.2014 12:51:41] PVI variables connecting ...
[17.10.2014 12:51:41] PVI CPU connecting ...
[17.10.2014 12:51:40] PVI service connecting ...
[17.10.2014 12:49:56] Штабелер не готов выполненять команду
[17.10.2014 12:49:52] Началось выполнение команды "Положить в ячейку 265"
[17.10.2014 12:49:48] Штабелер выключен
[17.10.2014 12:49:48] PVI variables connecting ...
[17.10.2014 12:49:48] PVI CPU connecting ...
[17.10.2014 12:49:47] PVI service connecting ...
[17.10.2014 12:49:11] Ошибка: На столе нет груза (50022)
[17.10.2014 12:49:04] PVI variables connected
[17.10.2014 12:49:04] PVI variables connected
[17.10.2014 12:49:04] PVI CPU connected
[17.10.2014 12:49:03] PVI service connected
[17.10.2014 12:48:24] Штабелер готов к выполнению команды
[17.10.2014 12:47:20] Началось выполнение команды "Положить в ячейку 13"
[17.10.2014 12:47:16] Штабелер выключен
[17.10.2014 12:47:16] PVI variables connecting ...
[17.10.2014 12:47:16] PVI CPU connecting ...
[17.10.2014 12:47:15] PVI service connecting ...
[17.10.2014 12:46:53] Штабелер не готов выполненять команду
[17.10.2014 12:46:51] Штабелер находиться в состоянии выполнения команды
[17.10.2014 12:46:34] PVI variables connected
[17.10.2014 12:46:34] PVI variables connected
[17.10.2014 12:46:34] PVI CPU connected
[17.10.2014 12:46:33] PVI service connected
[17.10.2014 12:45:48] Штабелер готов к выполнению команды
[17.10.2014 12:45:25] Началось выполнение команды "Взять из ячейки 13"
[17.10.2014 12:45:19] Штабелер выключен
[17.10.2014 12:45:18] PVI variables connecting ...
[17.10.2014 12:45:18] PVI CPU connecting ...
[17.10.2014 12:45:18] PVI service connecting ...
[17.10.2014 12:43:35] Штабелер находиться в состоянии выполнения команды
[17.10.2014 12:43:34] Штабелер готов к выполнению команды
[17.10.2014 12:43:34] Ошибка: На столе нет груза (50022)
[17.10.2014 12:43:31] Ошибка: На столе нет груза (50022)
[17.10.2014 12:43:27] Ошибка: На столе нет груза (50022)
[17.10.2014 12:43:24] Ошибка: На столе нет груза (50022)
[17.10.2014 12:43:22] Ошибка: На столе нет груза (50022)
[17.10.2014 12:43:21] Ошибка: На столе нет груза (50022)
[17.10.2014 12:43:18] Ошибка: На столе нет груза (50022)
[17.10.2014 12:43:15] Ошибка: На столе нет груза (50022)
[17.10.2014 12:43:12] PVI variables connected
[17.10.2014 12:43:12] PVI variables connected
[17.10.2014 12:43:12] PVI CPU connected
[17.10.2014 12:43:12] PVI service connected
[17.10.2014 12:41:42] Штабелер готов к выполнению команды
[17.10.2014 12:41:40] Началось выполнение команды "Положить в ячейку 13"
[17.10.2014 12:40:31] Штабелер находиться в состоянии выполнения команды
[17.10.2014 12:40:10] Штабелер готов к выполнению команды
[17.10.2014 12:40:07] Началось выполнение команды "Взять из ячейки 13"
[17.10.2014 12:39:59] Штабелер выключен
[17.10.2014 12:39:59] PVI variables connecting ...
[17.10.2014 12:39:59] PVI CPU connecting ...
[17.10.2014 12:39:58] PVI service connecting ...
[17.10.2014 12:36:14] Штабелер находиться в состоянии выполнения команды
[17.10.2014 12:36:08] PVI variables connected
[17.10.2014 12:36:08] PVI variables connected
[17.10.2014 12:36:07] PVI CPU connected
[17.10.2014 12:36:07] PVI service connected
[17.10.2014 12:34:10] Штабелер находиться в состоянии выполнения команды
[17.10.2014 12:34:09] Штабелер готов к выполнению команды
[17.10.2014 12:34:07] Штабелер готов к выполнению команды
[17.10.2014 12:34:06] Штабелер готов к выполнению команды
[17.10.2014 12:34:04] Штабелер готов к выполнению команды
[17.10.2014 12:34:03] Штабелер готов к выполнению команды
[17.10.2014 12:34:00] Штабелер готов к выполнению команды
[17.10.2014 12:33:59] Штабелер готов к выполнению команды
[17.10.2014 12:33:59] Ошибка: На столе нет груза (50022)
[17.10.2014 12:33:58] Штабелер не готов выполненять команду
[17.10.2014 12:33:55] Штабелер готов к выполнению команды
[17.10.2014 12:33:51] Штабелер готов к выполнению команды
[17.10.2014 12:33:28] Штабелер готов к выполнению команды
[17.10.2014 12:33:07] Штабелер находиться в состоянии выполнения команды
[17.10.2014 12:33:07] Началось выполнение команды "Положить в ячейку 13"
[17.10.2014 12:32:55] Ошибка: Груз на столе (50061)
[17.10.2014 12:32:46] Ошибка: Груз на столе (50061)
[17.10.2014 12:32:45] Штабелер готов к выполнению команды
[17.10.2014 12:32:39] Штабелер находиться в состоянии выполнения команды
[17.10.2014 12:32:35] Штабелер готов к выполнению команды
[17.10.2014 12:32:17] PVI variables connected
[17.10.2014 12:32:17] PVI CPU connected
[17.10.2014 12:32:17] PVI service connected
[17.10.2014 12:28:19] Ошибка: Груз на столе (50061)
[17.10.2014 12:27:52] Штабелер находиться в состоянии выполнения команды
[17.10.2014 12:27:06] Штабелер готов к выполнению команды
[17.10.2014 12:26:42] Началось выполнение команды "Взять из ячейки 14"
[17.10.2014 12:26:31] PVI variables connected
[17.10.2014 12:26:31] PVI variables connected
[17.10.2014 12:26:31] PVI CPU connected
[17.10.2014 12:26:31] PVI service connected
[17.10.2014 12:24:50] Ошибка: На столе нет груза (50022)
[17.10.2014 12:24:50] Ошибка: На столе нет груза (50022)
[17.10.2014 12:24:49] Ошибка: На столе нет груза (50022)
[17.10.2014 12:24:48] Ошибка: На столе нет груза (50022)
[17.10.2014 12:24:47] Ошибка: На столе нет груза (50022)
[17.10.2014 12:24:46] Штабелер не готов выполненять команду
[17.10.2014 12:24:32] Штабелер готов к выполнению команды
[17.10.2014 12:24:32] Штабелер готов к выполнению команды
[17.10.2014 12:24:30] Штабелер готов к выполнению команды
[17.10.2014 12:24:25] Штабелер готов к выполнению команды
[17.10.2014 12:24:24] Ошибка: На столе нет груза (50022)
[17.10.2014 12:24:23] Штабелер не готов выполненять команду
[17.10.2014 12:24:19] Штабелер готов к выполнению команды
[17.10.2014 12:24:17] Штабелер готов к выполнению команды
[17.10.2014 12:24:01] Ошибка: На столе нет груза (50022)
[17.10.2014 12:23:44] Штабелер находиться в состоянии выполнения команды
[17.10.2014 12:23:38] Штабелер готов к выполнению команды
[17.10.2014 12:23:28] PVI variables connected
[17.10.2014 12:23:27] PVI variables connected
[17.10.2014 12:23:27] PVI CPU connected
[17.10.2014 12:23:27] PVI service connected
[17.10.2014 12:20:55] Ошибка: Груз на столе (50061)
[17.10.2014 12:20:54] Штабелер находиться в состоянии выполнения команды
[17.10.2014 12:20:53] Штабелер готов к выполнению команды
[17.10.2014 12:20:52] Штабелер готов к выполнению команды
[17.10.2014 12:20:51] Ошибка: Груз на столе (50061)
[17.10.2014 12:20:50] Штабелер не готов выполненять команду
[17.10.2014 12:20:50] Штабелер готов к выполнению команды
[17.10.2014 12:20:49] Ошибка: Груз на столе (50061)
[17.10.2014 12:20:48] Штабелер готов к выполнению команды
[17.10.2014 12:20:47] Штабелер готов к выполнению команды
[17.10.2014 12:20:45] Штабелер готов к выполнению команды
[17.10.2014 12:20:44] Ошибка: Груз на столе (50061)
[17.10.2014 12:20:43] Ошибка: Груз на столе (50061)
[17.10.2014 12:20:42] Ошибка: Груз на столе (50061)
[17.10.2014 12:20:42] Штабелер не готов выполненять команду
[17.10.2014 12:20:28] Штабелер готов к выполнению команды
[17.10.2014 12:20:11] Ошибка: Груз на столе (50061)
[17.10.2014 12:19:46] Штабелер находиться в состоянии выполнения команды
[17.10.2014 12:19:45] Началось выполнение команды "Взять из ячейки 1"
[17.10.2014 12:19:02] Штабелер выключен
[17.10.2014 12:18:48] PVI variables connected
[17.10.2014 12:18:48] Ошибка: Неизвестная ошибка (50000)
[17.10.2014 12:18:48] PVI variables connecting ...
[17.10.2014 12:18:48] PVI CPU connecting ...
[17.10.2014 12:18:47] PVI service connecting ...
[17.10.2014 12:15:03] PVI variables connected
[17.10.2014 12:15:03] Ошибка: Неизвестная ошибка (50000)
[17.10.2014 12:15:03] PVI variables connecting ...
[17.10.2014 12:15:03] PVI CPU connecting ...
[17.10.2014 12:15:01] PVI service connecting ...
[17.10.2014 11:30:29] Штабелер находиться в состоянии выполнения команды
[17.10.2014 11:30:29] Началось выполнение команды "Взять из ячейки 61"
[17.10.2014 11:29:56] Штабелер готов к выполнению команды
[17.10.2014 11:29:52] Штабелер находиться в состоянии выполнения команды
[17.10.2014 11:29:31] Началось выполнение команды "Взять из ячейки 49"
[17.10.2014 11:29:00] Штабелер находиться в состоянии выполнения команды
[17.10.2014 11:29:00] Началось выполнение команды "Взять из ячейки 37"
[17.10.2014 11:28:01] Началось выполнение команды "Положить в ячейку 37"
[17.10.2014 11:27:49] Штабелер не готов выполненять команду
[17.10.2014 11:27:30] Началось выполнение команды "Взять из ячейки 37"
[17.10.2014 11:26:22] Штабелер находиться в состоянии выполнения команды
[17.10.2014 11:26:21] Началось выполнение команды "Взять из ячейки 13"
[17.10.2014 11:25:46] Штабелер готов к выполнению команды
[17.10.2014 11:25:13] Штабелер находиться в состоянии выполнения команды
[17.10.2014 11:25:13] Началось выполнение команды "Взять из ячейки 265"
[17.10.2014 11:24:35] Началось выполнение команды "Положить в ячейку 13"
[17.10.2014 11:24:32] Штабелер находиться в состоянии выполнения команды
[17.10.2014 11:24:28] Началось выполнение команды "Взять из ячейки 13"
[17.10.2014 11:24:26] Штабелер выключен
[17.10.2014 11:24:26] PVI variables connecting ...
[17.10.2014 11:24:24] PVI CPU connecting ...
[17.10.2014 11:24:24] PVI service connecting ...
[17.10.2014 11:22:52] Штабелер готов к выполнению команды
[17.10.2014 11:22:29] Штабелер находиться в состоянии выполнения команды
[17.10.2014 11:22:29] Началось выполнение команды "Положить в ячейку 277"
[17.10.2014 11:22:24] Штабелер готов к выполнению команды
[17.10.2014 11:22:23] Штабелер готов к выполнению команды
[17.10.2014 11:22:23] Штабелер готов к выполнению команды
[17.10.2014 11:22:21] Штабелер готов к выполнению команды
[17.10.2014 11:22:17] Ошибка: Груз на столе (50061)
[17.10.2014 11:22:15] Ошибка: Груз на столе (50061)
[17.10.2014 11:22:03] Ошибка: Груз на столе (50061)
[17.10.2014 11:21:38] Штабелер находиться в состоянии выполнения команды
[17.10.2014 11:21:34] PVI variables connected
[17.10.2014 11:21:34] PVI variables connected
[17.10.2014 11:21:34] PVI CPU connected
[17.10.2014 11:21:34] PVI service connected
[17.10.2014 11:19:35] Штабелер готов к выполнению команды
[17.10.2014 11:19:11] Штабелер готов к выполнению команды
[17.10.2014 11:18:54] Штабелер находиться в состоянии выполнения команды
[17.10.2014 11:18:28] Штабелер готов к выполнению команды
[17.10.2014 11:18:03] Штабелер готов к выполнению команды
[17.10.2014 11:17:45] Штабелер находиться в состоянии выполнения команды
[17.10.2014 11:17:34] PVI variables connected
[17.10.2014 11:17:33] PVI variables connected
[17.10.2014 11:17:33] PVI CPU connected
[17.10.2014 11:17:33] PVI service connected
[17.10.2014 11:15:52] Штабелер находиться в состоянии выполнения команды
[17.10.2014 11:15:52] Началось выполнение команды "Положить в ячейку 37"
[17.10.2014 11:15:27] Штабелер готов к выполнению команды
[17.10.2014 11:15:01] Штабелер находиться в состоянии выполнения команды
[17.10.2014 11:15:01] Началось выполнение команды "Положить в ячейку 0"
[17.10.2014 11:14:39] Штабелер готов к выполнению команды
[17.10.2014 11:13:10] Штабелер находиться в состоянии выполнения команды
[17.10.2014 11:13:10] Началось выполнение команды "Положить в ячейку 37"
[17.10.2014 11:12:44] Штабелер готов к выполнению команды
[17.10.2014 11:12:17] Штабелер находиться в состоянии выполнения команды
[17.10.2014 11:12:17] Началось выполнение команды "Положить в ячейку 0"
[17.10.2014 11:11:56] Штабелер готов к выполнению команды
[17.10.2014 11:11:33] Штабелер находиться в состоянии выполнения команды
[17.10.2014 11:11:32] Началось выполнение команды "Положить в ячейку 37"
[17.10.2014 11:11:07] Штабелер готов к выполнению команды
[17.10.2014 11:10:43] Штабелер находиться в состоянии выполнения команды
[17.10.2014 11:10:43] Началось выполнение команды "Положить в ячейку 0"
[17.10.2014 11:10:41] Ошибка: Груз на столе (50061)
[17.10.2014 11:10:33] Ошибка: Груз на столе (50061)
[17.10.2014 11:10:32] Началось выполнение команды "Взять из ячейки 289"
[17.10.2014 11:10:11] Штабелер готов к выполнению команды
[17.10.2014 11:09:50] Штабелер находиться в состоянии выполнения команды
[17.10.2014 11:09:50] Началось выполнение команды "Положить в ячейку 265"
[17.10.2014 11:09:28] Началось выполнение команды "Взять из ячейки 13"
[17.10.2014 11:09:24] Штабелер выключен
[17.10.2014 11:09:24] PVI variables connecting ...
[17.10.2014 11:09:23] PVI CPU connecting ...
[17.10.2014 11:09:22] PVI service connecting ...
[17.10.2014 11:03:51] Штабелер находиться в состоянии выполнения команды
[17.10.2014 11:03:51] Началось выполнение команды "Положить в ячейку 13"
[17.10.2014 11:03:25] Началось выполнение команды "Взять из ячейки 14"
[17.10.2014 11:02:51] Штабелер находиться в состоянии выполнения команды
[17.10.2014 11:02:50] Началось выполнение команды "Взять из ячейки 277"
[17.10.2014 11:02:50] Началось выполнение команды "Положить в ячейку 277"
[17.10.2014 11:02:29] Штабелер готов к выполнению команды
[17.10.2014 11:02:04] Штабелер находиться в состоянии выполнения команды
[17.10.2014 11:02:01] Штабелер готов к выполнению команды
[17.10.2014 11:01:58] Ошибка: Груз на столе (50061)
[17.10.2014 10:59:20] Штабелер готов к выполнению команды
[17.10.2014 10:59:17] PVI variables connected
[17.10.2014 10:59:16] PVI variables connected
[17.10.2014 10:59:16] PVI CPU connected
[17.10.2014 10:59:16] PVI service connected
[17.10.2014 10:53:47] Ошибка: Груз на столе (50061)
[17.10.2014 10:53:47] Штабелер не готов выполненять команду
[17.10.2014 10:53:46] Штабелер готов к выполнению команды
[17.10.2014 10:53:44] Ошибка: Груз на столе (50061)
[17.10.2014 10:53:44] Ошибка: Груз на столе (50061)
[17.10.2014 10:53:43] Штабелер находиться в состоянии выполнения команды
[17.10.2014 10:53:42] Штабелер готов к выполнению команды
[17.10.2014 10:53:41] Штабелер готов к выполнению команды
[17.10.2014 10:53:41] Ошибка: Груз на столе (50061)
[17.10.2014 10:53:40] Ошибка: Груз на столе (50061)
[17.10.2014 10:53:38] Ошибка: Груз на столе (50061)
[17.10.2014 10:53:36] Ошибка: Груз на столе (50061)
[17.10.2014 10:53:30] Ошибка: Груз на столе (50061)
[17.10.2014 10:53:04] Штабелер находиться в состоянии выполнения команды
[17.10.2014 10:53:04] Началось выполнение команды "Взять из ячейки 37"
[17.10.2014 10:52:44] Началось выполнение команды "Положить в ячейку 13"
[17.10.2014 10:52:29] Ошибка: Груз на столе (50061)
[17.10.2014 10:52:28] Штабелер не готов выполненять команду
[17.10.2014 10:52:27] Штабелер готов к выполнению команды
[17.10.2014 10:52:26] Штабелер готов к выполнению команды
[17.10.2014 10:52:25] Ошибка: Груз на столе (50061)
[17.10.2014 10:51:55] Ошибка: Груз на столе (50061)
[17.10.2014 10:51:55] Штабелер находиться в состоянии выполнения команды
[17.10.2014 10:51:45] Штабелер готов к выполнению команды
[17.10.2014 10:49:44] PVI variables connected
[17.10.2014 10:49:44] PVI variables connected
[17.10.2014 10:49:44] PVI CPU connected
[17.10.2014 10:49:44] PVI service connected
[17.10.2014 10:45:21] PVI variables connected
[17.10.2014 10:45:21] PVI variables connected
[17.10.2014 10:45:21] PVI CPU connected
[17.10.2014 10:45:20] PVI service connected
[17.10.2014 10:37:31] Ошибка: Неизвестная ошибка (50022)
[17.10.2014 10:37:07] Штабелер находиться в состоянии выполнения команды
[17.10.2014 10:37:06] Началось выполнение команды "Положить в ячейку 289"
[17.10.2014 10:36:45] Штабелер готов к выполнению команды
[17.10.2014 10:36:25] Штабелер находиться в состоянии выполнения команды
[17.10.2014 10:36:25] Началось выполнение команды "Положить в ячейку 265"
[17.10.2014 10:36:18] Ошибка: Груз на столе (50061)
[17.10.2014 10:36:16] Ошибка: Груз на столе (50061)
[17.10.2014 10:36:09] Штабелер выключен
[17.10.2014 10:36:08] PVI variables connecting ...
[17.10.2014 10:36:08] PVI CPU connecting ...
[17.10.2014 10:36:08] PVI service connecting ...
[17.10.2014 10:34:13] Штабелер находиться в состоянии выполнения команды
[17.10.2014 10:34:06] Штабелер выключен
[17.10.2014 10:34:05] PVI variables connecting ...
[17.10.2014 10:34:05] PVI CPU connecting ...
[17.10.2014 10:34:04] PVI service connecting ...
[17.10.2014 10:32:54] Штабелер находиться в состоянии выполнения команды
[17.10.2014 10:32:42] Штабелер готов к выполнению команды
[17.10.2014 10:32:36] Штабелер находиться в состоянии выполнения команды
[17.10.2014 10:32:31] PVI variables connected
[17.10.2014 10:32:31] PVI variables connected
[17.10.2014 10:32:31] PVI CPU connected
[17.10.2014 10:32:31] PVI service connected
[17.10.2014 10:29:32] Штабелер находиться в состоянии выполнения команды
[17.10.2014 10:29:25] PVI variables connected
[17.10.2014 10:29:25] PVI variables connected
[17.10.2014 10:29:25] PVI CPU connected
[17.10.2014 10:29:25] PVI service connected
[17.10.2014 10:26:35] Штабелер готов к выполнению команды
[17.10.2014 10:26:16] Началось выполнение команды "Положить в ячейку 265"
[17.10.2014 10:26:12] Штабелер не готов выполненять команду
[17.10.2014 10:25:25] Началось выполнение команды "Взять из ячейки 265"
[17.10.2014 10:25:16] Ошибка: Неизвестная ошибка (50061)
[17.10.2014 10:25:11] PVI variables connected
[17.10.2014 10:25:11] PVI variables connected
[17.10.2014 10:25:11] PVI CPU connected
[17.10.2014 10:25:09] PVI service connected
[17.10.2014 10:22:01] Штабелер готов к выполнению команды
[17.10.2014 10:21:08] Началось выполнение команды "Взять из ячейки 265"
[17.10.2014 10:20:47] Штабелер находиться в состоянии выполнения команды
[17.10.2014 10:20:44] Штабелер не готов выполненять команду
[17.10.2014 10:20:12] Ошибка: Неизвестная ошибка (50000)
[17.10.2014 10:20:10] Штабелер не готов выполненять команду
[17.10.2014 10:20:09] PVI variables connecting ...
[17.10.2014 10:19:54] Error:No connection available to the PLC  (4808)
[17.10.2014 10:19:54] PVI service connected
[17.10.2014 10:19:20] Штабелер готов к выполнению команды
[17.10.2014 10:18:52] Началось выполнение команды "Взять из ячейки 13"
[17.10.2014 10:18:15] Штабелер не готов выполненять команду
[17.10.2014 10:18:08] Ошибка привода
[17.10.2014 10:18:08] Ошибка: Неизвестная ошибка (50000)
[17.10.2014 10:18:08] PVI variables connecting ...
[17.10.2014 10:18:08] PVI CPU connecting ...
[17.10.2014 10:18:07] PVI service connecting ...
[17.10.2014 10:17:09] Штабелер находиться в состоянии выполнения команды
[17.10.2014 10:17:02] Началось выполнение команды "Взять из ячейки 26"
[17.10.2014 10:16:33] Штабелер находиться в состоянии выполнения команды
[17.10.2014 10:16:28] Началось выполнение команды "Взять из ячейки 37"
[17.10.2014 10:16:24] Штабелер выключен
[17.10.2014 10:16:24] PVI variables connecting ...
[17.10.2014 10:16:24] PVI CPU connecting ...
[17.10.2014 10:16:23] PVI service connecting ...
[17.10.2014 10:14:56] Ошибка: Неизвестная ошибка (50061)
[17.10.2014 10:14:52] PVI variables connected
[17.10.2014 10:14:52] PVI variables connected
[17.10.2014 10:14:52] PVI CPU connected
[17.10.2014 10:14:52] PVI service connected
[17.10.2014 10:12:17] PVI variables connected
[17.10.2014 10:12:17] PVI variables connected
[17.10.2014 10:12:17] PVI CPU connected
[17.10.2014 10:12:17] PVI service connected
[17.10.2014 10:11:17] PVI variables connected
[17.10.2014 10:11:17] PVI variables connected
[17.10.2014 10:11:17] PVI CPU connected
[17.10.2014 10:11:16] PVI service connected
[17.10.2014 10:11:02] PVI service connecting ...
[17.10.2014 10:05:11] Штабелер находиться в состоянии выполнения команды
[17.10.2014 10:05:04] Штабелер готов к выполнению команды
[17.10.2014 10:02:33] Штабелер выключен
[17.10.2014 10:02:25] PVI variables connected
[17.10.2014 10:02:25] Ошибка: Неизвестная ошибка (50000)
[17.10.2014 10:02:22] PVI variables connecting ...
[17.10.2014 10:02:22] PVI CPU connecting ...
[17.10.2014 10:02:21] PVI service connecting ...
[17.10.2014 9:58:03] Ошибка: Неизвестная ошибка (50000)
[17.10.2014 9:57:40] Ошибка: Неизвестная ошибка (50000)
[17.10.2014 9:57:30] Ошибка привода
[17.10.2014 9:57:29] Штабелер не готов выполненять команду
[17.10.2014 9:57:25] Штабелер не готов выполненять команду
[17.10.2014 9:57:21] PVI variables connected
[17.10.2014 9:57:21] PVI CPU connected
[17.10.2014 9:57:20] PVI service connected
[17.10.2014 9:55:45] Ошибка: Неизвестная ошибка (50061)
[17.10.2014 9:55:39] Штабелер готов к выполнению команды
[17.10.2014 9:55:32] PVI variables connected
[17.10.2014 9:55:32] PVI variables connected
[17.10.2014 9:55:32] PVI CPU connected
[17.10.2014 9:55:30] PVI service connected
[17.10.2014 9:54:51] Ошибка: Неизвестная ошибка (50061)
[17.10.2014 9:54:42] Штабелер готов к выполнению команды
[17.10.2014 9:54:29] Началось выполнение команды "Взять из ячейки 13"
[17.10.2014 9:54:08] Штабелер выключен
[17.10.2014 9:54:08] PVI variables connecting ...
[17.10.2014 9:54:08] PVI CPU connecting ...
[17.10.2014 9:54:07] PVI service connecting ...
[17.10.2014 9:04:01] Штабелер выключен
[17.10.2014 9:03:59] PVI variables connecting ...
[17.10.2014 9:03:53] PVI CPU connecting ...
[17.10.2014 9:03:45] PVI service connecting ...
[17.10.2014 8:54:39] Штабелер находиться в состоянии выполнения команды
[17.10.2014 8:53:32] Штабелер выключен
[17.10.2014 8:53:20] PVI variables connected
[17.10.2014 8:53:20] Ошибка: Неизвестная ошибка (50000)
[17.10.2014 8:53:18] PVI variables connecting ...
[17.10.2014 8:53:17] PVI CPU connecting ...
[17.10.2014 8:53:16] PVI service connecting ...
[17.10.2014 1:39:49] Штабелер находиться в состоянии выполнения команды
[17.10.2014 1:39:43] Штабелер не готов выполненять команду
[17.10.2014 1:39:43] PVI variables connecting ...
[17.10.2014 1:39:42] PVI CPU connecting ...
[17.10.2014 1:39:42] PVI service connecting ...
[17.10.2014 1:16:20] Штабелер находиться в состоянии выполнения команды
[17.10.2014 1:15:58] Штабелер не готов выполненять команду
[17.10.2014 1:15:58] PVI variables connecting ...
[17.10.2014 1:15:58] PVI CPU connecting ...
[17.10.2014 1:15:55] PVI service connecting ...
[17.10.2014 0:53:11] Штабелер находиться в состоянии выполнения команды
[17.10.2014 0:53:06] Штабелер находиться в состоянии выполнения команды
[17.10.2014 0:52:08] Штабелер выключен
[17.10.2014 0:52:00] PVI variables connected
[17.10.2014 0:52:00] Ошибка: Неизвестная ошибка (50000)
[17.10.2014 0:51:58] PVI variables connecting ...
[17.10.2014 0:51:42] Error:No connection available to the PLC  (4808)
[17.10.2014 0:51:36] PVI service connected
[17.10.2014 0:50:59] PVI service connecting ...
[17.10.2014 0:50:59] PVI service connecting ...
[17.10.2014 0:51:34] Error:PVI Manager not started  (12050)
[17.10.2014 0:51:36] PVI CPU connecting ...
[17.10.2014 0:51:58] PVI CPU connected
[17.10.2014 0:52:00] PVI variables connected
[17.10.2014 0:52:00] Ошибка привода
[17.10.2014 0:52:07] Штабелер не готов выполненять команду
[17.10.2014 0:52:12] Штабелер не готов выполненять команду
[17.10.2014 0:53:08] Штабелер не готов выполненять команду
[17.10.2014 0:53:15] Штабелер не готов выполненять команду
[17.10.2014 1:15:58] PVI service connected
[17.10.2014 1:15:58] PVI CPU connected
[17.10.2014 1:15:58] PVI variables connected
[17.10.2014 1:15:58] PVI variables connected
[17.10.2014 1:16:24] Штабелер не готов выполненять команду
[17.10.2014 1:39:42] PVI service connected
[17.10.2014 1:39:43] PVI CPU connected
[17.10.2014 1:39:43] PVI variables connected
[17.10.2014 1:39:43] PVI variables connected
[17.10.2014 1:39:53] Штабелер не готов выполненять команду
[17.10.2014 8:53:17] PVI service connected
[17.10.2014 8:53:18] PVI CPU connected
[17.10.2014 8:53:19] PVI variables connected
[17.10.2014 8:53:20] Ошибка привода
[17.10.2014 8:53:31] Штабелер не готов выполненять команду
[17.10.2014 8:54:39] Началось выполнение команды "Взять из ячейки 37"
[17.10.2014 8:55:06] Штабелер готов к выполнению команды
[17.10.2014 9:03:53] PVI service connected
[17.10.2014 9:03:59] PVI CPU connected
[17.10.2014 9:03:59] PVI variables connected
[17.10.2014 9:04:01] PVI variables connected
[17.10.2014 9:54:08] PVI service connected
[17.10.2014 9:54:08] PVI CPU connected
[17.10.2014 9:54:08] PVI variables connected
[17.10.2014 9:54:08] PVI variables connected
[17.10.2014 9:54:29] Ошибка: Неизвестная ошибка (50061)
[17.10.2014 9:54:51] Началось выполнение команды "Взять из ячейки 37"
[17.10.2014 9:55:30] PVI service connecting ...
[17.10.2014 9:55:30] PVI CPU connecting ...
[17.10.2014 9:55:32] PVI variables connecting ...
[17.10.2014 9:55:32] Ошибка: Неизвестная ошибка (50061)
[17.10.2014 9:55:39] Штабелер не готов выполненять команду
[17.10.2014 9:55:45] Началось выполнение команды "Взять из ячейки 37"
[17.10.2014 9:57:19] PVI service connecting ...
[17.10.2014 9:57:20] PVI CPU connecting ...
[17.10.2014 9:57:21] PVI variables connecting ...
[17.10.2014 9:57:22] Ошибка: Неизвестная ошибка (50061)
[17.10.2014 9:57:25] Штабелер выключен
[17.10.2014 9:57:30] Ошибка: Неизвестная ошибка (50000)
[17.10.2014 9:57:40] Штабелер не готов выполненять команду
[17.10.2014 9:57:40] Ошибка привода
[17.10.2014 9:58:03] Ошибка привода
[17.10.2014 10:02:22] PVI service connected
[17.10.2014 10:02:22] PVI CPU connected
[17.10.2014 10:02:25] PVI variables connected
[17.10.2014 10:02:25] Ошибка привода
[17.10.2014 10:02:32] Штабелер не готов выполненять команду
[17.10.2014 10:02:37] Штабелер не готов выполненять команду
[17.10.2014 10:05:10] Началось выполнение команды "Взять из ячейки 13"
[17.10.2014 10:05:36] Штабелер готов к выполнению команды
[17.10.2014 10:11:14] Error:PVI Manager not started  (12050)
[17.10.2014 10:11:16] PVI CPU connecting ...
[17.10.2014 10:11:17] PVI variables connecting ...
[17.10.2014 10:11:17] Штабелер выключен
[17.10.2014 10:12:16] PVI service connecting ...
[17.10.2014 10:12:17] PVI CPU connecting ...
[17.10.2014 10:12:17] PVI variables connecting ...
[17.10.2014 10:12:17] Штабелер выключен
[17.10.2014 10:14:51] PVI service connecting ...
[17.10.2014 10:14:52] PVI CPU connecting ...
[17.10.2014 10:14:52] PVI variables connecting ...
[17.10.2014 10:14:52] Штабелер выключен
[17.10.2014 10:14:56] Началось выполнение команды "Взять из ячейки 13"
[17.10.2014 10:15:03] Штабелер готов к выполнению команды
[17.10.2014 10:16:24] PVI service connected
[17.10.2014 10:16:24] PVI CPU connected
[17.10.2014 10:16:24] PVI variables connected
[17.10.2014 10:16:24] PVI variables connected
[17.10.2014 10:16:28] Ошибка: Неизвестная ошибка (50061)
[17.10.2014 10:16:34] Штабелер готов к выполнению команды
[17.10.2014 10:17:02] Ошибка: Неизвестная ошибка (50061)
[17.10.2014 10:17:09] Штабелер готов к выполнению команды
[17.10.2014 10:18:08] PVI service connected
[17.10.2014 10:18:08] PVI CPU connected
[17.10.2014 10:18:08] PVI variables connected
[17.10.2014 10:18:08] PVI variables connected
[17.10.2014 10:18:08] PVI variables connected
[17.10.2014 10:18:16] Штабелер выключен
[17.10.2014 10:18:52] Штабелер находиться в состоянии выполнения команды
[17.10.2014 10:19:53] PVI service connecting ...
[17.10.2014 10:19:54] PVI CPU connecting ...
[17.10.2014 10:20:09] PVI CPU connected
[17.10.2014 10:20:10] PVI variables connected
[17.10.2014 10:20:11] PVI variables connected
[17.10.2014 10:20:12] Ошибка привода
[17.10.2014 10:20:44] Штабелер выключен
[17.10.2014 10:20:47] Штабелер готов к выполнению команды
[17.10.2014 10:21:09] Штабелер находиться в состоянии выполнения команды
[17.10.2014 10:25:09] PVI service connecting ...
[17.10.2014 10:25:10] PVI CPU connecting ...
[17.10.2014 10:25:11] PVI variables connecting ...
[17.10.2014 10:25:11] Штабелер выключен
[17.10.2014 10:25:16] Началось выполнение команды "Взять из ячейки 13"
[17.10.2014 10:25:18] Штабелер готов к выполнению команды
[17.10.2014 10:25:25] Ошибка: Неизвестная ошибка (50061)
[17.10.2014 10:26:13] Штабелер готов к выполнению команды
[17.10.2014 10:26:16] Штабелер находиться в состоянии выполнения команды
[17.10.2014 10:29:24] PVI service connecting ...
[17.10.2014 10:29:25] PVI CPU connecting ...
[17.10.2014 10:29:25] PVI variables connecting ...
[17.10.2014 10:29:25] Штабелер выключен
[17.10.2014 10:29:32] Началось выполнение команды "Взять из ячейки 265"
[17.10.2014 10:32:31] PVI service connecting ...
[17.10.2014 10:32:31] PVI CPU connecting ...
[17.10.2014 10:32:31] PVI variables connecting ...
[17.10.2014 10:32:31] Штабелер выключен
[17.10.2014 10:32:36] Началось выполнение команды "Взять из ячейки 265"
[17.10.2014 10:32:36] Ошибка: Груз на столе (50061)
[17.10.2014 10:32:54] Началось выполнение команды "Положить в ячейку 265"
[17.10.2014 10:33:14] Штабелер готов к выполнению команды
[17.10.2014 10:34:05] PVI service connected
[17.10.2014 10:34:05] PVI CPU connected
[17.10.2014 10:34:05] PVI variables connected
[17.10.2014 10:34:13] Началось выполнение команды "Взять из ячейки 265"
[17.10.2014 10:34:34] Штабелер готов к выполнению команды
[17.10.2014 10:36:08] PVI service connected
[17.10.2014 10:36:08] PVI CPU connected
[17.10.2014 10:36:08] PVI variables connected
[17.10.2014 10:36:15] Началось выполнение команды "Взять из ячейки 265"
[17.10.2014 10:36:17] Штабелер готов к выполнению команды
[17.10.2014 10:36:25] Штабелер не готов выполненять команду
[17.10.2014 10:36:25] Штабелер готов к выполнению команды
[17.10.2014 10:36:45] Началось выполнение команды "Взять из ячейки 13"
[17.10.2014 10:36:45] Штабелер находиться в состоянии выполнения команды
[17.10.2014 10:37:06] Штабелер готов к выполнению команды
[17.10.2014 10:37:31] Штабелер готов к выполнению команды
[17.10.2014 10:45:20] PVI service connecting ...
[17.10.2014 10:45:20] PVI CPU connecting ...
[17.10.2014 10:45:21] PVI variables connecting ...
[17.10.2014 10:45:21] Ошибка: На столе нет груза (50022)
[17.10.2014 10:49:43] PVI service connecting ...
[17.10.2014 10:49:44] PVI CPU connecting ...
[17.10.2014 10:49:44] PVI variables connecting ...
[17.10.2014 10:49:44] Штабелер выключен
[17.10.2014 10:51:14] Началось выполнение команды "Взять из ячейки 13"
[17.10.2014 10:51:45] Ошибка: Груз на столе (50061)
[17.10.2014 10:51:55] Штабелер готов к выполнению команды
[17.10.2014 10:52:24] Штабелер готов к выполнению команды
[17.10.2014 10:52:25] Штабелер не готов выполненять команду
[17.10.2014 10:52:26] Ошибка: Груз на столе (50061)
[17.10.2014 10:52:27] Ошибка: Груз на столе (50061)
[17.10.2014 10:52:28] Штабелер готов к выполнению команды
[17.10.2014 10:52:30] Штабелер готов к выполнению команды
[17.10.2014 10:52:47] Штабелер находиться в состоянии выполнения команды
[17.10.2014 10:53:04] Штабелер готов к выполнению команды
[17.10.2014 10:53:29] Штабелер готов к выполнению команды
[17.10.2014 10:53:36] Штабелер готов к выполнению команды
[17.10.2014 10:53:38] Штабелер готов к выполнению команды
[17.10.2014 10:53:39] Штабелер готов к выполнению команды
[17.10.2014 10:53:40] Штабелер готов к выполнению команды
[17.10.2014 10:53:41] Штабелер не готов выполненять команду
[17.10.2014 10:53:42] Ошибка: Груз на столе (50061)
[17.10.2014 10:53:43] Ошибка: Груз на столе (50061)
[17.10.2014 10:53:44] Штабелер готов к выполнению команды
[17.10.2014 10:53:44] Штабелер готов к выполнению команды
[17.10.2014 10:53:46] Штабелер не готов выполненять команду
[17.10.2014 10:53:46] Ошибка: Груз на столе (50061)
[17.10.2014 10:53:47] Штабелер готов к выполнению команды
[17.10.2014 10:59:15] PVI service connecting ...
[17.10.2014 10:59:16] PVI CPU connecting ...
[17.10.2014 10:59:16] PVI variables connecting ...
[17.10.2014 10:59:16] Ошибка: Груз на столе (50061)
[17.10.2014 10:59:20] Штабелер не готов выполненять команду
[17.10.2014 11:01:57] Началось выполнение команды "Взять из ячейки 13"
[17.10.2014 11:02:00] Штабелер не готов выполненять команду
[17.10.2014 11:02:04] Началось выполнение команды "Положить в ячейку 13"
[17.10.2014 11:02:29] Началось выполнение команды "Взять из ячейки 265"
[17.10.2014 11:02:29] Штабелер находиться в состоянии выполнения команды
[17.10.2014 11:02:50] Штабелер готов к выполнению команды
[17.10.2014 11:02:50] Началось выполнение команды "Положить в ячейку 37"
[17.10.2014 11:03:15] Штабелер готов к выполнению команды
[17.10.2014 11:03:25] Штабелер находиться в состоянии выполнения команды
[17.10.2014 11:03:51] Штабелер готов к выполнению команды
[17.10.2014 11:04:12] Штабелер готов к выполнению команды
[17.10.2014 11:09:23] PVI service connected
[17.10.2014 11:09:24] PVI CPU connected
[17.10.2014 11:09:24] PVI variables connected
[17.10.2014 11:09:24] PVI variables connected
[17.10.2014 11:09:28] Штабелер находиться в состоянии выполнения команды
[17.10.2014 11:09:50] Штабелер готов к выполнению команды
[17.10.2014 11:10:11] Началось выполнение команды "Взять из ячейки 265"
[17.10.2014 11:10:11] Штабелер находиться в состоянии выполнения команды
[17.10.2014 11:10:32] Штабелер готов к выполнению команды
[17.10.2014 11:10:40] Штабелер готов к выполнению команды
[17.10.2014 11:10:42] Штабелер находиться в состоянии выполнения команды
[17.10.2014 11:10:43] Штабелер готов к выполнению команды
[17.10.2014 11:11:07] Началось выполнение команды "Взять из ячейки 265"
[17.10.2014 11:11:07] Штабелер находиться в состоянии выполнения команды
[17.10.2014 11:11:32] Штабелер готов к выполнению команды
[17.10.2014 11:11:56] Началось выполнение команды "Взять из ячейки 289"
[17.10.2014 11:11:56] Штабелер находиться в состоянии выполнения команды
[17.10.2014 11:12:17] Штабелер готов к выполнению команды
[17.10.2014 11:12:44] Началось выполнение команды "Взять из ячейки 265"
[17.10.2014 11:12:44] Штабелер находиться в состоянии выполнения команды
[17.10.2014 11:13:10] Штабелер готов к выполнению команды
[17.10.2014 11:14:39] Началось выполнение команды "Взять из ячейки 289"
[17.10.2014 11:14:39] Штабелер находиться в состоянии выполнения команды
[17.10.2014 11:15:01] Штабелер готов к выполнению команды
[17.10.2014 11:15:27] Началось выполнение команды "Взять из ячейки 265"
[17.10.2014 11:15:27] Штабелер находиться в состоянии выполнения команды
[17.10.2014 11:15:52] Штабелер готов к выполнению команды
[17.10.2014 11:17:32] PVI service connecting ...
[17.10.2014 11:17:33] PVI CPU connecting ...
[17.10.2014 11:17:33] PVI variables connecting ...
[17.10.2014 11:17:33] Штабелер выключен
[17.10.2014 11:17:37] Началось выполнение команды "Взять из ячейки 13"
[17.10.2014 11:18:03] Началось выполнение команды "Положить в ячейку 37"
[17.10.2014 11:18:03] Штабелер находиться в состоянии выполнения команды
[17.10.2014 11:18:46] Началось выполнение команды "Взять из ячейки 13"
[17.10.2014 11:19:11] Началось выполнение команды "Положить в ячейку 37"
[17.10.2014 11:19:11] Штабелер находиться в состоянии выполнения команды
[17.10.2014 11:21:33] PVI service connecting ...
[17.10.2014 11:21:34] PVI CPU connecting ...
[17.10.2014 11:21:34] PVI variables connecting ...
[17.10.2014 11:21:34] Штабелер выключен
[17.10.2014 11:21:38] Началось выполнение команды "Взять из ячейки 13"
[17.10.2014 11:22:03] Штабелер готов к выполнению команды
[17.10.2014 11:22:14] Штабелер готов к выполнению команды
[17.10.2014 11:22:17] Штабелер готов к выполнению команды
[17.10.2014 11:22:21] Началось выполнение команды "Взять из ячейки 277"
[17.10.2014 11:22:21] Ошибка: Груз на столе (50061)
[17.10.2014 11:22:23] Ошибка: Груз на столе (50061)
[17.10.2014 11:22:24] Ошибка: Груз на столе (50061)
[17.10.2014 11:22:24] Ошибка: Груз на столе (50061)
[17.10.2014 11:22:29] Штабелер готов к выполнению команды
[17.10.2014 11:22:52] Началось выполнение команды "Взять из ячейки 277"
[17.10.2014 11:22:52] Штабелер находиться в состоянии выполнения команды
[17.10.2014 11:24:24] PVI service connected
[17.10.2014 11:24:26] PVI CPU connected
[17.10.2014 11:24:26] PVI variables connected
[17.10.2014 11:24:26] PVI variables connected
[17.10.2014 11:24:28] Ошибка: Груз на столе (50061)
[17.10.2014 11:24:32] Штабелер готов к выполнению команды
[17.10.2014 11:24:35] Штабелер находиться в состоянии выполнения команды
[17.10.2014 11:25:13] Штабелер готов к выполнению команды
[17.10.2014 11:25:46] Началось выполнение команды "Положить в ячейку 265"
[17.10.2014 11:25:47] Штабелер находиться в состоянии выполнения команды
[17.10.2014 11:26:21] Штабелер готов к выполнению команды
[17.10.2014 11:26:45] Штабелер готов к выполнению команды
[17.10.2014 11:27:43] Ошибка: Груз на столе (50061)
[17.10.2014 11:27:52] Штабелер готов к выполнению команды
[17.10.2014 11:28:04] Штабелер находиться в состоянии выполнения команды
[17.10.2014 11:29:00] Штабелер готов к выполнению команды
[17.10.2014 11:29:25] Штабелер готов к выполнению команды
[17.10.2014 11:29:34] Ошибка: Груз на столе (50061)
[17.10.2014 11:29:56] Началось выполнение команды "Положить в ячейку 61"
[17.10.2014 11:29:56] Штабелер находиться в состоянии выполнения команды
[17.10.2014 11:30:29] Штабелер готов к выполнению команды
[17.10.2014 11:31:04] Штабелер готов к выполнению команды
[17.10.2014 12:15:03] PVI service connected
[17.10.2014 12:15:03] PVI CPU connected
[17.10.2014 12:15:03] PVI variables connected
[17.10.2014 12:15:03] Ошибка привода
[17.10.2014 12:15:19] Ошибка: Неизвестная ошибка (50011)
[17.10.2014 12:18:48] PVI service connected
[17.10.2014 12:18:48] PVI CPU connected
[17.10.2014 12:18:48] PVI variables connected
[17.10.2014 12:18:48] Ошибка привода
[17.10.2014 12:19:01] Штабелер не готов выполненять команду
[17.10.2014 12:19:06] Штабелер не готов выполненять команду
[17.10.2014 12:19:45] Штабелер готов к выполнению команды
[17.10.2014 12:20:11] Штабелер готов к выполнению команды
[17.10.2014 12:20:28] Штабелер не готов выполненять команду
[17.10.2014 12:20:28] Ошибка: Груз на столе (50061)
[17.10.2014 12:20:42] Штабелер готов к выполнению команды
[17.10.2014 12:20:43] Штабелер готов к выполнению команды
[17.10.2014 12:20:44] Штабелер готов к выполнению команды
[17.10.2014 12:20:45] Штабелер не готов выполненять команду
[17.10.2014 12:20:45] Ошибка: Груз на столе (50061)
[17.10.2014 12:20:47] Ошибка: Груз на столе (50061)
[17.10.2014 12:20:48] Штабелер находиться в состоянии выполнения команды
[17.10.2014 12:20:49] Штабелер не готов выполненять команду
[17.10.2014 12:20:50] Ошибка: Груз на столе (50061)
[17.10.2014 12:20:51] Штабелер готов к выполнению команды
[17.10.2014 12:20:52] Штабелер не готов выполненять команду
[17.10.2014 12:20:52] Ошибка: Груз на столе (50061)
[17.10.2014 12:20:53] Ошибка: Груз на столе (50061)
[17.10.2014 12:20:54] Штабелер готов к выполнению команды
[17.10.2014 12:23:27] PVI service connecting ...
[17.10.2014 12:23:27] PVI CPU connecting ...
[17.10.2014 12:23:27] PVI variables connecting ...
[17.10.2014 12:23:27] Ошибка: Груз на столе (50061)
[17.10.2014 12:23:37] Штабелер не готов выполненять команду
[17.10.2014 12:23:41] Началось выполнение команды "Положить в ячейку 1"
[17.10.2014 12:24:00] Штабелер готов к выполнению команды
[17.10.2014 12:24:17] Штабелер находиться в состоянии выполнения команды
[17.10.2014 12:24:17] Ошибка: На столе нет груза (50022)
[17.10.2014 12:24:19] Ошибка: На столе нет груза (50022)
[17.10.2014 12:24:24] Штабелер готов к выполнению команды
[17.10.2014 12:24:25] Штабелер находиться в состоянии выполнения команды
[17.10.2014 12:24:25] Ошибка: На столе нет груза (50022)
[17.10.2014 12:24:30] Ошибка: На столе нет груза (50022)
[17.10.2014 12:24:32] Ошибка: На столе нет груза (50022)
[17.10.2014 12:24:32] Ошибка: На столе нет груза (50022)
[17.10.2014 12:24:46] Штабелер готов к выполнению команды
[17.10.2014 12:24:48] Штабелер готов к выполнению команды
[17.10.2014 12:24:49] Штабелер готов к выполнению команды
[17.10.2014 12:24:50] Штабелер готов к выполнению команды
[17.10.2014 12:24:50] Штабелер готов к выполнению команды
[17.10.2014 12:26:30] PVI service connecting ...
[17.10.2014 12:26:31] PVI CPU connecting ...
[17.10.2014 12:26:31] PVI variables connecting ...
[17.10.2014 12:26:31] Ошибка: На столе нет груза (50022)
[17.10.2014 12:26:35] Штабелер готов к выполнению команды
[17.10.2014 12:26:42] Штабелер находиться в состоянии выполнения команды
[17.10.2014 12:27:06] Ошибка: Груз на столе (50061)
[17.10.2014 12:28:19] Штабелер готов к выполнению команды
[17.10.2014 12:32:17] PVI service connecting ...
[17.10.2014 12:32:17] PVI CPU connecting ...
[17.10.2014 12:32:17] PVI variables connecting ...
[17.10.2014 12:32:18] Ошибка: Груз на столе (50061)
[17.10.2014 12:32:39] Началось выполнение команды "Взять из ячейки 13"
[17.10.2014 12:32:39] Ошибка: Груз на столе (50061)
[17.10.2014 12:32:45] Штабелер находиться в состоянии выполнения команды
[17.10.2014 12:32:55] Штабелер готов к выполнению команды
[17.10.2014 12:33:07] Штабелер находиться в состоянии выполнения команды
[17.10.2014 12:33:07] Штабелер готов к выполнению команды
[17.10.2014 12:33:28] Началось выполнение команды "Положить в ячейку 265"
[17.10.2014 12:33:28] Ошибка: На столе нет груза (50022)
[17.10.2014 12:33:51] Ошибка: На столе нет груза (50022)
[17.10.2014 12:33:55] Ошибка: На столе нет груза (50022)
[17.10.2014 12:33:58] Штабелер готов к выполнению команды
[17.10.2014 12:33:59] Штабелер не готов выполненять команду
[17.10.2014 12:34:00] Ошибка: На столе нет груза (50022)
[17.10.2014 12:34:01] Ошибка: На столе нет груза (50022)
[17.10.2014 12:34:03] Ошибка: На столе нет груза (50022)
[17.10.2014 12:34:04] Ошибка: На столе нет груза (50022)
[17.10.2014 12:34:06] Ошибка: На столе нет груза (50022)
[17.10.2014 12:34:07] Ошибка: На столе нет груза (50022)
[17.10.2014 12:34:09] Ошибка: На столе нет груза (50022)
[17.10.2014 12:36:07] PVI service connecting ...
[17.10.2014 12:36:07] PVI CPU connecting ...
[17.10.2014 12:36:07] PVI variables connecting ...
[17.10.2014 12:36:08] Штабелер выключен
[17.10.2014 12:36:14] Началось выполнение команды "Взять из ячейки 13"
[17.10.2014 12:36:35] Штабелер готов к выполнению команды
[17.10.2014 12:39:59] PVI service connected
[17.10.2014 12:39:59] PVI CPU connected
[17.10.2014 12:39:59] PVI variables connected
[17.10.2014 12:39:59] PVI variables connected
[17.10.2014 12:40:07] Ошибка: Груз на столе (50061)
[17.10.2014 12:40:31] Началось выполнение команды "Положить в ячейку 265"
[17.10.2014 12:40:51] Штабелер готов к выполнению команды
[17.10.2014 12:41:40] Ошибка: На столе нет груза (50022)
[17.10.2014 12:43:11] PVI service connecting ...
[17.10.2014 12:43:12] PVI CPU connecting ...
[17.10.2014 12:43:12] PVI variables connecting ...
[17.10.2014 12:43:12] Штабелер выключен
[17.10.2014 12:43:15] Началось выполнение команды "Положить в ячейку 13"
[17.10.2014 12:43:18] Штабелер готов к выполнению команды
[17.10.2014 12:43:21] Штабелер готов к выполнению команды
[17.10.2014 12:43:22] Штабелер готов к выполнению команды
[17.10.2014 12:43:24] Штабелер готов к выполнению команды
[17.10.2014 12:43:27] Штабелер готов к выполнению команды
[17.10.2014 12:43:31] Штабелер готов к выполнению команды
[17.10.2014 12:43:34] Штабелер готов к выполнению команды
[17.10.2014 12:43:34] Штабелер не готов выполненять команду
[17.10.2014 12:43:35] Ошибка: На столе нет груза (50022)
[17.10.2014 12:43:41] Штабелер готов к выполнению команды
[17.10.2014 12:45:18] PVI service connected
[17.10.2014 12:45:18] PVI CPU connected
[17.10.2014 12:45:19] PVI variables connected
[17.10.2014 12:45:19] PVI variables connected
[17.10.2014 12:45:25] Штабелер находиться в состоянии выполнения команды
[17.10.2014 12:46:33] PVI service connecting ...
[17.10.2014 12:46:34] PVI CPU connecting ...
[17.10.2014 12:46:34] PVI variables connecting ...
[17.10.2014 12:46:34] Штабелер выключен
[17.10.2014 12:46:51] Началось выполнение команды "Взять из ячейки 13"
[17.10.2014 12:46:51] Ошибка: Груз на столе (50061)
[17.10.2014 12:46:53] Штабелер готов к выполнению команды
[17.10.2014 12:47:16] PVI service connected
[17.10.2014 12:47:16] PVI CPU connected
[17.10.2014 12:47:16] PVI variables connected
[17.10.2014 12:47:16] PVI variables connected
[17.10.2014 12:47:20] Штабелер находиться в состоянии выполнения команды
[17.10.2014 12:49:03] PVI service connecting ...
[17.10.2014 12:49:03] PVI CPU connecting ...
[17.10.2014 12:49:04] PVI variables connecting ...
[17.10.2014 12:49:04] Штабелер выключен
[17.10.2014 12:49:10] Началось выполнение команды "Положить в ячейку 13"
[17.10.2014 12:49:16] Штабелер готов к выполнению команды
[17.10.2014 12:49:48] PVI service connected
[17.10.2014 12:49:48] PVI CPU connected
[17.10.2014 12:49:48] PVI variables connected
[17.10.2014 12:49:49] PVI variables connected
[17.10.2014 12:49:52] Ошибка: На столе нет груза (50022)
[17.10.2014 12:49:56] Штабелер готов к выполнению команды
[17.10.2014 12:51:41] PVI service connected
[17.10.2014 12:51:41] PVI CPU connected
[17.10.2014 12:51:41] PVI variables connected
[17.10.2014 12:51:42] PVI variables connected
[17.10.2014 12:52:50] PVI service connected
[17.10.2014 12:52:51] PVI CPU connected
[17.10.2014 12:52:51] PVI variables connected
[17.10.2014 12:52:51] PVI variables connected
[17.10.2014 12:54:00] PVI service connected
[17.10.2014 12:54:01] PVI CPU connected
[17.10.2014 12:54:01] PVI variables connected
[17.10.2014 12:54:01] PVI variables connected
[17.10.2014 12:54:09] Штабелер находиться в состоянии выполнения команды
[17.10.2014 13:29:54] PVI service connecting ...
[17.10.2014 13:29:55] PVI CPU connecting ...
[17.10.2014 13:29:56] PVI variables connecting ...
[17.10.2014 13:29:56] Штабелер выключен
[17.10.2014 13:30:00] Началось выполнение команды "Взять из ячейки 13"
[17.10.2014 13:30:03] Штабелер готов к выполнению команды
[17.10.2014 13:30:39] PVI service connected
[17.10.2014 13:30:40] PVI CPU connected
[17.10.2014 13:30:40] PVI variables connected
[17.10.2014 13:30:40] PVI variables connected
[17.10.2014 13:30:52] Ошибка: Груз на столе (50061)
[17.10.2014 13:35:03] PVI service connecting ...
[17.10.2014 13:35:04] PVI CPU connecting ...
[17.10.2014 13:35:04] PVI variables connecting ...
[17.10.2014 13:35:04] Штабелер выключен
[17.10.2014 13:38:05] Началось выполнение команды "Взять из ячейки 13"
[17.10.2014 13:38:11] Штабелер готов к выполнению команды
[17.10.2014 13:38:13] Штабелер готов к выполнению команды
[17.10.2014 13:38:16] Штабелер готов к выполнению команды
[17.10.2014 13:38:19] Штабелер находиться в состоянии выполнения команды
[17.10.2014 13:38:41] Штабелер готов к выполнению команды
[17.10.2014 13:39:06] Началось выполнение команды "Положить в ячейку 277"
[17.10.2014 13:39:06] Штабелер находиться в состоянии выполнения команды
[17.10.2014 13:39:37] Началось выполнение команды "Взять из ячейки 289"
[17.10.2014 13:40:01] Началось выполнение команды "Положить в ячейку 289"
[17.10.2014 13:40:01] Штабелер находиться в состоянии выполнения команды
[17.10.2014 13:40:26] Началось выполнение команды "Взять из ячейки 253"
[17.10.2014 13:40:52] Началось выполнение команды "Положить в ячейку 13"
[17.10.2014 13:40:53] Штабелер находиться в состоянии выполнения команды
[17.10.2014 13:45:02] PVI service connecting ...
[17.10.2014 13:45:03] PVI CPU connecting ...
[17.10.2014 13:45:04] PVI variables connecting ...
[17.10.2014 13:45:04] Штабелер выключен
[17.10.2014 13:45:17] Началось выполнение команды "Взять из ячейки 13"
[17.10.2014 13:46:43] PVI service connecting ...
[17.10.2014 13:46:44] PVI CPU connecting ...
[17.10.2014 13:46:45] PVI variables connecting ...
[17.10.2014 13:46:45] Штабелер выключен
[17.10.2014 13:46:48] Началось выполнение команды "Взять из ячейки 13"
[17.10.2014 13:46:49] Ошибка: Груз на столе (50061)
[17.10.2014 13:46:51] Ошибка: Груз на столе (50061)
[17.10.2014 13:46:57] Началось выполнение команды "Положить в ячейку 13"
[17.10.2014 13:47:17] Началось выполнение команды "Взять из ячейки 265"
[17.10.2014 13:47:17] Штабелер находиться в состоянии выполнения команды
[17.10.2014 13:48:34] Штабелер готов к выполнению команды
[17.10.2014 13:49:23] Началось выполнение команды "Взять из ячейки 289"
[17.10.2014 13:49:23] Штабелер находиться в состоянии выполнения команды
[17.10.2014 13:49:50] Штабелер готов к выполнению команды
[17.10.2014 13:50:10] Началось выполнение команды "Взять из ячейки 302"
[17.10.2014 13:50:10] Штабелер находиться в состоянии выполнения команды
[17.10.2014 14:04:08] PVI service connecting ...
[17.10.2014 14:04:09] PVI CPU connecting ...
[17.10.2014 14:04:09] PVI variables connecting ...
[17.10.2014 14:04:09] Штабелер выключен
[17.10.2014 14:04:36] Началось выполнение команды "Взять из ячейки 289"
[17.10.2014 14:05:00] PVI service connected
[17.10.2014 14:05:01] PVI CPU connected
[17.10.2014 14:05:01] PVI variables connected
[17.10.2014 14:05:01] PVI variables connected
[17.10.2014 14:05:24] Штабелер готов к выполнению команды
[17.10.2014 14:05:28] Штабелер готов к выполнению команды
[17.10.2014 14:05:31] Штабелер находиться в состоянии выполнения команды
[17.10.2014 14:08:22] PVI service connecting ...
[17.10.2014 14:08:56] PVI service connected
[17.10.2014 14:08:57] PVI CPU connected
[17.10.2014 14:08:57] PVI variables connected
[17.10.2014 14:08:58] PVI variables connected
[17.10.2014 14:09:41] Началось выполнение команды "Взять из ячейки 13"
[17.10.2014 14:10:54] Началось выполнение команды "Парковать"
[17.10.2014 14:12:36] PVI service connecting ...
[17.10.2014 14:12:37] PVI CPU connecting ...
[17.10.2014 14:12:37] PVI variables connecting ...
[17.10.2014 14:12:37] Ошибка: На столе нет груза (50022)
[17.10.2014 14:12:44] Ошибка: Неизвестная ошибка (50024)
[17.10.2014 14:12:52] Началось выполнение команды "Положить в ячейку 13"
[17.10.2014 14:12:56] Штабелер готов к выполнению команды
[17.10.2014 14:12:58] Штабелер находиться в состоянии выполнения команды
[17.10.2014 14:13:05] Началось выполнение команды "Взять из ячейки 14"
[17.10.2014 14:13:30] Началось выполнение команды "Положить в ячейку 13"
[17.10.2014 14:13:30] Штабелер находиться в состоянии выполнения команды
[17.10.2014 14:13:51] Штабелер готов к выполнению команды
[17.10.2014 14:14:13] Штабелер готов к выполнению команды
[17.10.2014 14:14:20] Штабелер не готов выполненять команду
[17.10.2014 14:14:20] Ошибка: Груз на столе (50061)
[17.10.2014 14:14:22] Ошибка: Груз на столе (50061)
[17.10.2014 14:14:25] Началось выполнение команды "Положить в ячейку 265"
[17.10.2014 14:14:26] Штабелер находиться в состоянии выполнения команды
[17.10.2014 14:14:45] Штабелер готов к выполнению команды
[17.10.2014 14:15:06] Началось выполнение команды "Положить в ячейку 265"
[17.10.2014 14:15:07] Штабелер находиться в состоянии выполнения команды
[17.10.2014 14:15:31] Началось выполнение команды "Взять из ячейки 265"
[17.10.2014 14:15:52] Началось выполнение команды "Положить в ячейку 253"
[17.10.2014 14:15:53] Штабелер находиться в состоянии выполнения команды
[17.10.2014 14:20:52] PVI service connecting ...
[17.10.2014 14:20:53] PVI CPU connecting ...
[17.10.2014 14:20:53] PVI variables connecting ...
[17.10.2014 14:20:53] Штабелер выключен
[17.10.2014 14:20:56] Началось выполнение команды "Взять из ячейки 13"
[17.10.2014 14:21:20] Штабелер готов к выполнению команды
[17.10.2014 14:21:27] Штабелер готов к выполнению команды
[17.10.2014 14:21:29] Штабелер не готов выполненять команду
[17.10.2014 14:21:29] Ошибка: Груз на столе (50061)
[17.10.2014 14:21:29] Ошибка: Груз на столе (50061)
[17.10.2014 14:21:34] Штабелер готов к выполнению команды
[17.10.2014 14:21:53] Началось выполнение команды "Взять из ячейки 13"
[17.10.2014 14:21:54] Штабелер находиться в состоянии выполнения команды
[17.10.2014 14:22:43] Началось выполнение команды "Взять из ячейки 1"
[17.10.2014 14:22:43] Ошибка: Груз на столе (50061)
[17.10.2014 14:22:47] Штабелер готов к выполнению команды
[17.10.2014 14:22:48] Штабелер готов к выполнению команды
[17.10.2014 14:22:52] Штабелер готов к выполнению команды
[17.10.2014 14:23:42] PVI CPU connected
[17.10.2014 14:23:43] PVI variables connected
[17.10.2014 14:23:43] PVI variables connected
[17.10.2014 14:23:45] Ошибка привода
[17.10.2014 14:23:59] Штабелер выключен
[17.10.2014 14:24:30] Штабелер готов к выполнению команды
[17.10.2014 14:24:33] Штабелер находиться в состоянии выполнения команды
[17.10.2014 14:24:41] Началось выполнение команды "Взять из ячейки 1"
[17.10.2014 14:25:06] Началось выполнение команды "Взять из ячейки 13"
[17.10.2014 14:25:07] Ошибка: Груз на столе (50061)
[17.10.2014 14:36:21] PVI service connected
[17.10.2014 14:36:21] PVI CPU connected
[17.10.2014 14:36:21] PVI variables connected
[17.10.2014 14:36:21] PVI variables connected
[17.10.2014 14:40:48] PVI service connected
[17.10.2014 14:40:48] PVI CPU connected
[17.10.2014 14:40:48] PVI variables connected
[17.10.2014 14:40:48] PVI variables connected
[17.10.2014 14:41:01] Началось выполнение команды "Положить в ячейку 13"
[17.10.2014 14:41:24] Началось выполнение команды "Взять из ячейки 1"
[17.10.2014 14:41:24] Штабелер находиться в состоянии выполнения команды
[17.10.2014 14:41:48] Ошибка: Груз на столе (50061)
[17.10.2014 14:42:06] Ошибка: Груз на столе (50061)
[17.10.2014 14:42:13] Началось выполнение команды "Положить в ячейку 253"
[17.10.2014 14:42:13] Штабелер находиться в состоянии выполнения команды
[17.10.2014 14:42:33] Штабелер готов к выполнению команды
[17.10.2014 14:42:46] Штабелер готов к выполнению команды
[17.10.2014 14:42:55] Штабелер готов к выполнению команды
[17.10.2014 14:42:59] Началось выполнение команды "Взять из ячейки 2"
[17.10.2014 14:43:00] Штабелер находиться в состоянии выполнения команды
[17.10.2014 14:43:23] Штабелер готов к выполнению команды
[17.10.2014 14:43:45] Штабелер готов к выполнению команды
[17.10.2014 14:45:05] PVI service connected
[17.10.2014 14:45:06] PVI CPU connected
[17.10.2014 14:45:06] PVI variables connected
[17.10.2014 14:45:07] PVI variables connected
[17.10.2014 14:45:15] Штабелер находиться в состоянии выполнения команды
[17.10.2014 14:45:40] Штабелер готов к выполнению команды
[17.10.2014 14:46:03] Штабелер готов к выполнению команды
[17.10.2014 14:47:52] PVI service connected
[17.10.2014 14:47:53] PVI CPU connected
[17.10.2014 14:47:53] PVI variables connected
[17.10.2014 14:47:53] PVI variables connected
[17.10.2014 14:55:03] PVI service connected
[17.10.2014 14:55:03] PVI CPU connected
[17.10.2014 14:55:04] PVI variables connected
[17.10.2014 14:55:04] PVI variables connected
[17.10.2014 14:55:06] Штабелер выключен
[17.10.2014 14:55:34] PVI service connected
[17.10.2014 14:55:35] PVI CPU connected
[17.10.2014 14:55:35] PVI variables connected
[17.10.2014 14:55:35] PVI variables connected
[17.10.2014 15:02:41] PVI service connected
[17.10.2014 15:02:41] PVI CPU connected
[17.10.2014 15:02:42] PVI variables connected
[17.10.2014 15:02:42] PVI variables connected
[17.10.2014 15:02:49] Штабелер находиться в состоянии выполнения команды
[17.10.2014 15:03:14] Штабелер готов к выполнению команды
[17.10.2014 15:03:39] Штабелер готов к выполнению команды
[17.10.2014 15:04:41] PVI service connected
[17.10.2014 15:04:41] PVI CPU connected
[17.10.2014 15:04:42] PVI variables connected
[17.10.2014 15:04:42] PVI variables connected
[17.10.2014 15:04:55] Штабелер находиться в состоянии выполнения команды
[17.10.2014 15:05:21] Штабелер готов к выполнению команды
[17.10.2014 15:05:46] Штабелер готов к выполнению команды
[17.10.2014 15:06:08] Штабелер находиться в состоянии выполнения команды
[17.10.2014 15:06:48] Началось выполнение команды "Положить в ячейку 0"
[17.10.2014 15:07:11] Штабелер готов к выполнению команды
[17.10.2014 15:08:36] PVI service connected
[17.10.2014 15:08:36] PVI CPU connected
[17.10.2014 15:08:37] PVI variables connected
[17.10.2014 15:08:37] PVI variables connected
[17.10.2014 15:08:41] Штабелер находиться в состоянии выполнения команды : Взять из ячейки 1
[17.10.2014 15:09:05] Ошибка: Груз на столе (50061)
[17.10.2014 15:09:18] Штабелер готов к выполнению команды
[17.10.2014 15:09:19] Штабелер готов к выполнению команды
[17.10.2014 15:09:20] Штабелер готов к выполнению команды
[17.10.2014 15:09:23] Началось выполнение команды "Положить в ячейку 37"
[17.10.2014 15:09:24] Штабелер находиться в состоянии выполнения команды : Положить в ячейку 37
[17.10.2014 15:09:49] Ошибка: На столе нет груза (50022)
[17.10.2014 15:10:14] PVI service connected
[17.10.2014 15:10:14] PVI CPU connected
[17.10.2014 15:10:15] PVI variables connected
[17.10.2014 15:10:15] PVI variables connected
[17.10.2014 15:10:22] Началось выполнение команды "Взять из ячейки 1"
[17.10.2014 15:10:48] Началось выполнение команды "Положить в ячейку 2"
[17.10.2014 15:10:49] Штабелер находиться в состоянии выполнения команды
[17.10.2014 15:17:00] PVI service connecting ...
[17.10.2014 15:17:02] PVI CPU connecting ...
[17.10.2014 15:17:02] PVI variables connecting ...
[17.10.2014 15:17:03] Штабелер выключен
[17.10.2014 15:17:07] Началось выполнение команды "Взять из ячейки 1"
[17.10.2014 15:17:30] Началось выполнение команды "Положить в ячейку 37"
[17.10.2014 15:17:30] Штабелер находиться в состоянии выполнения команды
[17.10.2014 15:19:10] PVI service connecting ...
[17.10.2014 15:19:11] PVI CPU connecting ...
[17.10.2014 15:19:11] PVI variables connecting ...
[17.10.2014 15:19:12] Штабелер выключен
[17.10.2014 15:19:15] Началось выполнение команды "Взять из ячейки 1"
[17.10.2014 15:20:07] PVI service connecting ...
[17.10.2014 15:20:08] PVI CPU connecting ...
[17.10.2014 15:20:08] PVI variables connecting ...
[17.10.2014 15:20:09] Штабелер выключен
[17.10.2014 15:20:12] Началось выполнение команды "Взять из ячейки 1"
