[19.10.2014 23:32:31] Штабелер выключен
[19.10.2014 23:32:26] Штабелер выключен
[19.10.2014 23:32:23] Штабелер выключен
[19.10.2014 23:32:19] Штабелер выключен
[19.10.2014 23:32:09] Штабелер готов к выполнению команды
[19.10.2014 23:32:09] Штабелер выключен
[19.10.2014 23:32:04] Штабелер находиться в состоянии выполнения команды
[19.10.2014 23:31:50] Штабелер находиться в состоянии выполнения команды
[19.10.2014 23:31:45] Штабелер не готов выполненять команду
[19.10.2014 23:31:40] Началось выполнение команды "Взять из ячейки 229"
[19.10.2014 23:31:34] Штабелер выключен
[19.10.2014 23:31:34] PVI variables connecting ...
[19.10.2014 23:31:34] PVI CPU connecting ...
[19.10.2014 23:31:33] PVI service connecting ...
[19.10.2014 23:29:07] Штабелер находиться в состоянии выполнения команды
[19.10.2014 23:28:38] Штабелер находиться в состоянии выполнения команды
[19.10.2014 23:28:38] Началось выполнение команды "Парковать"
[19.10.2014 23:28:24] Штабелер готов к выполнению команды
[19.10.2014 23:27:51] Штабелер находиться в состоянии выполнения команды
[19.10.2014 23:27:51] Началось выполнение команды "Положить в ячейку 181"
[19.10.2014 23:27:47] Началось выполнение команды "Взять из ячейки 206"
[19.10.2014 23:27:37] Штабелер выключен
[19.10.2014 23:27:37] PVI variables connecting ...
[19.10.2014 23:27:36] PVI CPU connecting ...
[19.10.2014 23:27:35] PVI service connecting ...
[19.10.2014 23:19:19] Штабелер находиться в состоянии выполнения команды
[19.10.2014 23:19:04] Штабелер готов к выполнению команды
[19.10.2014 23:18:36] Началось выполнение команды "Взять из ячейки 229"
[19.10.2014 23:18:27] Штабелер выключен
[19.10.2014 23:18:27] PVI variables connecting ...
[19.10.2014 23:18:27] PVI CPU connecting ...
[19.10.2014 23:18:26] PVI service connecting ...
[19.10.2014 23:14:55] Штабелер готов к выполнению команды
[19.10.2014 23:14:53] PVI variables connecting ...
[19.10.2014 23:14:52] PVI CPU connecting ...
[19.10.2014 23:14:47] Error:PVI Manager not started  (12050)
[19.10.2014 23:14:15] Началось выполнение команды "Положить в ячейку 385"
[19.10.2014 23:14:07] Ошибка: Неверный номер ячейки (50020)
[19.10.2014 23:14:07] Началось выполнение команды "Положить в ячейку 457"
[19.10.2014 23:13:31] Началось выполнение команды "Взять из ячейки 205"
[19.10.2014 23:13:09] Штабелер находиться в состоянии выполнения команды
[19.10.2014 23:12:58] PVI variables connected
[19.10.2014 23:12:58] PVI variables connected
[19.10.2014 23:12:58] PVI CPU connected
[19.10.2014 23:12:58] PVI service connected
[19.10.2014 23:11:35] Штабелер готов к выполнению команды
[19.10.2014 23:10:59] Началось выполнение команды "Положить в ячейку 229"
[19.10.2014 23:10:55] Ошибка: Груз на столе (50061)
[19.10.2014 23:10:46] PVI variables connected
[19.10.2014 23:10:45] PVI variables connected
[19.10.2014 23:10:45] PVI CPU connected
[19.10.2014 23:10:45] PVI service connected
[19.10.2014 23:09:42] Штабелер находиться в состоянии выполнения команды
[19.10.2014 23:09:40] PVI variables connected
[19.10.2014 23:09:39] PVI variables connected
[19.10.2014 23:09:39] PVI CPU connected
[19.10.2014 23:09:39] PVI service connected
[19.10.2014 23:06:38] Штабелер находиться в состоянии выполнения команды
[19.10.2014 23:06:22] PVI variables connected
[19.10.2014 23:06:22] PVI variables connected
[19.10.2014 23:06:22] PVI CPU connected
[19.10.2014 23:06:22] PVI service connected
[19.10.2014 23:01:20] PVI variables connected
[19.10.2014 23:01:20] PVI variables connected
[19.10.2014 23:01:20] PVI CPU connected
[19.10.2014 23:01:19] PVI service connected
[19.10.2014 22:42:18] Штабелер готов к выполнению команды
[19.10.2014 22:42:06] Штабелер готов к выполнению команды
[19.10.2014 22:41:41] Штабелер находиться в состоянии выполнения команды
[19.10.2014 22:41:41] Началось выполнение команды "Положить в ячейку 355"
[19.10.2014 22:41:14] Штабелер готов к выполнению команды
[19.10.2014 22:40:38] Штабелер находиться в состоянии выполнения команды
[19.10.2014 22:40:37] Началось выполнение команды "Положить в ячейку 252"
[19.10.2014 22:40:17] Штабелер готов к выполнению команды
[19.10.2014 22:39:39] Штабелер находиться в состоянии выполнения команды
[19.10.2014 22:38:25] Штабелер готов к выполнению команды
[19.10.2014 22:38:04] Началось выполнение команды "Парковать"
[19.10.2014 22:37:16] Штабелер находиться в состоянии выполнения команды
[19.10.2014 22:36:37] PVI variables connected
[19.10.2014 22:36:37] PVI variables connected
[19.10.2014 22:36:37] PVI CPU connected
[19.10.2014 22:36:36] PVI service connected
[19.10.2014 22:34:21] Штабелер находиться в состоянии выполнения команды
[19.10.2014 22:33:21] PVI variables connected
[19.10.2014 22:33:21] PVI variables connected
[19.10.2014 22:33:21] PVI CPU connected
[19.10.2014 22:33:20] PVI service connected
[19.10.2014 22:25:28] Штабелер готов к выполнению команды
[19.10.2014 22:24:50] Началось выполнение команды "Взять из ячейки 241"
[19.10.2014 22:24:43] Штабелер выключен
[19.10.2014 22:24:43] PVI variables connecting ...
[19.10.2014 22:24:43] PVI CPU connecting ...
[19.10.2014 22:24:42] PVI service connecting ...
[19.10.2014 22:22:57] Началось выполнение команды "Парковать"
[19.10.2014 22:22:11] Штабелер выключен
[19.10.2014 22:22:09] PVI variables connecting ...
[19.10.2014 22:22:06] PVI CPU connecting ...
[19.10.2014 22:21:57] PVI service connecting ...
[19.10.2014 22:10:02] Началось выполнение команды "Положить в ячейку 241"
[19.10.2014 22:09:57] Ошибка: Груз на столе (50061)
[19.10.2014 22:09:33] Штабелер готов к выполнению команды
[19.10.2014 22:08:07] Началось выполнение команды "Парковать"
[19.10.2014 22:07:26] Штабелер находиться в состоянии выполнения команды
[19.10.2014 22:07:10] PVI variables connected
[19.10.2014 22:07:10] PVI variables connected
[19.10.2014 22:07:09] PVI CPU connected
[19.10.2014 22:07:08] PVI service connected
[19.10.2014 21:49:22] Штабелер находиться в состоянии выполнения команды
[19.10.2014 21:49:16] PVI variables connected
[19.10.2014 21:49:15] PVI variables connected
[19.10.2014 21:49:15] PVI CPU connected
[19.10.2014 21:49:12] PVI service connected
[19.10.2014 21:48:10] PVI service connecting ...
[19.10.2014 21:29:55] Началось выполнение команды "Положить в ячейку 181"
[19.10.2014 21:29:43] Штабелер выключен
[19.10.2014 21:29:38] PVI variables connecting ...
[19.10.2014 21:29:38] PVI CPU connecting ...
[19.10.2014 21:29:37] PVI service connecting ...
[19.10.2014 21:26:08] Штабелер выключен
[19.10.2014 21:25:26] PVI variables connecting ...
[19.10.2014 21:25:25] PVI CPU connecting ...
[19.10.2014 21:25:25] PVI service connecting ...
[19.10.2014 21:24:33] Началось выполнение команды "Взять из ячейки 169"
[19.10.2014 21:24:28] Штабелер находиться в состоянии выполнения команды
[19.10.2014 21:24:23] Штабелер не готов выполненять команду
[19.10.2014 21:24:06] Ошибка привода
[19.10.2014 21:24:05] PVI variables connected
[19.10.2014 21:24:05] PVI CPU connected
[19.10.2014 21:24:04] PVI service connected
[19.10.2014 21:14:53] Штабелер находиться в состоянии выполнения команды
[19.10.2014 21:14:45] PVI variables connected
[19.10.2014 21:14:43] PVI variables connected
[19.10.2014 21:14:43] PVI CPU connected
[19.10.2014 21:14:42] PVI service connected
[19.10.2014 21:14:11] Штабелер находиться в состоянии выполнения команды
[19.10.2014 21:14:09] Штабелер готов к выполнению команды
[19.10.2014 21:14:02] PVI variables connected
[19.10.2014 21:14:02] Штабелер выключен
[19.10.2014 21:14:02] PVI variables connecting ...
[19.10.2014 21:14:01] PVI CPU connecting ...
[19.10.2014 21:13:57] Error:PVI Manager not started  (12050)
[19.10.2014 21:02:05] Штабелер находиться в состоянии выполнения команды
[19.10.2014 21:01:59] Штабелер готов к выполнению команды
[19.10.2014 21:01:20] Началось выполнение команды "Взять из ячейки 157"
[19.10.2014 21:00:30] Штабелер находиться в состоянии выполнения команды
[19.10.2014 21:00:26] Штабелер готов к выполнению команды
[19.10.2014 20:59:54] Началось выполнение команды "Положить в ячейку 241"
[19.10.2014 20:59:49] Ошибка: Груз на столе (50061)
[19.10.2014 20:58:55] Штабелер готов к выполнению команды
[19.10.2014 20:58:34] Началось выполнение команды "Взять из ячейки 85"
[19.10.2014 20:58:25] Штабелер выключен
[19.10.2014 20:58:22] PVI variables connecting ...
[19.10.2014 20:58:22] PVI CPU connecting ...
[19.10.2014 20:58:21] PVI service connecting ...
[19.10.2014 20:51:07] Ошибка: На столе нет груза (50022)
[19.10.2014 20:50:59] Штабелер готов к выполнению команды
[19.10.2014 20:50:34] Началось выполнение команды "Положить в ячейку 97"
[19.10.2014 20:50:29] Ошибка: Груз на столе (50061)
[19.10.2014 20:50:24] PVI variables connected
[19.10.2014 20:50:24] PVI variables connected
[19.10.2014 20:50:24] PVI CPU connected
[19.10.2014 20:50:24] PVI service connected
[19.10.2014 20:47:19] Штабелер находиться в состоянии выполнения команды
[19.10.2014 20:47:16] Штабелер готов к выполнению команды
[19.10.2014 20:47:12] Штабелер выключен
[19.10.2014 20:46:59] PVI variables connected
[19.10.2014 20:46:59] Ошибка: Превышение веса (50000)
[19.10.2014 20:46:59] PVI variables connecting ...
[19.10.2014 20:46:58] PVI CPU connecting ...
[19.10.2014 20:46:56] PVI service connecting ...
[19.10.2014 19:34:04] Ошибка привода
[19.10.2014 19:34:04] PVI variables connected
[19.10.2014 19:34:04] PVI CPU connected
[19.10.2014 19:34:03] PVI service connected
[19.10.2014 19:19:00] PVI variables connected
[19.10.2014 19:19:00] Ошибка: Превышение веса (50000)
[19.10.2014 19:19:00] PVI variables connecting ...
[19.10.2014 19:19:00] PVI CPU connecting ...
[19.10.2014 19:18:59] PVI service connecting ...
[19.10.2014 19:09:27] Ошибка: Превышение веса (50000)
[19.10.2014 19:09:26] Штабелер не готов выполненять команду
[19.10.2014 19:09:26] PVI variables connecting ...
[19.10.2014 19:09:05] Error:No connection available to the PLC  (4808)
[19.10.2014 19:09:00] PVI service connected
[19.10.2014 19:08:39] PVI service connecting ...
[19.10.2014 19:00:12] PVI service connecting ...
[19.10.2014 18:31:35] PVI service connecting ...
[19.10.2014 18:28:52] PVI service connecting ...
[19.10.2014 18:17:46] Ошибка привода
[19.10.2014 18:17:46] PVI variables connected
[19.10.2014 18:17:46] PVI CPU connected
[19.10.2014 18:17:45] PVI service connected
[19.10.2014 18:16:21] PVI variables connected
[19.10.2014 18:16:21] Ошибка: Превышение веса (50000)
[19.10.2014 18:16:20] PVI variables connecting ...
[19.10.2014 18:16:20] PVI CPU connecting ...
[19.10.2014 18:16:19] PVI service connecting ...
[19.10.2014 18:12:48] PVI service connecting ...
[19.10.2014 18:08:52] Ошибка привода
[19.10.2014 18:08:52] Ошибка: Превышение веса (50000)
[19.10.2014 18:08:52] PVI variables connecting ...
[19.10.2014 18:08:51] PVI CPU connecting ...
[19.10.2014 18:08:50] PVI service connecting ...
[19.10.2014 18:08:27] Ошибка привода
[19.10.2014 18:08:27] PVI variables connected
[19.10.2014 18:08:27] PVI CPU connected
[19.10.2014 18:08:26] PVI service connected
[19.10.2014 18:07:35] PVI variables connected
[19.10.2014 18:07:34] Ошибка: Превышение веса (50000)
[19.10.2014 18:07:34] PVI variables connecting ...
[19.10.2014 18:07:34] PVI CPU connecting ...
[19.10.2014 18:07:33] PVI service connecting ...
[19.10.2014 17:57:03] Ошибка привода
[19.10.2014 17:57:03] PVI variables connected
[19.10.2014 17:57:03] PVI CPU connected
[19.10.2014 17:57:03] PVI service connected
[19.10.2014 17:51:56] PVI variables connected
[19.10.2014 17:51:55] Ошибка: Превышение веса (50000)
[19.10.2014 17:51:54] PVI variables connecting ...
[19.10.2014 17:51:54] PVI CPU connecting ...
[19.10.2014 17:51:54] PVI service connecting ...
[19.10.2014 17:33:26] Ошибка привода
[19.10.2014 17:33:26] PVI variables connected
[19.10.2014 17:33:25] PVI CPU connected
[19.10.2014 17:33:25] PVI service connected
[19.10.2014 17:32:41] PVI variables connected
[19.10.2014 17:32:41] Ошибка: Превышение веса (50000)
[19.10.2014 17:32:41] PVI variables connecting ...
[19.10.2014 17:32:41] PVI CPU connecting ...
[19.10.2014 17:32:40] PVI service connecting ...
[19.10.2014 17:28:53] Ошибка привода
[19.10.2014 17:28:53] PVI variables connected
[19.10.2014 17:28:53] PVI CPU connected
[19.10.2014 17:28:51] PVI service connected
[19.10.2014 14:57:57] Штабелер готов к выполнению команды
[19.10.2014 14:57:45] Штабелер выключен
[19.10.2014 14:57:30] Штабелер находиться в состоянии выполнения команды
[19.10.2014 14:55:45] Штабелер готов к выполнению команды
[19.10.2014 14:55:11] Началось выполнение команды "Взять из ячейки 241"
[19.10.2014 14:54:43] Ошибка: На столе нет груза (50022)
[19.10.2014 14:54:31] Штабелер готов к выполнению команды
[19.10.2014 14:54:07] Штабелер выключен
[19.10.2014 14:54:00] Штабелер находиться в состоянии выполнения команды
[19.10.2014 14:53:52] Штабелер не готов выполненять команду
[19.10.2014 14:53:47] Штабелер готов к выполнению команды
[19.10.2014 14:53:28] Штабелер находиться в состоянии выполнения команды
[19.10.2014 14:52:24] Штабелер не готов выполненять команду
[19.10.2014 14:52:12] Штабелер готов к выполнению команды
[19.10.2014 14:52:10] Штабелер выключен
[19.10.2014 14:52:05] Штабелер находиться в состоянии выполнения команды
[19.10.2014 14:51:56] PVI variables connected
[19.10.2014 14:51:56] PVI variables connected
[19.10.2014 14:51:56] PVI CPU connected
[19.10.2014 14:51:56] PVI service connected
[19.10.2014 14:47:00] Штабелер выключен
[19.10.2014 14:46:55] Штабелер находиться в состоянии выполнения команды
[19.10.2014 14:45:52] PVI variables connected
[19.10.2014 14:45:51] PVI variables connected
[19.10.2014 14:45:51] PVI CPU connected
[19.10.2014 14:45:48] PVI service connected
[19.10.2014 14:45:14] PVI service connecting ...
[19.10.2014 14:03:35] Штабелер не готов выполненять команду
[19.10.2014 14:03:31] Началось выполнение команды "Взять из ячейки 231"
[19.10.2014 14:03:16] Штабелер выключен
[19.10.2014 14:03:16] PVI variables connecting ...
[19.10.2014 14:03:16] PVI CPU connecting ...
[19.10.2014 14:03:15] PVI service connecting ...
[19.10.2014 13:55:22] Штабелер не готов выполненять команду
[19.10.2014 13:55:16] Штабелер не готов выполненять команду
[19.10.2014 13:55:14] Штабелер находиться в состоянии выполнения команды
[19.10.2014 13:55:13] Штабелер не готов выполненять команду
[19.10.2014 13:55:12] Штабелер находиться в состоянии выполнения команды
[19.10.2014 13:55:04] Штабелер находиться в состоянии выполнения команды
[19.10.2014 13:55:03] Штабелер не готов выполненять команду
[19.10.2014 13:54:59] Штабелер не готов выполненять команду
[19.10.2014 13:54:37] Штабелер выключен
[19.10.2014 13:54:37] PVI variables connecting ...
[19.10.2014 13:54:36] PVI CPU connecting ...
[19.10.2014 13:54:36] PVI service connecting ...
[19.10.2014 13:48:21] Штабелер находиться в состоянии выполнения команды
[19.10.2014 13:47:34] Штабелер не готов выполненять команду
[19.10.2014 13:47:30] Штабелер готов к выполнению команды
[19.10.2014 13:47:03] Штабелер находиться в состоянии выполнения команды
[19.10.2014 13:47:03] Началось выполнение команды "Положить в ячейку 122"
[19.10.2014 13:46:24] Началось выполнение команды "Взять из ячейки 241"
[19.10.2014 13:46:04] Штабелер находиться в состоянии выполнения команды
[19.10.2014 13:45:24] Штабелер находиться в состоянии выполнения команды
[19.10.2014 13:45:05] Штабелер выключен
[19.10.2014 13:45:04] PVI variables connecting ...
[19.10.2014 13:45:04] PVI CPU connecting ...
[19.10.2014 13:45:03] PVI service connecting ...
[19.10.2014 13:40:45] Штабелер выключен
[19.10.2014 13:40:45] PVI variables connecting ...
[19.10.2014 13:40:45] PVI CPU connecting ...
[19.10.2014 13:40:44] PVI service connecting ...
[19.10.2014 13:40:08] Штабелер находиться в состоянии выполнения команды
[19.10.2014 13:40:08] Началось выполнение команды "Положить в ячейку 109"
[19.10.2014 13:39:38] Началось выполнение команды "Взять из ячейки 99"
[19.10.2014 13:38:53] Штабелер находиться в состоянии выполнения команды
[19.10.2014 13:34:05] Штабелер готов к выполнению команды
[19.10.2014 13:33:42] Штабелер готов к выполнению команды
[19.10.2014 13:33:15] Штабелер находиться в состоянии выполнения команды
[19.10.2014 13:32:35] PVI variables connected
[19.10.2014 13:32:35] PVI variables connected
[19.10.2014 13:32:35] PVI CPU connected
[19.10.2014 13:32:35] PVI service connected
[19.10.2014 13:28:38] Штабелер готов к выполнению команды
[19.10.2014 13:28:36] Штабелер готов к выполнению команды
[19.10.2014 13:28:28] Штабелер готов к выполнению команды
[19.10.2014 13:28:26] Штабелер готов к выполнению команды
[19.10.2014 13:28:24] Штабелер готов к выполнению команды
[19.10.2014 13:28:23] Началось выполнение команды "Парковать"
[19.10.2014 13:28:11] Штабелер выключен
[19.10.2014 13:28:11] PVI variables connecting ...
[19.10.2014 13:28:11] PVI CPU connecting ...
[19.10.2014 13:28:10] PVI service connecting ...
[19.10.2014 13:21:20] Штабелер выключен
[19.10.2014 13:21:19] PVI variables connecting ...
[19.10.2014 13:21:19] PVI CPU connecting ...
[19.10.2014 13:21:19] PVI service connecting ...
[19.10.2014 13:19:53] Штабелер выключен
[19.10.2014 13:19:53] PVI variables connecting ...
[19.10.2014 13:19:52] PVI CPU connecting ...
[19.10.2014 13:19:52] PVI service connecting ...
[19.10.2014 13:19:06] Штабелер не готов выполненять команду
[19.10.2014 13:18:58] Ошибка привода
[19.10.2014 13:18:58] PVI variables connected
[19.10.2014 13:18:57] PVI CPU connected
[19.10.2014 13:18:57] PVI service connected
[19.10.2014 13:00:19] PVI variables connected
[19.10.2014 13:00:19] PVI variables connected
[19.10.2014 13:00:19] PVI CPU connected
[19.10.2014 13:00:18] PVI service connected
[19.10.2014 12:48:27] PVI variables connected
[19.10.2014 12:48:27] PVI variables connected
[19.10.2014 12:48:27] PVI CPU connected
[19.10.2014 12:48:27] PVI service connected
[19.10.2014 12:45:54] Штабелер выключен
[19.10.2014 12:45:54] PVI variables connecting ...
[19.10.2014 12:45:53] PVI CPU connecting ...
[19.10.2014 12:45:53] PVI service connecting ...
[19.10.2014 12:43:53] Штабелер выключен
[19.10.2014 12:43:53] PVI variables connecting ...
[19.10.2014 12:43:53] PVI CPU connecting ...
[19.10.2014 12:43:53] PVI service connecting ...
[19.10.2014 12:42:49] Штабелер выключен
[19.10.2014 12:42:49] PVI variables connecting ...
[19.10.2014 12:42:48] PVI CPU connecting ...
[19.10.2014 12:42:48] PVI service connecting ...
[19.10.2014 12:41:35] Штабелер выключен
[19.10.2014 12:41:34] PVI variables connecting ...
[19.10.2014 12:41:34] PVI CPU connecting ...
[19.10.2014 12:41:33] PVI service connecting ...
[19.10.2014 12:06:54] Штабелер находиться в состоянии выполнения команды
[19.10.2014 12:06:50] Штабелер не готов выполненять команду
[19.10.2014 12:06:44] Ошибка привода
[19.10.2014 12:06:44] PVI variables connected
[19.10.2014 12:06:43] PVI CPU connected
[19.10.2014 12:06:41] PVI service connected
[19.10.2014 12:06:14] PVI service connecting ...
[19.10.2014 10:39:52] Штабелер выключен
[19.10.2014 10:39:52] PVI variables connecting ...
[19.10.2014 10:39:52] PVI CPU connecting ...
[19.10.2014 10:39:51] PVI service connecting ...
[19.10.2014 10:27:56] Штабелер выключен
[19.10.2014 10:27:56] PVI variables connecting ...
[19.10.2014 10:27:53] PVI CPU connecting ...
[19.10.2014 10:27:51] PVI service connecting ...
[19.10.2014 9:15:30] Штабелер находиться в состоянии выполнения команды
[19.10.2014 9:15:29] Началось выполнение команды "Парковать"
[19.10.2014 9:15:08] Началось выполнение команды "Положить в ячейку 28"
[19.10.2014 9:15:05] Штабелер находиться в состоянии выполнения команды
[19.10.2014 9:14:57] Штабелер находиться в состоянии выполнения команды
[19.10.2014 9:14:52] PVI variables connected
[19.10.2014 9:14:52] PVI variables connected
[19.10.2014 9:14:52] PVI CPU connected
[19.10.2014 9:14:51] PVI service connected
[19.10.2014 9:14:03] Штабелер готов к выполнению команды
[19.10.2014 9:13:39] Началось выполнение команды "Взять из ячейки 277"
[19.10.2014 9:13:30] Штабелер не готов выполненять команду
[19.10.2014 9:13:07] Ошибка: Превышение веса (50000)
[19.10.2014 9:13:07] PVI variables connecting ...
[19.10.2014 9:13:07] PVI CPU connecting ...
[19.10.2014 9:13:06] PVI service connecting ...
[19.10.2014 9:07:03] Ошибка привода
[19.10.2014 9:07:03] PVI variables connected
[19.10.2014 9:07:03] PVI CPU connected
[19.10.2014 9:07:03] PVI service connected
[19.10.2014 9:05:46] PVI variables connected
[19.10.2014 9:05:46] Ошибка: Превышение веса (50000)
[19.10.2014 9:05:44] PVI variables connecting ...
[19.10.2014 9:05:44] PVI CPU connecting ...
[19.10.2014 9:05:43] PVI service connecting ...
[19.10.2014 0:00:04] Штабелер находиться в состоянии выполнения команды
[19.10.2014 0:00:04] Началось выполнение команды "Положить в ячейку 60"
[19.10.2014 0:00:04] Началось выполнение команды "Положить в ячейку 60"
[19.10.2014 0:00:37] Штабелер готов к выполнению команды
[19.10.2014 9:05:44] PVI service connected
[19.10.2014 9:05:44] PVI CPU connected
[19.10.2014 9:05:45] PVI variables connected
[19.10.2014 9:05:46] Ошибка привода
[19.10.2014 9:07:02] PVI service connecting ...
[19.10.2014 9:07:03] PVI CPU connecting ...
[19.10.2014 9:07:03] PVI variables connecting ...
[19.10.2014 9:07:03] Ошибка: Превышение веса (50000)
[19.10.2014 9:07:03] PVI variables connected
[19.10.2014 9:13:07] PVI service connected
[19.10.2014 9:13:07] PVI CPU connected
[19.10.2014 9:13:07] PVI variables connected
[19.10.2014 9:13:07] Ошибка привода
[19.10.2014 9:13:31] Штабелер выключен
[19.10.2014 9:13:39] Штабелер находиться в состоянии выполнения команды
[19.10.2014 9:14:50] PVI service connecting ...
[19.10.2014 9:14:51] PVI CPU connecting ...
[19.10.2014 9:14:52] PVI variables connecting ...
[19.10.2014 9:14:52] Штабелер выключен
[19.10.2014 9:14:57] Началось выполнение команды "Взять из ячейки 28"
[19.10.2014 9:14:57] Ошибка: Груз на столе (50061)
[19.10.2014 9:15:05] Штабелер готов к выполнению команды
[19.10.2014 9:15:08] Штабелер находиться в состоянии выполнения команды
[19.10.2014 9:15:29] Штабелер готов к выполнению команды
[19.10.2014 9:15:36] Штабелер готов к выполнению команды
[19.10.2014 10:27:53] PVI service connected
[19.10.2014 10:27:56] PVI CPU connected
[19.10.2014 10:27:56] PVI variables connected
[19.10.2014 10:27:57] PVI variables connected
[19.10.2014 10:39:52] PVI service connected
[19.10.2014 10:39:52] PVI CPU connected
[19.10.2014 10:39:52] PVI variables connected
[19.10.2014 10:39:52] PVI variables connected
[19.10.2014 12:06:37] Error:PVI Manager not started  (12050)
[19.10.2014 12:06:41] PVI CPU connecting ...
[19.10.2014 12:06:43] PVI variables connecting ...
[19.10.2014 12:06:44] Ошибка: Превышение веса (50000)
[19.10.2014 12:06:44] PVI variables connected
[19.10.2014 12:06:51] Штабелер выключен
[19.10.2014 12:06:55] Штабелер готов к выполнению команды
[19.10.2014 12:41:34] PVI service connected
[19.10.2014 12:41:34] PVI CPU connected
[19.10.2014 12:41:34] PVI variables connected
[19.10.2014 12:41:35] PVI variables connected
[19.10.2014 12:42:48] PVI service connected
[19.10.2014 12:42:49] PVI CPU connected
[19.10.2014 12:42:49] PVI variables connected
[19.10.2014 12:42:49] PVI variables connected
[19.10.2014 12:43:53] PVI service connected
[19.10.2014 12:43:53] PVI CPU connected
[19.10.2014 12:43:53] PVI variables connected
[19.10.2014 12:43:53] PVI variables connected
[19.10.2014 12:45:53] PVI service connected
[19.10.2014 12:45:54] PVI CPU connected
[19.10.2014 12:45:54] PVI variables connected
[19.10.2014 12:48:25] PVI service connecting ...
[19.10.2014 12:48:27] PVI CPU connecting ...
[19.10.2014 12:48:27] PVI variables connecting ...
[19.10.2014 12:48:27] Штабелер выключен
[19.10.2014 13:00:17] PVI service connecting ...
[19.10.2014 13:00:18] PVI CPU connecting ...
[19.10.2014 13:00:19] PVI variables connecting ...
[19.10.2014 13:00:19] Штабелер выключен
[19.10.2014 13:18:56] PVI service connecting ...
[19.10.2014 13:18:57] PVI CPU connecting ...
[19.10.2014 13:18:57] PVI variables connecting ...
[19.10.2014 13:18:58] Ошибка: Превышение веса (50000)
[19.10.2014 13:18:58] PVI variables connected
[19.10.2014 13:19:07] Штабелер выключен
[19.10.2014 13:19:52] PVI service connected
[19.10.2014 13:19:53] PVI CPU connected
[19.10.2014 13:19:53] PVI variables connected
[19.10.2014 13:19:53] PVI variables connected
[19.10.2014 13:21:19] PVI service connected
[19.10.2014 13:21:19] PVI CPU connected
[19.10.2014 13:21:19] PVI variables connected
[19.10.2014 13:21:20] PVI variables connected
[19.10.2014 13:28:11] PVI service connected
[19.10.2014 13:28:11] PVI CPU connected
[19.10.2014 13:28:11] PVI variables connected
[19.10.2014 13:28:11] PVI variables connected
[19.10.2014 13:28:23] Штабелер находиться в состоянии выполнения команды
[19.10.2014 13:28:25] Штабелер находиться в состоянии выполнения команды
[19.10.2014 13:28:27] Штабелер находиться в состоянии выполнения команды
[19.10.2014 13:28:35] Штабелер находиться в состоянии выполнения команды
[19.10.2014 13:28:38] Штабелер находиться в состоянии выполнения команды
[19.10.2014 13:32:34] PVI service connecting ...
[19.10.2014 13:32:35] PVI CPU connecting ...
[19.10.2014 13:32:35] PVI variables connecting ...
[19.10.2014 13:32:35] Штабелер выключен
[19.10.2014 13:33:15] Началось выполнение команды "Взять из ячейки 330"
[19.10.2014 13:33:42] Началось выполнение команды "Положить в ячейку 377"
[19.10.2014 13:33:42] Штабелер находиться в состоянии выполнения команды
[19.10.2014 13:38:52] Началось выполнение команды "Парковать"
[19.10.2014 13:39:06] Штабелер готов к выполнению команды
[19.10.2014 13:39:38] Штабелер находиться в состоянии выполнения команды
[19.10.2014 13:40:08] Штабелер готов к выполнению команды
[19.10.2014 13:40:29] Штабелер готов к выполнению команды
[19.10.2014 13:40:45] PVI service connected
[19.10.2014 13:40:45] PVI CPU connected
[19.10.2014 13:40:45] PVI variables connected
[19.10.2014 13:40:45] PVI variables connected
[19.10.2014 13:45:04] PVI service connected
[19.10.2014 13:45:04] PVI CPU connected
[19.10.2014 13:45:04] PVI variables connected
[19.10.2014 13:45:24] Началось выполнение команды "Парковать"
[19.10.2014 13:45:36] Штабелер выключен
[19.10.2014 13:46:04] Штабелер выключен
[19.10.2014 13:46:24] Штабелер находиться в состоянии выполнения команды
[19.10.2014 13:47:03] Штабелер готов к выполнению команды
[19.10.2014 13:47:30] Началось выполнение команды "Парковать"
[19.10.2014 13:47:31] Штабелер находиться в состоянии выполнения команды
[19.10.2014 13:47:35] Штабелер выключен
[19.10.2014 13:48:32] Штабелер готов к выполнению команды
[19.10.2014 13:54:36] PVI service connected
[19.10.2014 13:54:37] PVI CPU connected
[19.10.2014 13:54:37] PVI variables connected
[19.10.2014 13:54:37] PVI variables connected
[19.10.2014 13:55:00] Штабелер выключен
[19.10.2014 13:55:03] Штабелер выключен
[19.10.2014 13:55:04] Штабелер готов к выполнению команды
[19.10.2014 13:55:12] Штабелер готов к выполнению команды
[19.10.2014 13:55:14] Штабелер выключен
[19.10.2014 13:55:14] Штабелер готов к выполнению команды
[19.10.2014 13:55:16] Штабелер выключен
[19.10.2014 13:55:22] Штабелер выключен
[19.10.2014 14:03:16] PVI service connected
[19.10.2014 14:03:16] PVI CPU connected
[19.10.2014 14:03:16] PVI variables connected
[19.10.2014 14:03:16] PVI variables connected
[19.10.2014 14:03:31] Штабелер находиться в состоянии выполнения команды
[19.10.2014 14:03:37] Штабелер выключен
[19.10.2014 14:45:45] Error:PVI Manager not started  (12050)
[19.10.2014 14:45:48] PVI CPU connecting ...
[19.10.2014 14:45:51] PVI variables connecting ...
[19.10.2014 14:45:52] Штабелер выключен
[19.10.2014 14:46:54] Началось выполнение команды "Взять из ячейки 63"
[19.10.2014 14:46:59] Штабелер не готов выполненять команду
[19.10.2014 14:51:55] PVI service connecting ...
[19.10.2014 14:51:56] PVI CPU connecting ...
[19.10.2014 14:51:56] PVI variables connecting ...
[19.10.2014 14:51:56] Штабелер выключен
[19.10.2014 14:52:04] Началось выполнение команды "Взять из ячейки 205"
[19.10.2014 14:52:09] Штабелер не готов выполненять команду
[19.10.2014 14:52:12] Штабелер находиться в состоянии выполнения команды
[19.10.2014 14:52:22] Штабелер находиться в состоянии выполнения команды
[19.10.2014 14:52:25] Штабелер выключен
[19.10.2014 14:53:47] Началось выполнение команды "Положить в ячейку 313"
[19.10.2014 14:53:47] Штабелер находиться в состоянии выполнения команды
[19.10.2014 14:53:54] Штабелер выключен
[19.10.2014 14:54:05] Штабелер не готов выполненять команду
[19.10.2014 14:54:10] Штабелер находиться в состоянии выполнения команды
[19.10.2014 14:54:43] Началось выполнение команды "Положить в ячейку 241"
[19.10.2014 14:54:48] Штабелер готов к выполнению команды
[19.10.2014 14:55:11] Штабелер находиться в состоянии выполнения команды
[19.10.2014 14:57:30] Началось выполнение команды "Парковать"
[19.10.2014 14:57:43] Штабелер не готов выполненять команду
[19.10.2014 14:57:48] Штабелер находиться в состоянии выполнения команды
[19.10.2014 17:28:48] PVI service connecting ...
[19.10.2014 17:28:51] PVI CPU connecting ...
[19.10.2014 17:28:53] PVI variables connecting ...
[19.10.2014 17:28:53] Ошибка: Превышение веса (50000)
[19.10.2014 17:28:53] PVI variables connected
[19.10.2014 17:32:41] PVI service connected
[19.10.2014 17:32:41] PVI CPU connected
[19.10.2014 17:32:41] PVI variables connected
[19.10.2014 17:32:41] Ошибка привода
[19.10.2014 17:33:24] PVI service connecting ...
[19.10.2014 17:33:25] PVI CPU connecting ...
[19.10.2014 17:33:26] PVI variables connecting ...
[19.10.2014 17:33:26] Ошибка: Превышение веса (50000)
[19.10.2014 17:33:26] PVI variables connected
[19.10.2014 17:51:54] PVI service connected
[19.10.2014 17:51:54] PVI CPU connected
[19.10.2014 17:51:55] PVI variables connected
[19.10.2014 17:51:55] Ошибка привода
[19.10.2014 17:57:02] PVI service connecting ...
[19.10.2014 17:57:03] PVI CPU connecting ...
[19.10.2014 17:57:03] PVI variables connecting ...
[19.10.2014 17:57:03] Ошибка: Превышение веса (50000)
[19.10.2014 17:57:03] PVI variables connected
[19.10.2014 18:07:34] PVI service connected
[19.10.2014 18:07:34] PVI CPU connected
[19.10.2014 18:07:34] PVI variables connected
[19.10.2014 18:07:34] Ошибка привода
[19.10.2014 18:08:25] PVI service connecting ...
[19.10.2014 18:08:26] PVI CPU connecting ...
[19.10.2014 18:08:27] PVI variables connecting ...
[19.10.2014 18:08:27] Ошибка: Превышение веса (50000)
[19.10.2014 18:08:27] PVI variables connected
[19.10.2014 18:08:51] PVI service connected
[19.10.2014 18:08:51] PVI CPU connected
[19.10.2014 18:08:52] PVI variables connected
[19.10.2014 18:08:52] PVI variables connected
[19.10.2014 18:08:52] PVI variables connected
[19.10.2014 18:14:23] PVI service connecting ...
[19.10.2014 18:16:20] PVI service connected
[19.10.2014 18:16:20] PVI CPU connected
[19.10.2014 18:16:20] PVI variables connected
[19.10.2014 18:16:21] Ошибка привода
[19.10.2014 18:17:45] PVI service connecting ...
[19.10.2014 18:17:46] PVI CPU connecting ...
[19.10.2014 18:17:46] PVI variables connecting ...
[19.10.2014 18:17:46] Ошибка: Превышение веса (50000)
[19.10.2014 18:17:46] PVI variables connected
[19.10.2014 18:30:46] PVI service connecting ...
[19.10.2014 18:32:34] Error:Communication timeout (application/PVI Manager)  (12059)
[19.10.2014 19:04:32] PVI service connecting ...
[19.10.2014 19:08:57] Error:PVI Manager not started  (12050)
[19.10.2014 19:09:00] PVI CPU connecting ...
[19.10.2014 19:09:26] PVI CPU connected
[19.10.2014 19:09:26] PVI variables connected
[19.10.2014 19:09:26] PVI variables connected
[19.10.2014 19:09:27] Ошибка привода
[19.10.2014 19:19:00] PVI service connected
[19.10.2014 19:19:00] PVI CPU connected
[19.10.2014 19:19:00] PVI variables connected
[19.10.2014 19:19:00] Ошибка привода
[19.10.2014 19:34:03] PVI service connecting ...
[19.10.2014 19:34:04] PVI CPU connecting ...
[19.10.2014 19:34:04] PVI variables connecting ...
[19.10.2014 19:34:04] Ошибка: Превышение веса (50000)
[19.10.2014 19:34:04] PVI variables connected
[19.10.2014 20:46:58] PVI service connected
[19.10.2014 20:46:59] PVI CPU connected
[19.10.2014 20:46:59] PVI variables connected
[19.10.2014 20:46:59] Ошибка привода
[19.10.2014 20:47:12] Штабелер не готов выполненять команду
[19.10.2014 20:47:15] Штабелер находиться в состоянии выполнения команды
[19.10.2014 20:47:19] Началось выполнение команды "Взять из ячейки 181"
[19.10.2014 20:50:23] PVI service connecting ...
[19.10.2014 20:50:24] PVI CPU connecting ...
[19.10.2014 20:50:24] PVI variables connecting ...
[19.10.2014 20:50:24] Штабелер выключен
[19.10.2014 20:50:29] Началось выполнение команды "Взять из ячейки 97"
[19.10.2014 20:50:32] Штабелер готов к выполнению команды
[19.10.2014 20:50:34] Штабелер находиться в состоянии выполнения команды
[19.10.2014 20:51:06] Началось выполнение команды "Положить в ячейку 85"
[19.10.2014 20:51:11] Штабелер готов к выполнению команды
[19.10.2014 20:58:21] PVI service connected
[19.10.2014 20:58:22] PVI CPU connected
[19.10.2014 20:58:22] PVI variables connected
[19.10.2014 20:58:25] PVI variables connected
[19.10.2014 20:58:34] Штабелер находиться в состоянии выполнения команды
[19.10.2014 20:59:49] Началось выполнение команды "Взять из ячейки 241"
[19.10.2014 20:59:51] Штабелер готов к выполнению команды
[19.10.2014 20:59:54] Штабелер находиться в состоянии выполнения команды
[19.10.2014 21:00:30] Началось выполнение команды "Парковать"
[19.10.2014 21:00:51] Штабелер готов к выполнению команды
[19.10.2014 21:01:20] Штабелер находиться в состоянии выполнения команды
[19.10.2014 21:02:05] Началось выполнение команды "Парковать"
[19.10.2014 21:13:17] PVI service connecting ...
[19.10.2014 21:14:01] PVI service connected
[19.10.2014 21:14:02] PVI CPU connected
[19.10.2014 21:14:02] PVI variables connected
[19.10.2014 21:14:02] Началось выполнение команды "Взять из ячейки 169"
[19.10.2014 21:14:02] Ошибка: Груз на столе (50061)
[19.10.2014 21:14:11] Началось выполнение команды "Положить в ячейку 169"
[19.10.2014 21:14:42] PVI service connecting ...
[19.10.2014 21:14:42] PVI CPU connecting ...
[19.10.2014 21:14:43] PVI variables connecting ...
[19.10.2014 21:14:44] Штабелер выключен
[19.10.2014 21:14:53] Началось выполнение команды "Парковать"
[19.10.2014 21:24:01] PVI service connecting ...
[19.10.2014 21:24:04] PVI CPU connecting ...
[19.10.2014 21:24:05] PVI variables connecting ...
[19.10.2014 21:24:06] Ошибка: Превышение веса (50000)
[19.10.2014 21:24:06] PVI variables connected
[19.10.2014 21:24:24] Штабелер выключен
[19.10.2014 21:24:28] Штабелер готов к выполнению команды
[19.10.2014 21:24:33] Штабелер находиться в состоянии выполнения команды
[19.10.2014 21:25:25] PVI service connected
[19.10.2014 21:25:26] PVI CPU connected
[19.10.2014 21:25:26] PVI variables connected
[19.10.2014 21:26:08] PVI variables connected
[19.10.2014 21:29:38] PVI service connected
[19.10.2014 21:29:38] PVI CPU connected
[19.10.2014 21:29:38] PVI variables connected
[19.10.2014 21:29:43] PVI variables connected
[19.10.2014 21:29:55] Штабелер находиться в состоянии выполнения команды
[19.10.2014 21:49:10] PVI service connecting ...
[19.10.2014 21:49:12] PVI CPU connecting ...
[19.10.2014 21:49:15] PVI variables connecting ...
[19.10.2014 21:49:15] Штабелер выключен
[19.10.2014 21:49:21] Началось выполнение команды "Парковать"
[19.10.2014 22:07:06] PVI service connecting ...
[19.10.2014 22:07:08] PVI CPU connecting ...
[19.10.2014 22:07:09] PVI variables connecting ...
[19.10.2014 22:07:10] Штабелер выключен
[19.10.2014 22:07:25] Началось выполнение команды "Взять из ячейки 241"
[19.10.2014 22:08:04] Штабелер готов к выполнению команды
[19.10.2014 22:08:07] Штабелер находиться в состоянии выполнения команды
[19.10.2014 22:09:57] Началось выполнение команды "Взять из ячейки 241"
[19.10.2014 22:10:00] Штабелер готов к выполнению команды
[19.10.2014 22:10:02] Штабелер находиться в состоянии выполнения команды
[19.10.2014 22:22:06] PVI service connected
[19.10.2014 22:22:09] PVI CPU connected
[19.10.2014 22:22:10] PVI variables connected
[19.10.2014 22:22:14] PVI variables connected
[19.10.2014 22:22:57] Штабелер находиться в состоянии выполнения команды
[19.10.2014 22:24:43] PVI service connected
[19.10.2014 22:24:43] PVI CPU connected
[19.10.2014 22:24:43] PVI variables connected
[19.10.2014 22:24:44] PVI variables connected
[19.10.2014 22:24:50] Штабелер находиться в состоянии выполнения команды
[19.10.2014 22:33:19] PVI service connecting ...
[19.10.2014 22:33:20] PVI CPU connecting ...
[19.10.2014 22:33:21] PVI variables connecting ...
[19.10.2014 22:33:21] Штабелер выключен
[19.10.2014 22:34:21] Началось выполнение команды "Парковать"
[19.10.2014 22:36:35] PVI service connecting ...
[19.10.2014 22:36:37] PVI CPU connecting ...
[19.10.2014 22:36:37] PVI variables connecting ...
[19.10.2014 22:36:37] Штабелер выключен
[19.10.2014 22:37:16] Началось выполнение команды "Положить в ячейку 241"
[19.10.2014 22:37:54] Штабелер готов к выполнению команды
[19.10.2014 22:38:04] Штабелер находиться в состоянии выполнения команды
[19.10.2014 22:39:39] Началось выполнение команды "Взять из ячейки 229"
[19.10.2014 22:40:17] Началось выполнение команды "Парковать"
[19.10.2014 22:40:17] Штабелер находиться в состоянии выполнения команды
[19.10.2014 22:40:37] Штабелер готов к выполнению команды
[19.10.2014 22:41:14] Началось выполнение команды "Взять из ячейки 174"
[19.10.2014 22:41:14] Штабелер находиться в состоянии выполнения команды
[19.10.2014 22:41:41] Штабелер готов к выполнению команды
[19.10.2014 22:42:06] Началось выполнение команды "Парковать"
[19.10.2014 22:42:06] Штабелер находиться в состоянии выполнения команды
[19.10.2014 23:01:18] PVI service connecting ...
[19.10.2014 23:01:20] PVI CPU connecting ...
[19.10.2014 23:01:20] PVI variables connecting ...
[19.10.2014 23:01:20] Штабелер выключен
[19.10.2014 23:06:21] PVI service connecting ...
[19.10.2014 23:06:22] PVI CPU connecting ...
[19.10.2014 23:06:22] PVI variables connecting ...
[19.10.2014 23:06:22] Штабелер выключен
[19.10.2014 23:06:37] Началось выполнение команды "Взять из ячейки 220"
[19.10.2014 23:09:38] PVI service connecting ...
[19.10.2014 23:09:39] PVI CPU connecting ...
[19.10.2014 23:09:39] PVI variables connecting ...
[19.10.2014 23:09:40] Штабелер выключен
[19.10.2014 23:09:42] Началось выполнение команды "Парковать"
[19.10.2014 23:10:44] PVI service connecting ...
[19.10.2014 23:10:45] PVI CPU connecting ...
[19.10.2014 23:10:45] PVI variables connecting ...
[19.10.2014 23:10:46] Штабелер выключен
[19.10.2014 23:10:55] Началось выполнение команды "Взять из ячейки 229"
[19.10.2014 23:10:57] Штабелер готов к выполнению команды
[19.10.2014 23:10:59] Штабелер находиться в состоянии выполнения команды
[19.10.2014 23:12:57] PVI service connecting ...
[19.10.2014 23:12:58] PVI CPU connecting ...
[19.10.2014 23:12:58] PVI variables connecting ...
[19.10.2014 23:12:58] Штабелер выключен
[19.10.2014 23:13:09] Началось выполнение команды "Парковать"
[19.10.2014 23:13:30] Штабелер готов к выполнению команды
[19.10.2014 23:13:31] Штабелер находиться в состоянии выполнения команды
[19.10.2014 23:14:07] Штабелер готов к выполнению команды
[19.10.2014 23:14:12] Штабелер готов к выполнению команды
[19.10.2014 23:14:15] Штабелер находиться в состоянии выполнения команды
[19.10.2014 23:14:52] PVI service connected
[19.10.2014 23:14:53] PVI CPU connected
[19.10.2014 23:14:55] PVI variables connected
[19.10.2014 23:14:55] PVI variables connected
[19.10.2014 23:18:27] PVI service connected
[19.10.2014 23:18:27] PVI CPU connected
[19.10.2014 23:18:27] PVI variables connected
[19.10.2014 23:18:27] PVI variables connected
[19.10.2014 23:18:36] Штабелер находиться в состоянии выполнения команды
[19.10.2014 23:19:19] Началось выполнение команды "Парковать"
[19.10.2014 23:19:39] Штабелер готов к выполнению команды
[19.10.2014 23:27:36] PVI service connected
[19.10.2014 23:27:37] PVI CPU connected
[19.10.2014 23:27:37] PVI variables connected
[19.10.2014 23:27:37] PVI variables connected
[19.10.2014 23:27:47] Ошибка: Груз на столе (50061)
[19.10.2014 23:27:51] Штабелер готов к выполнению команды
[19.10.2014 23:28:24] Началось выполнение команды "Положить в ячейку 231"
[19.10.2014 23:28:24] Ошибка: На столе нет груза (50022)
[19.10.2014 23:28:38] Штабелер готов к выполнению команды
[19.10.2014 23:28:55] Штабелер готов к выполнению команды
[19.10.2014 23:29:07] Штабелер готов к выполнению команды
[19.10.2014 23:31:34] PVI service connected
[19.10.2014 23:31:34] PVI CPU connected
[19.10.2014 23:31:34] PVI variables connected
[19.10.2014 23:31:35] PVI variables connected
[19.10.2014 23:31:41] Штабелер находиться в состоянии выполнения команды
[19.10.2014 23:31:47] Штабелер выключен
[19.10.2014 23:31:51] Штабелер готов к выполнению команды
[19.10.2014 23:32:07] Штабелер не готов выполненять команду
[19.10.2014 23:32:09] Штабелер находиться в состоянии выполнения команды
[19.10.2014 23:32:19] Штабелер не готов выполненять команду
[19.10.2014 23:32:23] Штабелер не готов выполненять команду
[19.10.2014 23:32:25] Штабелер не готов выполненять команду
[19.10.2014 23:32:31] Штабелер не готов выполненять команду
