[18.10.2014 1:05:44] Штабелер выключен
[18.10.2014 1:05:31] Штабелер находиться в состоянии выполнения команды
[18.10.2014 1:05:21] PVI variables connected
[18.10.2014 1:05:20] PVI variables connected
[18.10.2014 1:05:20] PVI CPU connected
[18.10.2014 1:05:20] PVI service connected
[18.10.2014 1:01:27] Штабелер готов к выполнению команды
[18.10.2014 1:00:49] Началось выполнение команды "Положить в ячейку 243"
[18.10.2014 1:00:46] Штабелер не готов выполненять команду
[18.10.2014 1:00:34] Штабелер готов к выполнению команды
[18.10.2014 1:00:13] Штабелер находиться в состоянии выполнения команды
[18.10.2014 1:00:06] PVI variables connected
[18.10.2014 1:00:06] PVI variables connected
[18.10.2014 1:00:06] PVI CPU connected
[18.10.2014 1:00:06] PVI service connected
[18.10.2014 0:59:27] PVI variables connected
[18.10.2014 0:59:27] PVI variables connected
[18.10.2014 0:59:27] PVI CPU connected
[18.10.2014 0:59:26] PVI service connected
[18.10.2014 0:58:42] Штабелер находиться в состоянии выполнения команды
[18.10.2014 0:58:42] Началось выполнение команды "Взять из ячейки 241"
[18.10.2014 0:58:10] Началось выполнение команды "Положить в ячейку 217"
[18.10.2014 0:58:04] Ошибка: Неверный номер ячейки (50020)
[18.10.2014 0:58:00] Штабелер готов к выполнению команды
[18.10.2014 0:57:58] Началось выполнение команды "Взять из ячейки 469"
[18.10.2014 0:57:51] Штабелер выключен
[18.10.2014 0:57:48] PVI variables connecting ...
[18.10.2014 0:57:48] PVI CPU connecting ...
[18.10.2014 0:57:48] PVI service connecting ...
[18.10.2014 0:53:49] Штабелер готов к выполнению команды
[18.10.2014 0:53:42] Ошибка: На столе нет груза (50022)
[18.10.2014 0:53:41] Штабелер не готов выполненять команду
[18.10.2014 0:53:38] Началось выполнение команды "Положить в ячейку 252"
[18.10.2014 0:53:25] Ошибка: На столе нет груза (50022)
[18.10.2014 0:53:16] Ошибка: На столе нет груза (50022)
[18.10.2014 0:52:57] Ошибка: На столе нет груза (50022)
[18.10.2014 0:52:57] Штабелер не готов выполненять команду
[18.10.2014 0:52:54] Штабелер готов к выполнению команды
[18.10.2014 0:52:33] Штабелер находиться в состоянии выполнения команды
[18.10.2014 0:52:09] Штабелер готов к выполнению команды
[18.10.2014 0:50:41] Началось выполнение команды "Положить в ячейку 243"
[18.10.2014 0:50:30] Ошибка: Груз на столе (50061)
[18.10.2014 0:50:16] Ошибка: Груз на столе (50061)
[18.10.2014 0:50:16] Началось выполнение команды "Взять из ячейки 252"
[18.10.2014 0:49:42] Штабелер готов к выполнению команды
[18.10.2014 0:49:35] Ошибка: Неверный номер ячейки (50020)
[18.10.2014 0:49:32] Ошибка: Неверный номер ячейки (50020)
[18.10.2014 0:49:26] Штабелер готов к выполнению команды
[18.10.2014 0:48:53] Штабелер готов к выполнению команды
[18.10.2014 0:48:44] Ошибка: Неверный номер ячейки (50020)
[18.10.2014 0:48:33] Ошибка: Неверный номер ячейки (50020)
[18.10.2014 0:48:33] Началось выполнение команды "Положить в ячейку 493"
[18.10.2014 0:47:56] Началось выполнение команды "Взять из ячейки 229"
[18.10.2014 0:47:47] Ошибка: Неверный номер ячейки (50020)
[18.10.2014 0:47:47] Началось выполнение команды "Взять из ячейки 481"
[18.10.2014 0:47:38] Началось выполнение команды "Положить в ячейку 481"
[18.10.2014 0:47:29] Ошибка: Неверный номер ячейки (50020)
[18.10.2014 0:47:26] Штабелер готов к выполнению команды
[18.10.2014 0:47:18] Началось выполнение команды "Положить в ячейку 493"
[18.10.2014 0:46:21] Ошибка: Неизвестная ошибка (50024)
[18.10.2014 0:46:15] Штабелер выключен
[18.10.2014 0:46:07] PVI variables connected
[18.10.2014 0:46:07] PVI variables connected
[18.10.2014 0:46:07] PVI variables connected
[18.10.2014 0:46:06] PVI CPU connected
[18.10.2014 0:45:33] PVI variables connected
[18.10.2014 0:45:32] PVI variables connected
[18.10.2014 0:45:32] PVI CPU connected
[18.10.2014 0:45:32] PVI service connected
[18.10.2014 0:44:15] Штабелер готов к выполнению команды
[18.10.2014 0:44:03] Ошибка: Неверный номер ячейки (50020)
[18.10.2014 0:44:03] PVI variables connecting ...
[18.10.2014 0:44:01] PVI CPU connecting ...
[18.10.2014 0:44:01] PVI service connecting ...
[18.10.2014 0:42:14] Штабелер готов к выполнению команды
[18.10.2014 0:41:49] Штабелер находиться в состоянии выполнения команды
[18.10.2014 0:41:49] Началось выполнение команды "Взять из ячейки 241"
[18.10.2014 0:41:25] Началось выполнение команды "Положить в ячейку 181"
[18.10.2014 0:41:15] Ошибка: Груз на столе (50061)
[18.10.2014 0:14:59] Штабелер готов к выполнению команды
[18.10.2014 0:14:32] Началось выполнение команды "Взять из ячейки 241"
[18.10.2014 0:13:53] Штабелер находиться в состоянии выполнения команды
[18.10.2014 0:13:50] Штабелер готов к выполнению команды
[18.10.2014 0:13:46] Ошибка: Груз на столе (50061)
[18.10.2014 0:13:44] Ошибка: Груз на столе (50061)
[18.10.2014 0:10:31] PVI variables connected
[18.10.2014 0:10:31] PVI variables connected
[18.10.2014 0:10:31] PVI CPU connected
[18.10.2014 0:10:30] PVI service connected
[18.10.2014 0:10:29] PVI service connecting ...
[18.10.2014 0:10:29] PVI service connecting ...
[18.10.2014 0:10:30] PVI CPU connecting ...
[18.10.2014 0:10:31] PVI variables connecting ...
[18.10.2014 0:10:31] Штабелер выключен
[18.10.2014 0:13:44] Началось выполнение команды "Взять из ячейки 169"
[18.10.2014 0:13:46] Штабелер готов к выполнению команды
[18.10.2014 0:13:50] Штабелер находиться в состоянии выполнения команды
[18.10.2014 0:13:53] Началось выполнение команды "Положить в ячейку 169"
[18.10.2014 0:14:18] Штабелер готов к выполнению команды
[18.10.2014 0:14:33] Штабелер находиться в состоянии выполнения команды
[18.10.2014 0:41:15] Началось выполнение команды "Взять из ячейки 181"
[18.10.2014 0:41:19] Штабелер готов к выполнению команды
[18.10.2014 0:41:25] Штабелер находиться в состоянии выполнения команды
[18.10.2014 0:41:49] Штабелер готов к выполнению команды
[18.10.2014 0:42:14] Началось выполнение команды "Положить в ячейку 493"
[18.10.2014 0:42:15] Ошибка: Неизвестная ошибка (50020)
[18.10.2014 0:44:01] PVI service connected
[18.10.2014 0:44:03] PVI CPU connected
[18.10.2014 0:44:03] PVI variables connected
[18.10.2014 0:44:03] PVI variables connected
[18.10.2014 0:45:32] PVI service connecting ...
[18.10.2014 0:45:32] PVI CPU connecting ...
[18.10.2014 0:45:32] PVI variables connecting ...
[18.10.2014 0:45:33] Штабелер выключен
[18.10.2014 0:45:45] Error:No connection available to the PLC  (4808)
[18.10.2014 0:46:06] PVI variables connecting ...
[18.10.2014 0:46:07] Ошибка: Превышение веса (50000)
[18.10.2014 0:46:07] Ошибка привода
[18.10.2014 0:46:14] Штабелер не готов выполненять команду
[18.10.2014 0:46:21] Началось выполнение команды "Взять из ячейки 481"
[18.10.2014 0:46:42] Штабелер выключен
[18.10.2014 0:47:18] Ошибка: На столе нет груза (50022)
[18.10.2014 0:47:29] Началось выполнение команды "Взять из ячейки 481"
[18.10.2014 0:47:34] Штабелер готов к выполнению команды
[18.10.2014 0:47:38] Ошибка: На столе нет груза (50022)
[18.10.2014 0:47:47] Штабелер готов к выполнению команды
[18.10.2014 0:47:50] Штабелер готов к выполнению команды
[18.10.2014 0:47:56] Штабелер находиться в состоянии выполнения команды
[18.10.2014 0:48:33] Штабелер готов к выполнению команды
[18.10.2014 0:48:44] Штабелер готов к выполнению команды
[18.10.2014 0:48:53] Началось выполнение команды "Положить в ячейку 252"
[18.10.2014 0:48:53] Штабелер находиться в состоянии выполнения команды
[18.10.2014 0:49:32] Началось выполнение команды "Взять из ячейки 481"
[18.10.2014 0:49:35] Штабелер готов к выполнению команды
[18.10.2014 0:49:42] Началось выполнение команды "Взять из ячейки 229"
[18.10.2014 0:49:42] Штабелер находиться в состоянии выполнения команды
[18.10.2014 0:50:16] Штабелер готов к выполнению команды
[18.10.2014 0:50:30] Штабелер готов к выполнению команды
[18.10.2014 0:50:34] Штабелер готов к выполнению команды
[18.10.2014 0:50:41] Штабелер находиться в состоянии выполнения команды
[18.10.2014 0:52:33] Началось выполнение команды "Парковать"
[18.10.2014 0:52:54] Началось выполнение команды "Положить в ячейку 241"
[18.10.2014 0:52:54] Ошибка: На столе нет груза (50022)
[18.10.2014 0:52:57] Штабелер готов к выполнению команды
[18.10.2014 0:53:13] Штабелер готов к выполнению команды
[18.10.2014 0:53:20] Штабелер готов к выполнению команды
[18.10.2014 0:53:29] Штабелер готов к выполнению команды
[18.10.2014 0:53:38] Ошибка: На столе нет груза (50022)
[18.10.2014 0:53:42] Штабелер готов к выполнению команды
[18.10.2014 0:53:49] Началось выполнение команды "Взять из ячейки 252"
[18.10.2014 0:53:49] Штабелер находиться в состоянии выполнения команды
[18.10.2014 0:57:48] PVI service connected
[18.10.2014 0:57:48] PVI CPU connected
[18.10.2014 0:57:48] PVI variables connected
[18.10.2014 0:57:51] PVI variables connected
[18.10.2014 0:57:58] Ошибка: Неверный номер ячейки (50020)
[18.10.2014 0:58:04] Началось выполнение команды "Положить в ячейку 469"
[18.10.2014 0:58:06] Штабелер готов к выполнению команды
[18.10.2014 0:58:10] Штабелер находиться в состоянии выполнения команды
[18.10.2014 0:58:42] Штабелер готов к выполнению команды
[18.10.2014 0:59:26] PVI service connecting ...
[18.10.2014 0:59:27] PVI CPU connecting ...
[18.10.2014 0:59:27] PVI variables connecting ...
[18.10.2014 0:59:27] Штабелер выключен
[18.10.2014 1:00:05] PVI service connecting ...
[18.10.2014 1:00:06] PVI CPU connecting ...
[18.10.2014 1:00:06] PVI variables connecting ...
[18.10.2014 1:00:06] Штабелер выключен
[18.10.2014 1:00:13] Началось выполнение команды "Парковать"
[18.10.2014 1:00:34] Началось выполнение команды "Взять из ячейки 241"
[18.10.2014 1:00:35] Ошибка: Груз на столе (50061)
[18.10.2014 1:00:46] Штабелер готов к выполнению команды
[18.10.2014 1:00:49] Штабелер находиться в состоянии выполнения команды
[18.10.2014 1:05:20] PVI service connecting ...
[18.10.2014 1:05:20] PVI CPU connecting ...
[18.10.2014 1:05:20] PVI variables connecting ...
[18.10.2014 1:05:21] Штабелер выключен
[18.10.2014 1:05:31] Началось выполнение команды "Взять из ячейки 243"
[18.10.2014 1:05:44] Штабелер не готов выполненять команду
