[13.10.2014 21:21:19] Error:No connection available to the PLC  (4808)
[13.10.2014 21:21:19] Error:No connection available to the PLC  (4808)
[13.10.2014 21:21:19] Error:No connection available to the PLC  (4808)
[13.10.2014 21:21:19] Error:No connection available to the PLC  (4808)
[13.10.2014 21:21:19] Error:No connection available to the PLC  (4808)
[13.10.2014 21:21:19] Error:No connection available to the PLC  (4808)
[13.10.2014 21:21:19] Error:No connection available to the PLC  (4808)
[13.10.2014 21:21:19] Error:No connection available to the PLC  (4808)
[13.10.2014 21:21:19] Error:No connection available to the PLC  (4808)
[13.10.2014 21:21:19] Error:No connection available to the PLC  (4808)
[13.10.2014 21:21:19] Error:No connection available to the PLC  (4808)
[13.10.2014 21:21:19] Error:No connection available to the PLC  (4808)
[13.10.2014 21:21:19] Error:No connection available to the PLC  (4808)
[13.10.2014 21:21:19] Error:No connection available to the PLC  (4808)
[13.10.2014 21:21:19] Error:No connection available to the PLC  (4808)
[13.10.2014 21:21:19] Error:No connection available to the PLC  (4808)
[13.10.2014 21:21:19] Error:No connection available to the PLC  (4808)
[13.10.2014 21:21:19] Error:No connection available to the PLC  (4808)
[13.10.2014 21:21:19] Error:No connection available to the PLC  (4808)
[13.10.2014 21:21:19] Error:No connection available to the PLC  (4808)
[13.10.2014 21:21:19] Error:No connection available to the PLC  (4808)
[13.10.2014 21:21:19] Error:No connection available to the PLC  (4808)
[13.10.2014 21:21:19] Error:No connection available to the PLC  (4808)
[13.10.2014 21:21:19] Error:No connection available to the PLC  (4808)
[13.10.2014 21:21:19] Error:No connection available to the PLC  (4808)
[13.10.2014 21:21:19] Error:No connection available to the PLC  (4808)
[13.10.2014 21:21:19] PVI CPU connected
[13.10.2014 21:21:11] PVI service connected
[13.10.2014 20:43:22] PVI CPU connecting ...
[13.10.2014 20:43:22] PVI service connecting ...
[13.10.2014 20:26:04] PVI variables connected
[13.10.2014 20:26:04] PVI variables connected
[13.10.2014 20:26:04] PVI variables connected
[13.10.2014 20:26:04] PVI variables connected
[13.10.2014 20:26:04] PVI variables connected
[13.10.2014 20:26:04] PVI variables connected
[13.10.2014 20:26:04] PVI variables connected
[13.10.2014 20:26:04] PVI variables connected
[13.10.2014 20:26:04] PVI variables connected
[13.10.2014 20:26:04] PVI variables connected
[13.10.2014 20:26:04] PVI variables connected
[13.10.2014 20:26:04] PVI variables connected
[13.10.2014 20:26:04] PVI variables connected
[13.10.2014 20:26:04] PVI variables connected
[13.10.2014 20:26:04] PVI variables connected
[13.10.2014 20:26:04] PVI variables connected
[13.10.2014 20:26:04] PVI variables connected
[13.10.2014 20:26:04] PVI variables connected
[13.10.2014 20:26:04] PVI variables connected
[13.10.2014 20:26:04] PVI variables connected
[13.10.2014 20:26:04] PVI variables connected
[13.10.2014 20:26:04] PVI variables connected
[13.10.2014 20:26:04] PVI variables connected
[13.10.2014 20:26:04] PVI variables connected
[13.10.2014 20:26:04] PVI variables connected
[13.10.2014 20:26:04] PVI variables connecting ...
[13.10.2014 20:25:59] PVI CPU connecting ...
[13.10.2014 20:25:58] PVI service connecting ...
[13.10.2014 20:25:58] PVI service connecting ...
[13.10.2014 20:25:59] PVI service connected
[13.10.2014 20:26:04] PVI CPU connected
[13.10.2014 20:26:04] Error:No connection available to the PLC  (4808)
[13.10.2014 20:26:04] Error:No connection available to the PLC  (4808)
[13.10.2014 20:26:04] Error:No connection available to the PLC  (4808)
[13.10.2014 20:26:04] Error:No connection available to the PLC  (4808)
[13.10.2014 20:26:04] Error:No connection available to the PLC  (4808)
[13.10.2014 20:26:04] Error:No connection available to the PLC  (4808)
[13.10.2014 20:26:04] Error:No connection available to the PLC  (4808)
[13.10.2014 20:26:04] Error:No connection available to the PLC  (4808)
[13.10.2014 20:26:04] Error:No connection available to the PLC  (4808)
[13.10.2014 20:26:04] Error:No connection available to the PLC  (4808)
[13.10.2014 20:26:04] Error:No connection available to the PLC  (4808)
[13.10.2014 20:26:04] Error:No connection available to the PLC  (4808)
[13.10.2014 20:26:04] Error:No connection available to the PLC  (4808)
[13.10.2014 20:26:04] Error:No connection available to the PLC  (4808)
[13.10.2014 20:26:04] Error:No connection available to the PLC  (4808)
[13.10.2014 20:26:04] Error:No connection available to the PLC  (4808)
[13.10.2014 20:26:04] Error:No connection available to the PLC  (4808)
[13.10.2014 20:26:04] Error:No connection available to the PLC  (4808)
[13.10.2014 20:26:04] Error:No connection available to the PLC  (4808)
[13.10.2014 20:26:04] Error:No connection available to the PLC  (4808)
[13.10.2014 20:26:04] Error:No connection available to the PLC  (4808)
[13.10.2014 20:26:04] Error:No connection available to the PLC  (4808)
[13.10.2014 20:26:04] Error:No connection available to the PLC  (4808)
[13.10.2014 20:26:04] Error:No connection available to the PLC  (4808)
[13.10.2014 20:26:04] Error:No connection available to the PLC  (4808)
[13.10.2014 20:26:04] Error:No connection available to the PLC  (4808)
[13.10.2014 20:43:22] PVI service connected
[13.10.2014 21:21:09] PVI service connecting ...
[13.10.2014 21:21:11] PVI CPU connecting ...
[13.10.2014 21:21:19] PVI variables connecting ...
[13.10.2014 21:21:19] PVI variables connected
[13.10.2014 21:21:19] PVI variables connected
[13.10.2014 21:21:19] PVI variables connected
[13.10.2014 21:21:19] PVI variables connected
[13.10.2014 21:21:19] PVI variables connected
[13.10.2014 21:21:19] PVI variables connected
[13.10.2014 21:21:19] PVI variables connected
[13.10.2014 21:21:19] PVI variables connected
[13.10.2014 21:21:19] PVI variables connected
[13.10.2014 21:21:19] PVI variables connected
[13.10.2014 21:21:19] PVI variables connected
[13.10.2014 21:21:19] PVI variables connected
[13.10.2014 21:21:19] PVI variables connected
[13.10.2014 21:21:19] PVI variables connected
[13.10.2014 21:21:19] PVI variables connected
[13.10.2014 21:21:19] PVI variables connected
[13.10.2014 21:21:19] PVI variables connected
[13.10.2014 21:21:19] PVI variables connected
[13.10.2014 21:21:19] PVI variables connected
[13.10.2014 21:21:19] PVI variables connected
[13.10.2014 21:21:19] PVI variables connected
[13.10.2014 21:21:19] PVI variables connected
[13.10.2014 21:21:19] PVI variables connected
[13.10.2014 21:21:19] PVI variables connected
[13.10.2014 21:21:19] PVI variables connected
