[21.10.2014 15:27:33] Error:No connection available to the PLC  (4808)
[21.10.2014 15:27:33] PVI service connected
[21.10.2014 15:27:09] Error:No connection available to the PLC  (4808)
[21.10.2014 15:27:09] PVI service connected
[21.10.2014 15:24:53] Error:No connection available to the PLC  (4808)
[21.10.2014 15:24:53] PVI service connected
[21.10.2014 15:14:11] Error:No connection available to the PLC  (4808)
[21.10.2014 15:14:11] PVI service connected
[21.10.2014 15:13:12] Error:No connection available to the PLC  (4808)
[21.10.2014 15:13:11] PVI service connected
[21.10.2014 15:10:04] Error:No connection available to the PLC  (4808)
[21.10.2014 15:10:03] PVI service connected
[21.10.2014 15:06:01] Error:No connection available to the PLC  (4808)
[21.10.2014 15:05:56] PVI service connected
[21.10.2014 15:05:49] PVI service connecting ...
[21.10.2014 12:06:59] Штабелер выключен
[21.10.2014 12:06:59] PVI variables connecting ...
[21.10.2014 12:06:59] PVI CPU connecting ...
[21.10.2014 12:06:58] Error:PVI Manager not started  (12050)
[21.10.2014 11:44:17] PVI variables connected
[21.10.2014 11:44:17] PVI variables connected
[21.10.2014 11:44:17] PVI CPU connected
[21.10.2014 11:44:16] PVI service connected
[21.10.2014 11:43:19] PVI variables connected
[21.10.2014 11:43:19] PVI variables connected
[21.10.2014 11:43:19] PVI CPU connected
[21.10.2014 11:43:18] PVI service connected
[21.10.2014 11:32:20] PVI variables connected
[21.10.2014 11:32:20] PVI variables connected
[21.10.2014 11:32:20] PVI CPU connected
[21.10.2014 11:32:20] PVI service connected
[21.10.2014 11:30:49] PVI variables connected
[21.10.2014 11:30:49] PVI variables connected
[21.10.2014 11:30:49] PVI CPU connected
[21.10.2014 11:30:48] PVI service connected
[21.10.2014 11:27:05] PVI variables connected
[21.10.2014 11:27:05] PVI variables connected
[21.10.2014 11:27:05] PVI CPU connected
[21.10.2014 11:27:05] PVI service connected
[21.10.2014 11:15:27] PVI variables connected
[21.10.2014 11:15:27] PVI variables connected
[21.10.2014 11:15:27] PVI CPU connected
[21.10.2014 11:15:27] PVI service connected
[21.10.2014 11:14:17] PVI variables connected
[21.10.2014 11:14:16] PVI variables connected
[21.10.2014 11:14:16] PVI CPU connected
[21.10.2014 11:14:16] PVI service connected
[21.10.2014 11:13:03] PVI variables connected
[21.10.2014 11:13:03] PVI variables connected
[21.10.2014 11:13:03] PVI CPU connected
[21.10.2014 11:13:02] PVI service connected
[21.10.2014 11:09:17] PVI variables connected
[21.10.2014 11:09:16] PVI variables connected
[21.10.2014 11:09:16] PVI CPU connected
[21.10.2014 11:09:16] PVI service connected
[21.10.2014 11:06:35] PVI variables connected
[21.10.2014 11:06:35] PVI variables connected
[21.10.2014 11:06:35] PVI CPU connected
[21.10.2014 11:06:34] PVI service connected
[21.10.2014 11:05:09] PVI variables connected
[21.10.2014 11:05:09] PVI variables connected
[21.10.2014 11:05:09] PVI CPU connected
[21.10.2014 11:05:09] PVI service connected
[21.10.2014 10:57:59] PVI variables connected
[21.10.2014 10:57:59] PVI variables connected
[21.10.2014 10:57:59] PVI CPU connected
[21.10.2014 10:57:58] PVI service connected
[21.10.2014 10:42:30] PVI variables connected
[21.10.2014 10:42:30] PVI variables connected
[21.10.2014 10:42:30] PVI CPU connected
[21.10.2014 10:42:30] PVI service connected
[21.10.2014 10:36:40] PVI variables connected
[21.10.2014 10:36:39] PVI variables connected
[21.10.2014 10:36:39] PVI CPU connected
[21.10.2014 10:36:39] PVI service connected
[21.10.2014 10:07:22] Штабелер готов к выполнению команды
[21.10.2014 10:07:21] Штабелер готов к выполнению команды
[21.10.2014 10:07:17] Ошибка: Груз на столе (50061)
[21.10.2014 10:07:17] Началось выполнение команды "Взять из ячейки 75"
[21.10.2014 10:07:15] Штабелер готов к выполнению команды
[21.10.2014 10:07:15] Штабелер не готов выполненять команду
[21.10.2014 10:07:09] Началось выполнение команды "Взять из ячейки 27"
[21.10.2014 10:06:58] Ошибка: Неверный номер ячейки (50020)
[21.10.2014 10:06:57] Началось выполнение команды "Взять из ячейки 422"
[21.10.2014 10:06:53] Ошибка: Неверный номер ячейки (50020)
[21.10.2014 10:06:53] Началось выполнение команды "Взять из ячейки 398"
[21.10.2014 10:06:49] Штабелер готов к выполнению команды
[21.10.2014 10:06:45] Ошибка: Груз на столе (50061)
[21.10.2014 10:06:45] Началось выполнение команды "Взять из ячейки 350"
[21.10.2014 10:06:21] Началось выполнение команды "Взять из ячейки 326"
[21.10.2014 10:06:13] Ошибка: На столе нет груза (50022)
[21.10.2014 10:06:12] Началось выполнение команды "Положить в ячейку 414"
[21.10.2014 10:06:04] Штабелер готов к выполнению команды
[21.10.2014 10:05:43] Штабелер находиться в состоянии выполнения команды
[21.10.2014 10:05:41] Штабелер готов к выполнению команды
[21.10.2014 10:05:09] Началось выполнение команды "Взять из ячейки 385"
[21.10.2014 10:04:51] Штабелер не готов выполненять команду
[21.10.2014 10:04:43] Ошибка привода
[21.10.2014 10:04:43] PVI variables connected
[21.10.2014 10:04:41] PVI CPU connected
[21.10.2014 10:04:40] PVI service connected
[21.10.2014 9:27:17] Штабелер готов к выполнению команды
[21.10.2014 9:27:04] Началось выполнение команды "Парковать"
[21.10.2014 9:26:42] Штабелер находиться в состоянии выполнения команды
[21.10.2014 9:24:51] Штабелер не готов выполненять команду
[21.10.2014 9:22:02] Ошибка: Ошибка определения режима (50013)
[21.10.2014 9:22:01] PVI variables connecting ...
[21.10.2014 9:21:01] Error:No connection available to the PLC  (4808)
[21.10.2014 8:44:32] Ошибка: Ошибка определения режима (50013)
[21.10.2014 8:44:31] PVI variables connecting ...
[21.10.2014 8:44:25] Error:No connection available to the PLC  (4808)
[21.10.2014 8:38:21] Ошибка: Ошибка определения режима (50013)
[21.10.2014 8:38:21] PVI variables connecting ...
[21.10.2014 8:38:20] Error:No connection available to the PLC  (4808)
[21.10.2014 8:27:02] Штабелер не готов выполненять команду
[21.10.2014 8:26:09] PVI variables connected
[21.10.2014 8:26:07] PVI variables connected
[21.10.2014 8:26:07] PVI CPU connected
[21.10.2014 8:24:01] PVI CPU connecting ...
[21.10.2014 8:23:59] PVI service connecting ...
[21.10.2014 0:43:34] Штабелер выключен
[21.10.2014 0:43:34] PVI variables connecting ...
[21.10.2014 0:43:34] PVI CPU connecting ...
[21.10.2014 0:43:33] PVI service connecting ...
[21.10.2014 0:42:03] Штабелер находиться в состоянии выполнения команды
[21.10.2014 0:42:02] Штабелер готов к выполнению команды
[21.10.2014 0:42:01] Штабелер находиться в состоянии выполнения команды
[21.10.2014 0:42:01] PVI variables connecting ...
[21.10.2014 0:41:59] PVI CPU connecting ...
[21.10.2014 0:41:59] PVI service connecting ...
[21.10.2014 0:40:44] Штабелер не готов выполненять команду
[21.10.2014 0:40:42] Штабелер не готов выполненять команду
[21.10.2014 0:40:27] Штабелер находиться в состоянии выполнения команды
[21.10.2014 0:40:24] PVI variables connected
[21.10.2014 0:40:24] PVI variables connected
[21.10.2014 0:40:24] PVI CPU connected
[21.10.2014 0:40:24] PVI service connected
[21.10.2014 0:39:09] Штабелер находиться в состоянии выполнения команды
[21.10.2014 0:39:06] Штабелер готов к выполнению команды
[21.10.2014 0:38:49] Началось выполнение команды "Взять из ячейки 245"
[21.10.2014 0:38:41] Штабелер выключен
[21.10.2014 0:38:41] PVI variables connecting ...
[21.10.2014 0:38:41] PVI CPU connecting ...
[21.10.2014 0:38:40] PVI service connecting ...
[21.10.2014 0:37:54] Началось выполнение команды "Парковать"
[21.10.2014 0:36:47] Штабелер находиться в состоянии выполнения команды
[21.10.2014 0:36:35] Штабелер готов к выполнению команды
[21.10.2014 0:36:12] Штабелер готов к выполнению команды
[21.10.2014 0:35:57] PVI variables connected
[21.10.2014 0:35:57] PVI variables connected
[21.10.2014 0:35:57] PVI CPU connected
[21.10.2014 0:35:57] PVI service connected
[21.10.2014 0:27:21] Ошибка: Груз на столе (50061)
[21.10.2014 0:27:21] Штабелер готов к выполнению команды
[21.10.2014 0:27:10] Штабелер готов к выполнению команды
[21.10.2014 0:26:51] Началось выполнение команды "Взять из ячейки 366"
[21.10.2014 0:26:41] Ошибка: На столе нет груза (50022)
[21.10.2014 0:26:41] Началось выполнение команды "Положить в ячейку 439"
[21.10.2014 0:26:29] Штабелер готов к выполнению команды
[21.10.2014 0:26:12] Штабелер находиться в состоянии выполнения команды
[21.10.2014 0:26:12] Началось выполнение команды "Положить в ячейку 366"
[21.10.2014 0:25:42] Началось выполнение команды "Взять из ячейки 366"
[21.10.2014 0:25:34] Штабелер находиться в состоянии выполнения команды
[21.10.2014 0:25:34] Штабелер находиться в состоянии выполнения команды
[21.10.2014 0:25:34] Штабелер находиться в состоянии выполнения команды
[21.10.2014 0:25:33] Штабелер находиться в состоянии выполнения команды
[21.10.2014 0:25:32] Штабелер находиться в состоянии выполнения команды
[21.10.2014 0:25:31] Штабелер находиться в состоянии выполнения команды
[21.10.2014 0:25:31] Штабелер находиться в состоянии выполнения команды
[21.10.2014 0:25:31] Штабелер находиться в состоянии выполнения команды
[21.10.2014 0:25:29] Штабелер находиться в состоянии выполнения команды
[21.10.2014 0:25:29] Штабелер находиться в состоянии выполнения команды
[21.10.2014 0:25:24] Штабелер находиться в состоянии выполнения команды
[21.10.2014 0:25:23] Штабелер находиться в состоянии выполнения команды
[21.10.2014 0:25:19] Штабелер находиться в состоянии выполнения команды
[21.10.2014 0:25:19] Штабелер находиться в состоянии выполнения команды
[21.10.2014 0:25:02] Штабелер находиться в состоянии выполнения команды
[21.10.2014 0:22:11] PVI variables connected
[21.10.2014 0:22:11] PVI variables connected
[21.10.2014 0:22:11] PVI CPU connected
[21.10.2014 0:22:11] PVI service connected
[21.10.2014 0:14:03] Штабелер находиться в состоянии выполнения команды
[21.10.2014 0:14:02] Началось выполнение команды "Положить в ячейку 299"
[21.10.2014 0:13:41] Штабелер готов к выполнению команды
[21.10.2014 0:13:15] Штабелер находиться в состоянии выполнения команды
[21.10.2014 0:13:14] Началось выполнение команды "Положить в ячейку 299"
[21.10.2014 0:13:12] Ошибка: Груз на столе (50061)
[21.10.2014 0:13:12] Началось выполнение команды "Взять из ячейки 298"
[21.10.2014 0:13:06] Ошибка: Груз на столе (50061)
[21.10.2014 0:13:04] Началось выполнение команды "Взять из ячейки 296"
[21.10.2014 0:12:42] Штабелер не готов выполненять команду
[21.10.2014 0:12:40] Штабелер готов к выполнению команды
[21.10.2014 0:12:40] Штабелер не готов выполненять команду
[21.10.2014 0:12:38] Штабелер готов к выполнению команды
[21.10.2014 0:12:38] Штабелер не готов выполненять команду
[21.10.2014 0:12:35] Началось выполнение команды "Взять из ячейки 297"
[21.10.2014 0:12:18] Началось выполнение команды "Взять из ячейки 296"
[21.10.2014 0:12:11] Штабелер готов к выполнению команды
[21.10.2014 0:12:07] Ошибка: Груз на столе (50061)
[21.10.2014 0:12:07] Началось выполнение команды "Взять из ячейки 293"
[21.10.2014 0:11:43] Штабелер готов к выполнению команды
[21.10.2014 0:11:18] Штабелер находиться в состоянии выполнения команды
[21.10.2014 0:11:15] Штабелер готов к выполнению команды
[21.10.2014 0:11:13] Началось выполнение команды "Положить в ячейку 386"
[21.10.2014 0:11:10] Штабелер не готов выполненять команду
[21.10.2014 0:11:08] Началось выполнение команды "Взять из ячейки 386"
[21.10.2014 0:10:50] Ошибка: Груз на столе (50061)
[21.10.2014 0:10:43] PVI variables connected
[21.10.2014 0:10:43] PVI variables connected
[21.10.2014 0:10:43] PVI CPU connected
[21.10.2014 0:10:42] PVI service connected
[21.10.2014 0:10:42] PVI service connecting ...
[21.10.2014 0:10:42] PVI service connecting ...
[21.10.2014 0:10:42] PVI CPU connecting ...
[21.10.2014 0:10:43] PVI variables connecting ...
[21.10.2014 0:10:43] Штабелер выключен
[21.10.2014 0:10:50] Началось выполнение команды "Взять из ячейки 341"
[21.10.2014 0:11:06] Штабелер готов к выполнению команды
[21.10.2014 0:11:08] Ошибка: Неверный номер ячейки (50020)
[21.10.2014 0:11:10] Штабелер готов к выполнению команды
[21.10.2014 0:11:13] Ошибка: Неверный номер ячейки (50020)
[21.10.2014 0:11:18] Началось выполнение команды "Положить в ячейку 326"
[21.10.2014 0:11:43] Началось выполнение команды "Взять из ячейки 292"
[21.10.2014 0:11:44] Штабелер находиться в состоянии выполнения команды
[21.10.2014 0:12:07] Штабелер готов к выполнению команды
[21.10.2014 0:12:11] Началось выполнение команды "Взять из ячейки 294"
[21.10.2014 0:12:12] Ошибка: Груз на столе (50061)
[21.10.2014 0:12:18] Штабелер готов к выполнению команды
[21.10.2014 0:12:35] Ошибка: Груз на столе (50061)
[21.10.2014 0:12:38] Началось выполнение команды "Взять из ячейки 298"
[21.10.2014 0:12:39] Ошибка: Груз на столе (50061)
[21.10.2014 0:12:40] Началось выполнение команды "Взять из ячейки 299"
[21.10.2014 0:12:41] Ошибка: Груз на столе (50061)
[21.10.2014 0:12:42] Штабелер готов к выполнению команды
[21.10.2014 0:13:06] Штабелер находиться в состоянии выполнения команды
[21.10.2014 0:13:11] Штабелер находиться в состоянии выполнения команды
[21.10.2014 0:13:12] Штабелер готов к выполнению команды
[21.10.2014 0:13:14] Штабелер не готов выполненять команду
[21.10.2014 0:13:14] Штабелер готов к выполнению команды
[21.10.2014 0:13:41] Началось выполнение команды "Взять из ячейки 298"
[21.10.2014 0:13:42] Штабелер находиться в состоянии выполнения команды
[21.10.2014 0:14:02] Штабелер готов к выполнению команды
[21.10.2014 0:22:10] PVI service connecting ...
[21.10.2014 0:22:11] PVI CPU connecting ...
[21.10.2014 0:22:11] PVI variables connecting ...
[21.10.2014 0:22:11] Штабелер выключен
[21.10.2014 0:25:02] Началось выполнение команды "Парковать"
[21.10.2014 0:25:17] Штабелер готов к выполнению команды
[21.10.2014 0:25:19] Штабелер готов к выполнению команды
[21.10.2014 0:25:20] Штабелер готов к выполнению команды
[21.10.2014 0:25:24] Штабелер готов к выполнению команды
[21.10.2014 0:25:24] Штабелер готов к выполнению команды
[21.10.2014 0:25:29] Штабелер готов к выполнению команды
[21.10.2014 0:25:30] Штабелер готов к выполнению команды
[21.10.2014 0:25:31] Штабелер готов к выполнению команды
[21.10.2014 0:25:31] Штабелер готов к выполнению команды
[21.10.2014 0:25:32] Штабелер готов к выполнению команды
[21.10.2014 0:25:33] Штабелер готов к выполнению команды
[21.10.2014 0:25:33] Штабелер готов к выполнению команды
[21.10.2014 0:25:34] Штабелер готов к выполнению команды
[21.10.2014 0:25:34] Штабелер готов к выполнению команды
[21.10.2014 0:25:35] Штабелер готов к выполнению команды
[21.10.2014 0:25:42] Штабелер находиться в состоянии выполнения команды
[21.10.2014 0:26:12] Штабелер готов к выполнению команды
[21.10.2014 0:26:29] Началось выполнение команды "Взять из ячейки 439"
[21.10.2014 0:26:29] Ошибка: Неверный номер ячейки (50020)
[21.10.2014 0:26:41] Штабелер готов к выполнению команды
[21.10.2014 0:26:43] Штабелер готов к выполнению команды
[21.10.2014 0:26:52] Штабелер находиться в состоянии выполнения команды
[21.10.2014 0:27:12] Ошибка: Груз на столе (50061)
[21.10.2014 0:27:21] Штабелер находиться в состоянии выполнения команды
[21.10.2014 0:35:56] PVI service connecting ...
[21.10.2014 0:35:57] PVI CPU connecting ...
[21.10.2014 0:35:57] PVI variables connecting ...
[21.10.2014 0:35:57] Ошибка: Груз на столе (50061)
[21.10.2014 0:36:12] Началось выполнение команды "Положить в ячейку 61"
[21.10.2014 0:36:12] Штабелер находиться в состоянии выполнения команды
[21.10.2014 0:36:47] Началось выполнение команды "Взять из ячейки 242"
[21.10.2014 0:37:20] Штабелер готов к выполнению команды
[21.10.2014 0:37:54] Штабелер находиться в состоянии выполнения команды
[21.10.2014 0:38:41] PVI service connected
[21.10.2014 0:38:41] PVI CPU connected
[21.10.2014 0:38:41] PVI variables connected
[21.10.2014 0:38:41] PVI variables connected
[21.10.2014 0:38:53] Ошибка: Груз на столе (50061)
[21.10.2014 0:39:09] Началось выполнение команды "Положить в ячейку 245"
[21.10.2014 0:40:23] PVI service connecting ...
[21.10.2014 0:40:24] PVI CPU connecting ...
[21.10.2014 0:40:24] PVI variables connecting ...
[21.10.2014 0:40:24] Штабелер выключен
[21.10.2014 0:40:27] Началось выполнение команды "Парковать"
[21.10.2014 0:40:29] Штабелер готов к выполнению команды
[21.10.2014 0:40:42] Штабелер выключен
[21.10.2014 0:40:44] Штабелер выключен
[21.10.2014 0:41:59] PVI service connected
[21.10.2014 0:42:01] PVI CPU connected
[21.10.2014 0:42:01] PVI variables connected
[21.10.2014 0:42:01] PVI variables connected
[21.10.2014 0:42:03] Началось выполнение команды "Парковать"
[21.10.2014 0:42:24] Штабелер готов к выполнению команды
[21.10.2014 0:43:34] PVI service connected
[21.10.2014 0:43:34] PVI CPU connected
[21.10.2014 0:43:34] PVI variables connected
[21.10.2014 0:43:34] PVI variables connected
[21.10.2014 8:24:01] PVI service connected
[21.10.2014 8:24:06] Error:No connection available to the PLC  (4808)
[21.10.2014 8:26:07] PVI variables connecting ...
[21.10.2014 8:26:08] Ошибка: Ошибка определения режима (50013)
[21.10.2014 8:26:59] Ошибка: Ошибка определения режима (50013)
[21.10.2014 8:27:02] Ошибка: Ошибка определения режима (50013)
[21.10.2014 8:38:21] PVI CPU connected
[21.10.2014 8:38:21] PVI variables connected
[21.10.2014 8:38:21] PVI variables connected
[21.10.2014 8:44:31] PVI CPU connected
[21.10.2014 8:44:32] PVI variables connected
[21.10.2014 8:44:32] PVI variables connected
[21.10.2014 9:22:01] PVI CPU connected
[21.10.2014 9:22:02] PVI variables connected
[21.10.2014 9:22:02] PVI variables connected
[21.10.2014 9:24:52] Штабелер выключен
[21.10.2014 9:26:42] Штабелер готов к выполнению команды
[21.10.2014 9:27:04] Штабелер находиться в состоянии выполнения команды
[21.10.2014 10:04:40] PVI service connecting ...
[21.10.2014 10:04:40] PVI CPU connecting ...
[21.10.2014 10:04:41] PVI variables connecting ...
[21.10.2014 10:04:43] Ошибка: Превышение веса (50000)
[21.10.2014 10:04:43] PVI variables connected
[21.10.2014 10:04:51] Штабелер выключен
[21.10.2014 10:05:10] Штабелер находиться в состоянии выполнения команды
[21.10.2014 10:05:43] Началось выполнение команды "Положить в ячейку 362"
[21.10.2014 10:06:04] Началось выполнение команды "Положить в ячейку 436"
[21.10.2014 10:06:04] Ошибка: На столе нет груза (50022)
[21.10.2014 10:06:12] Штабелер готов к выполнению команды
[21.10.2014 10:06:15] Штабелер готов к выполнению команды
[21.10.2014 10:06:22] Штабелер находиться в состоянии выполнения команды
[21.10.2014 10:06:45] Штабелер готов к выполнению команды
[21.10.2014 10:06:49] Началось выполнение команды "Взять из ячейки 374"
[21.10.2014 10:06:49] Ошибка: Груз на столе (50061)
[21.10.2014 10:06:53] Штабелер готов к выполнению команды
[21.10.2014 10:06:57] Штабелер не готов выполненять команду
[21.10.2014 10:06:57] Штабелер готов к выполнению команды
[21.10.2014 10:07:01] Штабелер готов к выполнению команды
[21.10.2014 10:07:09] Ошибка: Груз на столе (50061)
[21.10.2014 10:07:15] Началось выполнение команды "Взять из ячейки 51"
[21.10.2014 10:07:15] Ошибка: Груз на столе (50061)
[21.10.2014 10:07:17] Штабелер готов к выполнению команды
[21.10.2014 10:07:21] Началось выполнение команды "Взять из ячейки 111"
[21.10.2014 10:07:21] Ошибка: Груз на столе (50061)
[21.10.2014 10:36:38] PVI service connecting ...
[21.10.2014 10:36:39] PVI CPU connecting ...
[21.10.2014 10:36:39] PVI variables connecting ...
[21.10.2014 10:36:39] Штабелер выключен
[21.10.2014 10:42:29] PVI service connecting ...
[21.10.2014 10:42:30] PVI CPU connecting ...
[21.10.2014 10:42:30] PVI variables connecting ...
[21.10.2014 10:42:30] Штабелер выключен
[21.10.2014 10:57:58] PVI service connecting ...
[21.10.2014 10:57:58] PVI CPU connecting ...
[21.10.2014 10:57:59] PVI variables connecting ...
[21.10.2014 10:57:59] Штабелер выключен
[21.10.2014 11:05:08] PVI service connecting ...
[21.10.2014 11:05:09] PVI CPU connecting ...
[21.10.2014 11:05:09] PVI variables connecting ...
[21.10.2014 11:05:09] Штабелер выключен
[21.10.2014 11:06:34] PVI service connecting ...
[21.10.2014 11:06:35] PVI CPU connecting ...
[21.10.2014 11:06:35] PVI variables connecting ...
[21.10.2014 11:06:35] Штабелер выключен
[21.10.2014 11:09:16] PVI service connecting ...
[21.10.2014 11:09:16] PVI CPU connecting ...
[21.10.2014 11:09:16] PVI variables connecting ...
[21.10.2014 11:09:17] Штабелер выключен
[21.10.2014 11:13:01] PVI service connecting ...
[21.10.2014 11:13:02] PVI CPU connecting ...
[21.10.2014 11:13:03] PVI variables connecting ...
[21.10.2014 11:13:03] Штабелер выключен
[21.10.2014 11:14:15] PVI service connecting ...
[21.10.2014 11:14:16] PVI CPU connecting ...
[21.10.2014 11:14:16] PVI variables connecting ...
[21.10.2014 11:14:16] Штабелер выключен
[21.10.2014 11:15:26] PVI service connecting ...
[21.10.2014 11:15:27] PVI CPU connecting ...
[21.10.2014 11:15:27] PVI variables connecting ...
[21.10.2014 11:15:27] Штабелер выключен
[21.10.2014 11:27:04] PVI service connecting ...
[21.10.2014 11:27:05] PVI CPU connecting ...
[21.10.2014 11:27:05] PVI variables connecting ...
[21.10.2014 11:27:05] Штабелер выключен
[21.10.2014 11:30:47] PVI service connecting ...
[21.10.2014 11:30:48] PVI CPU connecting ...
[21.10.2014 11:30:49] PVI variables connecting ...
[21.10.2014 11:30:49] Штабелер выключен
[21.10.2014 11:32:19] PVI service connecting ...
[21.10.2014 11:32:20] PVI CPU connecting ...
[21.10.2014 11:32:20] PVI variables connecting ...
[21.10.2014 11:32:20] Штабелер выключен
[21.10.2014 11:43:18] PVI service connecting ...
[21.10.2014 11:43:19] PVI CPU connecting ...
[21.10.2014 11:43:19] PVI variables connecting ...
[21.10.2014 11:43:19] Штабелер выключен
[21.10.2014 11:44:16] PVI service connecting ...
[21.10.2014 11:44:16] PVI CPU connecting ...
[21.10.2014 11:44:17] PVI variables connecting ...
[21.10.2014 11:44:17] Штабелер выключен
[21.10.2014 12:06:46] PVI service connecting ...
[21.10.2014 12:06:59] PVI service connected
[21.10.2014 12:06:59] PVI CPU connected
[21.10.2014 12:06:59] PVI variables connected
[21.10.2014 12:07:00] PVI variables connected
[21.10.2014 15:05:54] Error:PVI Manager not started  (12050)
[21.10.2014 15:05:56] PVI CPU connecting ...
[21.10.2014 15:10:03] PVI service connecting ...
[21.10.2014 15:10:03] PVI CPU connecting ...
[21.10.2014 15:13:10] PVI service connecting ...
[21.10.2014 15:13:11] PVI CPU connecting ...
[21.10.2014 15:14:10] PVI service connecting ...
[21.10.2014 15:14:11] PVI CPU connecting ...
[21.10.2014 15:24:52] PVI service connecting ...
[21.10.2014 15:24:53] PVI CPU connecting ...
[21.10.2014 15:27:08] PVI service connecting ...
[21.10.2014 15:27:09] PVI CPU connecting ...
[21.10.2014 15:27:32] PVI service connecting ...
[21.10.2014 15:27:33] PVI CPU connecting ...
