[06.11.2014 13:28:14] PVI variables connected
[06.11.2014 13:28:14] PVI variables connected
[06.11.2014 13:28:14] PVI CPU connected
[06.11.2014 13:28:14] PVI service connected
[06.11.2014 13:27:27] Штабелер выключен
[06.11.2014 13:27:26] PVI variables connecting ...
[06.11.2014 13:27:25] PVI CPU connecting ...
[06.11.2014 13:19:05] Штабелер выключен
[06.11.2014 13:18:59] PVI variables connected
[06.11.2014 13:18:59] Ошибка: Превышение веса (50000)
[06.11.2014 13:18:59] PVI variables connecting ...
[06.11.2014 13:18:58] PVI CPU connecting ...
[06.11.2014 9:28:51] Error:No connection available to the PLC  (4808)
[06.11.2014 9:28:44] PVI service connected
[06.11.2014 9:28:44] PVI service connected
[06.11.2014 9:28:45] PVI CPU connecting ...
[06.11.2014 13:18:58] PVI service connected
[06.11.2014 13:18:59] PVI CPU connected
[06.11.2014 13:18:59] PVI variables connected
[06.11.2014 13:18:59] Ошибка привода
[06.11.2014 13:19:04] Штабелер не готов выполненять команду
[06.11.2014 13:27:25] PVI service connected
[06.11.2014 13:27:26] PVI CPU connected
[06.11.2014 13:27:26] PVI variables connected
[06.11.2014 13:27:28] PVI variables connected
[06.11.2014 13:28:14] PVI CPU connecting ...
[06.11.2014 13:28:14] PVI variables connecting ...
[06.11.2014 13:28:14] Штабелер выключен
