[05.11.2014 16:11:13] Ошибка: Неизвестная ошибка (50024)
[05.11.2014 16:11:12] Штабелер не готов выполненять команду
[05.11.2014 16:11:08] Началось выполнение команды "Взять из ячейки 1127"
[05.11.2014 16:10:51] Штабелер находиться в состоянии выполнения команды
[05.11.2014 16:10:48] Штабелер готов к выполнению команды
[05.11.2014 16:09:16] Ошибка: Неизвестная ошибка (50067)
[05.11.2014 16:09:08] Началось выполнение команды "Взять из ячейки 1127"
[05.11.2014 16:08:59] Штабелер не готов выполненять команду
[05.11.2014 16:08:55] Ошибка привода
[05.11.2014 16:08:55] PVI variables connected
[05.11.2014 16:08:55] PVI CPU connected
[05.11.2014 16:08:52] PVI service connected
[05.11.2014 16:02:28] Штабелер не готов выполненять команду
[05.11.2014 16:02:23] Началось выполнение команды "Взять из ячейки 1109"
[05.11.2014 16:02:20] Штабелер находиться в состоянии выполнения команды
[05.11.2014 16:02:17] Штабелер не готов выполненять команду
[05.11.2014 16:02:11] Ошибка привода
[05.11.2014 16:02:10] PVI variables connected
[05.11.2014 16:02:09] PVI CPU connected
[05.11.2014 16:02:09] PVI service connected
[05.11.2014 15:37:19] Ошибка: Неверный номер ячейки (50020)
[05.11.2014 15:37:16] Штабелер готов к выполнению команды
[05.11.2014 15:37:09] Ошибка: Неверный номер ячейки (50020)
[05.11.2014 15:34:51] PVI variables connected
[05.11.2014 15:34:51] PVI variables connected
[05.11.2014 15:34:51] PVI CPU connected
[05.11.2014 15:34:51] PVI service connected
[05.11.2014 15:31:25] Штабелер находиться в состоянии выполнения команды
[05.11.2014 15:31:21] Штабелер находиться в состоянии выполнения команды
[05.11.2014 15:31:18] Штабелер не готов выполненять команду
[05.11.2014 15:30:18] Штабелер готов к выполнению команды
[05.11.2014 15:28:13] Штабелер готов к выполнению команды
[05.11.2014 15:28:09] Началось выполнение команды "Взять из ячейки 1062"
[05.11.2014 15:27:56] Штабелер не готов выполненять команду
[05.11.2014 15:27:48] Ошибка привода
[05.11.2014 15:27:48] PVI variables connected
[05.11.2014 15:27:48] PVI CPU connected
[05.11.2014 15:27:47] PVI service connected
[05.11.2014 13:41:24] Error:No connection available to the PLC  (4808)
[05.11.2014 13:41:23] PVI service connected
[05.11.2014 13:41:23] PVI service connected
[05.11.2014 13:41:23] PVI CPU connecting ...
[05.11.2014 15:27:44] Error:PVI Manager not started  (12050)
[05.11.2014 15:27:47] PVI CPU connecting ...
[05.11.2014 15:27:48] PVI variables connecting ...
[05.11.2014 15:27:48] Ошибка: Превышение веса (50000)
[05.11.2014 15:27:48] PVI variables connected
[05.11.2014 15:27:57] Штабелер выключен
[05.11.2014 15:28:09] Ошибка: Неверный номер ячейки (50020)
[05.11.2014 15:30:12] Ошибка: Нет тележки (50029)
[05.11.2014 15:30:35] Штабелер находиться в состоянии выполнения команды
[05.11.2014 15:31:18] Штабелер выключен
[05.11.2014 15:31:21] Штабелер не готов выполненять команду
[05.11.2014 15:31:51] Штабелер готов к выполнению команды
[05.11.2014 15:34:51] PVI CPU connecting ...
[05.11.2014 15:34:51] PVI variables connecting ...
[05.11.2014 15:34:51] Штабелер выключен
[05.11.2014 15:37:09] Началось выполнение команды "Взять из ячейки 893"
[05.11.2014 15:37:15] Штабелер находиться в состоянии выполнения команды
[05.11.2014 15:37:19] Началось выполнение команды "Взять из ячейки 810"
[05.11.2014 15:37:21] Штабелер готов к выполнению команды
[05.11.2014 16:02:09] PVI CPU connecting ...
[05.11.2014 16:02:09] PVI variables connecting ...
[05.11.2014 16:02:11] Ошибка: Превышение веса (50000)
[05.11.2014 16:02:11] PVI variables connected
[05.11.2014 16:02:18] Штабелер выключен
[05.11.2014 16:02:21] Штабелер готов к выполнению команды
[05.11.2014 16:02:24] Ошибка: Неверный номер ячейки (50020)
[05.11.2014 16:02:28] Штабелер готов к выполнению команды
[05.11.2014 16:08:52] PVI CPU connecting ...
[05.11.2014 16:08:55] PVI variables connecting ...
[05.11.2014 16:08:55] Ошибка: Превышение веса (50000)
[05.11.2014 16:08:55] PVI variables connected
[05.11.2014 16:08:59] Штабелер выключен
[05.11.2014 16:09:09] Штабелер находиться в состоянии выполнения команды
[05.11.2014 16:10:37] Ошибка: Неизвестная ошибка (50077)
[05.11.2014 16:10:51] Началось выполнение команды "Парковать"
[05.11.2014 16:10:52] Штабелер готов к выполнению команды
[05.11.2014 16:11:09] Штабелер находиться в состоянии выполнения команды
[05.11.2014 16:11:12] Штабелер выключен
